[2016/4/7 - 14:52:09] Agent Perry da thay doi vi tri bat giu  ID 1's .
[2016/4/7 - 14:52:16] Agent Perry da thay doi vi tri bat giu  ID 1's .
[2016/4/8 - 12:35:31] hung Paul da thay doi vi tri bat giu  ID 1's .
[2016/4/8 - 12:35:53] Brother da thay doi vi tri bat giu  ID 25's .
[2016/4/8 - 12:36:03] Brother da thay doi vi tri bat giu  ID 25's .
[2016/4/8 - 12:36:09] Brother da thay doi vi tri bat giu  ID 25's .
[2016/4/8 - 12:36:38] hung Paul da thay doi vi tri bat giu  ID 12's .
[2016/4/8 - 12:37:09] hung Paul has deleted Arrest Point ID 12.
[2016/4/10 - 0:13:47] Agent Perry da thay doi vi tri bat giu  ID 1's .
[2016/4/10 - 0:14:52] Agent Perry da thay doi vi tri bat giu  ID 1's .
[2016/4/10 - 20:42:33] [Yakuza] KuTo da thay doi vi tri bat giu  ID 1's .
[2016/4/10 - 20:43:32] [Yakuza] KuTo da thay doi vi tri bat giu  ID 2's .
[2016/4/14 - 10:44:38] KuTo  da thay doi vi tri bat giu  ID 22's .
[2016/4/14 - 14:06:27] Agent Perry da thay doi vi tri bat giu  ID 2's .
[2016/4/14 - 14:06:38] Agent Perry has changed the type on Arrest Point ID 2 to 1.
[2016/4/14 - 14:06:43] Agent Perry has changed the type on Arrest Point ID 2 to 0.
[2016/4/14 - 14:06:44] Agent Perry has changed the type on Arrest Point ID 2 to 2.
[2016/4/14 - 14:06:50] Agent Perry has changed the type on Arrest Point ID 2 to 3.
[2016/4/14 - 14:07:04] Agent Perry has changed the type on Arrest Point ID 2 to 4.
[2016/4/14 - 14:07:07] Agent Perry has changed the type on Arrest Point ID 2 to 6.
[2016/4/14 - 14:07:12] Agent Perry has changed the type on Arrest Point ID 2 to 6.
[2016/4/14 - 14:07:13] Agent Perry has changed the type on Arrest Point ID 2 to 5.
[2016/4/14 - 14:07:29] Agent Perry has changed the type on Arrest Point ID 2 to 7.
[2016/4/14 - 14:07:32] Agent Perry has changed the type on Arrest Point ID 2 to 0.
[2016/4/14 - 14:07:38] Agent Perry has changed the type on Arrest Point ID 2 to 10.
[2016/4/14 - 14:08:08] Agent Perry has changed the type on Arrest Point ID 2 to 0.
[2016/4/14 - 15:10:43] Dean da thay doi vi tri bat giu  ID 3's .
[2016/4/14 - 15:19:26] Dean da thay doi vi tri bat giu  ID 4's .
[2016/4/15 - 11:50:08] LTT Dung da thay doi vi tri bat giu  ID 4's .
[2016/4/15 - 11:51:15] LTT Dung has deleted Arrest Point ID 4.
[2016/4/15 - 11:51:19] LTT Dung da thay doi vi tri bat giu  ID 4's .
[2016/4/15 - 11:54:13] LTT Dung da thay doi vi tri bat giu  ID 5's .
[2016/4/15 - 11:54:20] LTT Dung has changed the type on Arrest Point ID 5 to 1.
[2016/4/15 - 11:54:25] LTT Dung has changed the type on Arrest Point ID 5 to 2.
[2016/4/15 - 11:54:30] LTT Dung has changed the type on Arrest Point ID 5 to 3.
[2016/4/15 - 11:54:46] LTT Dung has changed the type on Arrest Point ID 5 to 4.
[2016/4/15 - 11:54:59] LTT Dung has changed the type on Arrest Point ID 5 to 0.
[2016/4/17 - 0:06:22] Rio Soica has deleted Arrest Point ID 1.
[2016/4/17 - 0:06:24] Rio Soica has deleted Arrest Point ID 0.
[2016/4/17 - 0:06:25] Rio Soica has deleted Arrest Point ID 2.
[2016/4/17 - 0:06:26] Rio Soica has deleted Arrest Point ID 3.
[2016/4/17 - 0:06:27] Rio Soica has deleted Arrest Point ID 4.
[2016/4/17 - 1:45:29] Ichigo Vu da thay doi vi tri bat giu  ID 0's .
[2016/4/17 - 8:57:27] LTT Dung da thay doi vi tri bat giu  ID 0's .
[2016/4/17 - 14:38:59] Dean da thay doi vi tri bat giu  ID 1's .
[2016/4/17 - 14:39:05] Dean da thay doi vi tri bat giu  ID 1's .
[2016/4/17 - 14:39:10] Dean da thay doi vi tri bat giu  ID 1's .
[2016/4/18 - 7:41:28] Kexing da thay doi vi tri bat giu  ID 1's .
[2016/4/18 - 7:41:32] Kexing da thay doi vi tri bat giu  ID 1's .
[2016/4/18 - 8:17:27] Kexing da thay doi vi tri bat giu  ID 2's .
[2016/4/18 - 11:22:21] Leck Pham da thay doi vi tri bat giu  ID 3's .
[2016/4/27 - 17:47:07] LTT Dung da thay doi vi tri bat giu  ID 3's .
[2016/4/27 - 17:47:39] LTT Dung has changed the type on Arrest Point ID 3 to 1.
[2016/4/27 - 17:47:43] LTT Dung has changed the type on Arrest Point ID 3 to 1.
[2016/4/27 - 17:47:46] LTT Dung has changed the type on Arrest Point ID 3 to 2.
[2016/4/27 - 17:47:51] LTT Dung has changed the type on Arrest Point ID 3 to 3.
[2016/4/27 - 17:47:54] LTT Dung has changed the type on Arrest Point ID 3 to 4.
[2016/4/27 - 17:47:59] LTT Dung has changed the type on Arrest Point ID 3 to 5.
[2016/4/27 - 17:48:04] LTT Dung has changed the type on Arrest Point ID 3 to 6.
[2016/4/27 - 17:48:08] LTT Dung has changed the type on Arrest Point ID 3 to 0.
[2020/9/27 - 13:05:12] Jack da thay doi vi tri bat giu  ID 1's .
[2020/9/28 - 11:24:10] Jack_FM da thay doi vi tri bat giu  ID 1's .
[2020/9/28 - 19:14:19] Kane_Mapping da thay doi vi tri bat giu  ID 2's .
[2020/9/29 - 6:40:34] Kane_Mapping has deleted Arrest Point ID 1.
[2020/10/4 - 13:49:38] Golden_Fmotd da thay doi vi tri bat giu  ID 0's .
[2020/10/4 - 13:49:43] Golden_Fmotd has changed the type on Arrest Point ID 0 to 1.
[2020/10/4 - 13:49:49] Golden_Fmotd has changed the type on Arrest Point ID 0 to 0.
[2020/10/4 - 14:35:51] Golden_Fmotd da thay doi vi tri bat giu  ID 2's .
[2020/10/4 - 16:12:20] [STAFF]Kaleb da thay doi vi tri bat giu  ID 3's .
[2020/10/4 - 16:12:34] [STAFF]Kaleb has changed the type on Arrest Point ID 3 to 2.
[2020/10/4 - 16:12:46] [STAFF]Kaleb has changed the type on Arrest Point ID 3 to 3.
[2020/10/4 - 16:12:50] [STAFF]Kaleb has changed the type on Arrest Point ID 3 to 2.
[2020/10/4 - 20:30:57] [STAFF]Hung da thay doi vi tri bat giu  ID 4's .
[2020/10/5 - 13:13:49] [Admin]Jackson da thay doi vi tri bat giu  ID 1's .
[2020/10/5 - 13:27:41] [Admin]Jack da thay doi vi tri bat giu  ID 0's .
[2020/10/5 - 13:27:54] [Admin]Jack has changed the type on Arrest Point ID 0 to 1.
[2020/10/5 - 13:27:58] [Admin]Jack has changed the type on Arrest Point ID 0 to 0.
[2020/10/6 - 13:40:32] [Admin]Jackson da thay doi vi tri bat giu  ID 4's .
[2020/10/7 - 13:38:15] Kaito da thay doi vi tri bat giu  ID 4's .
[2020/10/7 - 13:39:17] [Admin]Jack da thay doi vi tri bat giu  ID 5's .
[2020/10/7 - 13:39:33] [Admin]Jack has changed the type on Arrest Point ID 5 to 1.
[2020/10/7 - 13:39:35] [Admin]Jack has changed the type on Arrest Point ID 5 to 0.
[2020/10/7 - 13:40:24] Kaito has deleted Arrest Point ID 3.
[2020/10/7 - 17:48:12] [Admin]Jackson da thay doi vi tri bat giu  ID 2's .
[2020/10/8 - 18:31:56] [Eshop.Fmod]Gau da thay doi vi tri bat giu  ID 2's .
[2020/10/9 - 18:47:33] BongZ da thay doi vi tri bat giu  ID 2's .
[2020/10/9 - 19:10:46] [FM]KayBinz da thay doi vi tri bat giu  ID 4's .
[2020/10/9 - 19:10:52] [FM]KayBinz da thay doi vi tri bat giu  ID 4's .
[2020/10/9 - 19:10:55] [FM]KayBinz da thay doi vi tri bat giu  ID 4's .
[2020/10/9 - 19:11:06] [FM]KayBinz has deleted Arrest Point ID 2.
[2020/10/9 - 19:11:14] [FM]KayBinz da thay doi vi tri bat giu  ID 4's .
[2020/10/9 - 19:52:06] [STAFF]Hung da thay doi vi tri bat giu  ID 2's .
[2020/10/9 - 19:52:49] [STAFF]Hung has deleted Arrest Point ID 2.
[2020/10/9 - 19:53:08] [STAFF]Hung da thay doi vi tri bat giu  ID 2's .
[2020/10/9 - 21:25:11] Kane_Mapping da thay doi vi tri bat giu  ID 5's .
[2020/10/10 - 14:58:40] [FM]MinhQuan has deleted Arrest Point ID 2.
[2020/10/10 - 16:54:40] nDPDz da thay doi vi tri bat giu  ID 2's .
[2020/10/10 - 17:51:27] [FM]KayBinz has deleted Arrest Point ID 4.
[2020/10/10 - 17:51:59] [FM]KayBinz da thay doi vi tri bat giu  ID 3's .
[2020/10/10 - 17:52:06] [FM]KayBinz da thay doi vi tri bat giu  ID 3's .
[2020/10/10 - 17:52:14] [FM]KayBinz da thay doi vi tri bat giu  ID 3's .
[2020/10/10 - 21:11:50] [FM]MinhQuan da thay doi vi tri bat giu  ID 0's .
[2020/10/10 - 21:11:51] [FM]MinhQuan da thay doi vi tri bat giu  ID 0's .
[2020/10/10 - 21:11:53] [FM]MinhQuan da thay doi vi tri bat giu  ID 0's .
[2020/10/10 - 21:12:02] [FM]MinhQuan da thay doi vi tri bat giu  ID 0's .
[2020/10/11 - 13:33:47] Golden_Fmotd da thay doi vi tri bat giu  ID 3's .
[2020/10/11 - 14:08:01] [FM]Jackson da thay doi vi tri bat giu  ID 5's .
[2020/10/13 - 16:48:23] [FM]MinhQuan da thay doi vi tri bat giu  ID 3's .
[2020/10/13 - 18:28:13] [FM]Jackson da thay doi vi tri bat giu  ID 5's .
[2020/10/14 - 19:40:34] [FM]XuanThien da thay doi vi tri bat giu  ID 3's .
[2020/10/14 - 19:56:35] [FM]MinhQuan da thay doi vi tri bat giu  ID 5's .
[2020/10/14 - 19:56:41] [FM]MinhQuan da thay doi vi tri bat giu  ID 5's .
[2020/10/15 - 9:53:36] [FM]KayBinz da thay doi vi tri bat giu  ID 5's .
[2020/10/17 - 18:56:21] [FM]KayBinz da thay doi vi tri bat giu  ID 10's .
[2020/10/18 - 21:35:26] [ES]HrisToo da thay doi vi tri bat giu  ID 3's .
[2020/10/18 - 21:35:40] [ES]HrisToo da thay doi vi tri bat giu  ID 3's .
[2020/10/18 - 21:35:47] [ES]HrisToo has deleted Arrest Point ID 3.
