[2020/10/1 - 19:31:08] [Take Offline]: Young Da Remove Account Administrator [STAFF]Jackson
[2020/10/4 - 16:02:10] [Take Offline]: Young Da Remove Account Administrator Franky
[2020/10/5 - 14:54:36] [Take Offline]: Young Da Remove Account Administrator Jery
[2020/10/5 - 15:09:24] [Take Offline]: Young Da Remove Account Administrator [STAFF]Trung
[2020/10/5 - 15:15:54] [Take Offline]: Young Da Remove Account Administrator [STAFF]Hung
[2020/10/17 - 21:37:07] [Take Offline]: Alie Da Remove Account Administrator keylog
[2020/10/19 - 12:12:36] [Take Offline]: youngreal Da Remove Account Administrator Young_Bouns
[2020/10/19 - 12:13:34] [Take Offline]: MatDayDepTrai Da Remove Account Administrator Young_Bouns
[2020/10/25 - 14:24:22] [Take Offline]: MinhBin Da Remove Account Administrator HongHung_Wunder
[2020/10/25 - 14:26:02] [Take Offline]: MinhBin Da Remove Account Administrator [ES]Hung
[2020/10/25 - 14:32:29] [Take Offline]: MinhBin Da Remove Account Administrator HongHung_Wunder
[2020/10/25 - 14:32:37] [Take Offline]: MinhBin Da Remove Account Administrator HongHung_Wunder
[2020/10/26 - 9:34:41] [Take Offline]: Young Da Remove Account Administrator TrumSamp
[2020/10/29 - 21:36:06] [Take Offline]: Alie Da Remove Account Administrator TVH_hieupro
[2020/10/29 - 21:38:21] [Take Offline]: Alie Da Remove Account Administrator TVH_hieupro
[2020/10/29 - 21:38:31] [Take Offline]: Alie Da Remove Account Administrator TVH_hieupro
[2020/10/30 - 16:43:48] [Take Offline]: YoungMatDay Da Remove Account Administrator TVH_hieupro
[2020/10/31 - 18:06:28] [Take Offline]: YoungMatDay Da Remove Account Administrator [ES]Nam
[2020/11/5 - 14:25:39] [Take Offline]: YoungMatDay Da Remove Account Administrator [FM]Hashirama
[2020/11/10 - 15:52:49] [Take Offline]: MinhBin Da Remove Account Administrator Fredo
[2020/11/10 - 15:53:54] [Take Offline]: MinhBin Da Remove Account Administrator Trua_Hme
[2020/11/10 - 15:56:58] [Take Offline]: MinhBin Da Remove Account Administrator Trua_Hme
[2020/11/10 - 15:57:18] [Take Offline]: MinhBin Da Remove Account Administrator Trua_Hme
