[2016/4/7 - 9:23:49] Bao Aztecas has IP Checked ANH Assassin
[2016/4/8 - 14:34:57] Bao Aztecas has IP Checked Amelo Cocooo
[2016/4/8 - 15:54:14] Bao Aztecas has IP Checked Truong Hoang Tuann
[2016/4/10 - 20:55:52] Kenny Sang has IP Checked Yakuza Nam
[2016/4/10 - 20:56:08] Kenny Sang has IP Checked Yakuza Nam
[2016/4/10 - 20:56:16] Kenny Sang has IP Checked Yakuza Nam
[2016/4/10 - 20:56:21] Kenny Sang has IP Checked Yakuza Nam
[2016/4/10 - 20:59:05] Bao Thang has IP Checked Jerry Erwin
[2016/4/11 - 13:45:44] Forever TOppi has IP Checked Frozen Trung
[2016/4/11 - 14:11:17] Forever TOppi has IP Checked Frozen Hau
[2016/4/11 - 14:44:19] Forever TOppi has IP Checked Frozen Hau
[2016/4/13 - 10:02:02] Borther Jerry has IP Checked Arytom Jonathan
[2016/4/14 - 19:57:57] Boy Hardy has IP Checked Tom Williams
[2016/4/14 - 19:59:04] Boy Hardy has IP Checked Tom Williams
[2016/4/15 - 12:57:54] Club Stone has IP Checked Giang Luong
[2016/4/15 - 12:59:41] Club Stone has IP Checked Giang Luong
[2016/4/15 - 13:01:07] Club Stone has IP Checked Giang Luong
[2016/4/15 - 14:09:08] Shane Aztecas has IP Checked Giang
[2016/4/15 - 23:45:20] Paul has IP Checked Ralph Mortimer
[2016/4/15 - 23:45:23] Paul has IP Checked Paul
[2016/4/17 - 10:32:50] Toppi has IP Checked em s Buzikk
[2016/4/17 - 19:58:21] Cristiano ROnaldo has IP Checked Long Bin
[2016/4/17 - 20:05:28] Club Stone has IP Checked Swang Kiven
[2016/4/17 - 20:12:23] Club Stone has IP Checked Suu Trau
[2016/4/17 - 20:12:24] Club Stone has IP Checked Suu Trau
[2016/4/17 - 20:22:30] Club Stone has IP Checked Eazy ThugS
[2016/4/17 - 20:23:41] Club Stone has IP Checked King Royal
[2016/4/17 - 20:31:50] Club Stone has IP Checked MXking Quan
[2016/4/17 - 20:32:31] Club Stone has IP Checked MXking Quan
[2016/4/17 - 20:33:59] Club Stone has IP Checked MXking Quan
[2016/4/17 - 20:34:38] Cristiano ROnaldo has IP Checked MXking Quan
[2016/4/17 - 20:34:40] Cristiano ROnaldo has IP Checked MXking Quan
[2016/4/17 - 20:34:41] Cristiano ROnaldo has IP Checked MXking Quan
[2016/4/17 - 20:39:32] Club Stone has IP Checked MXking Quan
[2016/4/17 - 20:39:49] Club Stone has IP Checked MXking Quan
[2016/4/17 - 20:40:25] Club Stone has IP Checked MXking Quan
[2016/4/17 - 22:20:59] Pen Staff has IP Checked Mafia Smith
[2016/4/17 - 23:00:10] LTT Dung has IP Checked Minh NguyenTri
[2016/4/18 - 9:12:46] Pym has IP Checked MXking Quan
[2016/4/18 - 9:12:49] Pym has IP Checked Mr Jokers 
[2016/4/18 - 10:51:18] Toppi has IP Checked Robin Nicolas
[2016/4/18 - 11:51:23] Cristiano Ronaldo has IP Checked Pharaoh Richard
[2016/4/18 - 11:51:24] Cristiano Ronaldo has IP Checked Club Stone
[2016/4/18 - 20:44:33] Cristiano Ronaldo has IP Checked Mr Jokers
[2016/4/18 - 22:08:51] Pen  has IP Checked Cong Thanh
[2016/4/19 - 8:35:28] Pen  has IP Checked Dangerous Max
[2016/4/19 - 11:11:18] Kexing has IP Checked Nicky Naude
[2016/4/19 - 11:11:39] Kexing has IP Checked Nicky Naude
[2016/4/19 - 11:14:20] Kexing has IP Checked Nicky Naude
[2016/4/19 - 14:22:11] Tamao  has IP Checked Pablo Escobar
[2016/4/20 - 21:08:54] Mark has IP Checked Blue Ken Geramay
[2016/4/21 - 14:26:57] Mark Bennett has IP Checked Grover KuTos
[2016/4/21 - 14:28:48] Mark Bennett has IP Checked Grover KuTos
[2016/4/21 - 14:30:19] Mark Bennett has IP Checked Grover KuTos
[2016/4/21 - 23:08:50] Kexing has IP Checked William
[2016/4/21 - 23:08:53] Kexing has IP Checked Kexing
[2016/4/21 - 23:09:43] Rio has IP Checked Rio
[2016/4/22 - 8:23:48] Pen  has IP Checked Dieu Lynh
[2016/4/22 - 12:37:43] Mark Bennett has IP Checked Thang Toan
[2016/4/22 - 15:32:37] Hung By has IP Checked lethaiminh khoi
[2016/4/22 - 17:17:50] Rio has IP Checked Chi Chuot
[2016/4/22 - 17:36:40] Club Stone has IP Checked LaMinh Tu
[2016/4/22 - 20:55:50] Cristiano Ronaldo has IP Checked anh kail
[2016/4/23 - 10:45:16] Mark Bennett has IP Checked Linh Ngao
[2016/4/23 - 12:34:06] Club Stone has IP Checked Leck Smithker
[2016/4/23 - 14:47:09] Club Stone has IP Checked Zeous Robeo
[2016/4/24 - 2:48:07] Club Stone has IP Checked Ngoc Anhss
[2016/4/24 - 2:48:09] Club Stone has IP Checked Dieu Linh
[2016/4/24 - 9:13:51] Mark Bennett has IP Checked Lam Mendicity
[2016/4/24 - 9:13:53] Mark Bennett has IP Checked Bin Nn
[2016/4/24 - 18:07:06] Giang Luong has IP Checked Joseph Bufford
[2016/4/26 - 2:06:18] Kexing has IP Checked Hieu Loc
[2016/4/26 - 14:22:37] Derek has IP Checked Supper Soi
[2016/4/27 - 2:28:51] Lome has IP Checked Micheal Scofied
[2016/4/28 - 11:49:38] Giang has IP Checked Anh Nghia Pro
[2020/9/26 - 15:11:43] [Young][TEAM] has IP Checked Trung
[2020/9/26 - 17:21:04] ThuongPhat has IP Checked [Young][TEAM]
[2020/9/26 - 17:31:55] ThuongPhat has IP Checked Toddy
[2020/9/26 - 17:48:19] Jack has IP Checked Quy_BT
[2020/9/26 - 18:08:23] Kane has IP Checked ShinDz
[2020/9/26 - 18:08:26] Kane has IP Checked ShinDz
[2020/9/26 - 18:08:27] Kane has IP Checked NgocHan
[2020/9/26 - 18:08:29] Kane has IP Checked Ricky_Wiliam
[2020/9/26 - 18:08:31] Kane has IP Checked Franky
[2020/9/26 - 18:08:33] Kane has IP Checked Po_BT
[2020/9/26 - 18:08:35] Kane has IP Checked Anna
[2020/9/26 - 18:08:36] Kane has IP Checked Ricky_Wiliam
[2020/9/27 - 5:16:09] Kane has IP Checked Joker_Khoa
[2020/9/27 - 8:43:47] [YOUNG][TEAM] has IP Checked Joker_Bon
[2020/9/27 - 10:13:45] [YOUNG][TEAM] has IP Checked SaMi
[2020/9/27 - 10:38:53] Juy. has IP Checked XaMi
[2020/9/27 - 10:39:09] [YOUNG][TEAM] has IP Checked Joker_Khoa
[2020/9/27 - 10:40:13] LeBao_Huyy has IP Checked Joker_Bon
[2020/9/27 - 12:08:37] [YOUNG][TEAM] has IP Checked phantom_nekk
[2020/9/27 - 12:08:44] [YOUNG][TEAM] has IP Checked Player
[2020/9/27 - 13:23:57] Kane has IP Checked BatTu
[2020/9/27 - 13:26:54] Young has IP Checked rerack
[2020/9/27 - 13:58:27] Young has IP Checked rerack
[2020/9/27 - 14:39:08] Hai_Long has IP Checked Legend
[2020/9/27 - 14:39:09] Hai_Long has IP Checked Micky_Bi
[2020/9/27 - 14:39:12] Hai_Long has IP Checked Muc_Bento
[2020/9/27 - 17:12:18] YOUNG has IP Checked Kane
[2020/9/27 - 17:21:54] Kane has IP Checked BE_PHUONG
[2020/9/27 - 17:44:24] Kane has IP Checked baove_cogly
[2020/9/27 - 19:55:45] Kane_Mapping has IP Checked Kay.Kudo
[2020/9/28 - 10:58:53] Jack_FM has IP Checked phantom_nek
[2020/9/28 - 14:59:34] Alie has IP Checked Hashirama_Eshop
[2020/9/28 - 15:01:56] VuHai_Pr has IP Checked BE_PHUONG
[2020/9/28 - 16:10:44] Alie has IP Checked Bong
[2020/9/28 - 16:10:46] Young has IP Checked Bong
[2020/9/28 - 16:11:04] Alie has IP Checked Bon
[2020/9/28 - 16:14:33] Alie has IP Checked Khoa
[2020/9/28 - 17:07:33] Dinooo has IP Checked Ricky_Wiliam
[2020/9/28 - 19:02:08] VuHai_Pr has IP Checked Thuan_Only
[2020/9/28 - 19:34:52] Kane_Mapping has IP Checked Ca_Xinloe
[2020/9/29 - 8:02:54] Frank_Another has IP Checked Phan_HoangLinh
[2020/9/29 - 8:03:25] Trung_HinhSu has IP Checked jocelyn_gideon
[2020/9/29 - 8:03:43] Subaru_Okiya has IP Checked Phan_HoangLinh
[2020/9/29 - 8:03:49] Trung_HinhSu has IP Checked ToiDauCoHackDau
[2020/9/29 - 8:12:48] Dinooo has IP Checked Carl_Kingzone
[2020/9/29 - 8:45:47] Jerry has IP Checked Phan_HoangLinh
[2020/9/29 - 8:55:20] Chopper has IP Checked HongHung_Binz
[2020/9/29 - 8:55:24] Chopper has IP Checked HongHung_Uzi
[2020/9/29 - 8:55:29] Chopper has IP Checked TaoLaTrum_Hack
[2020/9/29 - 8:55:33] Chopper has IP Checked TamHoang_Leo
[2020/9/29 - 13:30:19] YoungKhongNgu has IP Checked Mr_Owen
[2020/9/29 - 21:01:45] Bong has IP Checked Bong
[2020/9/29 - 21:25:38] Dinooo has IP Checked BE_PHUONG
[2020/9/30 - 10:08:53] Phan_HoangLinh has IP Checked BE_PHUONG
[2020/9/30 - 11:03:54] Dinooo has IP Checked BE_PHUONG
[2020/9/30 - 11:04:00] Young has IP Checked HongHung_Wunder
[2020/9/30 - 11:04:07] Young has IP Checked HongHung_Owen
[2020/9/30 - 11:05:42] Dinooo has IP Checked TamHoang_William
[2020/9/30 - 11:29:38] Alie has IP Checked BeThuan_Eshop
[2020/9/30 - 11:43:53] Alie has IP Checked BeThuan_Eshop
[2020/9/30 - 11:45:56] Dinooo has IP Checked BE_PHUONG
[2020/9/30 - 11:46:16] Osin has IP Checked MinhBin
[2020/9/30 - 11:48:54] Young has IP Checked TranMinh_Thuan
[2020/9/30 - 11:51:48] Dinooo has IP Checked MinhBin
[2020/9/30 - 14:01:17] Young has IP Checked Mr_Owensss
[2020/9/30 - 15:10:50] Young has IP Checked dat_an
[2020/9/30 - 15:26:33] Young has IP Checked Dang_coo
[2020/9/30 - 15:32:49] Young has IP Checked dat_an
[2020/9/30 - 19:22:45] Young has IP Checked RioKhongTrau
[2020/9/30 - 19:22:55] Young has IP Checked RioKhongTrau
[2020/9/30 - 21:25:35] Kaito has IP Checked Tuan
[2020/9/30 - 21:47:59] Alie has IP Checked Dii_BT
[2020/10/1 - 14:46:51] [STAFF]Jack has IP Checked [STAFF]Jack
[2020/10/1 - 17:00:20] Kane_Mapping has IP Checked Minh_QuanTheX
[2020/10/1 - 17:56:08] Osin has IP Checked bewbi_pro
[2020/10/1 - 17:56:58] Osin has IP Checked Osin
[2020/10/1 - 17:57:00] Osin has IP Checked Anna
[2020/10/1 - 18:31:27] Osin has IP Checked Micky_Bi
[2020/10/1 - 21:10:51] Full. has IP Checked Anna
[2020/10/2 - 1:10:49] [Staff]Ken has IP Checked Franks_Sang
[2020/10/4 - 13:47:23] Young has IP Checked Nathan_Akea
[2020/10/4 - 16:01:53] Young has IP Checked Frank_Another
[2020/10/4 - 18:35:29] Dinooo has IP Checked Toddy
[2020/10/4 - 19:00:49] nDP has IP Checked Jimmy_dang
[2020/10/4 - 19:19:12] Alie has IP Checked PhungDai_Duong
[2020/10/4 - 20:29:23] Young has IP Checked Zuy._.Kute
[2020/10/4 - 21:10:28] Alie has IP Checked Giac_deptrai
[2020/10/4 - 21:18:27] [CTV]RjP has IP Checked Thang_Chamay
[2020/10/4 - 21:18:32] [CTV]RjP has IP Checked Thang_Chamay
[2020/10/4 - 21:27:38] [CTV]RjP has IP Checked Vey
[2020/10/4 - 21:27:39] [CTV]RjP has IP Checked Giac_deptrai
[2020/10/4 - 21:27:43] [CTV]RjP has IP Checked corex
[2020/10/5 - 9:11:03] Young has IP Checked LSPD_Dung
[2020/10/5 - 11:37:49] [STAFF]Thuan has IP Checked Marko
[2020/10/5 - 12:07:47] Young has IP Checked Zuy._.Kute
[2020/10/5 - 18:44:39] Alie has IP Checked [STAFF]Lee
[2020/10/5 - 18:56:52] Alie has IP Checked HongHung_DepTrai
[2020/10/5 - 19:07:44] Metal has IP Checked Toddy
[2020/10/5 - 20:28:01] Alie has IP Checked TamMa
[2020/10/5 - 21:53:43] wibuyakuza has IP Checked Dominic_.Toretto.
[2020/10/6 - 11:09:28] Young has IP Checked No_Ne
[2020/10/6 - 11:09:32] Young has IP Checked WibuYakuza
[2020/10/6 - 11:09:39] Young has IP Checked MinhBin
[2020/10/6 - 11:10:50] Young has IP Checked No_Ne
[2020/10/6 - 11:13:46] Young has IP Checked No_Ne
[2020/10/6 - 14:47:01] Young has IP Checked Dii_Lon
[2020/10/6 - 15:28:46] Young has IP Checked [Admin]Jackson
[2020/10/6 - 15:37:29] Young has IP Checked Okuya
[2020/10/6 - 18:10:05] Alie has IP Checked MinhBin
[2020/10/6 - 18:10:38] Alie has IP Checked MinhBin
[2020/10/6 - 18:12:02] Alie has IP Checked [STAFF]Hung
[2020/10/6 - 19:05:18] Young has IP Checked [STAFF]Hung
[2020/10/6 - 19:19:35] Young has IP Checked Mr.T_Hung
[2020/10/6 - 19:19:37] Young has IP Checked Thinh_Ken
[2020/10/6 - 21:32:33] Young has IP Checked [CTV]Zuy
[2020/10/6 - 21:32:37] Young has IP Checked King.Z
[2020/10/6 - 21:39:23] Young has IP Checked King.Z
[2020/10/7 - 17:14:59] Young has IP Checked Phan_HoangLinh
[2020/10/7 - 17:15:02] Young has IP Checked Master_Albert
[2020/10/7 - 17:43:10] Young has IP Checked Hoob.
[2020/10/7 - 18:22:24] Young has IP Checked HongHung_Wunder
[2020/10/7 - 19:32:31] Alie has IP Checked Khoa_TraiCay
[2020/10/8 - 7:53:03] Young has IP Checked Biko_Rakmo
[2020/10/8 - 7:53:03] Young has IP Checked Duc_Kami
[2020/10/8 - 10:46:58] Young has IP Checked BuiMinhDepTrai
[2020/10/8 - 11:41:33] Young has IP Checked Frank_Another
[2020/10/8 - 12:01:43] Young has IP Checked $ChitZZ$
[2020/10/8 - 12:04:19] Young has IP Checked $ChitZZ$
[2020/10/8 - 12:33:46] Kaito has IP Checked MinhBin
[2020/10/8 - 13:14:31] Young has IP Checked ABCXYZ
[2020/10/8 - 13:14:39] Young has IP Checked ABCXYZ
[2020/10/8 - 13:14:46] Young has IP Checked ABCXYZ
[2020/10/8 - 14:00:42] [INFO]Son has IP Checked Frank_Another
[2020/10/8 - 14:00:44] [INFO]Son has IP Checked Frank_Another
[2020/10/8 - 14:33:25] @JayKuck has IP Checked Bob_Stone
[2020/10/8 - 15:29:37] Young has IP Checked [Admin]Hashirama
[2020/10/8 - 18:42:08] Young has IP Checked [Trum]MinhBinBatDiet
[2020/10/9 - 11:39:49] Young has IP Checked OMO
[2020/10/9 - 12:06:53] Young has IP Checked CamOwO
[2020/10/9 - 14:02:22] Young has IP Checked Shin
[2020/10/9 - 14:17:33] [STAFF]Bao has IP Checked Kamen_Ryuki
[2020/10/9 - 15:09:03] Young has IP Checked DRAGON
[2020/10/9 - 15:09:20] Young has IP Checked [Trum]MinhBinBatDiet
[2020/10/9 - 16:32:32] Young has IP Checked $ChitZZ$
[2020/10/9 - 18:11:51] Facebook has IP Checked [Trum]MinhBinBatDiet
[2020/10/9 - 19:02:23] Alie has IP Checked [FM]MinhQuan
[2020/10/9 - 19:03:15] Alie has IP Checked [FM]MinhQuan
[2020/10/9 - 19:03:16] Alie has IP Checked [FM]MinhQuan
[2020/10/9 - 20:03:30] BongZ has IP Checked Young
[2020/10/9 - 20:50:01] Alie has IP Checked Gnoal.
[2020/10/9 - 21:12:21] Alie has IP Checked Young
[2020/10/9 - 21:17:22] [STAFF]BatHack has IP Checked Cu_Bu
[2020/10/9 - 21:27:09] Alie has IP Checked Kum_Black
[2020/10/9 - 21:31:37] [STAFF]BatHack has IP Checked James_Nguyen
[2020/10/9 - 21:35:27] [STAFF]BatHack has IP Checked linton_will
[2020/10/9 - 21:39:04] [STAFF]BatHack has IP Checked [Trum]MinhBinBatDiet
[2020/10/9 - 22:00:23] [STAFF]BatHack has IP Checked Sonnen_Rickey
[2020/10/10 - 17:23:33] Young has IP Checked [FM]KayBinz
[2020/10/10 - 19:22:00] Young has IP Checked [Trum]MinhBinBatDiet
[2020/10/10 - 21:37:16] [STAFF]BaoZ has IP Checked Deptrai
[2020/10/11 - 0:36:11] [STAFF]BaoZ has IP Checked Bui_VanHien
[2020/10/11 - 11:26:00] [STAFF]BaoZ has IP Checked Tuoi_Loz
[2020/10/11 - 14:38:32] Young has IP Checked Locker_
[2020/10/11 - 14:40:27] [STAFF]BatHack has IP Checked Co_Long_Duong_Qua
[2020/10/11 - 14:42:28] [STAFF]BatHack has IP Checked uT_Nhi_Qua
[2020/10/11 - 14:44:57] [STAFF]BatHack has IP Checked uT_Nhi_Qua
[2020/10/11 - 15:10:08] Young has IP Checked thich_bandckhong
[2020/10/11 - 18:01:08] [ES]Fourze has IP Checked Kevill_Gaming
[2020/10/11 - 18:04:53] [ES]Fourze has IP Checked Trung_ThichChim
[2020/10/11 - 18:14:11] [GL]Ren has IP Checked Trung_biubiu
[2020/10/11 - 18:14:42] [ES]Fourze has IP Checked Trung_biubiu
[2020/10/11 - 18:16:39] [ES]Fourze has IP Checked Kevill_Gaming
[2020/10/11 - 18:20:51] [GO]Ren has IP Checked KillerHades
[2020/10/11 - 18:20:56] [ES]Fourze has IP Checked Trung_Rolepay
[2020/10/11 - 18:21:03] [GO]Ren has IP Checked Trung_Rolepay
[2020/10/11 - 18:22:17] [ES]Fourze has IP Checked TrungBuCac
[2020/10/11 - 18:23:16] [GO]Ren has IP Checked Trung_Teddy
[2020/10/11 - 19:24:50] [GO]Ren has IP Checked Kevill_teddy
[2020/10/11 - 19:44:47] [GO]Ren has IP Checked Kevill_teddy
[2020/10/11 - 19:45:37] [STAFF]LeDinhVan has IP Checked Kevill_teddy
[2020/10/11 - 19:46:20] [STAFF]LeDinhVan has IP Checked Kevill_teddy
[2020/10/11 - 19:50:17] [ES]BaoZ has IP Checked Micky_Bi
[2020/10/11 - 20:36:57] [STAFF]BatHack has IP Checked AdminBatHack_Ngu
[2020/10/11 - 20:41:01] [STAFF]BatHack has IP Checked Math_Cat
[2020/10/11 - 20:43:46] [STAFF]BatHack has IP Checked BuiMinh_Kthieuip
[2020/10/11 - 20:44:08] System has IP Checked BuiMinh_Kthieuip
[2020/10/11 - 20:44:11] [FM]Jackson has IP Checked [ES]BaoZ
[2020/10/12 - 11:49:47] [STAFF]BatHack has IP Checked [Trum]MinhBinBatDiet
[2020/10/12 - 11:59:49] [STAFF]BatHack has IP Checked [Trum]BeThuanBatDiet
[2020/10/12 - 11:59:56] [STAFF]BatHack has IP Checked [Trum]MinhBinBatDiet
[2020/10/12 - 11:59:59] [STAFF]BatHack has IP Checked [Trum]Gnoal.BatDiet
[2020/10/12 - 12:10:54] [STAFF]BatHack has IP Checked [Trum]MinhBinBatDiet
[2020/10/12 - 13:52:03] [STAFF]BatHack has IP Checked VinhK
[2020/10/12 - 15:43:40] [FM]Jackson has IP Checked Locker_
[2020/10/12 - 15:43:47] [FM]Jackson has IP Checked Ao_Tuong
[2020/10/12 - 16:06:19] [admin]Ken has IP Checked Young
[2020/10/12 - 16:07:36] [FM]Jackson has IP Checked BestHacking.
[2020/10/12 - 16:10:38] [admin]Ken has IP Checked [FM]Jackson
[2020/10/12 - 16:14:45] [admin]Ken has IP Checked [ES]Fourze
[2020/10/12 - 16:15:40] [ES]Fourze has IP Checked TrumHacking.
[2020/10/12 - 17:51:49] [ES]BaoZ has IP Checked Rick_Wiliam
[2020/10/12 - 19:33:26] [admin]Ken has IP Checked Young_Bouns
[2020/10/12 - 19:33:50] [admin]Ken has IP Checked Young
[2020/10/12 - 19:37:07] Young has IP Checked Datsky_123
[2020/10/12 - 20:05:16] [FM]Jackson has IP Checked Trung_HinhSu
[2020/10/12 - 20:05:25] [FM]Jackson has IP Checked kevill_Gamiing
[2020/10/12 - 20:05:30] [FM]Jackson has IP Checked Trung_HinhSu
[2020/10/12 - 20:06:33] [FM]Jackson has IP Checked Trung_HinhSu
[2020/10/12 - 20:07:43] [FM]Jackson has IP Checked kevill_Gamiingg
[2020/10/12 - 20:14:21] [admin]Ken has IP Checked [BQT]Ren
[2020/10/12 - 21:01:09] Young has IP Checked [CTV]Jack_Handsome
[2020/10/12 - 21:02:10] Young has IP Checked [SHAFT]_BangPhi
[2020/10/12 - 21:04:05] Young has IP Checked [SHAFT]_BangPhi
[2020/10/12 - 21:19:09] Young has IP Checked [SHAFT]_BangPhi
[2020/10/13 - 11:13:56] Young has IP Checked [FM]Jackson
[2020/10/13 - 11:21:51] [RF]LeDinhVan has IP Checked Player
[2020/10/13 - 12:44:31] Young has IP Checked [FM]MinhQuan
[2020/10/13 - 15:51:49] Alie has IP Checked [FM]MinhQuan
[2020/10/13 - 17:07:03] [STAFF]BatHack has IP Checked Jony_Science
[2020/10/13 - 17:07:07] [STAFF]BatHack has IP Checked Kai_Tox
[2020/10/13 - 17:07:09] [STAFF]BatHack has IP Checked TVH_Khonghacking
[2020/10/13 - 17:07:12] [STAFF]BatHack has IP Checked Kagami
[2020/10/13 - 17:08:17] [STAFF]BatHack has IP Checked Khoa_TraiCay
[2020/10/13 - 17:08:21] [STAFF]BatHack has IP Checked Jony_Science
[2020/10/13 - 18:54:16] Young has IP Checked Hai_qua
[2020/10/13 - 18:55:43] [ES]CongHuy has IP Checked Bay_Ga
[2020/10/13 - 18:57:24] [STAFF]BatHack has IP Checked Bay_Ga
[2020/10/13 - 19:28:26] Young has IP Checked Van_Huong
[2020/10/13 - 19:29:00] Young has IP Checked XLG_BeHuy
[2020/10/13 - 19:32:43] Frank_Another has IP Checked XLG_BeHuy
[2020/10/14 - 10:36:11] Young has IP Checked Mo_Den
[2020/10/14 - 10:40:54] [FM]Jackson has IP Checked bodaulo
[2020/10/14 - 10:42:47] Young has IP Checked hello_server
[2020/10/14 - 10:54:11] Young has IP Checked SharkZ_Zecc
[2020/10/14 - 12:52:04] [STAFF]BatHack has IP Checked BeThuan_NoHacking
[2020/10/14 - 13:03:46] Young has IP Checked BeThang_ChuaHacking
[2020/10/14 - 13:06:31] [admin]Ken has IP Checked Young_Bouns
[2020/10/14 - 13:06:34] [admin]Ken has IP Checked BeHieu_Khonghacking
[2020/10/14 - 13:06:40] [admin]Ken has IP Checked Young
[2020/10/14 - 13:09:12] Young has IP Checked [admin]Ken
[2020/10/14 - 15:02:47] Young has IP Checked Muc_Bento
[2020/10/14 - 15:08:02] [BQT]Ren has IP Checked XamLon_Gangz
[2020/10/14 - 15:08:18] [BQT]Ren has IP Checked XamLon_Gangz
[2020/10/14 - 15:10:03] [BQT]Ren has IP Checked TuiMayNon_VaXanhLam
[2020/10/14 - 15:54:05] [ES]Fourze has IP Checked Uaai_Lamgi
[2020/10/14 - 17:09:53] sonladaigia has IP Checked [ES]Fourze
[2020/10/14 - 17:18:14] Young has IP Checked [CTV]SangDepTrai
[2020/10/14 - 17:18:16] Young has IP Checked Soca_Storm
[2020/10/14 - 19:00:19] Alie has IP Checked [ES]Fourze
[2020/10/14 - 19:21:44] [admin]ken has IP Checked [FM]XuanThien
[2020/10/14 - 21:22:59] [RF]HrisToo has IP Checked TrumServer_BuiMinh
[2020/10/14 - 21:23:00] [CM]DONG has IP Checked TrumServer_BuiMinh
[2020/10/14 - 21:23:47] [admin]Ken has IP Checked Young
[2020/10/14 - 21:26:21] [RF]HrisToo has IP Checked TrumServer_BuiMinh
[2020/10/14 - 21:27:06] [CM]DONG has IP Checked TrumServer_BuiMinhh
[2020/10/14 - 21:29:10] [CM]DONG has IP Checked ReRackBuiMinh
[2020/10/14 - 21:39:17] [RF]HrisToo has IP Checked ConNha_DaiGia
[2020/10/14 - 22:14:14] Alie has IP Checked MikeyHandsome
[2020/10/14 - 22:45:14] [GL]Kane has IP Checked Taocungdingu
[2020/10/14 - 22:54:34] [GL]Kane has IP Checked Noname002
[2020/10/15 - 10:08:38] [ES]Rick has IP Checked Advisor_WoWy
[2020/10/15 - 10:21:41] [FM]Jackson has IP Checked Bet_Rum
[2020/10/15 - 11:25:33] [admin]Ken has IP Checked Frank_Another
[2020/10/15 - 12:36:09] [admin]Ken has IP Checked [ES]Fourze
[2020/10/15 - 14:09:14] [FM]Jackson has IP Checked BeThuan_NoHacking
[2020/10/15 - 17:38:08] sonladaigia has IP Checked Pan
[2020/10/15 - 17:49:08] sonladaigia has IP Checked Simon_Dominic
[2020/10/15 - 17:49:10] sonladaigia has IP Checked Simon_Dominic
[2020/10/15 - 19:11:56] Young has IP Checked [Trum]MinhBinBatDiet
[2020/10/15 - 19:11:59] Young has IP Checked [Trum]MinhBinBatDiet
[2020/10/15 - 19:13:18] Young has IP Checked [Trum]MinhBinBatDiet
[2020/10/15 - 19:32:03] Alie has IP Checked DE_Zecc
[2020/10/15 - 19:49:09] Alie has IP Checked [RF]HrisToo
[2020/10/15 - 19:58:01] [STAFF]BatHack has IP Checked Muc_Bento
[2020/10/15 - 19:58:02] [STAFF]BatHack has IP Checked KhungLongTucGian
[2020/10/15 - 19:58:03] [STAFF]BatHack has IP Checked KhungLongTucGian
[2020/10/15 - 19:58:03] [STAFF]BatHack has IP Checked KhungLongTucGian
[2020/10/15 - 19:58:03] [STAFF]BatHack has IP Checked KhungLongTucGian
[2020/10/15 - 19:59:45] [admin]Ken has IP Checked [STAFF]BatHack
[2020/10/15 - 20:00:55] [admin]Ken has IP Checked [STAFF]BatHack
[2020/10/15 - 20:33:48] Alie has IP Checked TEX.Z
[2020/10/15 - 21:41:37] VoDung has IP Checked [CTV]Jack
[2020/10/15 - 21:41:41] VoDung has IP Checked [CTV]Jack
[2020/10/15 - 21:41:42] VoDung has IP Checked [CTV]Jack
[2020/10/16 - 13:22:43] [FM]Phat has IP Checked HungPhan
[2020/10/16 - 13:23:08] [FM]Phat has IP Checked ManhLegendary
[2020/10/16 - 13:23:22] [FM]Phat has IP Checked Lee_Ben
[2020/10/16 - 15:56:10] Alie has IP Checked DAUBUOI
[2020/10/16 - 20:29:23] [STAFF]BatHACK has IP Checked Khong_Aimbot
[2020/10/16 - 20:29:25] [STAFF]BatHACK has IP Checked Khong_Aimbot
[2020/10/16 - 20:29:25] [STAFF]BatHACK has IP Checked Khong_Aimbot
[2020/10/16 - 20:30:38] [CTV]Rod has IP Checked Khong_Aimbot
[2020/10/16 - 20:30:46] [CTV]Rod has IP Checked Khong_Aimbot
[2020/10/16 - 20:35:13] SYSTEMS has IP Checked Young
[2020/10/16 - 20:44:29] SYSTEMS has IP Checked Young
[2020/10/16 - 20:45:16] [CTV]Rod has IP Checked Bao.Z
[2020/10/16 - 21:08:54] SYSTEMS has IP Checked SYSTEMS
[2020/10/16 - 21:26:30] Alie has IP Checked ShanksZecc.rar
[2020/10/17 - 8:04:28] Young has IP Checked I_Tow_THE_HOUSE
[2020/10/17 - 8:42:04] [CTV]Bao has IP Checked KingZ_GOD
[2020/10/17 - 8:42:22] [CTV]Bao has IP Checked Myler
[2020/10/17 - 9:17:31] Young has IP Checked Buy_Money
[2020/10/17 - 9:38:26] [CTV]Bao has IP Checked KhongNGHIENGAME
[2020/10/17 - 10:26:58] Young has IP Checked [CTV]Bao
[2020/10/17 - 10:41:01] Young has IP Checked [CTV]Bao
[2020/10/17 - 12:55:15] Young has IP Checked $Hip$
[2020/10/17 - 12:55:39] sonladaigia has IP Checked $Hip$
[2020/10/17 - 13:25:34] sonladaigia has IP Checked Ngoc.z
[2020/10/17 - 13:25:42] Young has IP Checked Ngoc.z
[2020/10/17 - 14:00:55] [CTV]Kevil has IP Checked SharkZ_Zecc
[2020/10/17 - 16:52:12] [CTV]Kevil has IP Checked Huy_TamLong
[2020/10/17 - 16:52:15] [CTV]Kevil has IP Checked jack_ne
[2020/10/17 - 17:07:40] Young has IP Checked sonladaigia
[2020/10/17 - 17:35:08] Young has IP Checked Systems
[2020/10/17 - 17:36:02] Young has IP Checked Systems
[2020/10/17 - 18:28:51] Young has IP Checked TaiGamer_BinhTannn
[2020/10/17 - 18:49:11] BongZ has IP Checked $HipWXMotTiThoiMa$
[2020/10/17 - 22:02:09] nDPDz has IP Checked Cocee
[2020/10/18 - 11:54:21] Alie has IP Checked binh_borrow
[2020/10/18 - 13:08:52] Alie has IP Checked Lucci_Amos
[2020/10/18 - 13:14:42] Alie has IP Checked Lucci_Amos
[2020/10/18 - 14:53:52] Young has IP Checked [Trum]MinhBin
[2020/10/18 - 14:56:46] keylog has IP Checked Nguyen_Tu
[2020/10/18 - 16:55:54] [FM]Jackson. has IP Checked $Hip$
[2020/10/18 - 17:50:21] Young has IP Checked Channy_Daigia
[2020/10/18 - 17:50:26] Young has IP Checked Nguyen_Dat
[2020/10/18 - 18:18:55] keylog has IP Checked Travisscot
[2020/10/18 - 19:07:50] Young has IP Checked [FM]KayBinz
[2020/10/19 - 12:16:32] [ES]Bao.Z has IP Checked Carl_Kingzone
[2020/10/19 - 16:54:37] [GM]$Bao$ has IP Checked ReRach
[2020/10/19 - 17:01:46] [ES]Bao.Z has IP Checked NghiaSuperman
[2020/10/20 - 18:37:45] Young has IP Checked [GM]$Bao$
[2020/10/20 - 20:42:10] Young has IP Checked Alie
[2020/10/20 - 20:43:31] Young has IP Checked im_the_best
[2020/10/21 - 15:03:53] [STAFF]Kaleb has IP Checked [ES]Hashirama
[2020/10/21 - 19:10:52] Alie has IP Checked RiO_Bucus
[2020/10/21 - 21:02:17] Young has IP Checked Ngoc.z
[2020/10/22 - 13:08:02] Alie has IP Checked KumBlack
[2020/10/22 - 13:15:00] [ADmin]Rosalie has IP Checked mr_heo
[2020/10/22 - 13:15:13] Alie has IP Checked Cuong_Z
[2020/10/22 - 13:30:01] [ADmin]Rosalie has IP Checked [ES]Hristo
[2020/10/22 - 16:37:11] [ES]PLDZ has IP Checked Lee_Ben
[2020/10/22 - 16:40:21] [ES]PLDZ has IP Checked Lu_Ka_Ku
[2020/10/22 - 16:41:24] [ES]PLDZ has IP Checked HiepGamer.Exe
[2020/10/22 - 16:42:26] [ES]PLDZ has IP Checked Sniper
[2020/10/22 - 16:42:27] [ES]PLDZ has IP Checked Nghia_KhongHack
[2020/10/22 - 16:43:23] [ES]PLDZ has IP Checked HiepGamer.Exe
[2020/10/22 - 16:43:55] [ES]PLDZ has IP Checked Lee_Ben
[2020/10/22 - 16:44:00] [ES]PLDZ has IP Checked Lu_Ka_Ku
[2020/10/22 - 16:44:03] [ES]PLDZ has IP Checked Sniper
[2020/10/22 - 16:47:50] [ES]Bao.Z has IP Checked Nghia_KhongHack
[2020/10/22 - 16:48:52] [ES]PLDZ has IP Checked Nghia_KhongHack
[2020/10/22 - 16:48:59] [ES]PLDZ has IP Checked NghiaVoDit
[2020/10/22 - 16:50:16] [ES]PLDZ has IP Checked Sniper
[2020/10/22 - 16:51:24] [ES]PLDZ has IP Checked NghiaDaiKA
[2020/10/22 - 16:51:47] [ES]Bao.Z has IP Checked NghiaDaiKA
[2020/10/22 - 16:53:11] [ES]Bao.Z has IP Checked ChimVanhKhuyen
[2020/10/22 - 16:53:15] [ES]PLDZ has IP Checked ChimVanhKhuyen
[2020/10/22 - 16:54:21] [ES]PLDZ has IP Checked Sniper
[2020/10/22 - 16:54:41] [ES]Bao.Z has IP Checked Clone_Hacking
[2020/10/22 - 16:54:48] [ES]PLDZ has IP Checked Clone_Hacking
[2020/10/22 - 16:57:03] [ES]PLDZ has IP Checked HearOnTheMic._.
[2020/10/22 - 16:57:09] [ES]PLDZ has IP Checked HoangTan
[2020/10/22 - 17:05:58] [ES]PLDZ has IP Checked Sniper
[2020/10/22 - 18:34:33] [ES]PLDZ has IP Checked Sniper
[2020/10/22 - 19:12:01] Fernado_Jespester has IP Checked KuRum
[2020/10/22 - 19:24:56] [FM]Jackson has IP Checked M4
[2020/10/22 - 20:14:08] whattoheo has IP Checked HongHung_HaoNam
[2020/10/22 - 20:20:39] Fernando_Jespester has IP Checked [ES]Hristo
[2020/10/22 - 20:20:43] Fernando_Jespester has IP Checked [ES]JK13
[2020/10/22 - 21:43:52] [FM]Jackson has IP Checked JacksonBeDeKLoDit
[2020/10/22 - 21:44:59] [FM]Jackson has IP Checked BuiXuanMinhBatDiet
[2020/10/22 - 22:05:04] [ES]JK13 has IP Checked BuiMinhVuaTamXog
[2020/10/23 - 11:00:12] [RF]Van has IP Checked BrianZ_NeHiHi
[2020/10/23 - 11:01:42] [RF]Van has IP Checked BrianZ_NeHiHi
[2020/10/23 - 12:34:53] Fernando_Jespester has IP Checked TaiGamer.exe
[2020/10/23 - 12:34:55] Fernando_Jespester has IP Checked NeverDie
[2020/10/23 - 12:35:25] Fernando_Jespester has IP Checked ThuanGreyy
[2020/10/23 - 14:26:50] Fernando_Jespester has IP Checked GTA_RP_VN
[2020/10/23 - 15:17:23] [GM]BaoTa has IP Checked rio_fullcleo
[2020/10/23 - 15:18:46] nDPDz has IP Checked YOUNG
[2020/10/23 - 15:19:07] nDPDz has IP Checked Ranger_Police
[2020/10/23 - 15:20:05] [GM]BaoTa has IP Checked Carl_Kingzone
[2020/10/23 - 15:21:53] Diva_Catthy has IP Checked full_cleo
[2020/10/23 - 15:23:52] [GM]BaoTa has IP Checked Carl_Kingzone
[2020/10/23 - 15:25:30] [GM]BaoTa has IP Checked hi_yeucacem
[2020/10/23 - 15:43:49] Diva_Catthy has IP Checked Thai_Dz
[2020/10/23 - 18:12:18] Young has IP Checked HiepGamer.Exe
[2020/10/23 - 20:15:38] Fernando_Jespester has IP Checked BuiMinhCoLamGiDau
[2020/10/23 - 20:16:49] Fernando_Jespester has IP Checked BuiMinhCoLamGiDau
[2020/10/23 - 20:16:50] nDPDz has IP Checked BuiMinhCoLamGiDau
[2020/10/23 - 20:17:52] nDPDz has IP Checked BuiMinhDaiGiaIp
[2020/10/23 - 20:17:58] Fernando_Jespester has IP Checked BuiMinhDaiGiaIp
[2020/10/23 - 20:26:54] Fernando_Jespester has IP Checked HiMinhLaBuiMinh
[2020/10/23 - 20:41:24] [BQT]Ren has IP Checked BuiMinhHotBoy
[2020/10/23 - 21:42:50] [GM]BaoTa has IP Checked BuiMinhDepTraii
[2020/10/24 - 10:32:04] [GM]Hau has IP Checked Giang_Ne
[2020/10/24 - 11:21:33] [GM]BaoTa has IP Checked Alexsander_ls
[2020/10/24 - 13:53:42] Fernando_Jespester has IP Checked [ES]Hristo
[2020/10/24 - 14:01:29] Fernando_Jespester has IP Checked Peter_Robinson
[2020/10/24 - 14:01:36] Fernando_Jespester has IP Checked Giang_Dz
[2020/10/24 - 14:16:49] Fernando_Jespester has IP Checked Mr_Jerry
[2020/10/24 - 14:24:14] Fernando_Jespester has IP Checked Peter_Robinson
[2020/10/24 - 14:24:23] Fernando_Jespester has IP Checked [ES]Hristo
[2020/10/24 - 16:14:09] [FM]Jackson has IP Checked asd_asd
[2020/10/24 - 16:49:24] [BQT]Ren has IP Checked Chianhdumecungnhe
[2020/10/24 - 17:50:56] Young has IP Checked HongHung_Uzi
[2020/10/24 - 18:48:51] Young has IP Checked HongHung_Wunder
[2020/10/24 - 19:25:05] Poka.V has IP Checked ThaTymDayStoryEmm
[2020/10/24 - 19:26:00] MinhBin has IP Checked ThaTymDayStoryEmm
[2020/10/24 - 19:26:17] [FM]Jackson has IP Checked ThaTymDayStoryEmm
[2020/10/24 - 19:26:19] Young has IP Checked ThaTymDayStoryEmm
[2020/10/24 - 20:22:35] Cunan has IP Checked DinkCaoThoiDai
[2020/10/24 - 20:24:53] Cunan has IP Checked NeverDiee
[2020/10/24 - 20:26:37] Cunan has IP Checked BuiMinhDepZaiNhe
[2020/10/24 - 20:28:50] Cunan has IP Checked Mikeyhandsomedz
[2020/10/24 - 20:29:10] Cunan has IP Checked ThatSuNhaTaoGiau
[2020/10/24 - 20:29:45] Cunan has IP Checked MoiTayQuaa
[2020/10/24 - 20:31:19] Cunan has IP Checked SoQuaCo
[2020/10/24 - 20:32:08] Cunan has IP Checked CunanBuBuoi
[2020/10/24 - 20:32:53] Cunan has IP Checked CunanBuLoz
[2020/10/24 - 20:34:00] Cunan has IP Checked dsad
[2020/10/24 - 20:34:05] Cunan has IP Checked DoiChoDenBaoGio
[2020/10/24 - 20:35:27] Cunan has IP Checked ThangNguKBannedIp
[2020/10/24 - 20:36:17] Cunan has IP Checked AdminQuenLinhNgu
[2020/10/24 - 20:36:47] Cunan has IP Checked ServerRacTayChay
[2020/10/24 - 20:37:21] Cunan has IP Checked MayNhaKhongSo
[2020/10/24 - 20:37:50] Cunan has IP Checked whattheheo
[2020/10/24 - 20:38:42] Cunan has IP Checked CloneAccountThagNgu
[2020/10/24 - 20:39:31] Cunan has IP Checked dsad
[2020/10/24 - 20:39:38] Cunan has IP Checked 5aesiunhanphasv
[2020/10/24 - 20:40:05] Cunan has IP Checked TheDayHihi
[2020/10/24 - 20:40:49] Cunan has IP Checked khothantontiennet
[2020/10/24 - 20:41:31] Cunan has IP Checked Maythaglinhlac
[2020/10/24 - 20:41:40] Cunan has IP Checked ctc_test
[2020/10/24 - 20:41:52] Cunan has IP Checked dsad
[2020/10/24 - 20:42:02] Cunan has IP Checked [ADMIN]TrumSv
[2020/10/24 - 20:43:45] Cunan has IP Checked govod
[2020/10/24 - 20:43:51] Cunan has IP Checked dsad
[2020/10/24 - 20:44:01] Cunan has IP Checked SangSmith
[2020/10/24 - 20:44:02] Cunan has IP Checked KhungLongXanh
[2020/10/24 - 20:44:28] Cunan has IP Checked Ken_Douglas
[2020/10/24 - 20:44:36] Cunan has IP Checked Cocee
[2020/10/24 - 20:46:42] Cunan has IP Checked Bin_Tony
[2020/10/24 - 20:47:21] Cunan has IP Checked KhungLongXanhh
[2020/10/24 - 20:47:22] Cunan has IP Checked Wibu_Amen
[2020/10/24 - 20:47:56] Cunan has IP Checked KhungLongXanhhh
[2020/10/24 - 20:50:20] Cunan has IP Checked Tom_Jerry
[2020/10/24 - 20:51:18] Cunan has IP Checked Mark_s
[2020/10/24 - 20:51:48] Cunan has IP Checked Wibu_Amen
[2020/10/24 - 20:52:53] Cunan has IP Checked FannyYakuza
[2020/10/24 - 20:57:40] Cunan has IP Checked BanOiDungHackNua
[2020/10/24 - 20:59:46] Cunan has IP Checked Conmemaychiocheo
[2020/10/24 - 21:00:49] Cunan has IP Checked Anhmaynechi
[2020/10/24 - 21:01:20] Cunan has IP Checked Rendy.neverdie
[2020/10/24 - 21:02:54] Cunan has IP Checked Anhmaynechi
[2020/10/24 - 21:05:40] [ES]Cunan has IP Checked KhungLongXanh
[2020/10/24 - 21:05:50] [ES]Cunan has IP Checked dsad
[2020/10/24 - 21:07:38] [ES]Cunan has IP Checked noname
[2020/10/24 - 21:09:15] [ES]Cunan has IP Checked Anhmaynechi
[2020/10/24 - 21:09:16] noname has IP Checked [FM]Jackson
[2020/10/24 - 21:10:12] [ES]Cunan has IP Checked TaoHackDo
[2020/10/24 - 21:10:26] [FM]Jackson has IP Checked Jing
[2020/10/24 - 21:10:49] noname has IP Checked [FM]Jackson
[2020/10/24 - 21:17:57] [ES]Cunan has IP Checked Long_YaKuZa
[2020/10/24 - 21:21:05] [ES]Cunan has IP Checked TrinhHinh_Phong
[2020/10/24 - 21:21:45] [ES]Cunan has IP Checked Hong_Hanh_Dz
[2020/10/24 - 21:23:54] [ES]Cunan has IP Checked Hong_Hanh_Dz
[2020/10/24 - 21:24:25] [ES]Cunan has IP Checked Fire_Man
[2020/10/24 - 21:45:07] [FM]Jackson has IP Checked Amen_Anphong
[2020/10/24 - 21:48:34] [FM]Jackson has IP Checked Dang.Quoc_Tu
[2020/10/25 - 8:55:28] Young has IP Checked Tokuda...
[2020/10/25 - 10:21:24] Young has IP Checked Trung.HinhSu
[2020/10/25 - 10:39:05] Young has IP Checked Nguyen_Tu
[2020/10/25 - 10:57:17] CTV_34 has IP Checked BoMayLaTrum
[2020/10/25 - 10:57:28] CTV_34 has IP Checked BoMayLaTrum
[2020/10/25 - 11:01:28] CTV_34 has IP Checked BoMayReRachKhong
[2020/10/25 - 11:02:41] CTV_34 has IP Checked BoMayReRachKhong
[2020/10/25 - 11:03:35] CTV_34 has IP Checked HongHung_Wunder
[2020/10/25 - 11:40:52] [FM]Thuan_Dz has IP Checked EmCoHackDau
[2020/10/25 - 11:41:14] [FM]Jackson has IP Checked EmCoHackDau
[2020/10/25 - 11:41:43] [FM]Jackson has IP Checked ThaEmDi
[2020/10/25 - 12:00:28] Young has IP Checked Tokuda...
[2020/10/25 - 12:12:01] Young has IP Checked BuiMinhKhongHack
[2020/10/25 - 12:37:56] Frank_Another has IP Checked Caubebongdem
[2020/10/25 - 12:38:57] [FM]Jackson has IP Checked [FM]Jackson
[2020/10/25 - 12:54:13] Young has IP Checked DucManh.Cs
[2020/10/25 - 13:06:37] MinhBin has IP Checked Frank_Another
[2020/10/25 - 13:11:40] Frank_Another has IP Checked BinhThuan.Vlog
[2020/10/25 - 13:20:57] Frank_Another has IP Checked Wowy.
[2020/10/25 - 13:23:17] Frank_Another has IP Checked Karik.
[2020/10/25 - 13:42:31] Young has IP Checked Rhymastic.
[2020/10/25 - 14:05:36] [FM]Thuan_Dz has IP Checked RackTheCon
[2020/10/25 - 14:36:23] [ES]Cunan has IP Checked Ong_Trum_Ma_Tuy
[2020/10/25 - 14:38:51] [ES]Cunan has IP Checked Ong_Trum_Buon_lau
[2020/10/25 - 14:49:12] noname has IP Checked Hip.Network
[2020/10/25 - 15:16:51] [ES]Cunan has IP Checked subinz_ADS
[2020/10/25 - 15:18:06] [ES]Cunan has IP Checked vitamin_best
[2020/10/25 - 15:20:02] [ES]Cunan has IP Checked DAICA_NamLance
[2020/10/25 - 15:20:49] [ES]Cunan has IP Checked AD_Rac
[2020/10/25 - 17:44:40] Minh.ThaiTu has IP Checked CaiConBaMay
[2020/10/25 - 17:47:02] Minh.ThaiTu has IP Checked CaiConBaMay
[2020/10/25 - 17:47:14] [ES]TP13 has IP Checked CaiConBaMay
[2020/10/25 - 18:59:14] Minh.ThaiTu has IP Checked BuiMinhLagquaa
[2020/10/25 - 19:11:31] Minh.ThaiTu has IP Checked BuiMinhDaiGia
[2020/10/25 - 19:25:01] Minh.ThaiTu has IP Checked BuiMinhChayBua
[2020/10/25 - 20:35:41] [CTV]Kenduuu has IP Checked EmKhongBietChoi
[2020/10/25 - 20:35:45] [CTV]Kenduuu has IP Checked Minh_QuanTheX
[2020/10/25 - 20:35:48] [CTV]Kenduuu has IP Checked TuiTrumSever0ce
[2020/10/25 - 20:43:30] [BQT]Ren has IP Checked Ahihi_DoNgok
[2020/10/25 - 21:06:39] Young has IP Checked HongHung_Uzi
[2020/10/26 - 8:29:53] CTV_34 has IP Checked Trungxautrai
[2020/10/26 - 10:07:22] whattoheo has IP Checked BanOiDungHackNua
[2020/10/26 - 10:15:45] whattoheo has IP Checked Buy_Money
[2020/10/26 - 10:16:07] whattoheo has IP Checked Buy_Moneyyy
[2020/10/26 - 12:07:54] Young has IP Checked [FM]Jackson
[2020/10/26 - 13:51:40] [FM]Thuan_Dz has IP Checked Taylor_William
[2020/10/26 - 13:52:57] [FM]Thuan_Dz has IP Checked KLS_CongHieuZ
[2020/10/26 - 14:24:46] Matuyda has IP Checked RiOFull_Cleo
[2020/10/26 - 14:40:40] [ES]TP13 has IP Checked Styllers
[2020/10/26 - 14:48:15] Matuyda has IP Checked ChacTaoSoMayQua
[2020/10/26 - 14:54:36] Matuyda has IP Checked Tuan_Monkey
[2020/10/26 - 14:54:52] Matuyda has IP Checked PhongzzSjeuNhan
[2020/10/26 - 17:44:23] [CTV]Kendu has IP Checked BuiMinhNee
[2020/10/26 - 17:48:10] [BQT]Ren has IP Checked BuiMinhKhumLamGi
[2020/10/26 - 17:50:21] [BQT]Ren has IP Checked BuiMinhKhumLamGi
[2020/10/26 - 19:42:14] [BQT]$Banks has IP Checked HiepDamEm_HangXom
[2020/10/26 - 20:14:41] [BQT]Ren has IP Checked Truong0CoHackjng
[2020/10/27 - 8:36:26] CTV_20 has IP Checked Thunder
[2020/10/27 - 9:50:00] matuyda has IP Checked Telegi
[2020/10/27 - 15:25:46] [Admin]Pandaz has IP Checked CDMM
[2020/10/27 - 17:12:52] YoungMatDay has IP Checked Luong_QuocHai
[2020/10/27 - 20:02:27] [Admin]Pandaz has IP Checked KingZNe
[2020/10/27 - 20:05:04] [CTV]_Taylor has IP Checked Sony_Micky
[2020/10/27 - 20:05:09] [CTV]_Taylor has IP Checked Sony_Micky
[2020/10/27 - 20:07:45] [Admin]Pandaz has IP Checked [Admin]Pandaz
[2020/10/27 - 20:39:46] [CTV]_Taylor has IP Checked tRUMsH0TgUN
[2020/10/27 - 20:39:56] [Admin]Pandaz has IP Checked BuiMinhDaLamGi
[2020/10/27 - 20:40:11] [CTV]_Taylor has IP Checked tRUMsH0TgUN
[2020/10/27 - 20:44:15] [CTV]_Taylor has IP Checked ViettelTaiTroMang
[2020/10/27 - 20:55:00] YoungMatDay has IP Checked Hung_Channels
[2020/10/27 - 21:01:08] [Admin]Pandaz has IP Checked PandazBiNgu
[2020/10/27 - 21:05:33] [Admin]Pandaz has IP Checked [ADM]PandazTrau
[2020/10/27 - 21:13:49] [Admin]Pandaz has IP Checked $1$_Vitamin
[2020/10/28 - 11:12:47] YoungMatDay has IP Checked TuiZoToi
[2020/10/28 - 11:39:20] frank_another has IP Checked TuiZoToi
[2020/10/28 - 12:41:19] [BQT]Ren has IP Checked univer_Start
[2020/10/28 - 13:25:54] [BQT]Ren has IP Checked Chu_Jinx
[2020/10/28 - 13:46:07] [BQT]Ren has IP Checked AdminAnCuc.Cho
[2020/10/28 - 14:02:16] [BQT]Ren has IP Checked Ken_Douglas
[2020/10/28 - 14:06:47] Administrator has IP Checked CaVoi_Deptrai
[2020/10/28 - 16:04:26] Pandaz.Edwards has IP Checked [TongThong]Obama
[2020/10/28 - 18:22:21] YoungMatDay has IP Checked RenZ.OnlTheMic
[2020/10/28 - 18:22:27] YoungMatDay has IP Checked Ren
[2020/10/28 - 18:50:25] [CM]Rose has IP Checked Darry_Cow
[2020/10/28 - 18:50:27] [CM]Rose has IP Checked Darry_Cow
[2020/10/28 - 19:13:54] [CM]Rose has IP Checked OBAMA
[2020/10/28 - 19:21:23] Alie has IP Checked [FM]MinhQuan
[2020/10/29 - 10:53:21] [Gmotd]Rick has IP Checked Ri_ririquan
[2020/10/29 - 10:55:04] [Gmotd]Rick has IP Checked TOKUDA_GIRL
[2020/10/29 - 12:22:17] [FM]Jackson has IP Checked [TongThong]Obama
[2020/10/29 - 14:19:46] Alie has IP Checked TranDucMo
[2020/10/29 - 14:20:10] Alie has IP Checked Thunder
[2020/10/29 - 14:44:08] Pandaz has IP Checked TaiGamer.Dz
[2020/10/29 - 18:39:46] [STAFF]Santa has IP Checked [TongThong]Obama
[2020/10/29 - 18:41:21] [FM]HaiDev has IP Checked Gta_as
[2020/10/29 - 18:47:43] [FM]HaiDev has IP Checked SIeu_Nhan
[2020/10/29 - 18:48:42] [FM]HaiDev has IP Checked $200$Vitamin
[2020/10/29 - 18:49:16] [FM]HaiDev has IP Checked $199$Vitamin
[2020/10/29 - 18:53:48] [FM]HaiDev has IP Checked Joki_Jako
[2020/10/29 - 18:55:04] [FM]HaiDev has IP Checked LInh_SA
[2020/10/29 - 18:55:25] [FM]HaiDev has IP Checked LInh_SA
[2020/10/29 - 18:56:42] [FM]HaiDev has IP Checked Im_The_Best
[2020/10/29 - 18:58:30] [FM]HaiDev has IP Checked TOang_SS
[2020/10/29 - 18:58:31] [CTV]HungChannels has IP Checked TOang_SS
[2020/10/29 - 19:10:06] [STAFF]Santa has IP Checked $Hip$
[2020/10/29 - 19:11:22] [STAFF]Santa has IP Checked $Hip$
[2020/10/29 - 19:33:52] Alie has IP Checked TaiGamer.Exe
[2020/10/29 - 19:47:56] [RF]HungChannels has IP Checked Nghia_VoDich
[2020/10/29 - 19:50:39] NPT has IP Checked Nghia_Batttu
[2020/10/29 - 20:18:54] TruongNhat_ThaiLon has IP Checked Ka_Ka
[2020/10/29 - 20:29:29] [CTV]BatHack has IP Checked SieuNhanBienHinh
[2020/10/29 - 20:41:27] [CTV]BatHack has IP Checked BoBui
[2020/10/29 - 20:48:13] [CTV]BatHack has IP Checked ChimSe
[2020/10/29 - 20:57:16] [CTV]BatHack has IP Checked tuidau_hacking
[2020/10/29 - 21:01:39] [RP]Chimse has IP Checked Huynhtjnyeudoi
[2020/10/29 - 21:17:52] Pandaz has IP Checked Thanh_Tan_Vai_AChe
[2020/10/29 - 21:27:12] Alie has IP Checked noname
[2020/10/29 - 21:34:48] Alie has IP Checked MinhBin
[2020/10/29 - 21:49:39] Alie has IP Checked LonBaGiaThangMinhDi
[2020/10/29 - 21:59:59] Alie has IP Checked NHP
[2020/10/29 - 22:38:10] NaVy has IP Checked Kotex
[2020/10/29 - 22:49:55] NaVy has IP Checked TINHYEUKETTHUC
[2020/10/30 - 1:01:28] frank_another has IP Checked Kaleb
[2020/10/30 - 1:01:39] frank_another has IP Checked jocelyn_gideon
[2020/10/30 - 7:47:39] CTV_20 has IP Checked Vietgangz
[2020/10/30 - 12:10:56] [CTV]BatHack has IP Checked XLG_HoagDiii
[2020/10/30 - 12:11:11] [CTV]BatHack has IP Checked XLG_HoagDiii
[2020/10/30 - 13:42:52] YoungMatDay has IP Checked Taylor
[2020/10/30 - 13:46:12] Pandaz has IP Checked Taylor_
[2020/10/30 - 15:28:17] Pandaz has IP Checked Hoangg_ThatTinh
[2020/10/30 - 15:29:05] Pandaz has IP Checked Styllerss
[2020/10/30 - 15:32:44] Pandaz has IP Checked BatDet
[2020/10/30 - 15:33:54] Pandaz has IP Checked SaMiBatTu
[2020/10/30 - 15:34:35] Pandaz has IP Checked SaMiBatTuTTT
[2020/10/30 - 15:35:04] YoungMatDay has IP Checked SaMiBatTu
[2020/10/30 - 15:35:36] YoungMatDay has IP Checked SaMiBatTuTTT
[2020/10/30 - 15:49:58] [FM]Jackson has IP Checked Nghiaaaaaaaaaa
[2020/10/30 - 15:53:50] [FM]Jackson has IP Checked Banned_ConcacNe
[2020/10/30 - 15:54:00] Alie has IP Checked Nghiaaaaaaaaaa
[2020/10/30 - 15:57:00] Alie has IP Checked Travisssscot
[2020/10/30 - 16:07:59] Alie has IP Checked DieuThuyen
[2020/10/30 - 17:18:32] BongZ has IP Checked Banip_DiThangNgu
[2020/10/30 - 17:31:54] Pandaz has IP Checked BuiMinhDepTrai01
[2020/10/30 - 17:44:46] BongZ has IP Checked JG_Nam
[2020/10/30 - 18:01:28] Pandaz has IP Checked gc_thichlamcha
[2020/10/30 - 18:02:21] Pandaz has IP Checked Tien_Smile
[2020/10/30 - 18:09:54] Alie has IP Checked VinhK.
[2020/10/30 - 18:26:59] BongZ has IP Checked caycubannedkiatroi
[2020/10/30 - 18:53:16] [FM]HaiDev has IP Checked Kenduuu
[2020/10/30 - 18:55:06] Pandaz has IP Checked [FM]HaiDev
[2020/10/30 - 18:56:10] Pandaz has IP Checked [FM]HaiDev
[2020/10/31 - 13:31:24] [STAFF]Santa has IP Checked Truong_Ba
[2020/10/31 - 14:12:55] [FM]Jackson has IP Checked KunDm
[2020/10/31 - 14:13:09] [FM]Jackson has IP Checked HeuSF
[2020/10/31 - 14:19:06] [FM]Jackson has IP Checked ChuaHme
[2020/10/31 - 15:48:31] Pandaz has IP Checked Kakaka
[2020/10/31 - 16:02:10] Pandaz has IP Checked Co_Em
[2020/10/31 - 16:10:14] Pandaz has IP Checked Kiwi_Chan
[2020/10/31 - 16:14:17] Alie has IP Checked [STAFF]Santa
[2020/10/31 - 16:16:56] Pandaz has IP Checked Shin
[2020/10/31 - 16:33:15] Pandaz has IP Checked XLG_TerryZzz
[2020/10/31 - 16:33:42] Pandaz has IP Checked John_Joker
[2020/10/31 - 16:54:41] Pandaz has IP Checked Crow
[2020/10/31 - 17:28:37] Pandaz has IP Checked Lamar_Briggs
[2020/10/31 - 17:34:47] Pandaz has IP Checked Meii
[2020/10/31 - 19:42:36] Alie has IP Checked Sang_Barrio
[2020/10/31 - 20:19:37] [CTV]BatHack has IP Checked joker_tom
[2020/11/1 - 0:06:34] [ES]Trang has IP Checked SangSmith
[2020/11/1 - 13:09:16] [Gmotd]Rick has IP Checked RobinSon_Tom
[2020/11/1 - 13:09:52] [Gmotd]Rick has IP Checked AiDaLamGi
[2020/11/1 - 14:49:54] [RF]HungChannels has IP Checked Blink_Blink
[2020/11/1 - 14:55:42] [FM]Jackson has IP Checked HieuThu_Hai
[2020/11/1 - 14:56:47] [RF]HungChannels has IP Checked HieuThu_Hai
[2020/11/1 - 17:19:56] YoungMatDay has IP Checked Tai
[2020/11/1 - 17:41:54] [CTV]Bathack has IP Checked QuaHay
[2020/11/1 - 17:53:22] Alie has IP Checked Bui_Dinh_Hong
[2020/11/1 - 17:56:44] Alie has IP Checked MinhBin
[2020/11/1 - 18:00:17] YoungMatDay has IP Checked Vu_Lee
[2020/11/1 - 18:02:05] YoungMatDay has IP Checked Subaru_Okiya
[2020/11/1 - 18:07:53] YoungMatDay has IP Checked Kay_Tran
[2020/11/1 - 18:19:15] YoungMatDay has IP Checked Rey_Warith
[2020/11/1 - 21:16:42] [GL]Hai.Dev has IP Checked CaKinh_xMaster
[2020/11/2 - 19:20:52] [GL]Hai.Dev has IP Checked Nghiaaaaa
[2020/11/2 - 19:50:45] [FM]Jackson has IP Checked Chrismas_Yoriko
[2020/11/2 - 20:14:00] [CTV]BatHack has IP Checked Test_Hack
[2020/11/3 - 12:11:23] [ES]Trang has IP Checked HoangTan
[2020/11/3 - 12:29:08] [ES]Trang has IP Checked Tom_Jerry
[2020/11/3 - 12:29:11] [ES]Trang has IP Checked DuyViet_Battousai
[2020/11/3 - 12:45:59] YoungMATDAY has IP Checked NgocZ
[2020/11/4 - 15:50:06] [GL]Hai.Dev has IP Checked Obama_Trumps
[2020/11/4 - 16:41:32] Jessia has IP Checked Tonyy
[2020/11/4 - 16:41:35] Jessia has IP Checked Dii_KhongNgu
[2020/11/5 - 14:50:47] [ES]Jessia has IP Checked Chi_Thong
[2020/11/5 - 14:50:49] [ES]Jessia has IP Checked ChiOk
[2020/11/5 - 19:19:19] LamChoDeoLamNguoi has IP Checked SuShi_SuShi
[2020/11/5 - 19:20:13] [FM]Jackson has IP Checked Ng_MinhQuan
[2020/11/5 - 19:40:29] LamChoDeoLamNguoi has IP Checked SuShi_SuShi
[2020/11/5 - 21:01:18] [ES]Jessia has IP Checked Dii_KhongNgu
[2020/11/5 - 21:01:20] [ES]Jessia has IP Checked Quy_NoBiTa
[2020/11/6 - 11:57:11] [AD]ObitoZ has IP Checked deptraicogisai
[2020/11/6 - 18:45:59] [FM]Jackson has IP Checked Red
[2020/11/6 - 18:46:01] [FM]Jackson has IP Checked Red
[2020/11/6 - 18:55:56] [FM]Jackson has IP Checked NamAk
[2020/11/6 - 18:56:08] [FM]Jackson has IP Checked Red
[2020/11/6 - 20:29:58] Alie has IP Checked phu_nhoc
[2020/11/7 - 18:57:47] YoungFake has IP Checked NgocZ
[2020/11/8 - 10:20:10] Young has IP Checked noname
[2020/11/8 - 10:20:12] Young has IP Checked [BQT]Ren
[2020/11/8 - 12:09:02] Ren.___. has IP Checked Pro_Playerss
[2020/11/8 - 12:16:32] Young has IP Checked Pro_Playerss
[2020/11/8 - 15:02:09] Young has IP Checked Ngoc
[2020/11/8 - 16:21:37] Young has IP Checked Ren.__.
[2020/11/8 - 19:40:02] Young has IP Checked Bao.___.
[2020/11/9 - 17:47:02] MHA._. has IP Checked Phong_Farmer
[2020/11/10 - 19:23:03] Young has IP Checked [FM]Shin
[2020/11/10 - 20:07:54] Young has IP Checked [FM]Shin
[2020/11/10 - 20:25:33] Jerry_Tun has IP Checked LegendaryX.Bo
[2020/11/11 - 9:14:21] Young has IP Checked [FM]Shin
[2020/11/11 - 12:49:04] [FM]Canos has IP Checked az_za
[2020/11/11 - 14:58:47] Young has IP Checked Fake_Fake
