[2016/4/6 - 18:24:55] Administrator Nguyen Ngoc Tram has given a pilot license to Nguyen Ngoc Tram.
[2016/4/6 - 20:24:15] Administrator Jerry Erwin has given a pilot license to kudo Squa.
[2016/4/6 - 20:24:19] Administrator Jerry Erwin has given a pilot license to Jerry Erwin.
[2016/4/6 - 21:47:23] Administrator Nguyen Ngoc Tram da dua bang lai xe taxi cho Nguyen Ngoc Tram.
[2016/4/6 - 21:47:28] Administrator Nguyen Ngoc Tram has given a boating license to Nguyen Ngoc Tram.
[2016/4/8 - 7:19:03] Administrator Nguyen Ngoc Tram has given a pilot license to Mafia Xtina.
[2016/4/8 - 18:12:47] Administrator Nguyen Ngoc Tram has given a pilot license to Jimmy Xtina.
[2016/4/11 - 10:03:43] Administrator Nguyen Ngoc Tram has given a pilot license to Nguyen Ngoc Tram.
[2016/4/11 - 10:03:44] Administrator Nguyen Ngoc Tram has given a boating license to Nguyen Ngoc Tram.
[2016/4/11 - 10:03:46] Administrator Nguyen Ngoc Tram da dua bang lai xe taxi cho Nguyen Ngoc Tram.
[2016/4/13 - 21:13:53] Administrator Trinh has given a pilot license to Dao Tran.
[2016/4/15 - 17:39:30] Administrator Dao Tran has given a pilot license to Barrack Obama.
[2016/4/15 - 17:52:28] Administrator Borther da dua bang lai xe taxi cho Borther.
[2016/4/15 - 17:52:30] Administrator Borther has given a pilot license to Borther.
[2016/4/15 - 17:52:30] Administrator Borther has given a boating license to Borther.
[2016/4/18 - 9:16:25] Administrator Nguyen Ngoc Tram has given a pilot license to Nac Binh.
[2016/4/19 - 7:49:17] Administrator Hoang Smith da dua bang lai xe taxi cho Hoang Smith.
[2016/4/19 - 7:49:17] Administrator Hoang Smith has given a pilot license to Hoang Smith.
[2016/4/19 - 7:49:18] Administrator Hoang Smith has given a boating license to Hoang Smith.
[2016/4/21 - 11:26:39] Administrator Eren  has given a boating license to Eren .
[2016/4/21 - 11:26:40] Administrator Eren  has given a pilot license to Eren .
[2016/4/21 - 11:26:41] Administrator Eren  da dua bang lai xe taxi cho Eren .
[2020/9/27 - 10:15:32] Administrator [YOUNG][TEAM] has given a pilot license to Phong_Cao.
[2020/9/27 - 10:15:34] Administrator [YOUNG][TEAM] da dua bang lai xe taxi cho Phong_Cao.
[2020/9/27 - 10:15:35] Administrator [YOUNG][TEAM] has given a boating license to Phong_Cao.
[2020/9/27 - 10:15:45] Administrator Mlem_Mlem has given a pilot license to Mlem_Mlem.
[2020/9/27 - 10:16:28] Administrator [YOUNG][TEAM] has given a pilot license to Joker_Shins.
[2020/9/27 - 10:41:26] Administrator Jack has given a pilot license to Player.
[2020/9/27 - 10:41:29] Administrator Jack has given a pilot license to Po_BT.
[2020/9/27 - 10:41:35] Administrator Jack has given a pilot license to Tung_DauMoi.
[2020/9/27 - 10:41:37] Administrator Jack has given a pilot license to Jack.
[2020/9/27 - 12:59:39] Administrator Jack has given a pilot license to Jack.
[2020/9/27 - 14:57:22] Administrator Golden_Washington has given a pilot license to Golden_Washington.
[2020/9/27 - 16:09:56] Administrator XuanThien_FMOD has given a pilot license to XuanThien_FMOD.
[2020/9/27 - 18:47:28] Administrator BeThuan_Eshop has given a boating license to BeThuan_Eshop.
[2020/9/27 - 18:47:33] Administrator BeThuan_Eshop has given a boating license to Minh_QuanTheX.
[2020/9/27 - 18:47:33] Administrator Alie has given a boating license to Alie.
[2020/9/27 - 18:47:34] Administrator Alie has given a pilot license to Alie.
[2020/9/27 - 18:47:35] Administrator Alie da dua bang lai xe taxi cho Alie.
[2020/9/27 - 18:47:39] Administrator BeThuan_Eshop has given a pilot license to BeThuan_Eshop.
[2020/9/27 - 18:47:40] Administrator BeThuan_Eshop da dua bang lai xe taxi cho BeThuan_Eshop.
[2020/9/27 - 18:50:55] Administrator TiennMaster has given a pilot license to TiennMaster.
[2020/9/28 - 14:42:58] Administrator Golden_Fmotd has given a pilot license to Hashirama_Eshop.
[2020/9/28 - 14:43:01] Administrator Golden_Fmotd has given a pilot license to Myduyen_PR.
[2020/9/28 - 15:20:44] Administrator Bong has given a pilot license to Bong.
[2020/9/28 - 15:20:51] Administrator Bong has given a pilot license to Aron_Smith.
[2020/9/28 - 18:33:42] Administrator Bong has given a pilot license to XLG_BiCute.
[2020/9/29 - 14:59:07] Administrator Jackson has given a pilot license to Quang.
[2020/9/30 - 9:31:40] Administrator Jackson has given a pilot license to Jackson.
[2020/9/30 - 15:59:37] Administrator Young has given a pilot license to Hieu_ancaro.
[2020/9/30 - 16:45:43] Administrator Young has given a pilot license to Bo_VinCii.
[2020/9/30 - 19:09:35] Administrator Bong has given a pilot license to Minhh.
[2020/9/30 - 20:31:39] Administrator Kaito has given a boating license to yone_master.
[2020/9/30 - 20:31:39] Administrator Kaito has given a pilot license to yone_master.
[2020/9/30 - 20:31:41] Administrator Kaito da dua bang lai xe taxi cho yone_master.
[2020/9/30 - 20:31:49] Administrator Kaito da dua bang lai xe taxi cho Rog.Er.
[2020/9/30 - 20:31:50] Administrator Kaito has given a boating license to Rog.Er.
[2020/9/30 - 20:41:11] Administrator [STAFF]Jackson has given a pilot license to Rog.Er.
[2020/9/30 - 20:49:49] Administrator Bong has given a pilot license to Quy_BT.
[2020/10/1 - 19:14:53] Administrator BongZ has given a pilot license to Khoi_VinCii.
[2020/10/1 - 20:02:04] Administrator Young has given a pilot license to NguyenVan_HoaDepTrai.
[2020/10/4 - 13:00:41] Administrator Young has given a pilot license to xoai_ngot.
[2020/10/4 - 14:25:40] Administrator [Admin]Jack has given a pilot license to Thinh.
[2020/10/4 - 14:25:41] Administrator [Admin]Jack da dua bang lai xe taxi cho Thinh.
[2020/10/4 - 14:25:42] Administrator [Admin]Jack has given a boating license to Thinh.
[2020/10/4 - 14:58:38] Administrator [Admin]Jack has given a pilot license to Hieu_hieu.
[2020/10/4 - 21:06:37] Administrator BongZ has given a pilot license to BAOKE_SEVER.
[2020/10/5 - 16:02:51] Administrator Young has given a pilot license to DanhTuong._.3Q.
[2020/10/7 - 20:28:33] Administrator Young has given a pilot license to AcQuy.
[2020/10/8 - 14:00:00] Administrator Young has given a pilot license to Bui_Dinh_Tuyen.
[2020/10/8 - 18:34:44] Administrator [FM]Jackson has given a pilot license to nhok_lam321.
[2020/10/8 - 21:17:57] Administrator [FM]Jackson has given a pilot license to hilltop_Militia.
[2020/10/9 - 16:38:30] Administrator [FM]Jackson has given a pilot license to $ChitZZ$.
[2020/10/9 - 20:03:15] Administrator [STAFF]LeDinhVan has given a pilot license to hilltop_Militia.
[2020/10/9 - 20:03:17] Administrator AloAloSonNghe has given a boating license to AloAloSonNghe.
[2020/10/9 - 20:03:19] Administrator AloAloSonNghe has given a pilot license to AloAloSonNghe.
[2020/10/9 - 20:03:20] Administrator AloAloSonNghe da dua bang lai xe taxi cho AloAloSonNghe.
[2020/10/9 - 20:47:23] Administrator [STAFF]LeDinhVan has given a pilot license to Cunan.
[2020/10/10 - 11:26:15] Administrator [STAFF]LeDinhVan has given a pilot license to [STAFF]LeDinhVan.
[2020/10/10 - 13:24:19] Administrator Frank_Another has given a pilot license to RjP.
[2020/10/10 - 22:08:16] Administrator [STAFF]Zuy has given a pilot license to [STAFF]$Fourze$.
[2020/10/11 - 20:49:35] Administrator [FM]Jackson has given a pilot license to KingZ_GOD.
[2020/10/11 - 20:50:22] Administrator [FM]Jackson has given a pilot license to Hunter_kiet.
[2020/10/12 - 19:22:46] Administrator [ES]Zuy has given a pilot license to BestCheO_Zecc.
[2020/10/15 - 21:18:40] Administrator [FM]Jackson has given a pilot license to kill.exe.
[2020/10/20 - 13:20:40] Administrator Ngoc.Z has given a pilot license to Ngoc.Z.
[2020/10/25 - 10:16:38] Administrator Young has given a pilot license to Young.
[2020/10/25 - 12:46:14] Administrator Frank_Another has given a pilot license to luffy_family.
[2020/10/25 - 13:53:16] Administrator [FM]Jackson has given a pilot license to Ong_Trum_Buon_lau.
[2020/10/28 - 13:52:12] Administrator [FM]Jackson has given a pilot license to Thang_XaoLoz.
[2020/10/28 - 13:52:27] Administrator [FM]Jackson has given a boating license to Thang_XaoLoz.
[2020/10/28 - 13:52:29] Administrator [FM]Jackson da dua bang lai xe taxi cho Thang_XaoLoz.
[2020/10/28 - 15:12:03] Administrator Frank_Another has given a pilot license to Heinrich_Himmler.
[2020/10/28 - 15:12:05] Administrator Frank_Another da dua bang lai xe taxi cho Heinrich_Himmler.
[2020/10/28 - 15:12:07] Administrator Frank_Another has given a boating license to Heinrich_Himmler.
[2020/10/29 - 15:20:08] Administrator [RF]BeCuong has given a pilot license to [RF]BeCuong.
[2020/10/30 - 14:58:53] Administrator YoungMatDay has given a pilot license to YoungMatDay.
[2020/10/31 - 14:28:11] Administrator [FM]Jackson has given a pilot license to Canos.
[2020/11/5 - 20:45:31] Administrator [AD]ObitoZ has given a boating license to [AD]ObitoZ.
[2020/11/5 - 20:45:32] Administrator [AD]ObitoZ da dua bang lai xe taxi cho [AD]ObitoZ.
[2020/11/5 - 20:45:36] Administrator [AD]ObitoZ has given a pilot license to [AD]ObitoZ.
[2020/11/7 - 19:02:30] Administrator YoungFake has given a pilot license to 0bitoZ.
[2020/11/8 - 9:09:57] Administrator YoungFake has given a pilot license to Huu_ThienWilliams.
[2020/11/10 - 18:40:06] Administrator [GM]Kysza has given a pilot license to Khoa_ne.
