[2016/4/5 - 21:00:01] KuTo created a Maverick (487) for LDT Long.
[2016/4/5 - 22:36:58] Nguyen Ngoc Tram created a Infernus (411) for DJ Moon.
[2016/4/5 - 22:39:16] Nguyen Ngoc Tram created a Sultan (560) for DJ Moon.
[2016/4/6 - 7:14:19] Nguyen Ngoc Tram created a Infernus (411) for Justin TRS.
[2016/4/6 - 7:14:43] Nguyen Ngoc Tram created a Huntley (579) for Justin TRS.
[2016/4/6 - 7:15:18] Nguyen Ngoc Tram created a NRG-500 (522) for Justin TRS.
[2016/4/6 - 7:15:47] Nguyen Ngoc Tram created a Maverick (487) for Justin TRS.
[2016/4/6 - 7:16:27] Nguyen Ngoc Tram created a Buffalo (402) for Justin TRS.
[2016/4/6 - 7:17:09] Nguyen Ngoc Tram created a Police Maverick (497) for Sam Regamay.
[2016/4/6 - 7:17:23] Nguyen Ngoc Tram created a Sultan (560) for Sam Regamay.
[2016/4/6 - 7:17:32] Nguyen Ngoc Tram created a NRG-500 (522) for Sam Regamay.
[2016/4/6 - 7:18:09] Nguyen Ngoc Tram created a Buffalo (402) for Sam Regamay.
[2016/4/6 - 7:21:53] Nguyen Ngoc Tram created a Bullet (541) for Mr Jokers.
[2016/4/6 - 7:22:04] Nguyen Ngoc Tram created a S.W.A.T. Van (601) for Mr Jokers.
[2016/4/6 - 7:22:24] Nguyen Ngoc Tram created a HPV-1000 (523) for Mr Jokers.
[2016/4/6 - 7:23:42] Nguyen Ngoc Tram created a Patriot (470) for Nguyen Quoc Tuan.
[2016/4/6 - 7:23:58] Nguyen Ngoc Tram created a Police Car (SFPD) (597) for Nguyen Quoc Tuan.
[2016/4/6 - 7:25:27] Nguyen Ngoc Tram created a NRG-500 (522) for Nguyen Quoc Tuan.
[2016/4/6 - 7:25:35] Nguyen Ngoc Tram created a Maverick (487) for Nguyen Quoc Tuan.
[2016/4/6 - 7:28:22] Nguyen Ngoc Tram created a FBI Rancher (490) for Jason Florida.
[2016/4/6 - 7:28:33] Nguyen Ngoc Tram created a Firetruck (544) for Nguyen Quoc Tuan.
[2016/4/6 - 7:29:24] Nguyen Ngoc Tram created a Dumper (406) for Nguyen Quoc Tuan.
[2016/4/6 - 7:30:04] Nguyen Ngoc Tram created a Barracks (433) for Jason Florida.
[2016/4/6 - 7:31:02] Nguyen Ngoc Tram created a Police Maverick (497) for Jason Florida.
[2016/4/6 - 7:37:08] Nguyen Ngoc Tram created a Raindance (563) for Jason Florida.
[2016/4/6 - 7:37:15] Nguyen Ngoc Tram created a Police Ranger (599) for Jason Florida.
[2016/4/6 - 7:37:56] Nguyen Ngoc Tram created a Infernus (411) for Sam Regamay.
[2016/4/6 - 7:43:01] Nguyen Ngoc Tram created a Cropduster (512) for nick phong.
[2016/4/6 - 7:43:06] Nguyen Ngoc Tram created a Hydra (520) for nick phong.
[2016/4/6 - 7:44:11] Nguyen Ngoc Tram created a Police Ranger (599) for nick phong.
[2016/4/6 - 9:05:48] Nguyen Ngoc Tram created a Police Maverick (497) for Tung Hardy.
[2016/4/6 - 9:05:53] Nguyen Ngoc Tram created a Police Maverick (497) for Tung Hardy.
[2016/4/6 - 9:06:08] Nguyen Ngoc Tram created a HPV-1000 (523) for Tung Hardy.
[2016/4/6 - 9:06:25] Nguyen Ngoc Tram created a HPV-1000 (523) for Tung Hardy.
[2016/4/6 - 9:06:44] Nguyen Ngoc Tram created a Police Car (LSPD) (596) for Tung Hardy.
[2016/4/6 - 9:06:45] Nguyen Ngoc Tram created a Police Car (LSPD) (596) for Tung Hardy.
[2016/4/6 - 9:07:11] Nguyen Ngoc Tram created a Police Car (SFPD) (597) for Tung Hardy.
[2016/4/6 - 9:07:13] Nguyen Ngoc Tram created a Police Car (SFPD) (597) for Tung Hardy.
[2016/4/6 - 9:21:54] Nguyen Ngoc Tram created a Police Car (LSPD) (596) for Boy Hardy.
[2016/4/6 - 9:22:00] Nguyen Ngoc Tram created a Police Car (LSPD) (596) for Boy Hardy.
[2016/4/6 - 9:22:10] Nguyen Ngoc Tram created a Police Car (SFPD) (597) for Boy Hardy.
[2016/4/6 - 9:22:12] Nguyen Ngoc Tram created a Police Car (SFPD) (597) for Boy Hardy.
[2016/4/6 - 9:22:23] Nguyen Ngoc Tram created a Police Car (LVPD) (598) for Boy Hardy.
[2016/4/6 - 9:22:31] Nguyen Ngoc Tram created a HPV-1000 (523) for Boy Hardy.
[2016/4/6 - 9:23:03] Nguyen Ngoc Tram created a Police Maverick (497) for Boy Hardy.
[2016/4/6 - 9:23:04] Nguyen Ngoc Tram created a Police Maverick (497) for Boy Hardy.
[2016/4/6 - 9:23:15] Nguyen Ngoc Tram created a S.W.A.T. Van (601) for Boy Hardy.
[2016/4/6 - 9:29:37] Nguyen Ngoc Tram created a Police Car (LSPD) (596) for Boy Hardy.
[2016/4/6 - 9:29:44] Nguyen Ngoc Tram created a Police Car (LSPD) (596) for Boy Hardy.
[2016/4/6 - 15:10:24] KuTo created a Sultan (560) for LDT Garza.
[2016/4/6 - 16:41:38] Jerry Erwin created a NRG-500 (522) for Jerry Erwin.
[2016/4/6 - 17:01:16] Jerry Erwin created a Police Car (LSPD) (596) for Jerry Erwin.
[2016/4/6 - 18:56:54] Jerry Erwin created a HPV-1000 (523) for Mafia Xtina.
[2016/4/6 - 18:58:21] Jerry Erwin created a Police Car (LSPD) (596) for Mafia Xtina.
[2016/4/6 - 20:21:26] Marth Jerry created a NRG-500 (522) for Marth Jerry.
[2016/4/6 - 20:23:50] Jerry Erwin created a Leviathan (417) for kudo Squa.
[2016/4/6 - 21:08:55] Bao Aztecas created a NRG-500 (522) for Tommy Handsome.
[2016/4/6 - 21:10:17] Bao Aztecas created a Patriot (470) for Tommy Handsome.
[2016/4/6 - 21:10:56] Bao Aztecas created a Infernus (411) for Tommy Handsome.
[2016/4/6 - 21:11:25] Bao Aztecas created a HPV-1000 (523) for Tommy Handsome.
[2016/4/7 - 8:30:57] Mr jokers created a NRG-500 (522) for Cong Vo.
[2016/4/7 - 8:32:08] Mr jokers created a Bullet (541) for Cong Vo.
[2016/4/7 - 8:32:15] Mr jokers created a Bullet (541) for kudo Squa.
[2016/4/7 - 9:42:53] Athena Kawasaki created a Enforcer (427) for Athena Kawasaki.
[2016/4/7 - 10:04:20] Boy Hardy created a Dumper (406) for Yakuza Ken.
[2016/4/7 - 10:05:33] Boy Hardy created a RC Bandit (441) for Yakuza Ken.
[2016/4/7 - 10:05:36] Boy Hardy created a Infernus (411) for Yakuza Ken.
[2016/4/7 - 10:05:50] Boy Hardy created a NRG-500 (522) for Yakuza OngTrum.
[2016/4/7 - 10:06:03] Boy Hardy created a Turismo (451) for Yakuza Ken.
[2016/4/7 - 10:06:10] Boy Hardy created a Seasparrow (447) for Yakuza Ken.
[2016/4/7 - 10:06:17] Shaco Chivas created a Enforcer (427) for Shaco Chivas.
[2016/4/7 - 10:06:22] Boy Hardy created a Cadrona (527) for Yakuza Ken.
[2016/4/7 - 10:06:30] Boy Hardy created a NRG-500 (522) for Yakuza Ken.
[2016/4/7 - 10:06:44] Boy Hardy created a NRG-500 (522) for Cold Blood.
[2016/4/7 - 10:06:47] Boy Hardy created a NRG-500 (522) for LDT KuTo.
[2016/4/7 - 10:06:51] Boy Hardy created a NRG-500 (522) for Yakuza Nam.
[2016/4/7 - 10:06:59] Boy Hardy created a Police Car (LVPD) (598) for Yakuza Ken.
[2016/4/7 - 10:07:43] Boy Hardy created a S.W.A.T. Van (601) for Yakuza Ken.
[2016/4/7 - 10:08:04] Boy Hardy created a RCCam (594) for Yakuza Ken.
[2016/4/7 - 10:08:13] Boy Hardy created a Police Car (LSPD) (596) for Yakuza Ken.
[2016/4/7 - 10:08:28] Boy Hardy created a Police Car (LSPD) (596) for Cold Blood.
[2016/4/7 - 10:08:32] Boy Hardy created a Infernus (411) for Cold Blood.
[2016/4/7 - 10:08:38] Boy Hardy created a Sparrow (469) for Cold Blood.
[2016/4/7 - 10:09:10] Boy Hardy created a Maverick (487) for Yakuza Ken.
[2016/4/7 - 10:09:11] Boy Hardy created a Rhino (432) for Yakuza Ken.
[2016/4/7 - 10:09:49] Boy Hardy created a Coach (437) for Yakuza Ken.
[2016/4/7 - 10:10:09] Boy Hardy created a RC Bandit (441) for Cold Blood.
[2016/4/7 - 10:10:20] Boy Hardy created a Infernus (411) for Cold Blood.
[2016/4/7 - 10:44:15] LDT KuTo created a Sultan (560) for Garrix.
[2016/4/7 - 10:47:59] LDT KuTo created a Sandking (495) for Bin Squad.
[2016/4/7 - 10:54:52] LDT KuTo created a Jetmax (493) for Bin Squad.
[2016/4/7 - 10:55:42] LDT KuTo created a Sultan (560) for Garrix.
[2016/4/7 - 10:58:11] LDT hung created a Infernus (411) for Army Max.
[2016/4/7 - 10:58:29] LDT hung created a HPV-1000 (523) for Army Max.
[2016/4/7 - 11:16:51] Mr Jokers created a Walton (478) for Mr Jokers.
[2016/4/7 - 11:23:00] Bao Aztecas created a Police Ranger (599) for khanh Aztecas.
[2016/4/7 - 11:54:20] Agent Perry created a Police Car (SFPD) (597) for David Smith.
[2016/4/7 - 11:54:26] Agent Perry created a Police Car (SFPD) (597) for khanh Aztecas.
[2016/4/7 - 11:57:07] Agent Perry created a Police Car (LSPD) (596) for khanh Aztecas.
[2016/4/7 - 12:11:13] Agent Perry created a Infernus (411) for Agent Perry.
[2016/4/7 - 13:04:36] Minh Tien created a Combine (532) for Chunq Le.
[2016/4/7 - 13:04:50] Minh Tien created a Combine (532) for Chunq Le.
[2016/4/7 - 13:05:02] Minh Tien created a Combine (532) for Minh Tien.
[2016/4/7 - 13:05:51] Minh Tien created a NRG-500 (522) for Minh Tien.
[2016/4/7 - 13:06:46] Minh Tien created a HPV-1000 (523) for Chunq Le.
[2016/4/7 - 13:07:16] Minh Tien created a NRG-500 (522) for Chunq Le.
[2016/4/7 - 13:07:51] Minh Tien created a Turismo (451) for Chunq Le.
[2016/4/7 - 15:24:36] hung Paul created a Cheetah (415) for G Dragon.
[2016/4/7 - 15:24:40] hung Paul created a HPV-1000 (523) for G Dragon.
[2016/4/7 - 15:24:42] hung Paul created a NRG-500 (522) for G Dragon.
[2016/4/7 - 21:54:03] Agent Perry created a Feltzer (533) for Quoc Dong.
[2016/4/7 - 21:54:31] Agent Perry created a HPV-1000 (523) for Quoc Dong.
[2016/4/7 - 22:23:04] Ichigo Vu created a NRG-500 (522) for Ichigo Vu.
[2016/4/8 - 1:46:47] Nico Sick created a Enforcer (427) for Quan Sonny.
[2016/4/8 - 1:47:27] Nico Sick created a Patriot (470) for Quan Sonny.
[2016/4/8 - 1:48:39] Nico Sick created a Sultan (560) for Quan Sonny.
[2016/4/8 - 1:49:10] Nico Sick created a S.W.A.T. Van (601) for Quan Sonny.
[2016/4/8 - 1:53:21] Nico Sick created a Dumper (406) for Quan Sonny.
[2016/4/8 - 7:10:38] Nguyen Ngoc Tram created a HPV-1000 (523) for Nguyen Ngoc Tram.
[2016/4/8 - 7:14:35] Nguyen Ngoc Tram created a Police Car (LSPD) (596) for Mafia Xtina.
[2016/4/8 - 7:14:47] Nguyen Ngoc Tram created a HPV-1000 (523) for Mafia Xtina.
[2016/4/8 - 7:15:05] Nguyen Ngoc Tram created a Maverick (487) for Do Thanh Tu.
[2016/4/8 - 7:15:13] Nguyen Ngoc Tram created a Maverick (487) for Mafia Xtina.
[2016/4/8 - 7:17:22] Nguyen Ngoc Tram created a Police Maverick (497) for Mafia Xtina.
[2016/4/8 - 7:26:44] Nguyen Ngoc Tram created a Enforcer (427) for Mafia Xtina.
[2016/4/8 - 11:38:37] hung Paul created a Police Car (SFPD) (597) for Micky Holdny.
[2016/4/8 - 11:38:49] hung Paul created a Police Car (SFPD) (597) for Micky Holdny.
[2016/4/8 - 11:38:52] hung Paul created a Police Car (SFPD) (597) for Micky Holdny.
[2016/4/8 - 11:38:53] hung Paul created a Police Car (SFPD) (597) for Micky Holdny.
[2016/4/8 - 13:11:30] Brother created a Police Car (SFPD) (597) for Jimmy Xtina.
[2016/4/8 - 13:11:34] Brother created a Police Car (LSPD) (596) for Jimmy Xtina.
[2016/4/8 - 13:12:40] Brother created a Police Maverick (497) for Jimmy Xtina.
[2016/4/8 - 13:13:04] Brother created a HPV-1000 (523) for Jimmy Xtina.
[2016/4/8 - 16:01:03] LDT KuTo created a Sultan (560) for David Guetta.
[2016/4/8 - 17:08:49] Hoai DaiCa created a Sultan (560) for Hoai DaiCa.
[2016/4/8 - 17:13:11] Hoai DaiCa created a NRG-500 (522) for Rio.
[2016/4/8 - 17:14:39] Hoai DaiCa created a Sultan (560) for Hoai Daidu.
[2016/4/8 - 17:15:06] Hoai DaiCa created a Sultan (560) for Huynh Tong Khoa.
[2016/4/8 - 17:42:21] Nguyen Ngoc Tram created a S.W.A.T. Van (601) for Army Mafia.
[2016/4/8 - 17:43:28] Nguyen Ngoc Tram created a Police Ranger (599) for Army Mafia.
[2016/4/8 - 17:43:32] Nguyen Ngoc Tram created a Police Car (LSPD) (596) for Army Mafia.
[2016/4/8 - 17:54:17] Ryan created a FBI Rancher (490) for Ryan.
[2016/4/8 - 17:56:40] Ryan created a NRG-500 (522) for Ryan.
[2016/4/8 - 18:00:50] Ryan created a Police Car (LSPD) (596) for Ryan.
[2016/4/8 - 18:01:06] Ryan created a Police Car (LSPD) (596) for Ryan.
[2016/4/8 - 18:12:38] Nguyen Ngoc Tram created a Police Maverick (497) for Jimmy Xtina.
[2016/4/8 - 18:14:06] Nguyen Ngoc Tram created a S.W.A.T. Van (601) for Jimmy Xtina.
[2016/4/8 - 18:17:05] Nguyen Ngoc Tram created a Seasparrow (447) for Jimmy Xtina.
[2016/4/8 - 18:18:58] Nguyen Ngoc Tram created a HPV-1000 (523) for Jimmy Xtina.
[2016/4/8 - 18:26:56] Nguyen Ngoc Tram created a HPV-1000 (523) for Army Mafia.
[2016/4/8 - 19:49:59] Hoai DaiCa created a NRG-500 (522) for Hoai DaiCa.
[2016/4/9 - 9:19:56] Mr Jokers created a Bullet (541) for Mr Jokers.
[2016/4/9 - 9:46:27] Hoai DaiCa created a Sultan (560) for Quoc Thinhz.
[2016/4/9 - 9:47:07] Hoai DaiCa created a Sultan (560) for Nicolas Sin.
[2016/4/9 - 9:48:10] Hoai DaiCa created a Police Car (LSPD) (596) for Nicolas Sin.
[2016/4/9 - 9:48:18] Hoai DaiCa created a NRG-500 (522) for Nicolas Sin.
[2016/4/9 - 9:48:45] Hoai DaiCa created a Sultan (560) for Yakuza Nam.
[2016/4/9 - 9:50:19] Hoai DaiCa created a Sultan (560) for Thinh.
[2016/4/9 - 10:01:31] Hoai DaiCa created a Sultan (560) for Thong Luu.
[2016/4/9 - 10:01:40] Hoai DaiCa created a NRG-500 (522) for Thong Luu.
[2016/4/9 - 10:01:52] Hoai DaiCa created a Police Car (LSPD) (596) for Thong Luu.
[2016/4/9 - 11:02:39] Agent Perry created a ZR-350 (477) for Thong Luu.
[2016/4/9 - 15:34:17] Beo hardy created a Police Car (SFPD) (597) for Le VanTOan.
[2016/4/9 - 15:43:22] Hoai created a NRG-500 (522) for Deamor Mafia.
[2016/4/9 - 15:43:39] Hoai created a Police Car (LSPD) (596) for Deamor Mafia.
[2016/4/9 - 15:43:52] Hoai created a Sultan (560) for Deamor Mafia.
[2016/4/9 - 15:53:31] Beo hardy created a Police Car (SFPD) (597) for Beo hardy.
[2016/4/9 - 15:53:59] Beo hardy created a Police Car (SFPD) (597) for Beo hardy.
[2016/4/9 - 15:54:42] Beo hardy created a Police Car (LSPD) (596) for Beo hardy.
[2016/4/9 - 15:54:52] Beo hardy created a Launch (595) for Beo hardy.
[2016/4/9 - 15:55:11] Beo hardy created a Police Car (SFPD) (597) for Beo hardy.
[2016/4/9 - 15:55:27] Beo hardy created a Police Car (LVPD) (598) for Beo hardy.
[2016/4/9 - 15:55:43] Beo hardy created a Police Ranger (599) for Beo hardy.
[2016/4/9 - 15:55:54] Beo hardy created a Picador (600) for Beo hardy.
[2016/4/9 - 17:04:06] beo hardy created a Police Car (SFPD) (597) for Mark Roys.
[2016/4/9 - 17:04:11] beo hardy created a Police Car (LVPD) (598) for Mark Roys.
[2016/4/9 - 17:04:16] beo hardy created a Police Ranger (599) for Mark Roys.
[2016/4/9 - 17:05:06] Hoai DaiCa created a Sultan (560) for Phuong max.
[2016/4/9 - 17:05:11] Hoai DaiCa created a NRG-500 (522) for Phuong max.
[2016/4/9 - 17:05:30] Hoai DaiCa created a Police Car (LSPD) (596) for Phuong max.
[2016/4/9 - 17:05:37] beo hardy created a HPV-1000 (523) for Mark Roys.
[2016/4/9 - 17:05:50] beo hardy created a Police Maverick (497) for Mark Roys.
[2016/4/9 - 17:06:17] Hoai DaiCa created a Patriot (470) for Phuong max.
[2016/4/9 - 17:06:28] Hoai DaiCa created a Sultan (560) for Black Thomsa.
[2016/4/9 - 17:06:35] Hoai DaiCa created a Police Car (LSPD) (596) for Black Thomsa.
[2016/4/9 - 17:06:42] beo hardy created a RCCam (594) for beo hardy.
[2016/4/9 - 17:06:43] Hoai DaiCa created a NRG-500 (522) for Black Thomsa.
[2016/4/9 - 17:09:31] Hoai DaiCa created a Police Car (LSPD) (596) for Hoai DaiCa.
[2016/4/9 - 17:10:42] Hoai DaiCa created a Police Maverick (497) for Black Thomsa.
[2016/4/9 - 17:35:58] beo hardy created a Police Car (SFPD) (597) for Mark Roys.
[2016/4/9 - 17:36:28] beo hardy created a Police Car (LVPD) (598) for Mark Roys.
[2016/4/9 - 17:37:00] beo hardy created a Police Car (LSPD) (596) for Mark Roys.
[2016/4/9 - 18:15:05] beo hardy created a NRG-500 (522) for Le Duong.
[2016/4/9 - 21:07:34] Jay Bradon created a HPV-1000 (523) for Jay Bradon.
[2016/4/9 - 21:10:44] Jay Bradon created a FBI Rancher (490) for Jay Bradon.
[2016/4/9 - 21:12:25] Jay Bradon created a Enforcer (427) for Jay Bradon.
[2016/4/9 - 21:19:00] Jay Bradon created a Cheetah (415) for Jay Bradon.
[2016/4/9 - 21:19:40] Jay Bradon created a Infernus (411) for Jay Bradon.
[2016/4/9 - 21:20:16] Jay Bradon created a Maverick (487) for Jay Bradon.
[2016/4/9 - 21:23:08] Jerry Erwin created a Police Car (LSPD) (596) for Jerry Erwin.
[2016/4/9 - 21:55:54] Brother created a Savanna (567) for Club Stone.
[2016/4/10 - 8:45:15] Hoang Tus created a Walton (478) for Hoang Tus.
[2016/4/10 - 18:59:37] Boy Hardy created a Dumper (406) for Lucky Shaw.
[2016/4/10 - 18:59:57] Boy Hardy created a Enforcer (427) for Lucky Shaw.
[2016/4/10 - 19:03:39] Boy Hardy created a Police Maverick (497) for Lucky Shaw.
[2016/4/10 - 19:03:47] Boy Hardy created a Mr Whoopee (423) for Lucky Shaw.
[2016/4/10 - 19:04:07] Boy Hardy created a Police Car (LSPD) (596) for Lucky Shaw.
[2016/4/10 - 19:04:32] Boy Hardy created a Police Car (LSPD) (596) for Lucky Shaw.
[2016/4/10 - 19:04:38] Boy Hardy created a Police Car (SFPD) (597) for Lucky Shaw.
[2016/4/10 - 19:04:42] Boy Hardy created a Police Car (LVPD) (598) for Lucky Shaw.
[2016/4/10 - 19:04:54] Boy Hardy created a Police Ranger (599) for Lucky Shaw.
[2016/4/10 - 19:11:28] Jerry Erwin created a Police Car (LSPD) (596) for Kelvin Nguyen.
[2016/4/10 - 19:11:31] Jerry Erwin created a Police Car (SFPD) (597) for Kelvin Nguyen.
[2016/4/10 - 19:11:33] Jerry Erwin created a Police Car (LVPD) (598) for Kelvin Nguyen.
[2016/4/10 - 19:14:44] Jerry Erwin created a Quad (471) for Jerry Erwin.
[2016/4/10 - 19:15:03] Jerry Erwin created a Patriot (470) for Jerry Erwin.
[2016/4/10 - 19:39:24] Nobita Nam created a Police Car (LSPD) (596) for Nobita Nam.
[2016/4/10 - 19:39:40] Nobita Nam created a Police Car (LSPD) (596) for Nobita Blood.
[2016/4/10 - 21:31:15] Ryan created a Police Car (LSPD) (596) for [NongThon] Tyyy.
[2016/4/10 - 21:35:54] Ryan created a Police Maverick (497) for [NongThon] Tyyy.
[2016/4/10 - 21:55:08] Natsu Aztecas created a Police Car (LVPD) (598) for Natsu Aztecas.
[2016/4/11 - 7:58:34] Black KenDy created a Duneride (573) for Black KenDy.
[2016/4/11 - 9:41:21] Black KenDy created a News Chopper (488) for Army Moon.
[2016/4/11 - 9:43:01] Black KenDy created a Infernus (411) for Black KenDy.
[2016/4/11 - 9:49:40] Yakuza OngTrum created a Buffalo (402) for Yakuza OngTrum.
[2016/4/11 - 12:20:27] Ryan created a Firetruck (407) for Quoc Tyyy.
[2016/4/11 - 12:20:52] Ryan created a Police Maverick (497) for Quoc Tyyy.
[2016/4/11 - 12:28:51] Zeats created a Police Car (LSPD) (596) for Zeats.
[2016/4/11 - 12:34:07] Rio created a Infernus (411) for Rio.
[2016/4/11 - 12:35:04] Ong Trum created a Firetruck (407) for Ong Trum.
[2016/4/11 - 12:35:40] Ong Trum created a Enforcer (427) for Ong Trum.
[2016/4/11 - 12:36:13] Ong Trum created a Enforcer (427) for Yakuza Thinh.
[2016/4/11 - 12:37:09] Ong Trum created a FBI Truck (528) for Yakuza Thinh.
[2016/4/11 - 12:37:43] Ong Trum created a FBI Truck (528) for Ong Trum.
[2016/4/11 - 12:39:20] Ong Trum created a Police Ranger (599) for Ong Trum.
[2016/4/11 - 12:40:20] Ong Trum created a S.W.A.T. Van (601) for Ong Trum.
[2016/4/11 - 12:40:31] Ong Trum created a S.W.A.T. Van (601) for Yakuza Thinh.
[2016/4/11 - 12:40:35] Ong Trum created a Police Ranger (599) for Yakuza Thinh.
[2016/4/11 - 12:42:19] Ong Trum created a Maverick (487) for Yakuza Thinh.
[2016/4/11 - 12:42:30] Ong Trum created a Maverick (487) for Yakuza Thinh.
[2016/4/11 - 12:42:42] Ong Trum created a Maverick (487) for Ong Trum.
[2016/4/11 - 12:43:01] Ong Trum created a Maverick (487) for Ong Trum.
[2016/4/11 - 12:43:11] Ong Trum created a Maverick (487) for Ong Trum.
[2016/4/11 - 12:43:22] Ong Trum created a Maverick (487) for Ong Trum.
[2016/4/11 - 12:43:34] Ong Trum created a Maverick (487) for Ong Trum.
[2016/4/11 - 12:43:44] Ong Trum created a Maverick (487) for Ong Trum.
[2016/4/11 - 12:43:54] Ong Trum created a Maverick (487) for Ong Trum.
[2016/4/11 - 13:02:27] Rio created a Dumper (406) for Rio.
[2016/4/11 - 13:04:00] Rio created a News Chopper (488) for Rio.
[2016/4/11 - 13:04:27] Rio created a Police Maverick (497) for Rio.
[2016/4/11 - 13:04:58] Rio created a HPV-1000 (523) for Rio.
[2016/4/11 - 13:05:25] Rio created a FBI Truck (528) for Rio.
[2016/4/11 - 13:07:03] Rio created a Police Car (LSPD) (596) for Rio.
[2016/4/11 - 13:07:17] Rio created a Police Car (LSPD) (596) for Rio.
[2016/4/11 - 13:08:30] Rio created a Police Car (LSPD) (596) for Rio.
[2016/4/11 - 13:08:47] Rio created a Police Car (LSPD) (596) for Rio.
[2016/4/11 - 13:08:59] Rio created a Police Car (LSPD) (596) for Rio.
[2016/4/11 - 13:09:04] Rio created a Police Car (LSPD) (596) for Rio.
[2016/4/11 - 13:09:19] Rio created a Police Car (LSPD) (596) for Rio.
[2016/4/11 - 13:09:38] Rio created a Police Ranger (599) for Rio.
[2016/4/11 - 13:09:56] Rio created a NRG-500 (522) for Vinh Facebook.
[2016/4/11 - 13:41:44] KuTo KenDy created a Patriot (470) for KuTo KenDy.
[2016/4/11 - 13:42:33] KuTo KenDy created a Infernus (411) for KuTo KenDy.
[2016/4/11 - 13:43:21] KuTo KenDy created a Quad (471) for KuTo KenDy.
[2016/4/11 - 13:45:11] KuTo KenDy created a Feltzer (533) for KuTo KenDy.
[2016/4/11 - 13:46:28] KuTo KenDy created a NRG-500 (522) for KuTo KenDy.
[2016/4/11 - 13:47:38] KuTo KenDy created a Taxi (420) for KuTo KenDy.
[2016/4/11 - 13:50:57] KuTo KenDy created a Bullet (541) for KuTo KenDy.
[2016/4/11 - 16:00:26] KuTo KenDy created a Elegy (562) for Harold Shipman.
[2016/4/11 - 16:00:50] KuTo KenDy created a Sultan (560) for Harold Shipman.
[2016/4/11 - 16:01:06] KuTo KenDy created a Bullet (541) for Harold Shipman.
[2016/4/11 - 16:02:08] KuTo KenDy created a NRG-500 (522) for Harold Shipman.
[2016/4/11 - 16:02:26] KuTo KenDy created a Hotring Racer A (502) for Harold Shipman.
[2016/4/11 - 16:02:41] KuTo KenDy created a Infernus (411) for Harold Shipman.
[2016/4/11 - 16:03:22] KuTo KenDy created a Police Maverick (497) for Harold Shipman.
[2016/4/11 - 16:03:46] KuTo KenDy created a Patriot (470) for Harold Shipman.
[2016/4/11 - 16:04:06] KuTo KenDy created a Turismo (451) for Harold Shipman.
[2016/4/11 - 16:05:20] KuTo KenDy created a Cheetah (415) for Duy Manh Tran.
[2016/4/11 - 16:05:52] KuTo KenDy created a Cheetah (415) for Harold Shipman.
[2016/4/11 - 16:05:57] KuTo KenDy created a Cheetah (415) for KuTo KenDy.
[2016/4/12 - 8:17:23] beo hardy created a Police Ranger (599) for Mark roys.
[2016/4/12 - 8:21:20] Hoai DaiCa created a Sultan (560) for TN Hoang.
[2016/4/12 - 8:21:30] Hoai DaiCa created a NRG-500 (522) for TN Hoang.
[2016/4/12 - 8:21:50] Hoai DaiCa created a Police Car (LSPD) (596) for TN Hoang.
[2016/4/12 - 8:31:59] Kidding created a Police Car (SFPD) (597) for Kidding.
[2016/4/12 - 9:33:05] Rio created a Ambulance (416) for Rio.
[2016/4/12 - 9:33:20] Rio created a Ambulance (416) for Rio.
[2016/4/12 - 9:33:29] Rio created a Ambulance (416) for Rio.
[2016/4/12 - 9:33:52] Rio created a Enforcer (427) for Rio.
[2016/4/12 - 9:34:16] Rio created a Rhino (432) for Rio.
[2016/4/12 - 9:34:43] Kuto  created a NRG-500 (522) for Yakuza Binn.
[2016/4/12 - 9:34:47] Rio created a BMX (481) for Rio.
[2016/4/12 - 9:35:44] Rio created a Hunter (425) for Rio.
[2016/4/12 - 9:36:15] Rio created a Police Car (LVPD) (598) for Rio.
[2016/4/12 - 9:36:42] Rio created a S.W.A.T. Van (601) for Rio.
[2016/4/12 - 9:37:17] Rio created a Newsvan (582) for Rio.
[2016/4/12 - 9:38:01] Rio created a Sandking (495) for Rio.
[2016/4/12 - 9:54:42] Rio created a Infernus (411) for Vinh Facebook.
[2016/4/12 - 10:05:19] Rio created a Squalo (446) for Alexander Owen.
[2016/4/12 - 10:06:03] Rio created a Marquis (484) for Alexander Owen.
[2016/4/12 - 12:22:50] KuTo KenDy created a Patriot (470) for Darlen Edwards.
[2016/4/12 - 12:22:55] KuTo KenDy created a Maverick (487) for Darlen Edwards.
[2016/4/12 - 12:23:00] KuTo KenDy created a Bullet (541) for Darlen Edwards.
[2016/4/12 - 12:23:05] KuTo KenDy created a Duneride (573) for Darlen Edwards.
[2016/4/12 - 12:23:11] KuTo KenDy created a Huntley (579) for Darlen Edwards.
[2016/4/12 - 13:12:05] Zeats created a Police Car (SFPD) (597) for Zeats.
[2016/4/12 - 13:12:13] Zeats created a Police Car (SFPD) (597) for Berdd Jest.
[2016/4/12 - 13:13:30] Zeats created a FBI Rancher (490) for Berdd Jest.
[2016/4/12 - 13:14:58] Zeats created a Police Maverick (497) for Zeats.
[2016/4/12 - 13:15:02] Zeats created a Police Maverick (497) for Berdd Jest.
[2016/4/12 - 13:16:52] Zeats created a Police Car (LVPD) (598) for Zeats.
[2016/4/12 - 13:25:44] Zeats created a HPV-1000 (523) for Zeats.
[2016/4/12 - 14:18:24] Nobita Nam created a Cheetah (415) for Nobita Nam.
[2016/4/12 - 14:19:52] Rio created a Dumper (406) for Army Hieuu.
[2016/4/12 - 17:21:12] Nobita Nam created a Police Maverick (497) for Le VanToan.
[2016/4/12 - 17:21:21] Nobita Nam created a Maverick (487) for Le VanToan.
[2016/4/12 - 17:21:28] Nobita Nam created a Cheetah (415) for Le VanToan.
[2016/4/13 - 8:08:49] KuTo  created a Sultan (560) for KuTo .
[2016/4/13 - 8:59:27] KuTo  has destroyed Army Thu Hanh's Firetruck.
[2016/4/13 - 9:00:03] KuTo  has destroyed beo hardy's Combine.
[2016/4/13 - 10:20:13] KuTo  created a NRG-500 (522) for Armin Guetta.
[2016/4/13 - 10:20:18] KuTo  created a Sultan (560) for Armin Guetta.
[2016/4/13 - 12:30:12] Maria Ozawa Rio created a NRG-500 (522) for Maria Ozawa Rio.
[2016/4/13 - 12:44:09] Jerry Erwin created a Sultan (560) for Army Kun.
[2016/4/13 - 12:44:16] Jerry Erwin created a NRG-500 (522) for Army Kun.
[2016/4/13 - 12:44:16] Jerry Erwin created a NRG-500 (522) for Army Kun.
[2016/4/13 - 14:19:33] Ryan created a FBI Rancher (490) for Army Kun.
[2016/4/13 - 18:31:32] Nobita Nam created a NRG-500 (522) for Ka Ly.
[2016/4/13 - 18:31:37] Nobita Nam created a NRG-500 (522) for Ka Ly.
[2016/4/13 - 18:31:54] Nobita Nam created a Cheetah (415) for Ka Ly.
[2016/4/13 - 18:31:59] Nobita Nam created a Maverick (487) for Ka Ly.
[2016/4/13 - 18:32:03] Nobita Nam created a Police Maverick (497) for Ka Ly.
[2016/4/13 - 18:32:41] Nobita Nam created a Police Car (SFPD) (597) for Ka Ly.
[2016/4/13 - 20:01:01] Zed Xiles created a Police Car (LVPD) (598) for Zed Xiles.
[2016/4/14 - 8:09:46] KuTo  has destroyed Ong Trum's S.W.A.T. Van.
[2016/4/14 - 9:49:53] beo hardy created a Forklift (530) for Blue Ken Geramay.
[2016/4/14 - 9:50:10] beo hardy created a Forklift (530) for beo hardy.
[2016/4/14 - 10:16:11] beo hardy created a Forklift (530) for beo hardy.
[2016/4/14 - 10:26:29] KuTo  created a Police Car (LSPD) (596) for Armin Guetta.
[2016/4/14 - 10:27:13] KuTo  created a Infernus (411) for Armin Guetta.
[2016/4/14 - 11:04:05] KuTo  created a Pony (413) for Armin Guetta.
[2016/4/14 - 12:18:09] Tai Danny created a Sultan (560) for Hung Slayer.
[2016/4/14 - 13:14:08] Jerry Erwin created a Shamal (519) for Jerry Erwin.
[2016/4/14 - 16:31:37] Tai Danny created a Alpha (602) for Alexander Binley.
[2016/4/14 - 16:31:44] Tai Danny created a FBI Rancher (490) for Alexander Binley.
[2016/4/14 - 16:31:59] Tai Danny created a Dumper (406) for Alexander Binley.
[2016/4/14 - 16:32:03] Tai Danny created a DFT-30 (578) for Alexander Binley.
[2016/4/14 - 17:14:32] Zeats created a Enforcer (427) for Zeats.
[2016/4/14 - 17:41:13] Tai Danny created a Police Car (LSPD) (596) for Shin Black.
[2016/4/14 - 17:42:55] Tai Danny created a Police Car (LSPD) (596) for Hung Slayer.
[2016/4/14 - 18:17:40] Nobita Nam created a HPV-1000 (523) for Brandon Steven.
[2016/4/14 - 19:12:52] Nobita Nam created a Dumper (406) for Rain Cheery.
[2016/4/14 - 19:15:27] Nobita Nam created a Seasparrow (447) for Nobita Nam.
[2016/4/14 - 19:19:06] Nobita Nam created a HPV-1000 (523) for An Ryder.
[2016/4/14 - 19:19:17] Nobita Nam created a HPV-1000 (523) for Nghia Ryder.
[2016/4/14 - 19:19:33] Nobita Nam created a Police Car (SFPD) (597) for Nghia Ryder.
[2016/4/14 - 19:19:37] Nobita Nam created a Police Car (SFPD) (597) for An Ryder.
[2016/4/14 - 19:34:49] Paul created a Jester (559) for Chopin Finly.
[2016/4/14 - 19:34:55] Paul created a Sultan (560) for Chopin Finly.
[2016/4/14 - 19:56:14] Nobita Nam created a NRG-500 (522) for An Ryder.
[2016/4/14 - 19:59:17] Nobita Nam created a Cheetah (415) for An Ryder.
[2016/4/14 - 20:01:10] beo hardy created a Police Car (SFPD) (597) for Si Canabis.
[2016/4/14 - 20:01:19] beo hardy created a Police Car (SFPD) (597) for TiVii GamBit.
[2016/4/14 - 20:01:35] beo hardy created a Police Car (SFPD) (597) for Toa Kai.
[2016/4/14 - 20:01:40] beo hardy created a Police Car (SFPD) (597) for Tin GamBit.
[2016/4/14 - 20:04:04] beo hardy created a HPV-1000 (523) for TiVii GamBit.
[2016/4/14 - 20:06:49] beo hardy created a HPV-1000 (523) for Toa Kai.
[2016/4/14 - 20:37:30] Agent Perry created a FBI Rancher (490) for Soai Ca.
[2016/4/14 - 20:46:29] Shane Aztecas created a Infernus (411) for Dwayne johson.
[2016/4/14 - 20:46:36] Shane Aztecas created a Skimmer (460) for Dwayne johson.
[2016/4/14 - 20:46:50] Shane Aztecas created a Sultan (560) for Dwayne johson.
[2016/4/14 - 20:47:17] Shane Aztecas created a Elegy (562) for Dwayne johson.
[2016/4/14 - 20:47:22] Shane Aztecas created a Police Ranger (599) for Dwayne johson.
[2016/4/14 - 20:47:28] Shane Aztecas created a HPV-1000 (523) for Dwayne johson.
[2016/4/14 - 20:48:11] Shane Aztecas created a Dumper (406) for Dwayne johson.
[2016/4/14 - 20:48:56] Shane Aztecas created a NRG-500 (522) for Dwayne johson.
[2016/4/14 - 20:49:50] Shane Aztecas created a Patriot (470) for Dwayne johson.
[2016/4/14 - 20:50:59] Shane Aztecas created a Maverick (487) for Dwayne johson.
[2016/4/14 - 21:02:40] Shane Aztecas created a Dumper (406) for Gia Bao.
[2016/4/14 - 21:02:49] Shane Aztecas created a NRG-500 (522) for Gia Bao.
[2016/4/14 - 21:03:20] Shane Aztecas created a Sultan (560) for Gia Bao.
[2016/4/14 - 21:04:00] Shane Aztecas created a Turismo (451) for Gia Bao.
[2016/4/14 - 21:04:03] Shane Aztecas created a Police Ranger (599) for Gia Bao.
[2016/4/14 - 21:04:08] Shane Aztecas created a Rancher (489) for Gia Bao.
[2016/4/14 - 21:04:13] Shane Aztecas created a Maverick (487) for Gia Bao.
[2016/4/14 - 21:04:34] Shane Aztecas created a News Chopper (488) for Gia Bao.
[2016/4/14 - 21:04:55] Shane Aztecas created a Police Car (LSPD) (596) for Gia Bao.
[2016/4/14 - 21:05:52] Shane Aztecas created a HPV-1000 (523) for Gia Bao.
[2016/4/14 - 21:33:56] Shane Aztecas created a Bullet (541) for Dwayne johson.
[2016/4/14 - 21:34:03] Shane Aztecas created a Turismo (451) for Dwayne johson.
[2016/4/14 - 21:35:19] Shane Aztecas created a Police Car (LVPD) (598) for Dwayne johson.
[2016/4/14 - 21:36:37] Shane Aztecas created a Dozer (486) for Dwayne johson.
[2016/4/14 - 21:37:23] Shane Aztecas created a Police Maverick (497) for Dwayne johson.
[2016/4/14 - 22:59:04] Zed Xiles created a Sultan (560) for Khang CiuTe.
[2016/4/15 - 7:13:07] Xgao Jokers created a Faggio (462) for Xgao Jokers.
[2016/4/15 - 7:22:20] Mr Jokers  created a HPV-1000 (523) for Mr Jokers .
[2016/4/15 - 7:25:58] Mr Jokers  created a Bullet (541) for Mr Jokers .
[2016/4/15 - 7:57:48] beo hardy created a HPV-1000 (523) for TiVii GamBit.
[2016/4/15 - 10:08:08] Natsu Aztecas created a Infernus (411) for Red Assassin.
[2016/4/15 - 10:08:21] Natsu Aztecas created a Patriot (470) for Red Assassin.
[2016/4/15 - 10:08:34] Natsu Aztecas created a Maverick (487) for Red Assassin.
[2016/4/15 - 10:08:57] Natsu Aztecas created a Elegy (562) for Red Assassin.
[2016/4/15 - 12:05:57] Tai Danny created a Police Car (LSPD) (596) for Lip Devil.
[2016/4/15 - 12:08:37] Tai Danny created a Ambulance (416) for Shin Black.
[2016/4/15 - 12:09:19] Tai Danny created a FBI Truck (528) for Lip Devil.
[2016/4/15 - 13:36:35] Hoai DaiCa created a NRG-500 (522) for Darks Night.
[2016/4/15 - 13:37:04] Hoai DaiCa created a Sultan (560) for Darks Night.
[2016/4/15 - 14:23:12] Shane Aztecas created a NRG-500 (522) for Shane Aztecas.
[2016/4/15 - 15:06:22] Hoai DaiCa created a Turismo (451) for Hoai DaiCa.
[2016/4/15 - 15:08:40] Hoai DaiCa created a Turismo (451) for John S Buzikk.
[2016/4/15 - 17:08:02] Ryan created a Dumper (406) for Ryan.
[2016/4/15 - 17:14:50] Ryan created a FBI Truck (528) for Ryan.
[2016/4/15 - 18:03:27] Roger created a Infernus (411) for Marco Escoved.
[2016/4/15 - 18:03:55] Roger created a Greenwood (492) for Marco Escoved.
[2016/4/15 - 18:04:50] Ichigo Vu created a Seasparrow (447) for Ichigo Vu.
[2016/4/15 - 18:37:35] Ryan created a Dumper (406) for Quoc Tyyy.
[2016/4/15 - 18:37:46] Ryan created a Raindance (563) for Quoc Tyyy.
[2016/4/15 - 18:39:07] Ryan created a HPV-1000 (523) for Quoc Tyyy.
[2016/4/15 - 19:08:13] beo hardy created a Police Car (LSPD) (596) for TiVii GamBit.
[2016/4/16 - 9:15:41] Roger created a Police Car (LVPD) (598) for Kris Le.
[2016/4/16 - 9:15:57] Phong created a NRG-500 (522) for Phong.
[2016/4/16 - 9:17:25] Phong created a Police Car (LSPD) (596) for Phong.
[2016/4/16 - 9:17:26] Phong created a Police Car (SFPD) (597) for Phong.
[2016/4/16 - 9:17:28] Phong created a Police Car (LVPD) (598) for Phong.
[2016/4/16 - 9:17:30] Phong created a Police Ranger (599) for Phong.
[2016/4/16 - 9:18:13] Phong created a Police Car (LSPD) (596) for Jonh Nguyen.
[2016/4/16 - 9:18:26] Phong created a HPV-1000 (523) for Jonh Nguyen.
[2016/4/16 - 9:18:44] Phong created a HPV-1000 (523) for Jonh Nguyen.
[2016/4/16 - 9:18:52] Phong created a HPV-1000 (523) for vincent Kompany.
[2016/4/16 - 9:19:01] Phong created a Police Car (SFPD) (597) for Jonh Nguyen.
[2016/4/16 - 9:42:21] Phong created a Patriot (470) for Phong.
[2016/4/16 - 9:51:03] Roger created a Police Car (SFPD) (597) for Kris Le.
[2016/4/16 - 10:01:42] Hoai DaiCa created a Sultan (560) for Small ken.
[2016/4/16 - 10:01:54] Hoai DaiCa created a NRG-500 (522) for Small ken.
[2016/4/16 - 10:02:04] Hoai DaiCa created a Turismo (451) for Small ken.
[2016/4/16 - 10:04:51] Hoai DaiCa created a NRG-500 (522) for Bo Thanh Hieu.
[2016/4/16 - 10:48:44] Roger created a NRG-500 (522) for Shadow Smth.
[2016/4/16 - 14:04:50] Giang Luong created a Police Car (SFPD) (597) for Giang Luong.
[2016/4/16 - 14:20:46] Giang Luong created a FBI Rancher (490) for Giang Luong.
[2016/4/16 - 14:22:31] Giang Luong created a HPV-1000 (523) for Giang Luong.
[2016/4/16 - 14:24:32] Giang Luong created a Police Car (LSPD) (596) for Giang Luong.
[2016/4/16 - 14:29:51] Giang Luong created a Police Car (LVPD) (598) for Giang Luong.
[2016/4/16 - 14:33:04] Giang Luong created a Police Ranger (599) for Giang Luong.
[2016/4/16 - 14:42:35] Roger created a Maverick (487) for Nguyen.Viet Gioi.
[2016/4/16 - 17:35:24] Dao Tran created a Infernus (411) for Frank Another.
[2016/4/16 - 17:36:20] Dao Tran created a Huntley (579) for Frank Another.
[2016/4/16 - 17:37:00] Dao Tran created a Sultan (560) for Frank Another.
[2016/4/16 - 19:41:45] Tuan Smith created a NRG-500 (522) for Tuan Smith.
[2016/4/16 - 19:42:00] Tuan Smith created a Police Car (LSPD) (596) for Tuan Smith.
[2016/4/16 - 19:42:52] Tuan Smith created a Police Car (LSPD) (596) for Shizuka Forever.
[2016/4/16 - 19:46:10] Hoai DaiCa created a NRG-500 (522) for Black HilltopMilitia.
[2016/4/16 - 19:46:48] Hoai DaiCa created a NRG-500 (522) for Bin Buzokk.
[2016/4/16 - 19:47:08] Hoai DaiCa created a Cheetah (415) for Black HilltopMilitia.
[2016/4/16 - 19:49:34] Tuan Smith created a FBI Truck (528) for Shizuka Forever.
[2016/4/16 - 19:59:16] hung garrix created a NRG-500 (522) for Van Huy.
[2016/4/16 - 19:59:22] hung garrix created a Patriot (470) for Van Huy.
[2016/4/16 - 20:00:02] hung garrix created a Maverick (487) for Van Huy.
[2016/4/16 - 20:46:52] Jerry Erwin created a Police Car (LSPD) (596) for Daica Hieu.
[2016/4/16 - 21:35:52] Boy hardy created a Monster A (556) for Boy hardy.
[2016/4/16 - 21:37:26] Boy hardy created a Infernus (411) for Boy hardy.
[2016/4/16 - 21:37:36] Boy hardy created a Super GT (506) for Boy hardy.
[2016/4/16 - 21:45:53] MXking Quan created a Police Car (LVPD) (598) for Dark Johnson.
[2016/4/16 - 21:46:03] MXking Quan created a Police Ranger (599) for Dark Johnson.
[2016/4/16 - 21:46:23] MXking Quan created a HPV-1000 (523) for Dark Johnson.
[2016/4/17 - 9:34:05] Bee Stars created a Bullet (541) for Mr Jokers .
[2016/4/17 - 11:35:13] LTT Dung has destroyed Quiz S Buzikk's HPV-1000.
[2016/4/17 - 13:07:22] Borther created a Dumper (406) for Quan Jason.
[2016/4/17 - 13:22:49] Borther created a Infernus (411) for Borther.
[2016/4/17 - 17:27:00] Mr Jokers  created a HPV-1000 (523) for Quan Jason.
[2016/4/17 - 17:27:15] Mr Jokers  created a HPV-1000 (523) for Quan Jason.
[2016/4/17 - 23:18:50] Borther created a Police Ranger (599) for Donimic Andrew.
[2016/4/17 - 23:19:43] Borther created a Police Car (LVPD) (598) for Donimic Andrew.
[2016/4/18 - 9:19:20] Mr Jokers  created a Infernus (411) for Nguyen Beos.
[2016/4/18 - 9:40:14] Mr Jokers  created a Faggio (462) for Mr Jokers .
[2016/4/18 - 10:59:56] Ryze Bui created a Trailer (435) for MXking Exciter.
[2016/4/18 - 11:01:05] Ryze Bui created a Linerunner (403) for MXking Exciter.
[2016/4/18 - 12:47:52] Pym created a HPV-1000 (523) for Park Man.
[2016/4/18 - 13:01:05] Pym created a FBI Truck (528) for Nhok Duy.
[2016/4/18 - 13:02:17] Pym created a Ambulance (416) for Freeway Canabis.
[2016/4/19 - 10:54:58] hung by created a Dumper (406) for Faker Ronaldo.
[2016/4/19 - 10:55:07] hung by created a Dozer (486) for Faker Ronaldo.
[2016/4/19 - 10:55:28] hung by created a Police Ranger (599) for Faker Ronaldo.
[2016/4/19 - 10:55:39] hung by created a Police Car (SFPD) (597) for Faker Ronaldo.
[2016/4/19 - 10:56:06] hung by created a HPV-1000 (523) for Faker Ronaldo.
[2016/4/19 - 10:56:33] hung by created a Sultan (560) for Faker Ronaldo.
[2016/4/19 - 10:56:40] hung by created a Infernus (411) for Faker Ronaldo.
[2016/4/19 - 10:56:59] hung by created a NRG-500 (522) for Faker Ronaldo.
[2016/4/19 - 10:58:32] hung by created a Turismo (451) for Faker Ronaldo.
[2016/4/19 - 10:58:45] hung by created a Quad (471) for Faker Ronaldo.
[2016/4/19 - 11:00:58] hung by created a Patriot (470) for Faker Ronaldo.
[2016/4/19 - 11:01:12] hung by created a Bullet (541) for Faker Ronaldo.
[2016/4/19 - 11:01:31] hung by created a Duneride (573) for Faker Ronaldo.
[2016/4/19 - 11:01:56] hung by created a Monster A (556) for Faker Ronaldo.
[2016/4/19 - 11:03:06] hung by created a S.W.A.T. Van (601) for Faker Ronaldo.
[2016/4/21 - 11:08:29] Mr Jokers  created a Combine (532) for Mr Jokers .
[2016/4/21 - 16:14:37] Mr Jokers  created a Dozer (486) for Mr Jokers .
[2016/4/22 - 7:11:13] Mr Jokers  created a BMX (481) for Mr Jokers .
[2016/4/22 - 7:12:16] Mr Jokers  created a Bullet (541) for Mr Jokers .
[2016/4/22 - 7:19:10] Mr Jokers  created a News Chopper (488) for Mr Jokers .
[2016/4/22 - 7:25:09] Mr Jokers  created a Bloodring Banger (504) for Mr Jokers .
[2016/4/22 - 7:32:53] Mr Jokers  created a Turismo (451) for Mr Jokers .
[2016/4/22 - 7:41:15] Mr Jokers  created a Sanchez (468) for Mr Jokers .
[2016/4/22 - 21:58:56] hung by created a Dumper (406) for Eren Jeager.
[2016/4/23 - 14:33:04] hung by created a Police Car (SFPD) (597) for Valerie Andrea.
[2016/4/23 - 17:18:17] hung by created a FBI Rancher (490) for LaoThinh LaoThinh.
[2016/4/23 - 17:19:11] hung by created a Police Car (SFPD) (597) for LaoThinh LaoThinh.
[2016/4/23 - 17:19:23] hung by created a Police Car (LVPD) (598) for LaoThinh LaoThinh.
[2016/4/23 - 17:19:46] hung by created a FBI Truck (528) for LaoThinh LaoThinh.
[2016/4/24 - 10:19:47] Mr Jokers  created a Infernus (411) for Mr Jokers .
[2016/4/24 - 15:25:31] hung by created a Enforcer (427) for NgNhu Phong.
[2016/4/24 - 15:25:36] hung by created a Police Maverick (497) for NgNhu Phong.
[2016/4/24 - 15:25:40] hung by created a HPV-1000 (523) for NgNhu Phong.
[2016/4/24 - 15:25:43] hung by created a FBI Truck (528) for NgNhu Phong.
[2016/4/24 - 15:25:46] hung by created a Police Car (LSPD) (596) for NgNhu Phong.
[2016/4/24 - 15:25:50] hung by created a Police Ranger (599) for NgNhu Phong.
[2016/4/25 - 12:12:36] Kexing created a HPV-1000 (523) for John Phu.
[2016/4/25 - 12:12:49] Kexing created a HPV-1000 (523) for Kexing.
[2016/4/25 - 12:13:12] Kexing created a Bullet (541) for John Phu.
[2016/4/25 - 12:15:21] Kexing created a Police Car (LVPD) (598) for Kexing.
[2016/4/25 - 21:40:44] hung by created a Forklift (530) for kIeT pHaM.
[2016/4/26 - 0:29:48] Kexing created a Turismo (451) for Derek.
[2016/4/26 - 0:32:57] Kexing created a Cheetah (415) for Derek.
[2016/4/26 - 0:32:59] Giang created a Police Car (LSPD) (596) for Chi Chuot.
[2016/4/26 - 0:38:59] Kexing created a Dumper (406) for Chi Chuot.
[2016/4/26 - 0:39:54] Kexing created a Ambulance (416) for Chi Chuot.
[2016/4/26 - 0:40:10] Giang has destroyed Chi Chuot's Ambulance.
[2016/4/26 - 0:43:55] Kexing created a FBI Truck (528) for Chi Chuot.
[2016/4/26 - 1:02:05] Kexing created a Coastguard (472) for Chi Chuot.
[2016/4/26 - 1:09:38] Kexing created a Kart (571) for Pyn.
[2016/4/26 - 1:14:16] Kexing created a Mesa (500) for Derek.
[2016/4/26 - 1:22:29] Kexing created a Seasparrow (447) for Chi Chuot.
[2016/4/26 - 15:50:43] giang has destroyed Chi Chuot's FBI Truck.
[2016/4/26 - 15:58:43] Mr jokers  created a Squalo (446) for Mr jokers .
[2016/4/26 - 20:45:50] Kexing created a Police Car (SFPD) (597) for Nac Binh.
[2016/4/27 - 0:45:05] Paul created a Police Car (SFPD) (597) for Lome.
[2016/4/27 - 0:45:13] Paul created a Police Car (LSPD) (596) for Lome.
[2016/4/27 - 0:45:22] Paul created a Police Car (LVPD) (598) for Lome.
[2016/4/27 - 0:45:30] Paul created a S.W.A.T. Van (601) for Lome.
[2016/4/27 - 0:45:41] Paul created a Police Maverick (497) for Lome.
[2016/4/27 - 8:09:57] Mr Jokers  created a HPV-1000 (523) for Mr Jokers .
[2020/9/26 - 12:17:39] jimx created a Rhino (432) for jimx.
[2020/9/26 - 12:18:40] jimx created a Patriot (470) for jimx.
[2020/9/26 - 12:19:50] jimx created a Infernus (411) for jimx.
[2020/9/26 - 13:05:00] jimx_chuahe created a Infernus (411) for jimx_chuahe.
[2020/9/26 - 15:08:54] Full created a Police Maverick (497) for Full.
[2020/9/27 - 5:38:02] [YOUNG][TEAM] created a Maverick (487) for Chi_Hung.
[2020/9/27 - 8:10:43] Player created a Sultan (560) for Player.
[2020/9/27 - 8:11:54] Player created a Infernus (411) for Player.
[2020/9/27 - 8:12:06] Player created a Mountain Bike (510) for Player.
[2020/9/27 - 8:19:45] Player created a Police Maverick (497) for Player.
[2020/9/27 - 8:32:09] Hoang_Anh created a FBI Truck (528) for Hoang_Anh.
[2020/9/27 - 8:32:25] Hoang_Anh created a S.W.A.T. Van (601) for Hoang_Anh.
[2020/9/27 - 8:51:27] [Hacking] created a S.W.A.T. Van (601) for [Hacking].
[2020/9/27 - 14:50:04] [Hacking] created a FBI Rancher (490) for BadBoy_Drag.
[2020/9/27 - 14:50:16] [Hacking] created a Police Maverick (497) for BadBoy_Drag.
[2020/9/27 - 14:50:56] [Hacking] created a Police Car (SFPD) (597) for BadBoy_Drag.
[2020/9/27 - 14:50:59] [Hacking] created a Police Car (LSPD) (596) for BadBoy_Drag.
[2020/9/27 - 14:51:07] [Hacking] created a Police Car (LVPD) (598) for BadBoy_Drag.
[2020/9/27 - 14:54:58] Young created a FBI Truck (528) for BadBoy_Drag.
[2020/9/27 - 14:55:49] Young created a Ambulance (416) for BadBoy_Drag.
[2020/9/27 - 14:56:30] Young created a Police Maverick (497) for BadBoy_Drag.
[2020/9/27 - 17:02:23] YOUNG created a NRG-500 (522) for YOUNG.
[2020/9/28 - 15:07:00] Bong_Z created a Patriot (470) for Aron_Smith.
[2020/9/28 - 15:14:36] Bong_Z created a Sultan (560) for Aron_Smith.
[2020/9/28 - 17:11:20] Bong created a S.W.A.T. Van (601) for Aronn.
[2020/9/29 - 13:58:20] MinhBin created a Infernus (411) for MinhBin.
[2020/9/29 - 14:22:37] Full created a Police Car (LSPD) (596) for Hiep_Nhan.
[2020/9/29 - 14:22:39] Full created a Police Car (SFPD) (597) for Hiep_Nhan.
[2020/9/29 - 14:22:50] Full created a FBI Truck (528) for Hiep_Nhan.
[2020/9/29 - 15:33:23] Bong created a Sultan (560) for Hashirama.Eshop.
[2020/9/30 - 13:15:50] ThaiTu_Comeback created a Police Maverick (497) for ThaiTu_Comeback.
[2020/9/30 - 13:24:09] Young created a Infernus (411) for Young.
[2020/9/30 - 16:25:00] Trung_[Refund] created a S.W.A.T. Van (601) for BaoAnBatDiet.
[2020/9/30 - 16:51:16] Young created a Police Car (LSPD) (596) for Dominic_Gnas.
[2020/9/30 - 16:51:32] Young created a Patriot (470) for Dominic_Gnas.
[2020/9/30 - 19:06:56] Young created a Maverick (487) for Lewis.
[2020/9/30 - 19:43:09] [STAFF]Dong created a S.W.A.T. Van (601) for [STAFF]Dong.
[2020/9/30 - 20:14:59] nDP created a S.W.A.T. Van (601) for nDP.
[2020/9/30 - 20:38:15] BestOfTheWar created a NRG-500 (522) for BestOfTheWar.
[2020/9/30 - 20:55:57] Bong created a RC Tiger (564) for Minhh.
[2020/9/30 - 20:56:38] Bong created a RC Baron (464) for Bong.
[2020/9/30 - 20:56:48] [STAFF]Hip created a S.W.A.T. Van (601) for [STAFF]Hip.
[2020/9/30 - 21:40:11] HL01_REFUND created a Rhino (432) for HL01_REFUND.
[2020/9/30 - 21:49:36] HL01_REFUND created a S.W.A.T. Van (601) for HL01_REFUND.
[2020/9/30 - 21:57:20] HL01_REFUND created a Monster A (556) for HL01_REFUND.
[2020/10/2 - 0:14:13] [STAFF]Ken created a RC Goblin (501) for NLG_Quaydau.
[2020/10/2 - 0:14:35] [STAFF]Ken created a Hydra (520) for NLG_Quaydau.
[2020/10/2 - 0:15:06] [STAFF]Ken created a S.W.A.T. Van (601) for NLG_Quaydau.
[2020/10/2 - 0:15:06] [STAFF]Ken created a S.W.A.T. Van (601) for NLG_Quaydau.
[2020/10/2 - 0:15:39] [STAFF]Ken created a S.W.A.T. Van (601) for NLG_Quaydau.
[2020/10/2 - 0:15:40] [STAFF]Ken created a S.W.A.T. Van (601) for NLG_Quaydau.
[2020/10/2 - 0:15:41] [STAFF]Ken created a S.W.A.T. Van (601) for NLG_Quaydau.
[2020/10/2 - 0:16:21] [STAFF]Ken created a Seasparrow (447) for NLG_Quaydau.
[2020/10/2 - 0:16:25] [STAFF]Ken created a Seasparrow (447) for NLG_Quaydau.
[2020/10/2 - 9:16:19] [STAFF]Jackson created a S.W.A.T. Van (601) for NLG_Quaydau.
[2020/10/2 - 9:17:42] [STAFF]Jackson created a S.W.A.T. Van (601) for NLG_Quaydau.
[2020/10/2 - 9:17:44] [STAFF]Jackson created a S.W.A.T. Van (601) for NLG_Quaydau.
[2020/10/2 - 9:17:49] [STAFF]Jackson created a S.W.A.T. Van (601) for NLG_Quaydau.
[2020/10/3 - 22:38:20] Young created a Seasparrow (447) for WibuYakuza.
[2020/10/3 - 22:40:20] Young created a Seasparrow (447) for Young.
[2020/10/3 - 22:42:23] Young created a Seasparrow (447) for WibuYakuza.
[2020/10/4 - 12:59:13] [Admin]Trung created a Police Maverick (497) for xoai_ngot.
[2020/10/4 - 13:03:11] Young created a Seasparrow (447) for Khoa_TraiCay.
[2020/10/4 - 13:43:13] [Admin]Jackson created a NRG-500 (522) for Joker_Chuoi.
[2020/10/4 - 14:17:24] TranMinhThuan created a S.W.A.T. Van (601) for NgoMinh._.Thuan.
[2020/10/4 - 14:18:46] [STAFF]Hung created a NRG-500 (522) for xoai_ngot.
[2020/10/4 - 16:16:40] Young created a Police Maverick (497) for Alexsander_Shows.
[2020/10/4 - 20:28:58] [STAFF]MinhQuan created a S.W.A.T. Van (601) for [STAFF]MinhQuan.
[2020/10/4 - 21:14:58] [STAFF]Kaleb created a Police Car (SFPD) (597) for Life_Conut.
[2020/10/4 - 21:16:07] BongZ created a Maverick (487) for Alexsander_Shows.
[2020/10/4 - 21:16:07] BongZ created a Maverick (487) for Alexsander_Shows.
[2020/10/4 - 21:23:20] [STAFF]Kaleb created a Police Maverick (497) for Alexsander_Shows.
[2020/10/5 - 0:22:05] Alie created a Sultan (560) for Alie.
[2020/10/5 - 0:23:36] Alie created a Patriot (470) for Alie.
[2020/10/5 - 11:29:03] [STAFF]Trung created a Police Maverick (497) for Wolf._..
[2020/10/5 - 14:12:10] [STAFF]Hung created a Police Car (SFPD) (597) for Bui_VanHien.
[2020/10/5 - 14:13:42] Frank_Another created a Police Car (LVPD) (598) for Hades_Firestorm.
[2020/10/5 - 14:13:51] [STAFF]Hung created a Romero (442) for Bui_VanHien.
[2020/10/5 - 14:14:30] [STAFF]Hung created a Taxi (420) for Bui_VanHien.
[2020/10/5 - 14:14:40] Frank_Another created a Police Maverick (497) for Ken_Firestorm.
[2020/10/5 - 14:15:44] [STAFF]Hung created a Police Maverick (497) for Bui_VanHien.
[2020/10/5 - 14:16:27] [STAFF]Hung created a S.W.A.T. Van (601) for Bui_VanHien.
[2020/10/5 - 14:17:19] [STAFF]Hung created a Police Car (LSPD) (596) for Bui_VanHien.
[2020/10/5 - 14:21:28] [STAFF]Hung created a Taxi (420) for Bui_VanHien.
[2020/10/5 - 14:21:29] [STAFF]Hung created a Taxi (420) for Bui_VanHien.
[2020/10/5 - 14:21:30] [STAFF]Hung created a Taxi (420) for Bui_VanHien.
[2020/10/5 - 14:21:31] [STAFF]Hung created a Taxi (420) for Bui_VanHien.
[2020/10/5 - 14:26:29] [STAFF]Hung created a Nevada (553) for Bui_VanHien.
[2020/10/5 - 14:27:41] [STAFF]Hung created a Savanna (567) for Bui_VanHien.
[2020/10/5 - 14:48:28] Young created a Seasparrow (447) for Cocee.
[2020/10/5 - 14:48:48] Young created a Seasparrow (447) for Cocee.
[2020/10/5 - 14:48:48] Young created a Seasparrow (447) for Cocee.
[2020/10/5 - 14:53:15] Young created a Infernus (411) for Hieu_hieu.
[2020/10/5 - 17:50:18] [STAFF]MinhQuan created a Police Car (SFPD) (597) for Hoob..
[2020/10/5 - 18:11:38] [STAFF]MinhQuan created a Police Maverick (497) for Khoi..
[2020/10/5 - 18:11:41] [STAFF]MinhQuan created a Police Car (SFPD) (597) for Khoi..
[2020/10/5 - 18:35:18] Alie created a S.W.A.T. Van (601) for Khoa_TraiCay.
[2020/10/5 - 19:05:05] [STAFF]Trung created a Sparrow (469) for TamMa.
[2020/10/5 - 19:05:49] [STAFF]Trung created a ZR-350 (477) for TamMa.
[2020/10/5 - 19:05:54] [STAFF]Trung created a Seasparrow (447) for TamMa.
[2020/10/5 - 19:14:11] [STAFF]MinhQuan created a NRG-500 (522) for Ken_Firestorm.
[2020/10/5 - 19:23:32] [STAFF]Hoai created a BF Injection (424) for Hades_Firestorm.
[2020/10/5 - 19:32:30] [STAFF]MinhQuan created a Maverick (487) for Alexsander_Koseer.
[2020/10/5 - 20:00:44] [STAFF]Kaleb created a Maverick (487) for Life_Conut.
[2020/10/5 - 21:02:00] [STAFF]Hung created a S.W.A.T. Van (601) for [STAFF]Hung.
[2020/10/5 - 21:34:56] [STAFF]Tam created a Kart (571) for [STAFF]Tam.
[2020/10/5 - 21:48:22] [STAFF]Tam created a RC Tiger (564) for [STAFF]Tam.
[2020/10/5 - 21:49:05] [STAFF]Tam created a RCCam (594) for [STAFF]Tam.
[2020/10/5 - 22:03:50] [STAFF]Thuan created a Hydra (520) for [STAFF]Thuan.
[2020/10/5 - 22:11:28] [STAFF]kaleb created a Phoenix (603) for [STAFF]kaleb.
[2020/10/5 - 22:11:52] [STAFF]kaleb created a Phoenix (603) for [STAFF]kaleb.
[2020/10/6 - 15:54:04] [STAFF]Trung created a Police Car (SFPD) (597) for TamHoang_Linh..
[2020/10/6 - 15:58:52] [STAFF]Hung created a Police Car (LSPD) (596) for TamHoang_Linh..
[2020/10/6 - 15:59:08] [STAFF]Hung created a Police Maverick (497) for TamHoang_Linh..
[2020/10/6 - 16:00:01] [STAFF]Hung created a FBI Rancher (490) for TamHoang_Linh..
[2020/10/6 - 16:00:50] [STAFF]Hung created a FBI Truck (528) for TamHoang_Linh..
[2020/10/6 - 16:01:16] [STAFF]Hung created a Tow Truck (525) for TamHoang_Linh..
[2020/10/6 - 18:11:46] Alie created a S.W.A.T. Van (601) for BaoAnBanNgu.
[2020/10/6 - 18:46:30] [STAFF]Tam created a NRG-500 (522) for TrumKiller.
[2020/10/6 - 20:12:36] Frank_Another created a Police Maverick (497) for Shin..
[2020/10/6 - 20:33:51] Young created a Maverick (487) for Kum_Black.
[2020/10/6 - 21:29:37] BongZ created a Baggage (485) for BongZ.
[2020/10/6 - 21:51:57] BongZ created a Police Maverick (497) for BongZ.
[2020/10/7 - 13:28:17] BestOfTheWar created a S.W.A.T. Van (601) for BestOfTheWar.
[2020/10/7 - 13:28:17] BestOfTheWar created a S.W.A.T. Van (601) for BestOfTheWar.
[2020/10/7 - 13:28:18] BestOfTheWar created a S.W.A.T. Van (601) for BestOfTheWar.
[2020/10/7 - 13:28:18] BestOfTheWar created a S.W.A.T. Van (601) for BestOfTheWar.
[2020/10/7 - 13:28:18] BestOfTheWar created a S.W.A.T. Van (601) for BestOfTheWar.
[2020/10/7 - 13:28:36] BestOfTheWar created a S.W.A.T. Van (601) for BestOfTheWar.
[2020/10/7 - 13:28:37] BestOfTheWar created a S.W.A.T. Van (601) for BestOfTheWar.
[2020/10/7 - 13:28:37] BestOfTheWar created a S.W.A.T. Van (601) for BestOfTheWar.
[2020/10/7 - 13:28:37] BestOfTheWar created a S.W.A.T. Van (601) for BestOfTheWar.
[2020/10/7 - 13:28:38] BestOfTheWar created a S.W.A.T. Van (601) for BestOfTheWar.
[2020/10/7 - 13:29:25] BestOfTheWar created a Police Maverick (497) for BestOfTheWar.
[2020/10/7 - 13:29:38] BestOfTheWar created a NRG-500 (522) for BestOfTheWar.
[2020/10/7 - 13:29:53] BestOfTheWar created a Patriot (470) for BestOfTheWar.
[2020/10/7 - 13:30:07] BestOfTheWar created a Sultan (560) for BestOfTheWar.
[2020/10/7 - 14:08:48] Kaito created a S.W.A.T. Van (601) for Kaito.
[2020/10/7 - 14:09:59] Kaito created a Seasparrow (447) for Kaito.
[2020/10/7 - 14:51:11] [STAFF]Hung created a Seasparrow (447) for [STAFF]Hung.
[2020/10/7 - 19:31:11] Alie created a NRG-500 (522) for Trum_Ba_Che.
[2020/10/7 - 19:31:13] Alie created a NRG-500 (522) for Trum_Ba_Che.
[2020/10/7 - 20:37:34] [STAFF]Kaleb has destroyed [STAFF]Kaleb's Phoenix.
[2020/10/7 - 20:37:35] [STAFF]Kaleb has destroyed [STAFF]Kaleb's Phoenix.
[2020/10/7 - 21:29:48] [FM]MinhQuan created a NRG-500 (522) for john_smith.
[2020/10/8 - 8:09:28] Young created a Infernus (411) for Young.
[2020/10/8 - 8:13:35] Young created a Cheetah (415) for Duc_Kami.
[2020/10/8 - 11:28:36] Young created a Seasparrow (447) for [CTV]Sang.
[2020/10/8 - 11:57:33] [STAFF]Trung created a Seasparrow (447) for Ngoc.Kudo.
[2020/10/8 - 11:59:11] [STAFF]Trung created a Seasparrow (447) for Ngoc.Kudo.
[2020/10/8 - 11:59:29] [STAFF]Trung created a Seasparrow (447) for Ngoc.Kudo.
[2020/10/8 - 12:48:25] MinhBinBatDiet created a RC Bandit (441) for MinhBinBatDiet.
[2020/10/8 - 12:48:43] MinhBinBatDiet created a Turismo (451) for MinhBinBatDiet.
[2020/10/8 - 12:49:45] MinhBinBatDiet created a Seasparrow (447) for MinhBinBatDiet.
[2020/10/8 - 13:18:28] Young created a Police Maverick (497) for Khong_NgaiCuoi.
[2020/10/8 - 14:07:33] [FM]Jackson created a Seasparrow (447) for Gnoal..
[2020/10/8 - 14:26:29] Young created a Blista Compact (496) for Dii_HinhSu.
[2020/10/8 - 14:26:32] Young created a Police Car (LSPD) (596) for Dii_HinhSu.
[2020/10/8 - 14:49:38] [STAFF]Hung created a Police Car (SFPD) (597) for Moon.Dep.Gai.
[2020/10/8 - 14:49:50] [STAFF]Hung created a FBI Rancher (490) for Moon.Dep.Gai.
[2020/10/8 - 14:49:56] [STAFF]Hung created a FBI Truck (528) for Moon.Dep.Gai.
[2020/10/8 - 14:50:17] [STAFF]Hung created a Tow Truck (525) for Moon.Dep.Gai.
[2020/10/8 - 14:50:47] [STAFF]Hung created a Police Maverick (497) for Moon.Dep.Gai.
[2020/10/8 - 17:20:56] [STAFF]Hung created a S.W.A.T. Van (601) for Hung_DZ.
[2020/10/8 - 17:21:41] [STAFF]Hung created a Seasparrow (447) for Hung_DZ.
[2020/10/8 - 17:48:40] [STAFF]Kaleb created a Seasparrow (447) for [STAFF]Kaleb.
[2020/10/8 - 17:49:34] [STAFF]Kaleb created a S.W.A.T. Van (601) for [STAFF]Kaleb.
[2020/10/8 - 20:09:16] [FM]Jackson created a Sultan (560) for Hilltop_Militia.
[2020/10/8 - 20:09:33] [FM]Jackson created a Infernus (411) for Hilltop_Militia.
[2020/10/8 - 20:09:45] [FM]Jackson created a Turismo (451) for Hilltop_Militia.
[2020/10/8 - 20:09:54] [FM]Jackson created a Sanchez (468) for Hilltop_Militia.
[2020/10/8 - 20:10:10] [FM]Jackson created a FCR-900 (521) for Hilltop_Militia.
[2020/10/8 - 20:10:30] [FM]Jackson created a Mountain Bike (510) for Hilltop_Militia.
[2020/10/8 - 20:10:35] [FM]Jackson created a Mountain Bike (510) for Hilltop_Militia.
[2020/10/8 - 20:11:21] [FM]Jackson created a Patriot (470) for Hilltop_Militia.
[2020/10/8 - 20:14:48] [FM]Jackson created a Rancher (505) for Hilltop_Militia.
[2020/10/8 - 21:09:01] [STAFF]Hoai created a Ambulance (416) for Alexsander_Shows.
[2020/10/8 - 21:10:26] [STAFF]Hoai created a S.W.A.T. Van (601) for Alexsander_Shows.
[2020/10/8 - 21:10:27] [STAFF]Hoai created a S.W.A.T. Van (601) for Alexsander_Shows.
[2020/10/8 - 21:10:27] [STAFF]Hoai created a S.W.A.T. Van (601) for Alexsander_Shows.
[2020/10/8 - 21:10:38] [STAFF]Hoai created a S.W.A.T. Van (601) for Alexsander_Shows.
[2020/10/8 - 21:10:52] [STAFF]Hoai created a S.W.A.T. Van (601) for Alexsander_Shows.
[2020/10/8 - 21:10:53] [STAFF]Hoai created a S.W.A.T. Van (601) for Alexsander_Shows.
[2020/10/8 - 21:11:19] [STAFF]Hoai created a Police Car (SFPD) (597) for Alexsander_Shows.
[2020/10/8 - 21:11:22] [STAFF]Hoai created a Police Car (LVPD) (598) for Alexsander_Shows.
[2020/10/8 - 21:11:35] [STAFF]Hoai created a Police Car (LSPD) (596) for Alexsander_Shows.
[2020/10/8 - 21:11:36] [STAFF]Hoai created a Police Car (LSPD) (596) for Alexsander_Shows.
[2020/10/8 - 21:11:37] [STAFF]Hoai created a Police Car (LSPD) (596) for Alexsander_Shows.
[2020/10/8 - 21:13:28] [STAFF]Hoai created a S.W.A.T. Van (601) for Alexsander_Shows.
[2020/10/9 - 12:21:11] Young created a Seasparrow (447) for Khoa_TraiCay.
[2020/10/9 - 12:34:49] Young created a NRG-500 (522) for KuDo_ShiNiChi.
[2020/10/9 - 12:36:15] Young created a NRG-500 (522) for KuDo_ShiNiChi.
[2020/10/9 - 13:18:41] Young created a Seasparrow (447) for Gnoal..
[2020/10/9 - 13:55:37] [STAFF]Hung created a Police Maverick (497) for Bang_Phi.
[2020/10/9 - 13:59:31] [STAFF]Hung created a Seasparrow (447) for Bang_Phi.
[2020/10/9 - 16:00:42] DRAGON created a S.W.A.T. Van (601) for [Trum]MinhBinBatDiet.
[2020/10/9 - 16:01:36] DRAGON created a Seasparrow (447) for [Trum]MinhBinBatDiet.
[2020/10/9 - 16:02:27] DRAGON created a HPV-1000 (523) for [Trum]MinhBinBatDiet.
[2020/10/9 - 16:03:06] DRAGON created a Police Car (LSPD) (596) for [Trum]MinhBinBatDiet.
[2020/10/9 - 16:03:12] DRAGON created a Police Car (SFPD) (597) for [Trum]MinhBinBatDiet.
[2020/10/9 - 16:03:15] DRAGON created a Police Car (LVPD) (598) for [Trum]MinhBinBatDiet.
[2020/10/9 - 16:41:14] DRAGON created a Police Maverick (497) for [Trum]MinhBinBatDiet.
[2020/10/9 - 17:44:01] Young created a NRG-500 (522) for Quy_nhoc.
[2020/10/9 - 17:44:06] Young created a Police Maverick (497) for Quy_nhoc.
[2020/10/9 - 17:58:03] [GM]Trung created a Turismo (451) for Hades_Yakuza.
[2020/10/9 - 18:35:38] [GM]Trung created a Police Car (LSPD) (596) for TEX.
[2020/10/9 - 18:37:41] [FM]Jackson created a Police Ranger (599) for TEX.
[2020/10/9 - 20:11:16] [STAFF]Hung created a Seasparrow (447) for Khongten_Longan.
[2020/10/9 - 20:24:36] nDPDz created a Dumper (406) for nDPDz.
[2020/10/9 - 20:33:29] System created a S.W.A.T. Van (601) for Khongten_Longan.
[2020/10/9 - 20:34:05] System created a S.W.A.T. Van (601) for Khongten_Longan.
[2020/10/9 - 20:34:12] System created a S.W.A.T. Van (601) for Khongten_Longan.
[2020/10/9 - 20:34:18] System created a S.W.A.T. Van (601) for Khongten_Longan.
[2020/10/9 - 20:34:25] System created a S.W.A.T. Van (601) for Khongten_Longan.
[2020/10/9 - 20:46:57] [STAFF]LeDinhVan created a Police Maverick (497) for Cunan.
[2020/10/10 - 9:12:15] Young created a FBI Truck (528) for Math_Cat.
[2020/10/10 - 9:13:44] Young created a FBI Truck (528) for $ChitZZ$.
[2020/10/10 - 10:01:38] [STAFF]Hoai created a S.W.A.T. Van (601) for [STAFF]Hoai.
[2020/10/10 - 10:02:38] [STAFF]Hoai created a Sultan (560) for [STAFF]Hoai.
[2020/10/10 - 14:17:16] Young created a Sparrow (469) for Willson.
[2020/10/10 - 15:21:27] nDPDz created a NRG-500 (522) for nDPDz.
[2020/10/10 - 15:21:28] nDPDz created a NRG-500 (522) for nDPDz.
[2020/10/10 - 15:21:29] nDPDz created a NRG-500 (522) for nDPDz.
[2020/10/10 - 15:21:29] nDPDz created a NRG-500 (522) for nDPDz.
[2020/10/10 - 15:21:30] nDPDz created a NRG-500 (522) for nDPDz.
[2020/10/10 - 15:53:43] [STAFF]Hoai created a Police Car (LVPD) (598) for TrumServer.
[2020/10/10 - 15:53:44] [STAFF]Hoai created a Police Car (LVPD) (598) for TrumServer.
[2020/10/10 - 15:53:46] [STAFF]Hoai created a Police Car (SFPD) (597) for TrumServer.
[2020/10/10 - 15:53:47] [STAFF]Hoai created a Police Car (SFPD) (597) for TrumServer.
[2020/10/10 - 16:11:45] [STAFF]Hung created a Seasparrow (447) for Hung_DZ.
[2020/10/10 - 16:19:56] [STAFF]Hung created a Seasparrow (447) for Hung_DZ.
[2020/10/10 - 16:20:08] [STAFF]Hung created a Seasparrow (447) for Hung_DZ.
[2020/10/10 - 16:22:16] [STAFF]Hoai created a Police Car (SFPD) (597) for Alexsander_Shows.
[2020/10/10 - 16:22:56] [STAFF]Hoai created a Police Car (LVPD) (598) for Alexsander_Shows.
[2020/10/10 - 16:23:19] [STAFF]Hoai created a Police Ranger (599) for Alexsander_Shows.
[2020/10/10 - 16:23:49] ThichLaNhich created a Police Car (LSPD) (596) for Alexsander_Caser.
[2020/10/10 - 18:41:25] [STAFF]Kaleb has destroyed KillerHades's News Chopper.
[2020/10/11 - 10:37:27] nDPDz created a S.W.A.T. Van (601) for nDPDz.
[2020/10/11 - 10:39:00] nDPDz created a S.W.A.T. Van (601) for nDPDz.
[2020/10/11 - 10:39:45] nDPDz created a S.W.A.T. Van (601) for [GM]Julio.
[2020/10/11 - 10:42:01] Young created a Flatbed (455) for nDPDz.
[2020/10/11 - 10:44:29] nDPDz created a Infernus (411) for Alie.
[2020/10/11 - 10:44:43] nDPDz created a S.W.A.T. Van (601) for Alie.
[2020/10/11 - 10:44:56] Alie created a Police Maverick (497) for Alie.
[2020/10/11 - 10:52:20] Alie created a Patriot (470) for Alie.
[2020/10/11 - 10:52:48] Alie created a Mountain Bike (510) for Alie.
[2020/10/11 - 10:58:50] Young created a S.W.A.T. Van (601) for Young.
[2020/10/11 - 11:12:24] Young created a NRG-500 (522) for ClubOne_Shark.
[2020/10/11 - 11:12:34] Young created a Sultan (560) for ClubOne_Shark.
[2020/10/11 - 11:15:32] Young created a Seasparrow (447) for BestOfTheWar.
[2020/10/11 - 13:47:21] Young created a Infernus (411) for Bin6.
[2020/10/11 - 13:47:24] Young created a NRG-500 (522) for Bin6.
[2020/10/11 - 13:49:32] Young created a Sultan (560) for Bin6.
[2020/10/11 - 17:40:44] [STAFF]Kaleb created a Cheetah (415) for [STAFF]Kaleb.
[2020/10/11 - 18:05:22] Young created a S.W.A.T. Van (601) for Young.
[2020/10/11 - 18:13:52] [STAFF]Hung created a Seasparrow (447) for Hung_DZ.
[2020/10/11 - 18:14:08] [STAFF]Hung created a Seasparrow (447) for Hung_DZ.
[2020/10/11 - 18:15:54] [STAFF]Hung created a S.W.A.T. Van (601) for Hung_DZ.
[2020/10/11 - 18:15:55] [STAFF]Hung created a S.W.A.T. Van (601) for Hung_DZ.
[2020/10/11 - 18:38:32] [STAFF]Kaleb created a Elegy (562) for [STAFF]Kaleb.
[2020/10/11 - 19:11:27] nDPDz created a NRG-500 (522) for Bukacho.
[2020/10/11 - 20:26:16] [STAFF]Kaleb created a Quad (471) for SharkZ_Zecc.
[2020/10/11 - 20:26:52] [STAFF]Kaleb created a Patriot (470) for SharkZ_Zecc.
[2020/10/11 - 20:33:09] Alie created a Seasparrow (447) for VinhK_RichMan.
[2020/10/12 - 8:56:40] Young created a Police Maverick (497) for Mazchers_Willam.
[2020/10/12 - 9:06:52] Young created a Maverick (487) for Mazchers_Willam.
[2020/10/12 - 9:07:33] Young created a Blista Compact (496) for Mazchers_Willam.
[2020/10/12 - 9:07:43] Young created a Maverick (487) for Mazchers_Willam.
[2020/10/12 - 9:08:32] Young created a Maverick (487) for Mazchers_Willam.
[2020/10/12 - 10:40:31] [RF]Hung created a Police Car (SFPD) (597) for TamHoang_Sinh..
[2020/10/12 - 10:40:46] [RF]Hung created a FBI Rancher (490) for TamHoang_Sinh..
[2020/10/12 - 10:40:55] [RF]Hung created a FBI Truck (528) for TamHoang_Sinh..
[2020/10/12 - 10:42:10] [RF]Hung created a Police Maverick (497) for TamHoang_Sinh..
[2020/10/12 - 10:44:18] [RF]Hung created a ZR-350 (477) for Choigamemakhoc.
[2020/10/12 - 10:44:20] [RF]Hung created a ZR-350 (477) for Choigamemakhoc.
[2020/10/12 - 10:44:21] [RF]Hung created a ZR-350 (477) for Choigamemakhoc.
[2020/10/12 - 10:44:22] [RF]Hung created a ZR-350 (477) for Choigamemakhoc.
[2020/10/12 - 10:44:23] [RF]Hung created a ZR-350 (477) for Choigamemakhoc.
[2020/10/12 - 10:45:05] [RF]Hung created a Seasparrow (447) for Choigamemakhoc.
[2020/10/12 - 10:46:15] [RF]Hung created a Rhino (432) for Choigamemakhoc.
[2020/10/12 - 10:51:48] [RF]Hung created a Rhino (432) for Alexsander_Shows.
[2020/10/12 - 10:55:10] [RF]Hung created a Police Car (SFPD) (597) for Alexsander_Shows.
[2020/10/12 - 11:00:52] [RF]Hung created a Rhino (432) for choigamemakhoc.
[2020/10/12 - 18:05:53] [STAFF]Kaleb created a Sultan (560) for KillerHades.
[2020/10/12 - 18:55:23] [BQT]Ren created a Police Maverick (497) for Kenduu.
[2020/10/12 - 18:55:34] [BQT]Ren created a Police Car (LSPD) (596) for Kenduu.
[2020/10/12 - 18:56:37] [BQT]Ren created a Enforcer (427) for Kenduu.
[2020/10/12 - 19:59:15] BongZ created a Maverick (487) for SharkZ_Zecc.
[2020/10/12 - 20:00:28] BongZ created a FBI Truck (528) for SharkZ_Zecc.
[2020/10/12 - 20:22:48] BongZ created a NRG-500 (522) for BestOfTheWar.
[2020/10/13 - 14:42:21] [admin]Ken created a Previon (436) for alex.
[2020/10/13 - 14:42:28] [admin]Ken created a Mountain Bike (510) for alex.
[2020/10/13 - 17:36:34] [FM]MinhQuan created a Taxi (420) for Bui_vanhien.
[2020/10/13 - 17:37:06] [FM]MinhQuan created a Nevada (553) for Bui_vanhien.
[2020/10/13 - 17:37:33] [FM]MinhQuan created a Taxi (420) for Bui_vanhien.
[2020/10/13 - 17:37:34] [FM]MinhQuan created a Taxi (420) for Bui_vanhien.
[2020/10/13 - 17:40:10] [FM]MinhQuan created a Shamal (519) for Bui_vanhien.
[2020/10/13 - 17:49:27] [FM]MinhQuan created a Cabbie (438) for Bui_vanhien.
[2020/10/13 - 17:59:48] [Trum]MinhBin created a Seasparrow (447) for [Trum]MinhBin.
[2020/10/13 - 20:55:27] [RF]HrisToo created a Hydra (520) for [RF]HrisToo.
[2020/10/13 - 20:55:42] [RF]HrisToo created a Hunter (425) for [RF]HrisToo.
[2020/10/13 - 20:56:02] [RF]HrisToo created a Rhino (432) for [RF]HrisToo.
[2020/10/13 - 22:03:50] [RF]HrisToo created a Hydra (520) for [Admin]Rick.
[2020/10/13 - 22:03:57] [RF]HrisToo created a Hunter (425) for [Admin]Rick.
[2020/10/13 - 23:02:11] [admin]Ken created a NRG-500 (522) for [admin]Ken.
[2020/10/14 - 12:56:12] [admin]Ken created a NRG-500 (522) for TOXIC.
[2020/10/14 - 12:56:55] [admin]Ken created a Hydra (520) for BeNgoc_DeoHacking.
[2020/10/14 - 13:03:45] [BQT]Ren created a Sultan (560) for BeThuan_NoHacking.
[2020/10/14 - 13:43:57] [BQT]Ren created a Sultan (560) for Tommy_black.
[2020/10/14 - 17:06:14] [RF]Hristoo created a FBI Truck (528) for Kum_Black.
[2020/10/14 - 17:08:57] [RF]Hristoo created a DFT-30 (578) for Kum_Black.
[2020/10/14 - 17:21:36] [BQT]Ren created a Police Car (LSPD) (596) for BeHieu_KhongHacking.
[2020/10/14 - 17:21:36] [RF]Hristoo created a Police Car (LSPD) (596) for BeHieu_KhongHacking.
[2020/10/14 - 17:21:43] [RF]Hristoo created a S.W.A.T. Van (601) for BeHieu_KhongHacking.
[2020/10/14 - 17:23:39] [RF]Hristoo created a Police Maverick (497) for MikeyHandsome.
[2020/10/14 - 17:23:54] [RF]Hristoo created a Police Car (SFPD) (597) for MikeyHandsome.
[2020/10/14 - 17:23:56] [RF]Hristoo created a Police Car (LSPD) (596) for MikeyHandsome.
[2020/10/14 - 19:58:02] [FM]MinhQuan created a Mountain Bike (510) for Boy_DepTrai.
[2020/10/14 - 20:30:41] [RF]HrisToo created a FBI Truck (528) for PLDZ.
[2020/10/14 - 20:34:26] Alie created a FBI Truck (528) for KingZ_GOD.
[2020/10/14 - 20:34:58] Alie created a S.W.A.T. Van (601) for KingZ_GOD.
[2020/10/14 - 20:37:40] [CM]DONG created a S.W.A.T. Van (601) for [CM]DONG.
[2020/10/14 - 20:39:13] [CM]DONG created a S.W.A.T. Van (601) for PLDZ.
[2020/10/14 - 20:58:46] [RF]HrisToo created a S.W.A.T. Van (601) for HrisTo_Z.
[2020/10/14 - 21:00:00] [RF]HrisToo created a Seasparrow (447) for HrisTo_Z.
[2020/10/14 - 21:00:43] [Domino]NgocKudo created a S.W.A.T. Van (601) for [Domino]NgocKudo.
[2020/10/14 - 21:00:48] [Domino]NgocKudo created a S.W.A.T. Van (601) for [Domino]NgocKudo.
[2020/10/14 - 21:00:49] [Domino]NgocKudo created a S.W.A.T. Van (601) for [Domino]NgocKudo.
[2020/10/14 - 21:00:51] [Domino]NgocKudo created a S.W.A.T. Van (601) for [Domino]NgocKudo.
[2020/10/14 - 21:25:09] Donald.Trump created a Seasparrow (447) for Donald.Trump.
[2020/10/14 - 21:25:10] Donald.Trump created a Seasparrow (447) for Donald.Trump.
[2020/10/14 - 21:25:11] Donald.Trump created a Seasparrow (447) for Donald.Trump.
[2020/10/14 - 21:32:50] Donald.Trump created a RC Baron (464) for Donald.Trump.
[2020/10/14 - 21:32:53] Donald.Trump created a RC Raider (465) for Donald.Trump.
[2020/10/14 - 21:32:58] Donald.Trump created a RCCam (594) for Donald.Trump.
[2020/10/14 - 21:33:08] Donald.Trump created a RC Tiger (564) for Donald.Trump.
[2020/10/14 - 21:33:14] Donald.Trump created a RC Bandit (441) for Donald.Trump.
[2020/10/14 - 21:34:26] [admin]Ken created a Mountain Bike (510) for [admin]Ken.
[2020/10/14 - 21:35:58] [admin]Ken created a S.W.A.T. Van (601) for [admin]Ken.
[2020/10/14 - 21:52:01] [admin]Ken created a Hydra (520) for [admin]Ken.
[2020/10/14 - 22:01:20] [admin]Ken created a S.W.A.T. Van (601) for [admin]Ken.
[2020/10/14 - 22:04:48] [admin]Ken created a S.W.A.T. Van (601) for [admin]Ken.
[2020/10/15 - 12:02:52] [admin]Ken created a S.W.A.T. Van (601) for [admin]Ken.
[2020/10/15 - 12:06:28] [admin]Ken created a S.W.A.T. Van (601) for [admin]Ken.
[2020/10/15 - 12:09:52] [admin]Ken created a S.W.A.T. Van (601) for [admin]Ken.
[2020/10/15 - 12:19:29] [admin]Ken created a S.W.A.T. Van (601) for [admin]Ken.
[2020/10/15 - 12:19:37] [admin]Ken created a S.W.A.T. Van (601) for [admin]Ken.
[2020/10/15 - 12:19:47] [admin]Ken created a S.W.A.T. Van (601) for [admin]Ken.
[2020/10/15 - 12:23:42] [Trum]MinhBin created a Mountain Bike (510) for [Trum]MinhBin.
[2020/10/15 - 12:23:52] [FM]MinhQuan created a Sultan (560) for TVH_hieupro.
[2020/10/15 - 12:24:04] [FM]MinhQuan created a Infernus (411) for TVH_hieupro.
[2020/10/15 - 12:25:06] [FM]MinhQuan created a Maverick (487) for TVH_hieupro.
[2020/10/15 - 12:38:13] [FM]MinhQuan created a Seasparrow (447) for Ngoc.Z.
[2020/10/15 - 12:39:01] [FM]MinhQuan created a Seasparrow (447) for Ngoc.Z.
[2020/10/15 - 12:39:06] [FM]MinhQuan created a Seasparrow (447) for Ngoc.Z.
[2020/10/15 - 12:39:08] [FM]MinhQuan created a Seasparrow (447) for Ngoc.Z.
[2020/10/15 - 12:39:11] [FM]MinhQuan created a Seasparrow (447) for Ngoc.Z.
[2020/10/15 - 12:39:15] [FM]MinhQuan created a Seasparrow (447) for Ngoc.Z.
[2020/10/15 - 12:57:45] [RF]HrisToo created a S.W.A.T. Van (601) for Advisors_Yeepo.
[2020/10/15 - 12:57:57] [RF]HrisToo created a Maverick (487) for Advisors_Yeepo.
[2020/10/15 - 13:37:32] [FM]MinhQuan created a NRG-500 (522) for Donan.
[2020/10/15 - 13:40:31] [FM]MinhQuan created a Seasparrow (447) for Ngoc.Z.
[2020/10/15 - 13:40:32] [FM]MinhQuan created a Seasparrow (447) for Ngoc.Z.
[2020/10/15 - 13:40:33] [FM]MinhQuan created a Seasparrow (447) for Ngoc.Z.
[2020/10/15 - 13:40:46] [FM]MinhQuan created a Seasparrow (447) for Ngoc.Z.
[2020/10/15 - 13:40:47] [FM]MinhQuan created a Seasparrow (447) for Ngoc.Z.
[2020/10/15 - 13:40:48] [FM]MinhQuan created a Seasparrow (447) for Ngoc.Z.
[2020/10/15 - 13:41:40] [FM]MinhQuan created a Seasparrow (447) for Ngoc.Z.
[2020/10/15 - 13:41:55] [FM]MinhQuan created a Seasparrow (447) for Ngoc.Z.
[2020/10/15 - 13:41:56] [FM]MinhQuan created a Seasparrow (447) for Ngoc.Z.
[2020/10/15 - 14:13:36] [FM]Jackson created a S.W.A.T. Van (601) for BaoZ.
[2020/10/16 - 10:14:43] vodung created a S.W.A.T. Van (601) for vodung.
[2020/10/16 - 14:30:19] [RF]ThuanCute created a Turismo (451) for BeTam.
[2020/10/16 - 15:50:46] Frank_Another created a Maverick (487) for anh_tren.
[2020/10/16 - 16:22:00] [FM]Jackson created a Police Maverick (497) for Kuu_Rumm.
[2020/10/16 - 16:24:06] [FM]Jackson created a Dumper (406) for Kuu_Rumm.
[2020/10/16 - 18:52:15] [FM]Jackson created a NRG-500 (522) for Dang.Quoc_Tu.
[2020/10/16 - 18:56:14] [FM]Jackson created a Police Car (LSPD) (596) for Dang.Quoc_Tu.
[2020/10/16 - 18:56:31] [FM]Jackson created a Firetruck (407) for Dang.Quoc_Tu.
[2020/10/16 - 18:56:37] [FM]Jackson created a Police Maverick (497) for Dang.Quoc_Tu.
[2020/10/16 - 18:56:43] [FM]Jackson created a Ambulance (416) for Dang.Quoc_Tu.
[2020/10/16 - 18:56:54] [FM]Jackson created a Trashmaster (408) for Dang.Quoc_Tu.
[2020/10/16 - 18:56:58] [FM]Jackson created a Dumper (406) for Dang.Quoc_Tu.
[2020/10/16 - 18:57:03] [FM]Jackson created a Greenwood (492) for Dang.Quoc_Tu.
[2020/10/16 - 18:57:23] [FM]Jackson created a Andromada (592) for Dang.Quoc_Tu.
[2020/10/16 - 19:16:08] Young created a Police Maverick (497) for Ngo_Duy.
[2020/10/16 - 19:16:41] Young created a Sultan (560) for Ngo_Duy.
[2020/10/16 - 21:42:10] [FM]Sigourney created a Stretch (409) for Ngo_Duy.
[2020/10/16 - 21:43:27] [FM]Sigourney created a Infernus (411) for Ngo_Duy.
[2020/10/16 - 21:44:21] [FM]Sigourney created a Bullet (541) for Ngo_Duy.
[2020/10/16 - 21:47:01] [FM]Sigourney created a Combine (532) for Ngo_Duy.
[2020/10/16 - 21:55:16] [BQT]Ren created a Dozer (486) for Ngo_Duy.
[2020/10/17 - 12:35:59] Frank_Another created a Stretch (409) for Sonnen_Rickey.
[2020/10/17 - 12:36:55] Frank_Another created a Bullet (541) for Sonnen_Rickey.
[2020/10/17 - 13:49:20] Young created a BMX (481) for KumBlack.
[2020/10/17 - 15:33:33] [FM]Sigourney created a Mountain Bike (510) for [FM]Sigourney.
[2020/10/17 - 20:33:45] Young created a Maverick (487) for Sonnen_Rickey.
[2020/10/17 - 20:51:43] [FM]MinhQuan created a Sultan (560) for SharK_GB.
[2020/10/18 - 11:43:35] Young created a DFT-30 (578) for Young.
[2020/10/18 - 13:30:11] [ES]HrisToo created a Maverick (487) for Loi_Smile.
[2020/10/18 - 13:33:01] Alie created a S.W.A.T. Van (601) for Loi_Smile.
[2020/10/18 - 13:33:32] Alie created a Patriot (470) for Loi_Smile.
[2020/10/18 - 14:23:02] [ES]HrisToo created a S.W.A.T. Van (601) for MapZ_DaiGia.
[2020/10/18 - 14:23:20] [ES]HrisToo created a Seasparrow (447) for MapZ_DaiGia.
[2020/10/18 - 14:30:46] [ES]HrisToo created a S.W.A.T. Van (601) for MapZ_DaiGia.
[2020/10/18 - 14:30:51] [ES]HrisToo created a S.W.A.T. Van (601) for MapZ_DaiGia.
[2020/10/18 - 14:30:54] [ES]HrisToo created a S.W.A.T. Van (601) for MapZ_DaiGia.
[2020/10/18 - 14:31:00] [ES]HrisToo created a Seasparrow (447) for MapZ_DaiGia.
[2020/10/18 - 14:31:01] [ES]HrisToo created a Seasparrow (447) for MapZ_DaiGia.
[2020/10/18 - 14:31:38] [ES]HrisToo created a Seasparrow (447) for MapZ_DaiGia.
[2020/10/18 - 16:21:54] [ES]HrisToo created a Maverick (487) for Odwin_Tade.
[2020/10/18 - 17:19:21] [ES]HrisToo created a NRG-500 (522) for Advisor_WoWy.
[2020/10/18 - 20:45:36] nDPDz created a S.W.A.T. Van (601) for KumBlack.
[2020/10/18 - 20:47:17] nDPDz created a S.W.A.T. Van (601) for xSat_Numberone.
[2020/10/18 - 20:48:16] nDPDz created a S.W.A.T. Van (601) for KumBlack.
[2020/10/19 - 12:57:46] [ES]Hristoo created a Seasparrow (447) for TVH_hieupro.
[2020/10/19 - 12:57:48] [ES]Hristoo created a Seasparrow (447) for TVH_hieupro.
[2020/10/19 - 12:57:49] [ES]Hristoo created a Seasparrow (447) for TVH_hieupro.
[2020/10/19 - 12:58:09] [ES]Hristoo created a Seasparrow (447) for TVH_hieupro.
[2020/10/19 - 12:58:10] [ES]Hristoo created a Seasparrow (447) for TVH_hieupro.
[2020/10/19 - 12:58:11] [ES]Hristoo created a Seasparrow (447) for TVH_hieupro.
[2020/10/19 - 12:58:18] [ES]Hristoo created a Seasparrow (447) for TVH_hieupro.
[2020/10/19 - 12:58:19] [ES]Hristoo created a Seasparrow (447) for TVH_hieupro.
[2020/10/19 - 12:58:20] [ES]Hristoo created a Seasparrow (447) for TVH_hieupro.
[2020/10/19 - 12:58:20] [ES]Hristoo created a Seasparrow (447) for TVH_hieupro.
[2020/10/19 - 12:58:29] [ES]Hristoo created a Seasparrow (447) for TVH_hieupro.
[2020/10/19 - 12:58:30] [ES]Hristoo created a Seasparrow (447) for TVH_hieupro.
[2020/10/19 - 12:59:13] [ES]Hristoo created a NRG-500 (522) for KumBlack.
[2020/10/19 - 13:06:16] [ES]Hristoo created a S.W.A.T. Van (601) for KumBlack.
[2020/10/19 - 13:06:31] [ES]Hristoo created a S.W.A.T. Van (601) for KumBlack.
[2020/10/19 - 13:06:32] [ES]Hristoo created a S.W.A.T. Van (601) for KumBlack.
[2020/10/19 - 13:06:33] [ES]Hristoo created a S.W.A.T. Van (601) for KumBlack.
[2020/10/19 - 13:06:47] [ES]Hristoo created a S.W.A.T. Van (601) for KumBlack.
[2020/10/19 - 13:06:48] [ES]Hristoo created a S.W.A.T. Van (601) for KumBlack.
[2020/10/19 - 13:06:48] [ES]Hristoo created a S.W.A.T. Van (601) for KumBlack.
[2020/10/19 - 13:06:59] [ES]Hristoo created a S.W.A.T. Van (601) for KumBlack.
[2020/10/19 - 13:06:59] [ES]Hristoo created a S.W.A.T. Van (601) for KumBlack.
[2020/10/19 - 13:07:00] [ES]Hristoo created a S.W.A.T. Van (601) for KumBlack.
[2020/10/19 - 13:13:18] [ES]Hristoo created a Seasparrow (447) for KumBlack.
[2020/10/19 - 13:13:20] [ES]Hristoo created a Seasparrow (447) for KumBlack.
[2020/10/19 - 13:13:20] [ES]Hristoo created a Seasparrow (447) for KumBlack.
[2020/10/19 - 13:13:28] [ES]Hristoo created a Seasparrow (447) for KumBlack.
[2020/10/19 - 13:13:29] [ES]Hristoo created a Seasparrow (447) for KumBlack.
[2020/10/19 - 13:13:33] [ES]Hristoo created a Seasparrow (447) for KumBlack.
[2020/10/19 - 13:13:45] [ES]Hristoo created a Seasparrow (447) for KumBlack.
[2020/10/19 - 13:13:46] [ES]Hristoo created a Seasparrow (447) for KumBlack.
[2020/10/19 - 13:13:57] [ES]Hristoo created a Seasparrow (447) for KumBlack.
[2020/10/19 - 13:13:59] [ES]Hristoo created a Seasparrow (447) for KumBlack.
[2020/10/19 - 13:35:15] [ES]Hristoo created a S.W.A.T. Van (601) for TVH_hieupro.
[2020/10/19 - 13:35:16] [ES]Hristoo created a S.W.A.T. Van (601) for TVH_hieupro.
[2020/10/19 - 13:35:16] [ES]Hristoo created a S.W.A.T. Van (601) for TVH_hieupro.
[2020/10/19 - 13:35:23] [ES]Hristoo created a S.W.A.T. Van (601) for TVH_hieupro.
[2020/10/19 - 13:35:24] [ES]Hristoo created a S.W.A.T. Van (601) for TVH_hieupro.
[2020/10/19 - 13:35:24] [ES]Hristoo created a S.W.A.T. Van (601) for TVH_hieupro.
[2020/10/19 - 13:35:33] [ES]Hristoo created a S.W.A.T. Van (601) for TVH_hieupro.
[2020/10/19 - 13:35:34] [ES]Hristoo created a S.W.A.T. Van (601) for TVH_hieupro.
[2020/10/19 - 13:35:40] [ES]Hristoo created a S.W.A.T. Van (601) for TVH_hieupro.
[2020/10/19 - 13:35:41] [ES]Hristoo created a S.W.A.T. Van (601) for TVH_hieupro.
[2020/10/19 - 14:14:37] [ES]Hristoo created a S.W.A.T. Van (601) for [ES]Hristoo.
[2020/10/19 - 14:47:17] [FM]Jackson. created a Luggage Trailer A (606) for [FM]Canos.
[2020/10/19 - 14:47:26] [FM]Jackson. created a Luggage Trailer A (606) for [FM]Jackson..
[2020/10/19 - 17:24:52] [ES]Hristoo created a Mountain Bike (510) for Rick_William.
[2020/10/19 - 17:31:01] [ES]Hristoo created a Seasparrow (447) for [CTV]Hau.
[2020/10/19 - 17:31:02] [ES]Hristoo created a Seasparrow (447) for [CTV]Hau.
[2020/10/19 - 17:31:09] [ES]Hristoo created a Seasparrow (447) for [CTV]Hau.
[2020/10/19 - 18:03:35] [ES]Hristoo created a Sultan (560) for [ES]Hristoo.
[2020/10/19 - 18:09:52] [Admin]Minh.ThaiTu created a Police Ranger (599) for Hung_Nguyen.
[2020/10/19 - 18:09:59] [Admin]Minh.ThaiTu created a Police Car (SFPD) (597) for Hung_Nguyen.
[2020/10/19 - 18:10:01] [Admin]Minh.ThaiTu created a Police Car (LVPD) (598) for Hung_Nguyen.
[2020/10/19 - 18:10:11] [Admin]Minh.ThaiTu created a S.W.A.T. Van (601) for Hung_Nguyen.
[2020/10/19 - 20:02:20] [ES]HrisToo created a S.W.A.T. Van (601) for KumBlack.
[2020/10/19 - 20:02:21] [ES]HrisToo created a S.W.A.T. Van (601) for KumBlack.
[2020/10/19 - 20:05:19] [ES]HrisToo created a S.W.A.T. Van (601) for KumBlack.
[2020/10/19 - 20:05:21] [ES]HrisToo created a S.W.A.T. Van (601) for KumBlack.
[2020/10/19 - 20:05:21] [ES]HrisToo created a S.W.A.T. Van (601) for KumBlack.
[2020/10/19 - 20:06:41] [ES]HrisToo created a S.W.A.T. Van (601) for KumBlack.
[2020/10/19 - 20:06:41] [ES]HrisToo created a S.W.A.T. Van (601) for KumBlack.
[2020/10/19 - 20:06:57] [ES]HrisToo created a S.W.A.T. Van (601) for KumBlack.
[2020/10/19 - 20:06:59] [ES]HrisToo created a S.W.A.T. Van (601) for KumBlack.
[2020/10/19 - 20:07:00] [ES]HrisToo created a S.W.A.T. Van (601) for KumBlack.
[2020/10/19 - 20:07:12] [ES]HrisToo created a S.W.A.T. Van (601) for KumBlack.
[2020/10/19 - 20:07:12] [ES]HrisToo created a S.W.A.T. Van (601) for KumBlack.
[2020/10/19 - 20:07:22] [ES]HrisToo created a S.W.A.T. Van (601) for Hieu_DepTrai.
[2020/10/19 - 20:40:09] [ES]HrisToo created a S.W.A.T. Van (601) for [CTV]Hau.
[2020/10/19 - 20:40:09] [ES]HrisToo created a S.W.A.T. Van (601) for [CTV]Hau.
[2020/10/19 - 20:47:49] [ES]HrisToo created a Taxi (420) for longtka_bot.
[2020/10/19 - 20:49:03] [ES]HrisToo created a Police Car (SFPD) (597) for longtka_bot.
[2020/10/19 - 20:49:11] [ES]HrisToo created a Police Car (LSPD) (596) for longtka_bot.
[2020/10/19 - 21:18:49] nDPDz created a S.W.A.T. Van (601) for Ngoc.Z.
[2020/10/19 - 21:18:50] nDPDz created a S.W.A.T. Van (601) for Ngoc.Z.
[2020/10/19 - 21:18:51] nDPDz created a S.W.A.T. Van (601) for Ngoc.Z.
[2020/10/20 - 10:52:17] [STAFF]Kaleb has destroyed KumBlack's Seasparrow.
[2020/10/20 - 10:52:36] [STAFF]Kaleb has destroyed Peter._Heo's Seasparrow.
[2020/10/20 - 10:58:59] [STAFF]Kaleb has destroyed KumBlack's Seasparrow.
[2020/10/20 - 10:59:01] [STAFF]Kaleb has destroyed KumBlack's Seasparrow.
[2020/10/20 - 10:59:10] [STAFF]Kaleb has destroyed KumBlack's Seasparrow.
[2020/10/20 - 10:59:12] [STAFF]Kaleb has destroyed KumBlack's Seasparrow.
[2020/10/20 - 10:59:15] [STAFF]Kaleb has destroyed KumBlack's Seasparrow.
[2020/10/20 - 10:59:29] [STAFF]Kaleb has destroyed KumBlack's Seasparrow.
[2020/10/20 - 10:59:43] [STAFF]Kaleb has destroyed KumBlack's Seasparrow.
[2020/10/20 - 10:59:49] [STAFF]Kaleb has destroyed KumBlack's Seasparrow.
[2020/10/20 - 10:59:53] [STAFF]Kaleb has destroyed KumBlack's Seasparrow.
[2020/10/20 - 11:03:23] [STAFF]Kaleb has destroyed [GM]Hau's Seasparrow.
[2020/10/20 - 11:06:10] [STAFF]Kaleb has destroyed [GM]Hau's Seasparrow.
[2020/10/20 - 11:07:19] [STAFF]Kaleb has destroyed [GM]Hau's Seasparrow.
[2020/10/20 - 11:08:32] [STAFF]Kaleb has destroyed [GM]Hau's Seasparrow.
[2020/10/20 - 11:11:10] [STAFF]Kaleb has destroyed [GM]Hau's Seasparrow.
[2020/10/20 - 15:34:57] [ES]Thuan created a Infernus (411) for tung.
[2020/10/20 - 15:40:58] [ES]Thuan created a Rhino (432) for [ES]Thuan.
[2020/10/20 - 15:41:06] [ES]Thuan created a Hydra (520) for [ES]Thuan.
[2020/10/20 - 15:41:12] [ES]Thuan created a Rhino (432) for [ES]Thuan.
[2020/10/20 - 15:41:38] [ES]Hashirama created a Hydra (520) for [ES]Hashirama.
[2020/10/21 - 17:27:33] [ES]JK13 created a Sultan (560) for Tuan_Monkey.
[2020/10/21 - 20:30:03] [FM]MinhQuan created a Police Car (LSPD) (596) for Binh_Storm.
[2020/10/21 - 20:30:40] [FM]MinhQuan created a Police Maverick (497) for Binh_Storm.
[2020/10/21 - 21:04:38] [ES]JK13 created a Mountain Bike (510) for Gucci.
[2020/10/21 - 21:13:31] [ES]PLDZ created a Cropduster (512) for Rock_Z.
[2020/10/21 - 21:13:42] [ES]PLDZ created a Stuntplane (513) for Rock_Z.
[2020/10/21 - 21:34:30] [ES]JK13 created a S.W.A.T. Van (601) for Fuckboiz_.
[2020/10/21 - 21:36:48] [FM]Jackson created a S.W.A.T. Van (601) for TEX.Z.
[2020/10/21 - 21:41:38] [FM]Jackson created a S.W.A.T. Van (601) for TEX.Z.
[2020/10/21 - 21:41:53] [ES]JK13 created a Trashmaster (408) for xSat.
[2020/10/21 - 21:48:10] [FM]Jackson created a S.W.A.T. Van (601) for HiepDamCo_ChuNha.
[2020/10/22 - 18:52:42] [ES]PLDZ created a Police Car (LSPD) (596) for Kyo._.
[2020/10/22 - 18:52:49] [ES]PLDZ created a Police Car (SFPD) (597) for Kyo._.
[2020/10/22 - 18:53:20] [ES]PLDZ created a FBI Truck (528) for Kyo._.
[2020/10/22 - 22:27:36] [ES]JK13 created a S.W.A.T. Van (601) for Masto_Cabone.
[2020/10/22 - 22:28:17] [ES]JK13 created a Seasparrow (447) for Kenduuu.
[2020/10/22 - 22:40:55] [ES]TP13 created a Romero (442) for beNaHacking.
[2020/10/22 - 22:41:08] [ES]TP13 created a Seasparrow (447) for beNaHacking.
[2020/10/23 - 13:56:14] MinhBin created a Seasparrow (447) for TRAVINH.
[2020/10/23 - 14:03:24] MinhBin created a Seasparrow (447) for BinhThuan.
[2020/10/23 - 15:22:38] Minh.ThaiTu created a Seasparrow (447) for KuRum.
[2020/10/23 - 15:22:46] Minh.ThaiTu created a HPV-1000 (523) for KuRum.
[2020/10/23 - 15:27:16] Minh.ThaiTu created a S.W.A.T. Van (601) for KuRum.
[2020/10/23 - 18:27:50] [ES]TP13 created a S.W.A.T. Van (601) for Kenduuu.
[2020/10/23 - 19:23:29] [ES]TP13 created a S.W.A.T. Van (601) for Fuckboiz_.
[2020/10/23 - 19:25:18] [ES]TP13 created a Dumper (406) for ThongCaChep_Yakuza.
[2020/10/24 - 15:53:06] [FM]Jackson created a Maverick (487) for zin.
[2020/10/24 - 15:55:41] [FM]Jackson created a Maverick (487) for Kelvin_01.
[2020/10/24 - 17:48:54] [FM]Canos created a NRG-500 (522) for bon_rifa.
[2020/10/24 - 17:49:00] [FM]Canos created a Patriot (470) for bon_rifa.
[2020/10/24 - 17:49:17] [FM]Canos created a Sultan (560) for bon_rifa.
[2020/10/24 - 19:00:06] Kaleb created a Maverick (487) for Taylor_William.
[2020/10/24 - 22:47:44] [FM]Canos created a Tanker (514) for xSat.
[2020/10/24 - 22:53:58] [FM]Canos created a RC Tiger (564) for xSat.
[2020/10/24 - 22:58:12] [FM]Canos created a Cement Truck (524) for xSat.
[2020/10/25 - 13:58:38] Young created a Police Maverick (497) for XuanTruong.Cute.
[2020/10/25 - 14:30:00] Young created a Police Maverick (497) for tai_bui.
[2020/10/25 - 14:30:24] Young created a Police Maverick (497) for tai_bui.
[2020/10/25 - 19:38:41] [FM]Jackson created a Police Maverick (497) for XuanTruong.Cute.
[2020/10/28 - 12:43:16] [BQT]Ren created a Sultan (560) for Basten_galfeR.
[2020/10/28 - 12:45:19] [BQT]Ren created a Police Car (LSPD) (596) for Basten_galfeR.
[2020/10/28 - 13:48:49] [BQT]Ren created a Police Car (SFPD) (597) for Basten_galfeR.
[2020/10/28 - 13:48:53] [BQT]Ren created a Police Car (LVPD) (598) for Basten_galfeR.
[2020/10/28 - 13:51:55] [FM]Jackson created a Reefer (453) for Taxi.
[2020/10/28 - 13:55:02] [FM]Jackson created a Taxi (420) for Thang_XaoLoz.
[2020/10/28 - 15:09:44] Frank_Another created a Shamal (519) for Heinrich_Himmler.
[2020/10/28 - 15:10:12] Frank_Another created a Maverick (487) for Heinrich_Himmler.
[2020/10/28 - 15:10:28] Frank_Another created a Rustler (476) for Heinrich_Himmler.
[2020/10/28 - 15:27:41] Ren created a Taxi (420) for Ren.
[2020/10/28 - 21:11:10] YoungMatDay created a S.W.A.T. Van (601) for Shanks..
[2020/10/29 - 20:57:18] NPT created a Taxi (420) for [GM]Brian.
[2020/10/29 - 20:57:26] NPT created a Taxi (420) for [GM]Brian.
[2020/10/30 - 1:04:54] frank_another created a Dodo (593) for Kaleb.
[2020/10/30 - 18:37:22] [RF]HungChannels created a Mountain Bike (510) for [RF]HungChannels.
[2020/10/30 - 18:37:44] BongZ created a Luggage Trailer A (606) for BongZ.
[2020/10/30 - 18:39:04] BongZ created a Hydra (520) for BongZ.
[2020/10/30 - 18:39:14] BongZ created a Hunter (425) for BongZ.
[2020/10/30 - 18:39:22] BongZ created a RC Bandit (441) for BongZ.
[2020/10/30 - 18:39:27] BongZ created a Seasparrow (447) for BongZ.
[2020/10/31 - 12:54:39] [FM]Jackson created a Mountain Bike (510) for VoVan.Thang.
[2020/10/31 - 21:26:08] YoungMatDay created a Faggio (462) for Tony.
[2020/11/1 - 14:48:58] [RF]HungChannels created a Sultan (560) for [FM]Shin.
[2020/11/1 - 16:28:44] [Gmotd]Rick created a NRG-500 (522) for [Gmotd]Rick.
[2020/11/1 - 19:34:01] [RF]HungChannels created a Sultan (560) for [RF]HungChannels.
[2020/11/1 - 20:02:24] [RF]HungChannels created a Sultan (560) for [RF]HungChannels.
[2020/11/1 - 20:02:39] [RF]HungChannels created a Sultan (560) for [RF]HungChannels.
[2020/11/1 - 20:03:26] [RF]HungChannels created a Sultan (560) for [RF]HungChannels.
[2020/11/1 - 20:04:30] [RF]HungChannels created a Sultan (560) for [RF]HungChannels.
[2020/11/1 - 20:04:59] [RF]HungChannels created a Sultan (560) for [RF]HungChannels.
[2020/11/1 - 20:05:30] [RF]HungChannels created a Sultan (560) for [RF]HungChannels.
[2020/11/1 - 20:07:54] [RF]HungChannels created a Sultan (560) for [RF]HungChannels.
[2020/11/1 - 20:08:32] [RF]HungChannels created a Sultan (560) for [RF]HungChannels.
[2020/11/1 - 20:08:40] [RF]HungChannels created a Sultan (560) for [RF]HungChannels.
[2020/11/2 - 10:16:55] [Gmotd]Rick created a Infernus (411) for ly_thanh_khoa.
[2020/11/2 - 17:44:43] BongZ created a Luggage Trailer B (607) for BongZ.
[2020/11/2 - 18:46:52] BongZ created a Hustler (545) for BongZ.
[2020/11/2 - 18:58:46] BongZ created a RC Bandit (441) for [ES]Hung.
[2020/11/2 - 18:59:05] BongZ created a RC Tiger (564) for [ES]Hung.
[2020/11/2 - 18:59:22] BongZ created a RC Baron (464) for [ES]Hung.
[2020/11/2 - 19:00:11] BongZ created a Bike (509) for [ES]Hung.
[2020/11/2 - 19:00:20] BongZ created a RC Goblin (501) for [ES]Hung.
[2020/11/2 - 19:05:12] BongZ created a Yankee (456) for [GL]Hai.Dev.
[2020/11/2 - 19:05:14] BongZ created a Yankee (456) for [GL]Hai.Dev.
[2020/11/2 - 19:05:15] BongZ created a Yankee (456) for [GL]Hai.Dev.
[2020/11/4 - 12:17:28] [FM]Jackson created a FBI Truck (528) for NguyenVan_Tu.
[2020/11/4 - 20:10:38] [FM]Jackson created a Maverick (487) for Nguyen_VanTu.
[2020/11/5 - 20:05:39] [FM]Shin created a Police Car (LSPD) (596) for [FM]Shin.
[2020/11/5 - 20:05:45] [FM]Shin created a Police Car (LSPD) (596) for [FM]Shin.
[2020/11/5 - 20:06:04] [FM]Shin created a Police Car (SFPD) (597) for [FM]Shin.
[2020/11/5 - 20:06:05] [FM]Shin created a Police Car (SFPD) (597) for [FM]Shin.
[2020/11/5 - 20:06:07] [FM]Shin created a Police Car (LVPD) (598) for [FM]Shin.
[2020/11/5 - 20:06:08] [FM]Shin created a Police Car (LVPD) (598) for [FM]Shin.
[2020/11/5 - 20:06:20] [FM]Shin created a Police Car (LVPD) (598) for [FM]Shin.
[2020/11/5 - 20:06:31] [FM]Shin created a FBI Truck (528) for [FM]Shin.
[2020/11/5 - 20:06:33] [FM]Shin created a FBI Truck (528) for [FM]Shin.
[2020/11/5 - 20:09:36] [FM]Shin created a Police Maverick (497) for [FM]Shin.
[2020/11/5 - 22:54:09] GAME created a Hydra (520) for GAME.
[2020/11/5 - 22:54:58] GAME created a Hydra (520) for VinhK..
[2020/11/7 - 18:59:25] YoungFake created a Police Maverick (497) for 0bitoZ.
[2020/11/7 - 22:11:39] YoungFake created a Sultan (560) for Aki_Juset.
[2020/11/8 - 9:12:37] YoungFake created a Police Maverick (497) for Huu_ThienWilliams.
[2020/11/8 - 9:27:48] MinhBin created a Hydra (520) for MinhBin.
[2020/11/10 - 20:33:25] Young created a Police Maverick (497) for [RF]HoangDii.
[2020/11/10 - 20:33:38] Young created a Police Maverick (497) for Gucci.
[2020/11/11 - 12:11:16] Young created a Police Maverick (497) for Global_Elite.
[2021/10/28 - 19:18:22] Dang Nguyen created a Sultan (560) for Dang Nguyen.
