[2016/4/14 - 21:00:16] Zed Xiles has deleted Pay N' Spray ID 0.
[2016/4/17 - 0:24:03] Rio Soica has deleted Pay N' Spray ID 1.
[2016/4/17 - 0:24:10] Rio Soica has deleted Pay N' Spray ID 0.
[2016/4/19 - 13:56:55] Paul has edited Pay N' Spray ID 0's position.
[2016/4/19 - 13:57:32] Paul has changed the group cost on Pay N' Spray ID 0 to $0.
[2020/9/27 - 12:32:36] Hoang_Anh has edited Pay N' Spray ID 2's position.
[2020/9/27 - 12:32:37] Hoang_Anh has edited Pay N' Spray ID 2's position.
[2020/9/27 - 12:33:49] Jack has changed the regular cost on Pay N' Spray ID 2 to $2.
[2020/9/27 - 12:34:09] Jack has changed the regular cost on Pay N' Spray ID 2 to $1,000,000.
[2020/9/27 - 12:34:15] Jack has changed the regular cost on Pay N' Spray ID 2 to $1,000,000,000.
[2020/9/27 - 12:35:10] Jack has changed the group cost on Pay N' Spray ID 2 to $5,000.
[2020/9/28 - 19:19:08] Kane_Mapping has edited Pay N' Spray ID 1's position.
[2020/9/28 - 19:27:30] Kane_Mapping has deleted Pay N' Spray ID 0.
[2020/9/29 - 6:40:47] Kane_Mapping has deleted Pay N' Spray ID 1.
[2020/10/1 - 17:19:30] Kane_Mapping has edited Pay N' Spray ID 1's position.
[2020/10/4 - 14:21:42] [Admin]Jack has edited Pay N' Spray ID 2's position.
[2020/10/4 - 14:22:05] [Admin]Jack has changed the group cost on Pay N' Spray ID 2 to $1,000.
[2020/10/4 - 14:22:21] [Admin]Jack has changed the regular cost on Pay N' Spray ID 2 to $1,000.
[2020/10/4 - 20:39:06] [Admin]Jack has changed the regular cost on Pay N' Spray ID 1 to $0.
[2020/10/4 - 20:39:13] [Admin]Jack has changed the regular cost on Pay N' Spray ID 1 to $1,000,000.
[2020/10/4 - 20:39:22] [Admin]Jack has changed the group cost on Pay N' Spray ID 1 to $1,000,000.
[2020/10/4 - 20:39:26] [Admin]Jack has changed the group cost on Pay N' Spray ID 1 to $0.
[2020/10/4 - 20:54:39] [Admin]Jack has changed the group cost on Pay N' Spray ID 2 to $0.
[2020/10/5 - 21:34:14] Kane_Mapping has edited Pay N' Spray ID 0's position.
[2020/10/7 - 13:42:00] Kaito has edited Pay N' Spray ID 0's position.
[2020/10/7 - 18:02:36] Frank_Another has edited Pay N' Spray ID 2's position.
[2020/10/7 - 18:02:59] Frank_Another has deleted Pay N' Spray ID 2.
[2020/10/7 - 18:03:29] Frank_Another has edited Pay N' Spray ID 2's position.
[2020/10/7 - 18:07:44] Frank_Another has edited Pay N' Spray ID 2's position.
[2020/10/7 - 18:09:32] Frank_Another has deleted Pay N' Spray ID 2.
[2020/10/10 - 19:24:30] [STAFF]$Fourze$ has edited Pay N' Spray ID 1's position.
[2020/10/11 - 1:13:20] [STAFF]$Fourze$ has edited Pay N' Spray ID 2's position.
[2020/10/11 - 1:35:13] [STAFF]$Fourze$ has edited Pay N' Spray ID 2's position.
[2020/10/11 - 1:35:18] [STAFF]$Fourze$ has edited Pay N' Spray ID 2's position.
[2020/10/11 - 1:35:34] [STAFF]$Fourze$ has edited Pay N' Spray ID 3's position.
[2020/10/14 - 19:40:42] [FM]Jack has deleted Pay N' Spray ID 0.
[2020/10/14 - 19:41:08] [FM]Jack has deleted Pay N' Spray ID 2.
[2020/10/14 - 19:41:25] [FM]Jack has deleted Pay N' Spray ID 1.
[2020/10/15 - 20:39:37] [GL]Kane has edited Pay N' Spray ID 1's position.
[2020/10/22 - 15:43:38] Diva_Catthy has edited Pay N' Spray ID 1's position.
[2020/10/23 - 15:05:38] [GM]BaoTa has edited Pay N' Spray ID 5's position.
[2020/10/23 - 15:57:39] [GM]BaoTa has edited Pay N' Spray ID 2's position.
[2020/10/28 - 7:57:11] [ES]Yeepo has edited Pay N' Spray ID 3's position.
[2020/10/28 - 7:58:01] [ES]Yeepo has changed the group cost on Pay N' Spray ID 3 to $1,500.
[2020/10/28 - 7:58:17] [ES]Yeepo has changed the regular cost on Pay N' Spray ID 3 to $10,000.
