[2020/9/26 - 12:28:13] Full da dieu Da Quy Kane's thanh 10 
[2020/9/26 - 12:28:18] Full da dieu Da Quy Kane's thanh 1000 
[2020/9/26 - 12:54:15] Young da dieu Da Quy TanAnh_Thuan's thanh 10000 
[2020/9/26 - 13:04:15] Young da dieu Da Quy Master_zero's thanh 20000 
[2020/9/26 - 13:20:14] Young da dieu Da Quy Master_zezo's thanh 20000 
[2020/9/26 - 13:29:52] Young da dieu Da Quy Mafia's thanh 5000 
[2020/9/26 - 14:23:05] [YOUNG][TEAM] da dieu Da Quy Nghia_BatTu's thanh 7000 
[2020/9/26 - 14:24:35] [YOUNG][TEAM] da dieu Da Quy [Hacking]'s thanh 1 
[2020/9/26 - 14:24:40] [YOUNG][TEAM] da dieu Da Quy [Hacking]'s thanh 1 
[2020/9/26 - 15:04:17] Alie da dieu Da Quy Alie's thanh 500 
[2020/9/26 - 15:08:51] [Young][TEAM] da dieu Da Quy Phong_Cao's thanh 10000 
[2020/9/27 - 4:36:12] [YOUNG][TEAM] da dieu Da Quy Jimmy_Smith's thanh 2400 
[2020/9/27 - 5:22:09] [YOUNG][TEAM] da dieu Da Quy Joker_Khoa's thanh 1000 
[2020/9/27 - 5:39:53] [YOUNG][TEAM] da dieu Da Quy Joker_Bon's thanh 1000 
[2020/9/27 - 5:44:33] [YOUNG][TEAM] da dieu Da Quy Chi_Hung's thanh 1000 
[2020/9/27 - 7:19:49] [YOUNG][TEAM] da dieu Da Quy [Hacking]'s thanh 300 
[2020/9/27 - 7:20:06] [YOUNG][TEAM] da dieu Da Quy [Hacking]'s thanh 300 
[2020/9/27 - 7:20:39] Subaru_Okiya da dieu Da Quy Subaru_Okiya's thanh 1000 
[2020/9/27 - 7:39:12] [YOUNG][TEAM] da dieu Da Quy Jerry_Sara's thanh 1000 
[2020/9/27 - 7:40:02] [YOUNG][TEAM] da dieu Da Quy Quy_BT's thanh 5000 
[2020/9/27 - 7:46:55] Subaru_Okiya da dieu Da Quy Subaru_Okiya's thanh 10000 
[2020/9/27 - 8:00:35] Subaru_Okiya da dieu Da Quy Nghia_CuTe's thanh 500 
[2020/9/27 - 8:01:18] Full da dieu Da Quy MinhBin's thanh 10000000 
[2020/9/27 - 8:01:36] Hoang_Anh da dieu Da Quy Hoang_Anh's thanh 50000 
[2020/9/27 - 8:04:30] Null da dieu Da Quy Null's thanh 10000000 
[2020/9/27 - 8:21:31] Subaru_Okiya da dieu Da Quy Mlem_Mlem's thanh 500 
[2020/9/27 - 9:04:19] Subaru_Okiya da dieu Da Quy Subaru_Okiya's thanh 1111 
[2020/9/27 - 9:21:18] Hoang_Anh da dieu Da Quy LeBao_Huyy's thanh 100000 
[2020/9/27 - 9:22:45] Hoang_Anh da dieu Da Quy Tan_Williams's thanh 500000 
[2020/9/27 - 9:22:51] Hoang_Anh da dieu Da Quy Tan_Williams's thanh 100000 
[2020/9/27 - 9:26:51] Hoang_Anh da dieu Da Quy Peter_Heo's thanh 200000 
[2020/9/27 - 9:27:17] Hoang_Anh da dieu Da Quy LeBao_Huyy's thanh 200000 
[2020/9/27 - 9:27:19] Hoang_Anh da dieu Da Quy Tan_Williams's thanh 200000 
[2020/9/27 - 9:28:24] Hoang_Anh da dieu Da Quy Tan_Williams's thanh 200000 
[2020/9/27 - 9:28:27] Hoang_Anh da dieu Da Quy LeBao_Huyy's thanh 200000 
[2020/9/27 - 9:37:08] Hoang_Anh da dieu Da Quy Peter_HeoNe's thanh 400000 
[2020/9/27 - 9:37:14] Hoang_Anh da dieu Da Quy LeBao_Huyy's thanh 400000 
[2020/9/27 - 9:39:07] Hoang_Anh da dieu Da Quy LeBao_Huyy's thanh 500000 
[2020/9/27 - 9:40:21] Hoang_Anh da dieu Da Quy Hoang_Anh's thanh 100000000 
[2020/9/27 - 9:46:11] Hoang_Anh da dieu Da Quy Tan_Williams's thanh 500000 
[2020/9/27 - 9:46:54] Subaru_Okiya da dieu Da Quy Subaru_Okiya's thanh 100000 
[2020/9/27 - 10:04:24] [YOUNG][TEAM] da dieu Da Quy Phong_Cao's thanh 20000 
[2020/9/27 - 10:29:13] Subaru_Okiya da dieu Da Quy Subaru_Okiya's thanh 50000 
[2020/9/27 - 10:29:44] Subaru_Okiya da dieu Da Quy Subaru_Okiya's thanh 50000 
[2020/9/27 - 10:30:03] Subaru_Okiya da dieu Da Quy Subaru_Okiya's thanh 50000 
[2020/9/27 - 10:30:38] Subaru_Okiya da dieu Da Quy Subaru_Okiya's thanh 50000 
[2020/9/27 - 10:30:55] Subaru_Okiya da dieu Da Quy Subaru_Okiya's thanh 50000 
[2020/9/27 - 11:18:25] [YOUNG][TEAM] da dieu Da Quy Marko.Kudo's thanh 10000 
[2020/9/27 - 11:23:00] [YOUNG][TEAM] da dieu Da Quy [Hacking]'s thanh 10000 
[2020/9/27 - 12:07:48] [YOUNG][TEAM] da dieu Da Quy Vey_Rdysha's thanh 5000 
[2020/9/27 - 12:33:26] Full da dieu Da Quy BE_PHUONG's thanh 100000000 
[2020/9/27 - 12:57:33] Full da dieu Da Quy Kane's thanh 10000000 
[2020/9/27 - 14:35:19] Alie da dieu Da Quy JuyLaImpostor's thanh 500 
[2020/9/27 - 14:35:24] Alie da dieu Da Quy Hai_Long's thanh 500 
[2020/9/27 - 15:01:00] Young da dieu Da Quy Joker_Khoa's thanh 10000 
[2020/9/27 - 15:42:52] Young da dieu Da Quy Bob_Stone's thanh 1000 
[2020/9/27 - 16:04:09] Alie da dieu Da Quy ngu_khoan's thanh 10000 
[2020/9/27 - 16:55:58] YOUNG da dieu Da Quy Rodger_NGSA's thanh 10000 
[2020/9/27 - 16:56:28] YOUNG da dieu Da Quy Rodger_NGSA's thanh 2000 
[2020/9/28 - 9:17:29] Young da dieu Da Quy Myduyen's thanh 10000 
[2020/9/28 - 9:24:18] Young da dieu Da Quy XuanThien_FMOD's thanh 10000 
[2020/9/28 - 12:02:03] Young da dieu Da Quy Chi_Hung's thanh 10000 
[2020/9/28 - 12:29:09] Young da dieu Da Quy jocelyn_gideon's thanh 10000 
[2020/9/28 - 13:02:58] Alie da dieu Da Quy Coce's thanh 50000 
[2020/9/28 - 13:03:24] Alie da dieu Da Quy Chopper_Z's thanh 20000 
[2020/9/28 - 13:14:32] Osin da dieu Da Quy Jack_FM's thanh 100000 
[2020/9/28 - 13:37:11] Young da dieu Da Quy ToiKhongPhaiChopper's thanh 500 
[2020/9/28 - 13:40:28] Alie da dieu Da Quy Coce's thanh 50000 
[2020/9/28 - 13:51:57] Hoang_Anh da dieu Da Quy Hoang_Anh's thanh 0 
[2020/9/28 - 13:57:44] Hoang_Anh da dieu Da Quy Jack_FM's thanh 200000 
[2020/9/28 - 14:18:15] Alie da dieu Da Quy Myduyen's thanh 50000 
[2020/9/28 - 15:01:55] Alie da dieu Da Quy ToiKhongPhaiChopper's thanh 50000 
[2020/9/28 - 15:07:24] Alie da dieu Da Quy Hashirama_Eshop's thanh 20000 
[2020/9/28 - 15:46:31] Alie da dieu Da Quy Danny_Snowden's thanh 10000 
[2020/9/28 - 16:03:14] Alie da dieu Da Quy ToiKhongPhaiChopper's thanh 20000 
[2020/9/28 - 16:03:29] Alie da dieu Da Quy Bo_Doi's thanh 20000 
[2020/9/28 - 16:11:27] Alie da dieu Da Quy VuHai_Pr's thanh 20000 
[2020/9/28 - 16:17:52] Young da dieu Da Quy ToiKhongPhaiChopper's thanh 20000 
[2020/9/28 - 16:48:27] Bong da dieu Da Quy Aronn's thanh 5000 
[2020/9/28 - 16:49:22] Bong da dieu Da Quy Aronn's thanh 20000 
[2020/9/28 - 17:46:18] Full da dieu Da Quy Coce's thanh 50000 
[2020/9/28 - 17:50:52] Full da dieu Da Quy PHAM_GIA_HUY's thanh 10000 
[2020/9/28 - 18:03:15] Full da dieu Da Quy PHAM_GIA_HUY's thanh 50000 
[2020/9/28 - 18:03:17] Full da dieu Da Quy Brian_Andreas's thanh 50000 
[2020/9/28 - 18:40:59] Bong da dieu Da Quy VuHai_Pr's thanh 20000 
[2020/9/28 - 18:41:28] Bong da dieu Da Quy VuHai_Pr's thanh 40000 
[2020/9/28 - 19:03:38] Alie da dieu Da Quy VuHai_Pr's thanh 10000 
[2020/9/28 - 19:23:58] Alie da dieu Da Quy Myduyen_Pr's thanh 10000 
[2020/9/29 - 7:29:43] Ken da dieu Da Quy Ken's thanh 1000 
[2020/9/29 - 7:31:28] Ken da dieu Da Quy DanhTuong_3Q's thanh 2000 
[2020/9/29 - 7:32:30] Ken da dieu Da Quy ToiDauCoHackDau's thanh 1000 
[2020/9/29 - 7:39:08] Ken da dieu Da Quy MinhBin's thanh 100000 
[2020/9/29 - 8:20:08] Ken da dieu Da Quy Ken's thanh 500000 
[2020/9/29 - 8:23:59] Young da dieu Da Quy ToiDauCoHackDau's thanh 10000 
[2020/9/29 - 8:31:43] Subaru_Okiya da dieu Da Quy ToiDauCoHackDau's thanh 10000 
[2020/9/29 - 8:43:02] Subaru_Okiya da dieu Da Quy Editor_Erik's thanh 100000 
[2020/9/29 - 8:44:02] Subaru_Okiya da dieu Da Quy Editor_Erik's thanh 100000 
[2020/9/29 - 8:44:36] Subaru_Okiya da dieu Da Quy Editor_Erik's thanh 100000 
[2020/9/29 - 8:48:47] Subaru_Okiya da dieu Da Quy Tien_Smile's thanh 500000 
[2020/9/29 - 14:00:21] MinhTuan da dieu Da Quy MinhTuan's thanh 50000 
[2020/9/29 - 14:18:20] Full da dieu Da Quy Nguyen_HuuTuan's thanh 10000 
[2020/9/29 - 15:10:50] Full da dieu Phieu Xe Faction Bob's thanh 10 
[2020/9/29 - 15:16:24] Nhon da dieu Da Quy Nhon's thanh 999999999 
[2020/9/29 - 15:28:09] Alie da dieu Da Quy TaiGSis's thanh 10000 
[2020/9/29 - 15:34:05] Bong da dieu Da Quy Hashirama.Eshop's thanh 10000 
[2020/9/29 - 6:31:48] YoungKhongNgu da dieu Da Quy YoungKhongNgu's thanh 99999 
[2020/9/29 - 20:57:09] Full da dieu Da Quy FullDz's thanh 10000 
[2020/9/29 - 21:13:54] Bong da dieu Da Quy Minhh's thanh 15000 
[2020/9/29 - 21:16:03] Bong da dieu Da Quy Minhh's thanh 3000 
[2020/9/29 - 21:16:22] Bong da dieu Da Quy Minhh's thanh 3000 
[2020/9/29 - 21:16:34] Bong da dieu Da Quy Minhh's thanh 10000 
[2020/9/30 - 7:49:55] YoungKhongNgu da dieu Da Quy YoungKhongNgu's thanh 1000000 
[2020/9/30 - 7:49:57] YoungKhongNgu da dieu Da Quy YoungKhongNgu's thanh 100000 
[2020/9/30 - 9:48:38] Full da dieu Da Quy Bob's thanh 10000 
[2020/9/30 - 9:48:43] Full da dieu Da Quy Full's thanh 10000 
[2020/9/30 - 9:58:54] Full da dieu Da Quy Bob's thanh 3000000 
[2020/9/30 - 10:54:06] Full da dieu Da Quy Nam_Khanh's thanh 10000 
[2020/9/30 - 10:58:29] Full da dieu Da Quy Subaru_Okiya's thanh 10000000 
[2020/9/30 - 11:57:19] Alie da dieu Da Quy DuongVan_Trong's thanh 3600 
[2020/9/30 - 11:58:58] Young da dieu Da Quy DuongVan_Trong's thanh 37000 
[2020/9/30 - 11:59:30] Young da dieu Da Quy DuongVan_Trong's thanh 27000 
[2020/9/30 - 12:00:08] Alie da dieu Da Quy Ngoc.Kudo's thanh 50000 
[2020/9/30 - 13:07:37] Alie da dieu Da Quy NgoMinh._.Thuan's thanh 10000 
[2020/9/30 - 13:11:38] [Gucci]Full da dieu Da Quy [Gucci]YeuEm's thanh 10000 
[2020/9/30 - 13:11:47] [Gucci]Full da dieu Da Quy [Gucci]Player's thanh 10000 
[2020/9/30 - 13:21:34] Young da dieu Da Quy Rick_Wille's thanh 400 
[2020/9/30 - 13:24:34] Young da dieu Da Quy Young's thanh 500000 
[2020/9/30 - 14:24:49] Ken da dieu Da Quy Tonny_Santa's thanh 20000 
[2020/9/30 - 14:24:54] Ken da dieu Da Quy Micky_Bi's thanh 20000 
[2020/9/30 - 14:25:00] Ken da dieu Da Quy Dii_BT's thanh 20000 
[2020/9/30 - 14:36:12] [STAFF]Ken da dieu Da Quy NLG_TaiG's thanh 5000 
[2020/9/30 - 14:36:17] [STAFF]Ken da dieu Da Quy jocelyn_gideon's thanh 5000 
[2020/9/30 - 14:36:20] [STAFF]Ken da dieu Da Quy NguyenVan_Hoa's thanh 5000 
[2020/9/30 - 14:36:26] [STAFF]Ken da dieu Da Quy Quang's thanh 5000 
[2020/9/30 - 16:13:36] Young da dieu Da Quy Minh_QuanTheX's thanh 50000 
[2020/9/30 - 16:14:42] Young da dieu Da Quy Minh_QuanTheX's thanh 30000 
[2020/9/30 - 17:08:50] Osin da dieu Da Quy Osin's thanh 35000 
[2020/9/30 - 17:49:03] [Gucci]Full da dieu Da Quy [STAFF]Hip's thanh 10000 
[2020/9/30 - 17:55:04] Young da dieu Da Quy Minh_QuanTheX's thanh 94000 
[2020/9/30 - 18:43:48] Bong da dieu Da Quy Minhh's thanh 20000 
[2020/9/30 - 18:43:55] Bong da dieu Da Quy Bong's thanh 20000 
[2020/9/30 - 19:11:44] Alie da dieu Da Quy Lewis's thanh 5000 
[2020/9/30 - 19:14:58] Alie da dieu Da Quy [STAFF]Jackson's thanh 10000 
[2020/9/30 - 19:17:29] Alie da dieu Da Quy Khoa's thanh 1500 
[2020/9/30 - 19:17:37] Alie da dieu Da Quy Khoa's thanh 15000 
[2020/9/30 - 19:39:33] Bong da dieu Da Quy Minhh's thanh 500 
[2020/9/30 - 20:43:15] nDP da dieu Da Quy Cuong's thanh 15000 
[2020/9/30 - 21:00:24] Bong da dieu Da Quy phuoc_dzv's thanh 10000 
[2020/9/30 - 21:12:28] Bong da dieu Da Quy phuoc_dzv's thanh 30000 
[2020/9/30 - 21:30:08] Bong da dieu Da Quy phuoc_dzv's thanh 10000 
[2020/9/30 - 21:44:07] Kaito da dieu Da Quy Kaito's thanh 100000 
[2020/10/1 - 1:24:48] Kaito da dieu Da Quy Kaito's thanh 10000000 
[2020/10/1 - 10:14:41] [STAFF]Subaru da dieu Da Quy [STAFF]Rick's thanh 5000 
[2020/10/1 - 10:24:49] [STAFF]Subaru da dieu Da Quy Thien.'s thanh 20000 
[2020/10/1 - 10:28:46] [STAFF]Subaru da dieu Da Quy Thien.'s thanh 10000 
[2020/10/1 - 12:21:22] Osin da dieu Da Quy Wolf._.'s thanh 100000 
[2020/10/1 - 12:21:27] Osin da dieu Da Quy Wolf._.'s thanh 50000 
[2020/10/1 - 12:23:42] Osin da dieu Da Quy Wolf._.'s thanh 100000 
[2020/10/1 - 12:24:52] [STAFF]Subaru da dieu Da Quy Thien.'s thanh 20000 
[2020/10/1 - 12:25:06] Osin da dieu Da Quy Wolf._.'s thanh 0 
[2020/10/1 - 12:26:25] Osin da dieu Da Quy Wolf._.'s thanh 50000 
[2020/10/1 - 12:27:16] Osin da dieu Da Quy Wolf._.'s thanh 200000 
[2020/10/1 - 13:31:56] [STAFF]Subaru da dieu Da Quy [STAFF]Subaru's thanh 5000 
[2020/10/1 - 13:33:17] [STAFF]Subaru da dieu Da Quy [STAFF]Subaru's thanh 10000 
[2020/10/1 - 13:35:03] [Full] da dieu Da Quy Frank_Another's thanh 10000 
[2020/10/1 - 13:35:04] [Full] da dieu Da Quy Frank_Another's thanh 100000 
[2020/10/1 - 13:36:15] [STAFF]Subaru da dieu Da Quy NLG_TaiG's thanh 3000 
[2020/10/1 - 13:36:33] [STAFF]Subaru da dieu Da Quy NLG_TaiG's thanh 1000 
[2020/10/1 - 13:37:23] [STAFF]Subaru da dieu Da Quy NLG_TaiG's thanh 4000 
[2020/10/1 - 13:38:16] [STAFF]Subaru da dieu Da Quy Bear's thanh 3000 
[2020/10/1 - 13:40:26] [STAFF]Subaru da dieu Da Quy Frank_Another's thanh 0 
[2020/10/1 - 13:40:41] [STAFF]Subaru da dieu Da Quy [STAFF]Subaru's thanh 30000 
[2020/10/1 - 14:44:35] [Full] da dieu Da Quy BaoAnBanNgu's thanh 200000 
[2020/10/1 - 14:55:37] Ngoc_Anh da dieu Da Quy [STAFF]Jack's thanh 200000 
[2020/10/1 - 17:42:58] Young da dieu Da Quy Chi_Hung's thanh 300000 
[2020/10/1 - 17:54:07] Osin da dieu Da Quy [STAFF]Jack's thanh 0 
[2020/10/1 - 18:32:49] Osin da dieu Phieu Xe Faction Osin's thanh 1000 
[2020/10/1 - 19:24:14] Young da dieu Da Quy Lee_Work's thanh 800 
[2020/10/1 - 19:24:15] Young da dieu Da Quy Lee_Work's thanh 8000 
[2020/10/1 - 19:31:07] BongZ da dieu Da Quy Chim_Ung's thanh 10000 
[2020/10/1 - 19:43:21] [STAFF]Subaru da dieu Da Quy Catoon_Network's thanh 3000 
[2020/10/1 - 19:43:27] [STAFF]Subaru da dieu Da Quy Cuong's thanh 3000 
[2020/10/1 - 19:43:36] [STAFF]Subaru da dieu Da Quy Bear's thanh 3000 
[2020/10/1 - 19:43:40] [STAFF]Subaru da dieu Da Quy yanghofulltime's thanh 3000 
[2020/10/1 - 19:43:45] [STAFF]Subaru da dieu Da Quy Minh_QuanTheX's thanh 3000 
[2020/10/1 - 19:43:50] [STAFF]Subaru da dieu Da Quy Quy_BT's thanh 3000 
[2020/10/1 - 19:43:55] [STAFF]Subaru da dieu Da Quy Dii_BT's thanh 3000 
[2020/10/1 - 19:44:00] [STAFF]Subaru da dieu Da Quy Po_BT's thanh 3000 
[2020/10/1 - 19:44:52] [STAFF]Subaru da dieu Da Quy yanghofulltime's thanh 63000 
[2020/10/1 - 19:45:08] [STAFF]Subaru da dieu Da Quy [Refund]'s thanh 3000 
[2020/10/1 - 19:45:13] [STAFF]Subaru da dieu Da Quy Chim_Ung's thanh 3000 
[2020/10/1 - 19:45:16] [STAFF]Subaru da dieu Da Quy Shadow_Boss's thanh 3000 
[2020/10/1 - 19:45:19] [STAFF]Subaru da dieu Da Quy Lee_Work's thanh 3000 
[2020/10/1 - 20:00:33] [STAFF]Subaru da dieu Da Quy [STAFF]Subaru's thanh 100000 
[2020/10/1 - 20:01:41] Young da dieu Da Quy Chim_Ung's thanh 10000 
[2020/10/1 - 20:02:11] [STAFF]Subaru da dieu Da Quy [STAFF]Subaru's thanh 100000 
[2020/10/1 - 20:09:41] [STAFF]Subaru da dieu Da Quy [STAFF]Subaru's thanh 100000 
[2020/10/2 - 11:39:30] MinhBin da dieu Da Quy MinhBin's thanh 1000000 
[2020/10/2 - 11:40:59] Ngoc_Anh da dieu Da Quy Ngoc_Anh's thanh 100000 
[2020/10/2 - 11:41:01] Ngoc_Anh da dieu Da Quy Ngoc_Anh's thanh 10000 
[2020/10/2 - 11:41:03] Ngoc_Anh da dieu Da Quy Ngoc_Anh's thanh 50000 
[2020/10/2 - 11:48:33] Young da dieu Da Quy Editor_Erik's thanh 20000 
[2020/10/3 - 22:35:20] Subaru_Okiya da dieu Da Quy WibuYakuza's thanh 10000 
[2020/10/3 - 22:35:23] Subaru_Okiya da dieu Da Quy WibuYakuza's thanh 100000 
[2020/10/3 - 22:37:57] TranMinhThuan da dieu Da Quy TranMinhThuan's thanh 10000000 
[2020/10/3 - 22:43:21] Young da dieu Da Quy WibuYakuza's thanh 10000 
[2020/10/3 - 22:45:53] Subaru_Okiya da dieu Da Quy Subaru_Okiya's thanh 200000000 
[2020/10/4 - 12:52:09] Young da dieu Da Quy NgoMinh._.Thuan's thanh 136000 
[2020/10/4 - 12:53:05] Young da dieu Da Quy Khoa_TraiCay's thanh 1800000000 
[2020/10/4 - 12:53:56] Young da dieu Da Quy xoai_ngot's thanh 100000 
[2020/10/4 - 12:57:11] Young da dieu Da Quy Khoa_TraiCay's thanh 18000000 
[2020/10/4 - 12:57:58] Young da dieu Da Quy Khoa_TraiCay's thanh 1800000 
[2020/10/4 - 13:16:37] TranMinhThuan da dieu Da Quy TranMinhThuan's thanh 100000000 
[2020/10/4 - 13:17:12] TranMinhThuan da dieu Da Quy TranMinhThuan's thanh -1589934592 
[2020/10/4 - 13:17:18] TranMinhThuan da dieu Da Quy TranMinhThuan's thanh 1000000000 
[2020/10/4 - 13:17:20] TranMinhThuan da dieu Da Quy TranMinhThuan's thanh 705032704 
[2020/10/4 - 13:17:27] TranMinhThuan da dieu Da Quy TranMinhThuan's thanh 500000000 
[2020/10/4 - 13:17:32] TranMinhThuan da dieu Da Quy TranMinhThuan's thanh 900000000 
[2020/10/4 - 14:09:09] Young da dieu Da Quy Khoa_TraiCay's thanh 500000 
[2020/10/4 - 14:22:25] Young da dieu Da Quy Ongtrum_Deagle's thanh 20000 
[2020/10/4 - 14:25:25] Young da dieu Da Quy zeng_xihan's thanh 500 
[2020/10/4 - 14:52:49] nDP da dieu Da Quy Editor_Erik's thanh 50000000 
[2020/10/4 - 15:10:22] Young da dieu Da Quy Marko's thanh 50000 
[2020/10/4 - 15:31:44] Nhon da dieu Da Quy Nhon's thanh 9999999 
[2020/10/4 - 16:29:05] Young da dieu Da Quy Alexsander_Peter's thanh 1000 
[2020/10/4 - 16:43:12] Young da dieu Da Quy Ongtrum_Deagle's thanh 900000 
[2020/10/4 - 16:51:37] Young da dieu Da Quy Ongtrum_Deagle's thanh 900000 
[2020/10/4 - 17:10:20] Young da dieu Da Quy Ongtrum_Deagle's thanh 100000 
[2020/10/4 - 18:27:47] Alie da dieu Da Quy tien's thanh 50000 
[2020/10/4 - 18:28:27] Alie da dieu Da Quy Madara's thanh 50000 
[2020/10/4 - 18:49:34] TranMinhThuan da dieu Da Quy TranMinhThuan's thanh 999999999 
[2020/10/4 - 19:17:03] Alie da dieu Da Quy [Admin]DucTrong's thanh 50000 
[2020/10/4 - 21:38:10] Alie da dieu Da Quy Vey's thanh 100000 
[2020/10/4 - 22:18:23] Alie da dieu Da Quy Quy_BT's thanh 2000 
[2020/10/4 - 22:20:09] [Admin]Ken da dieu Da Quy Hien's thanh 2000 
[2020/10/4 - 22:21:33] [Admin]Ken da dieu Da Quy Hien's thanh 102000 
[2020/10/5 - 9:42:37] Young da dieu Da Quy Marko's thanh 1000000000 
[2020/10/5 - 12:15:02] Young da dieu Da Quy Zuy._.Kute's thanh 1409891860 
[2020/10/5 - 15:55:26] Young da dieu Da Quy Khoa_TraiCay's thanh 1800000 
[2020/10/5 - 15:58:07] Young da dieu Da Quy Khoa_TraiCay's thanh 200000 
[2020/10/5 - 15:58:14] Young da dieu Da Quy Khoa_TraiCay's thanh 16000000 
[2020/10/5 - 17:28:40] MinhBin da dieu Da Quy MinhBin's thanh 999999999 
[2020/10/5 - 18:16:18] Alie da dieu Da Quy Son.Heung_Min.'s thanh 20000 
[2020/10/5 - 18:26:21] Alie da dieu Da Quy Marko's thanh 100000 
[2020/10/5 - 18:33:01] Alie da dieu Da Quy BaoAnBanNgu's thanh 200000 
[2020/10/5 - 19:06:43] Alie da dieu Da Quy Alie's thanh 50000 
[2020/10/5 - 19:57:23] Alie da dieu Da Quy Rin_Rin's thanh 100000 
[2020/10/6 - 9:18:04] Young da dieu Da Quy Marko's thanh 50000000 
[2020/10/6 - 11:05:14] Young da dieu Da Quy Rin_Rin's thanh 200000 
[2020/10/6 - 15:25:10] Young da dieu Da Quy TamMa's thanh 500000000 
[2020/10/6 - 17:47:17] Young da dieu Da Quy NLG_Quaydau's thanh 500000 
[2020/10/6 - 19:53:13] Alie da dieu Da Quy Dolce_Gabbana's thanh 500000 
[2020/10/6 - 19:54:53] Alie da dieu Da Quy NLG_Quaydau's thanh 1000000 
[2020/10/6 - 19:54:57] Alie da dieu Da Quy NLG_Quaydau's thanh 100000000 
[2020/10/7 - 8:30:26] Young da dieu Da Quy Young's thanh 10000 
[2020/10/7 - 8:30:55] Young da dieu Da Quy Young's thanh 200 
[2020/10/7 - 8:30:57] Young da dieu Da Quy Young's thanh 20000 
[2020/10/7 - 8:30:58] Young da dieu Da Quy Young's thanh 20000 
[2020/10/7 - 11:09:44] Young da dieu Da Quy Young's thanh 999999 
[2020/10/7 - 11:10:00] Young da dieu Da Quy Young's thanh 999999 
[2020/10/7 - 12:31:02] Young da dieu Da Quy Joker_Ballas's thanh 779950 
[2020/10/7 - 13:24:10] BestOfTheWar da dieu Da Quy BestOfTheWar's thanh 28022401 
[2020/10/7 - 14:10:03] Young da dieu Da Quy Mexico.cocos's thanh 1369 
[2020/10/7 - 14:12:25] ABCXYZ da dieu Da Quy ABCXYZ's thanh 10000 
[2020/10/7 - 14:21:12] ABCXYZ da dieu Da Quy ABCXYZ's thanh 10000 
[2020/10/7 - 16:04:05] ABCXYZ da dieu Da Quy FullDz's thanh 10000 
[2020/10/7 - 16:04:56] ABCXYZ da dieu Da Quy ABCXYZ's thanh 0 
[2020/10/7 - 16:41:41] Young da dieu Da Quy Young's thanh 9999 
[2020/10/7 - 19:12:34] Alie da dieu Da Quy [ADMIN]Son's thanh 50000 
[2020/10/7 - 19:51:35] Young da dieu Da Quy Young's thanh 100000 
[2020/10/7 - 20:40:10] ABCXYZ da dieu Da Quy ABCXYZ's thanh 1000000000 
[2020/10/8 - 9:23:34] Young da dieu Da Quy Young's thanh 999999 
[2020/10/8 - 10:45:04] Young da dieu Da Quy Young's thanh 10000000 
[2020/10/8 - 12:05:07] Young da dieu Da Quy $ChitZZ$'s thanh 1518138322 
[2020/10/8 - 12:10:48] Young da dieu Da Quy Gnoal.'s thanh 15000000 
[2020/10/8 - 12:32:05] Young da dieu Da Quy MiE's thanh 1709932092 
[2020/10/8 - 12:34:28] Young da dieu Da Quy MiE's thanh 2000000000 
[2020/10/8 - 12:34:51] Young da dieu Da Quy MiE's thanh -1794967296 
[2020/10/8 - 12:35:30] Young da dieu Da Quy MiE's thanh 2000000000 
[2020/10/8 - 15:17:03] Young da dieu Da Quy MiE's thanh 500000000 
[2020/10/8 - 15:27:44] Young da dieu Da Quy [Info]son's thanh 50000 
[2020/10/8 - 18:30:22] Young da dieu Da Quy [Info]son's thanh 100000 
[2020/10/9 - 12:10:37] Young da dieu Da Quy HiepGamerThuongTjnn's thanh 160000000 
[2020/10/9 - 12:41:55] System da dieu Da Quy Khoa_TraiCay's thanh 200000 
[2020/10/9 - 12:44:19] System da dieu Da Quy System's thanh 200000000 
[2020/10/9 - 12:49:47] System da dieu Da Quy System's thanh 2000000000 
[2020/10/9 - 12:53:50] System da dieu Da Quy System's thanh 2000000000 
[2020/10/9 - 12:54:19] System da dieu Da Quy Khoa_TraiCay's thanh 3000000 
[2020/10/9 - 12:56:08] System da dieu Da Quy Bang_Phi's thanh 1000000 
[2020/10/9 - 15:12:03] System da dieu Da Quy TEX's thanh 100000 
[2020/10/9 - 15:14:00] Young da dieu Phieu Xe Faction VanBinh_Smile's thanh 2 
[2020/10/9 - 15:29:53] Young da dieu Da Quy Mr.T_Hung's thanh 2002735671 
[2020/10/9 - 17:31:23] Young da dieu Da Quy Quy_nhoc's thanh 170814048 
[2020/10/9 - 18:56:01] Young da dieu Da Quy Khongten_Longan's thanh 2000000000 
[2020/10/9 - 21:07:11] Young da dieu Da Quy Mr.T_Hung's thanh 2000000000 
[2020/10/10 - 11:00:21] System da dieu Da Quy KuDo_ShiNiChi's thanh 200000000 
[2020/10/10 - 11:05:34] System da dieu Da Quy Tray_Tho's thanh 10000000 
[2020/10/10 - 11:05:42] System da dieu Da Quy System's thanh 1000000000 
[2020/10/10 - 11:07:29] System da dieu Da Quy KuDo_ShiNiChi's thanh 200000000 
[2020/10/10 - 11:11:36] System da dieu Da Quy KuDo_ShiNiChi's thanh 200000000 
[2020/10/10 - 11:36:21] System da dieu Da Quy System's thanh 2000000000 
[2020/10/10 - 11:38:27] System da dieu Da Quy System's thanh 1200000000 
[2020/10/10 - 11:43:41] System da dieu Da Quy beetest's thanh 5000000 
[2020/10/10 - 15:52:06] system da dieu Da Quy Dii_HinhSu's thanh 2000000000 
[2020/10/10 - 16:16:22] Young da dieu Da Quy Hung_DZ's thanh 200000000 
[2020/10/10 - 16:47:46] Young da dieu Da Quy Young's thanh 9999999 
[2020/10/10 - 16:48:04] Young da dieu Da Quy Young's thanh 9999999 
[2020/10/10 - 16:48:25] Young da dieu Da Quy Young's thanh 9999999 
[2020/10/10 - 17:58:32] Young da dieu Da Quy Ken_Yakuza's thanh 140000000 
[2020/10/10 - 17:58:55] Young da dieu Da Quy Hades_Yakuza's thanh 200000 
[2020/10/10 - 18:30:28] Young da dieu Da Quy Darry_Cow's thanh 150 
[2020/10/10 - 18:30:33] Young da dieu Da Quy Darry_Cow's thanh 150000 
[2020/10/10 - 18:34:19] Young da dieu Da Quy Darry_Cow's thanh 75000 
[2020/10/10 - 18:35:51] Young da dieu Da Quy Tajae's thanh 500000 
[2020/10/10 - 18:44:54] Young da dieu Da Quy Alexsander_Dragon's thanh 40000000 
[2020/10/10 - 18:45:04] Young da dieu Da Quy Luffy's thanh 50000000 
[2020/10/10 - 18:45:50] Young da dieu Da Quy Alexsander_Dragon's thanh 400000000 
[2020/10/10 - 19:43:39] System da dieu Da Quy Killer.Madara's thanh 60000 
[2020/10/11 - 3:40:04] System da dieu Da Quy Dii_HinhSu's thanh 9999 
[2020/10/11 - 4:50:25] System da dieu Da Quy System's thanh 1000000 
[2020/10/11 - 7:48:13] Young da dieu Killer Young's thanh 300 
[2020/10/11 - 7:48:47] Young da dieu Killer Young's thanh 300 
[2020/10/11 - 7:48:54] Young da dieu Killer Young's thanh 300 
[2020/10/11 - 7:49:04] Young da dieu Killer Young's thanh 800 
[2020/10/11 - 8:22:04] Young da dieu Da Quy Khoa_TraiCay's thanh 117000000 
[2020/10/11 - 8:57:22] Young da dieu Da Quy CamDangYeu's thanh 1100000000 
[2020/10/11 - 9:32:43] Young da dieu Phieu Xe Faction Nguyenhao's thanh 1 
[2020/10/11 - 10:10:32] Young da dieu Da Quy WibuYakuza's thanh 900000000 
[2020/10/11 - 10:24:13] Alie da dieu Da Quy KillerHades's thanh 500000 
[2020/10/11 - 10:43:18] Young da dieu Da Quy Hung_DZ's thanh 300000000 
[2020/10/11 - 10:46:55] Alie da dieu Da Quy Bang_Phi's thanh 100000 
[2020/10/11 - 10:52:25] Young da dieu Da Quy Alexsander_Shows's thanh 380000000 
[2020/10/11 - 11:20:36] BestOfTheWar da dieu Da Quy BestOfTheWar's thanh 999999999 
[2020/10/11 - 11:20:37] BestOfTheWar da dieu Da Quy BestOfTheWar's thanh 1410065407 
[2020/10/11 - 11:20:39] BestOfTheWar da dieu Da Quy BestOfTheWar's thanh 999999999 
[2020/10/11 - 11:21:43] BestOfTheWar da dieu Da Quy BestOfTheWar's thanh 1051138562 
[2020/10/11 - 11:21:44] BestOfTheWar da dieu Da Quy BestOfTheWar's thanh 1921451030 
[2020/10/11 - 11:21:53] BestOfTheWar da dieu Da Quy BestOfTheWar's thanh 2034641118 
[2020/10/11 - 11:22:03] BestOfTheWar da dieu Da Quy BestOfTheWar's thanh -1128425298 
[2020/10/11 - 11:22:05] BestOfTheWar da dieu Da Quy BestOfTheWar's thanh 2034641118 
[2020/10/11 - 13:29:20] Young da dieu Da Quy [HilltopMilitia]$ang's thanh 800000000 
[2020/10/11 - 15:06:38] Young da dieu Da Quy Mr.T_Hung's thanh 2000000000 
[2020/10/11 - 18:07:02] Young da dieu Da Quy Young's thanh 1000000000 
[2020/10/12 - 7:38:47] Young da dieu Da Quy DaiCa.Duc.'s thanh 1000000000 
[2020/10/12 - 7:41:08] Young da dieu Da Quy Young's thanh 1215752191 
[2020/10/12 - 19:48:53] Young da dieu Da Quy Datsky_123's thanh 1000000 
[2020/10/12 - 19:48:56] Young da dieu Da Quy Datsky_123's thanh 10000000 
[2020/10/12 - 19:59:52] Alie da dieu Da Quy [CTV]SangDepTrai's thanh 100000000 
[2020/10/13 - 10:07:30] Alie. da dieu Da Quy BestCheO_Zecc's thanh 50000 
[2020/10/13 - 12:27:29] Young da dieu Da Quy alexander_amos's thanh 1000000000 
[2020/10/13 - 12:42:10] Young da dieu Da Quy [Trum]DauCat_Moi's thanh 9999999 
[2020/10/13 - 12:42:30] Young da dieu Da Quy [Trum]DauCat_Moi's thanh 999999 
[2020/10/13 - 14:51:44] [BQT]Ren da dieu Da Quy TVH_TuAiDuBay's thanh 1000000000 
[2020/10/13 - 22:38:46] [admin]Ken da dieu Da Quy Quy_Nhoc's thanh 20000000 
[2020/10/13 - 22:39:20] [admin]Ken da dieu Da Quy [admin]Ken's thanh 200000000 
[2020/10/14 - 12:23:25] [admin]Ken da dieu Da Quy TOXIC's thanh 200000000 
[2020/10/14 - 18:10:12] Alie da dieu Da Quy [Trum]MinhBinBatDiet's thanh 500000 
[2020/10/14 - 20:24:33] Alie da dieu Da Quy [CM]DONG's thanh 50000 
[2020/10/14 - 20:26:39] Alie da dieu Da Quy BePhong's thanh 1000000 
[2020/10/14 - 20:28:54] Alie da dieu Da Quy cute_boiz's thanh 1000000 
[2020/10/14 - 20:31:00] Young da dieu Da Quy Kunichiwa_kawai's thanh 1000 
[2020/10/14 - 22:15:23] [admin]Ken da dieu Da Quy Noname001's thanh 10000 
[2020/10/14 - 23:28:34] Alie da dieu Da Quy Alie's thanh 2000000000 
[2020/10/14 - 23:28:36] Alie da dieu Da Quy Alie's thanh -1474836480 
[2020/10/14 - 23:28:38] Alie da dieu Da Quy Alie's thanh 2000000000 
[2020/10/14 - 23:30:28] Alie da dieu Da Quy Alie's thanh 0 
[2020/10/14 - 23:51:52] Alie da dieu Da Quy Ma_Thuan's thanh 100000000 
[2020/10/15 - 9:17:32] nDPDz da dieu Da Quy Ngoc.Z's thanh 100000000 
[2020/10/15 - 9:17:46] nDPDz da dieu Da Quy Nhan_Legendary's thanh 20000 
[2020/10/15 - 9:32:47] nDPDz da dieu Da Quy Nhan_Legendary's thanh 100000 
[2020/10/15 - 9:55:09] nDPDz da dieu Da Quy Nhan_Legendary's thanh 350000 
[2020/10/15 - 10:39:18] nDPDz da dieu Da Quy Kai_Tox's thanh 50000000 
[2020/10/15 - 10:40:26] nDPDz da dieu Da Quy Kai_Tox's thanh 50000000 
[2020/10/15 - 18:11:41] nDPDz da dieu Da Quy Kai_Tox's thanh 250000000 
[2020/10/15 - 18:58:22] Young da dieu Da Quy Quan_Khoc_Nhoe's thanh 10000 
[2020/10/15 - 19:10:33] Alie da dieu Da Quy Cho_Dai's thanh 60000000 
[2020/10/15 - 19:27:37] Alie da dieu Da Quy QuanG_Zecc's thanh 100000 
[2020/10/15 - 20:21:23] Alie da dieu Da Quy [CTV]_Joker's thanh 50000 
[2020/10/15 - 20:34:11] Alie da dieu Da Quy kill.exe's thanh 0 
[2020/10/15 - 21:43:36] Alie da dieu Da Quy Nam_DucMe's thanh 500000 
[2020/10/16 - 10:36:18] Alie da dieu Da Quy vodung's thanh 700000000 
[2020/10/16 - 14:03:20] Alie da dieu Da Quy Ch0Daj's thanh 100000000 
[2020/10/16 - 15:32:27] Alie da dieu Da Quy To_To's thanh 100000000 
[2020/10/16 - 20:56:56] Alie da dieu Da Quy [Advisor]_NgocLinh's thanh 900000000 
[2020/10/17 - 7:52:28] Alie da dieu Da Quy Ch0Daj's thanh 200000000 
[2020/10/17 - 8:11:25] Young da dieu Phieu Xe Faction ChayyZecc_Whalee's thanh 2 
[2020/10/17 - 12:56:54] Young da dieu Da Quy Advisor_WoWy's thanh 2000000000 
[2020/10/17 - 13:44:09] [BQT]Ren da dieu Da Quy MapZ_DaiGia's thanh 500000000 
[2020/10/17 - 13:44:30] [BQT]Ren da dieu Da Quy MapZ_DaiGia's thanh 1000000000 
[2020/10/17 - 14:32:34] Youngj da dieu Da Quy HoangTan's thanh 240000000 
[2020/10/17 - 14:33:54] Young da dieu Da Quy Young's thanh 10000000 
[2020/10/17 - 14:59:47] Young da dieu Da Quy DuongHoangDii's thanh 2000000000 
[2020/10/17 - 15:08:51] Young da dieu Da Quy Willson's thanh 2000000000 
[2020/10/17 - 15:27:46] [GUCCI]nDPDz da dieu Da Quy [GUCCI]nDPDz's thanh 999999999 
[2020/10/17 - 16:35:52] Young da dieu Da Quy Huy_TamLong's thanh 2001888107 
[2020/10/17 - 16:37:38] [BQT]Ren da dieu Da Quy SSG_HoangDii's thanh 500000000 
[2020/10/17 - 16:42:00] Young da dieu Da Quy TVH_hieupro's thanh 2002209116 
[2020/10/17 - 20:29:29] Young da dieu Phieu Xe Faction Fanny's thanh 1 
[2020/10/17 - 20:45:20] Alie da dieu Da Quy HoangTan's thanh 600000000 
[2020/10/17 - 20:58:04] Young da dieu Da Quy Kaze_Name's thanh 1692012249 
[2020/10/17 - 21:02:49] Young da dieu Da Quy Nguyen_Tu's thanh 2092511610 
[2020/10/17 - 21:02:52] Young da dieu Da Quy Nguyen_Tu's thanh 2002511610 
[2020/10/17 - 22:34:01] Alie da dieu Da Quy MinhUyen_Darkness's thanh 100000000 
[2020/10/18 - 8:21:44] 1000000 da dieu Da Quy 1000000's thanh 200000 
[2020/10/18 - 8:21:55] 1000000 da dieu Da Quy 1000000's thanh 200000 
[2020/10/18 - 8:43:45] 1000000000 da dieu Da Quy Ch0Djen's thanh 2000000000 
[2020/10/18 - 8:53:28] Young_Go da dieu Da Quy Young_Go's thanh 200000000 
[2020/10/18 - 8:57:28] Young_Gog da dieu Da Quy Young_Gog's thanh 8999999 
[2020/10/18 - 8:57:32] Young_Gog da dieu Da Quy Young_Gog's thanh 89999990 
[2020/10/18 - 8:57:38] Young_Gog da dieu Da Quy Young_Gog's thanh 200000000 
[2020/10/18 - 9:28:26] bfdb da dieu Da Quy bfdb's thanh 10000000 
[2020/10/18 - 10:14:46] Young da dieu Da Quy Young's thanh 99999999 
[2020/10/18 - 14:00:38] Young da dieu Da Quy long.gamer's thanh 2000000000 
[2020/10/18 - 14:06:30] Young da dieu Da Quy Quy_nhoc's thanh 2000000000 
[2020/10/18 - 14:20:08] Alie da dieu Da Quy KimTrang_Hacking's thanh 100000000 
[2020/10/18 - 15:04:06] Young da dieu GEM Quy_nhoc's thanh 200 
[2020/10/18 - 15:06:40] Young da dieu Da Quy Quy_nhoc's thanh 0 
[2020/10/18 - 15:06:42] Young da dieu Da Quy Quy_nhoc's thanh 1 
[2020/10/18 - 15:40:12] Young da dieu Da Quy HongHung_GaRung's thanh 100000 
[2020/10/18 - 15:40:43] Conss da dieu Da Quy HongHung_GaRung's thanh 100000 
[2020/10/18 - 15:40:56] Conss da dieu Da Quy Conss's thanh 100000 
[2020/10/18 - 15:41:28] Consss da dieu Da Quy Consss's thanh 200000 
[2020/10/18 - 16:01:18] nDPDz da dieu Phieu Xe Faction 100$'s thanh 100 
[2020/10/18 - 18:51:26] Young da dieu Da Quy Young's thanh 788888858 
[2020/10/18 - 21:22:31] [BQT]rEN da dieu Da Quy [GM]Hoang's thanh 500000000 
[2020/10/19 - 10:05:06] Alie da dieu Da Quy [FM]KayBinz's thanh 500000000 
[2020/10/19 - 10:11:53] Alie da dieu Da Quy [ADmin]Minh.ThaiTu's thanh 200000000 
[2020/10/19 - 11:15:22] NaVy da dieu Da Quy NaVy's thanh 700000000 
[2020/10/19 - 18:30:21] Young da dieu Da Quy KumBlack's thanh -1474836480 
[2020/10/19 - 18:30:26] Young da dieu Da Quy KumBlack's thanh 1295111048 
[2020/10/19 - 20:51:51] nDPDz da dieu Da Quy 100$'s thanh 1000000000 
[2020/10/19 - 20:52:02] nDPDz da dieu Da Quy 100$'s thanh 2000000000 
[2020/10/19 - 20:52:10] nDPDz da dieu Da Quy 100$'s thanh 1900000000 
[2020/10/19 - 20:53:04] nDPDz da dieu Da Quy 100$'s thanh -363725369 
[2020/10/19 - 20:53:08] nDPDz da dieu Da Quy 100$'s thanh -363725480 
[2020/10/19 - 20:53:11] nDPDz da dieu Da Quy 100$'s thanh -363836480 
[2020/10/19 - 20:53:14] nDPDz da dieu Da Quy 100$'s thanh -474836480 
[2020/10/19 - 20:53:19] nDPDz da dieu Da Quy 100$'s thanh 2000000000 
[2020/10/19 - 20:53:23] nDPDz da dieu Da Quy 100$'s thanh 2010000000 
[2020/10/19 - 20:53:25] nDPDz da dieu Da Quy 100$'s thanh 2110000000 
[2020/10/19 - 20:53:28] nDPDz da dieu Da Quy 100$'s thanh 2111000000 
[2020/10/19 - 20:53:30] nDPDz da dieu Da Quy 100$'s thanh 2111100000 
[2020/10/20 - 12:05:07] young da dieu Da Quy Advisor_WoWy's thanh 1000000000 
[2020/10/20 - 14:17:02] [BQT]Ren da dieu Da Quy Ngai_VaCham's thanh 1000000000 
[2020/10/20 - 14:17:41] [BQT]Ren da dieu Da Quy Ngai_VaCham's thanh 1000000000 
[2020/10/20 - 21:33:12] Alie da dieu Da Quy PLDZ's thanh 1000000000 
[2020/10/21 - 19:45:17] Alie da dieu Phieu Xe Faction Fuckboiz_'s thanh 20 
[2020/10/21 - 19:46:05] Alie da dieu Da Quy Fuckboiz_'s thanh 50000000 
[2020/10/21 - 19:47:11] Alie da dieu Phieu Xe Faction RedBuss's thanh 5 
[2020/10/21 - 19:47:27] Alie da dieu Da Quy RedBuss's thanh 5000000 
[2020/10/21 - 19:47:40] Alie da dieu Da Quy RedBuss's thanh 50000000 
[2020/10/21 - 19:47:44] [FM]KayBinz da dieu Phieu Xe Faction [FM]KayBinz's thanh 1 
[2020/10/21 - 19:56:20] Alie da dieu Phieu Xe Faction emmoichoigame's thanh 5 
[2020/10/21 - 21:04:41] Young da dieu Phieu Xe Faction Gucci's thanh 1 
[2020/10/22 - 11:56:01] Alie da dieu Phieu Xe Faction Binh_Storm's thanh 10 
[2020/10/22 - 12:19:06] Alie da dieu Da Quy Alan_Kun's thanh 1000000 
[2020/10/22 - 12:19:36] Alie da dieu Phieu Xe Faction Alan_Kun's thanh 10 
[2020/10/22 - 12:21:35] Alie da dieu Phieu Xe Faction HoangTan's thanh 10 
[2020/10/22 - 14:18:01] Alie da dieu Phieu Xe Faction Chris_Coleman's thanh 5 
[2020/10/22 - 18:12:02] nDPDz da dieu Da Quy 100$'s thanh 2000000000 
[2020/10/22 - 18:12:11] nDPDz da dieu Da Quy 100$'s thanh 2100000000 
[2020/10/22 - 18:12:19] nDPDz da dieu Da Quy 100$'s thanh 2110000000 
[2020/10/22 - 18:12:22] nDPDz da dieu Da Quy 100$'s thanh 215000000 
[2020/10/22 - 18:12:25] nDPDz da dieu Da Quy 100$'s thanh 220000000 
[2020/10/22 - 18:12:39] nDPDz da dieu Da Quy 100$'s thanh 220000000 
[2020/10/22 - 18:51:32] nDPDz da dieu Da Quy .TuNnZ.Z.z.Z's thanh 1000000000 
[2020/10/22 - 20:59:30] Alie da dieu Da Quy Noname's thanh 100000000 
[2020/10/23 - 19:26:35] whattoheo da dieu Da Quy KazaYakuza's thanh 2000000000 
[2020/10/24 - 19:38:26] Young da dieu Da Quy XuanTruong.Cute's thanh 2000000000 
[2020/10/25 - 8:16:40] Young da dieu Da Quy Young's thanh 100000 
[2020/10/25 - 12:39:01] Young da dieu Da Quy Young's thanh 10000000 
[2020/10/25 - 13:57:52] Young da dieu Da Quy XuanTruong.Cute's thanh 2000000000 
[2020/10/25 - 14:23:15] MinhBin da dieu Da Quy MinhBin's thanh 999999999 
[2020/10/25 - 14:27:16] Young da dieu Da Quy Kelvin_01's thanh 190000000 
[2020/10/25 - 14:29:00] Young da dieu Da Quy Kelvin_01's thanh 2000000000 
[2020/10/25 - 14:36:03] MinhBin da dieu Da Quy Tom_smith's thanh 10000000 
[2020/10/25 - 14:40:52] Young da dieu Da Quy Tom_smith's thanh 2000000000 
[2020/10/25 - 15:11:24] Young da dieu Da Quy King_Warriors's thanh 1000000000 
[2020/10/25 - 15:26:39] Young da dieu Da Quy Tokuda...'s thanh 2000000000 
[2020/10/26 - 17:00:59] YoungMatDay da dieu Da Quy Tai_KhongHacking's thanh 2000000000 
[2020/10/26 - 18:12:05] YoungMatDay da dieu Da Quy LeMinhThuan's thanh 10000000 
[2020/10/26 - 20:22:17] YoungMatDay da dieu Da Quy Quy_YaKuZa's thanh 2000000000 
[2020/10/26 - 20:29:36] [BQT]Ren da dieu Da Quy Quy_YaKuZa's thanh 2000000000 
[2020/10/26 - 20:32:25] [BQT]Ren da dieu Da Quy Hung_Channels's thanh 660660799 
[2020/10/27 - 7:46:06] YoungMatDay da dieu Da Quy YoungMatDay's thanh 1410065408 
[2020/10/27 - 7:46:09] YoungMatDay da dieu Da Quy YoungMatDay's thanh 1000000000 
[2020/10/27 - 7:46:48] YoungMatDay da dieu Da Quy YoungMatDay's thanh -1474836480 
[2020/10/27 - 7:46:49] YoungMatDay da dieu Da Quy YoungMatDay's thanh 2000000000 
[2020/10/27 - 13:20:26] YoungMatDay da dieu Da Quy Shanks.'s thanh 2000000000 
[2020/10/27 - 19:51:21] YoungMatDay da dieu Da Quy Tom_Jerry's thanh 2000000000 
[2020/10/28 - 8:40:16] YoungMatDay da dieu Da Quy YoungMatDay's thanh 100000 
[2020/10/28 - 8:40:18] YoungMatDay da dieu Da Quy YoungMatDay's thanh 10000000 
[2020/10/28 - 8:40:21] YoungMatDay da dieu Da Quy YoungMatDay's thanh 100000 
[2020/10/28 - 8:40:23] YoungMatDay da dieu Da Quy YoungMatDay's thanh 100000 
[2020/10/28 - 12:30:39] YoungMatDay da dieu Da Quy Hung_Channels's thanh 10 
[2020/10/28 - 12:30:40] YoungMatDay da dieu Da Quy Hung_Channels's thanh 100 
[2020/10/28 - 12:46:29] [BQT]Ren da dieu Da Quy [BQT]Ren's thanh 9999 
[2020/10/28 - 12:46:43] [BQT]Ren da dieu Da Quy [BQT]Ren's thanh 9999 
[2020/10/28 - 12:47:40] [BQT]Ren da dieu Da Quy [BQT]Ren's thanh 9999 
[2020/10/28 - 12:47:47] [BQT]Ren da dieu Da Quy [BQT]Ren's thanh 9999 
[2020/10/28 - 13:07:56] [BQT]Ren da dieu Da Quy [BQT]Ren's thanh 9999 
[2020/10/28 - 17:04:36] Alie da dieu Da Quy SHAFT_113's thanh 100000 
[2020/10/28 - 17:04:45] Alie da dieu Da Quy BoyMyCon's thanh 100000 
[2020/10/28 - 17:04:48] Alie da dieu Da Quy HieuFs's thanh 100000 
[2020/10/28 - 17:04:51] Alie da dieu Da Quy Nicolas's thanh 100000 
[2020/10/28 - 17:04:53] Alie da dieu Da Quy HoangDii_Yakura's thanh 100000 
[2020/10/28 - 17:04:58] Alie da dieu Da Quy TrumSamp's thanh 100000 
[2020/10/28 - 19:12:11] YoungMatDay da dieu Da Quy ChuaHeBinhDuong's thanh 1 
[2020/10/28 - 21:10:21] YoungMatDay da dieu Da Quy YoungMatDay's thanh 100000 
[2020/10/29 - 14:46:06] Alie da dieu Phieu Xe Faction Bii's thanh 5 
[2020/10/29 - 20:43:52] Alie da dieu Phieu Xe Faction Nguyenquoc_trung's thanh 10 
[2020/10/29 - 20:44:12] Alie da dieu Phieu Xe Faction BroyyZeccx's thanh 5 
[2020/10/29 - 20:44:42] Alie da dieu Phieu Xe Faction Tree_Trojan's thanh 7 
[2020/10/29 - 20:52:27] NPT da dieu Da Quy NPT's thanh 2000000000 
[2020/10/29 - 22:17:05] NaVy da dieu Da Quy NaVy's thanh 9999 
[2020/10/29 - 22:17:12] NaVy da dieu Da Quy NaVy's thanh 9999 
[2020/10/29 - 22:17:24] NaVy da dieu Da Quy NaVy's thanh 9999 
[2020/10/30 - 12:41:32] Alie da dieu Da Quy Dii_KhongNgu's thanh 10000 
[2020/10/30 - 13:16:18] Alie da dieu Da Quy Nam_CuTe's thanh 10000 
[2020/10/30 - 13:16:23] Alie da dieu Da Quy TrHau_Cute's thanh 10000 
[2020/10/30 - 13:24:04] Alie da dieu Da Quy ThunderNeverDie's thanh 10000 
[2020/10/30 - 14:04:06] Alie da dieu Da Quy Tat_Thang's thanh 10000 
[2020/10/30 - 14:05:22] Alie da dieu Da Quy [TMK]NgocZ's thanh 10000 
[2020/10/30 - 16:12:22] Alie da dieu Da Quy Tex.Wjbu's thanh 10000 
[2020/10/30 - 16:20:45] Alie da dieu Da Quy Lamzeccxyz's thanh 10000 
[2020/10/31 - 19:09:57] YoungMatDay da dieu Da Quy Shanks.'s thanh 50000 
[2020/10/31 - 19:11:22] YoungMatDay da dieu Da Quy Danny_Wean's thanh 0 
[2020/10/31 - 19:12:10] YoungMatDay da dieu Da Quy Chill's thanh 1 
[2020/10/31 - 19:59:07] Alie da dieu Phieu Xe Faction ComeBack's thanh 5 
[2020/11/1 - 11:55:01] YoungMatDay da dieu Da Quy Kay_War's thanh 0 
[2020/11/1 - 17:19:00] Alie da dieu Da Quy BeLoc_Z's thanh 1000 
[2020/11/1 - 18:01:13] YoungMatDay da dieu Da Quy Huu_Thuan's thanh 0 
[2020/11/1 - 18:01:50] YoungMatDay da dieu Da Quy MinhdyReRack's thanh 1000 
[2020/11/3 - 13:03:45] YoungMATDAY da dieu Da Quy Linh_NT's thanh 2000 
[2020/11/4 - 12:06:17] YoungMatDay da dieu Da Quy Le_Minh_Quan's thanh 90 
[2020/11/4 - 12:29:34] YoungMatDay da dieu Da Quy Dii_KhongNgu's thanh 0 
[2020/11/4 - 21:18:05] Alie da dieu Phieu Xe Faction Nguyen_VanTu's thanh 5 
[2020/11/5 - 12:21:58] YoungMatDay da dieu Da Quy YoungMatDay's thanh 10000 
[2020/11/5 - 14:26:22] YoungMatDay da dieu Da Quy TranQuocBao._.'s thanh 250 
[2020/11/5 - 15:44:34] YoungMatDay da dieu Da Quy [ES]Jessia's thanh 10000 
[2020/11/5 - 15:45:16] YoungMatDay da dieu Da Quy KhangThuHai's thanh 840 
[2020/11/5 - 19:34:57] LamChoDeoLamNguoi da dieu Da Quy Bento_Chan's thanh 0 
[2020/11/6 - 20:34:36] 111 da dieu Da Quy 111's thanh 1 
[2020/11/6 - 20:44:47] YoungFake da dieu Da Quy YeuEmGamer's thanh 540 
[2020/11/6 - 21:07:07] YoungFake da dieu Da Quy dai_long's thanh 130 
[2020/11/7 - 18:46:16] YoungFake da dieu Da Quy ThongOk's thanh 0 
[2020/11/7 - 18:50:00] YoungFake da dieu Da Quy Tu.Ok's thanh 0 
[2020/11/7 - 19:37:10] YoungFake da dieu Da Quy YoungFake's thanh 20000 
[2020/11/7 - 20:30:39] YoungFake da dieu Da Quy nguyengia_duy's thanh 3379 
[2020/11/7 - 20:30:54] YoungFake da dieu Da Quy Dii_KhongNgu's thanh 6020 
[2020/11/7 - 21:15:09] YoungFake da dieu Da Quy SquadRaw's thanh 0 
[2020/11/7 - 21:45:29] YoungFake da dieu Da Quy Quy_NoBiTa's thanh 0 
[2020/11/8 - 9:28:25] Young da dieu Da Quy TranQuocBao.__.'s thanh 0 
[2020/11/8 - 10:35:24] Young da dieu Da Quy Takashi_KhongNgu's thanh 300 
[2020/11/8 - 10:58:26] Young da dieu Da Quy Po_ThuTam's thanh 0 
[2020/11/8 - 11:02:30] Young da dieu Da Quy Po_ThuTam's thanh 12430 
[2020/11/8 - 12:03:45] Young da dieu Da Quy Po_YangHo's thanh 1 
[2020/11/8 - 12:40:22] Young da dieu Da Quy Young's thanh 20000 
[2020/11/8 - 12:41:00] Young da dieu Da Quy VFC_luffy's thanh 0 
[2020/11/8 - 13:13:27] Young da dieu Da Quy Hades's thanh 0 
[2020/11/8 - 13:17:41] Young da dieu Da Quy Hades's thanh 6700 
[2020/11/8 - 14:36:52] Young da dieu Da Quy Hung_Nobita's thanh 1 
[2020/11/8 - 15:22:12] Young da dieu Da Quy MahOk's thanh 522640 
[2020/11/8 - 17:17:03] Young da dieu Da Quy Young's thanh 20000 
[2020/11/8 - 19:26:25] Young da dieu Da Quy Bakaisme's thanh 100000 
[2020/11/8 - 20:09:18] Young da dieu Da Quy Bui_VanHien's thanh 0 
[2020/11/10 - 9:14:26] Young da dieu Da Quy Thong_NeverDie's thanh 0 
[2020/11/10 - 13:18:31] Young da dieu Phieu Xe Faction $HUONG_CUTE$'s thanh 1 
[2020/11/10 - 14:13:28] Young da dieu Phieu Xe Faction $HUONG_CUTE$'s thanh 1 
[2020/11/10 - 19:43:00] Young da dieu Da Quy nguyengia_duy's thanh 0 
[2020/11/10 - 20:42:07] Young da dieu Da Quy ThunderPhuLe's thanh 0 
[2020/11/10 - 20:44:02] Young da dieu Da Quy ThunderPhuLe's thanh 23000 
[2020/11/11 - 15:23:18] Young da dieu Da Quy Stranger_2310's thanh 0 
[2020/11/11 - 17:30:31] Young da dieu Da Quy VFC_QuanZ's thanh 120 
[2020/11/11 - 20:01:01] Young da dieu Da Quy rudolfs_toms's thanh 0 
