[2020/9/26 - 13:21:54] Master_zezo da set level gun  - M4a1 7. by Young
[2020/9/26 - 15:09:44] Marko.Kudo da set level gun  - M4a1 7. by [Young][TEAM]
[2020/9/26 - 15:09:47] Marko.Kudo da set level gun  - DEAGLE 7. by [Young][TEAM]
[2020/9/26 - 15:09:51] Marko.Kudo da set level gun  - SNIPER 7. by [Young][TEAM]
[2020/9/26 - 15:21:03] Alie da set level gun  - DEAGLE 7. by Alie
[2020/9/26 - 15:21:09] Alie da set level gun  - MP5 7. by Alie
[2020/9/26 - 15:21:11] Alie da set level gun  - SHOTGUN 7. by Alie
[2020/9/26 - 15:21:13] Alie da set level gun  - AK-47 7. by Alie
[2020/9/26 - 15:21:15] Alie da set level gun  - M4a1 7. by Alie
[2020/9/26 - 15:21:16] Alie da set level gun  - SPAS-12 7. by Alie
[2020/9/26 - 15:21:18] Alie da set level gun  - SNIPER 7. by Alie
[2020/9/26 - 15:40:10] [Young][TEAM] da set level gun  - M4a1 7. by [Young][TEAM]
[2020/9/27 - 7:09:52] [Hacking] da set level gun  - M4a1 7. by [YOUNG][TEAM]
[2020/9/27 - 7:11:02] [Hacking] da set level gun  - SNIPER 6. by [YOUNG][TEAM]
[2020/9/27 - 7:37:18] CarlDepTraiLamAdmin da set level gun  - M4a1 5. by [YOUNG][TEAM]
[2020/9/27 - 9:52:41] Marko.Kudo da set level gun  - M4a1 6. by [YOUNG][TEAM]
[2020/9/27 - 9:52:43] Marko.Kudo da set level gun  - DEAGLE 6. by [YOUNG][TEAM]
[2020/9/27 - 9:52:45] Marko.Kudo da set level gun  - MP5 6. by [YOUNG][TEAM]
[2020/9/27 - 9:52:48] Marko.Kudo da set level gun  - SNIPER 6. by [YOUNG][TEAM]
[2020/9/27 - 10:47:00] Joker_Khoa da set level gun  - DEAGLE 7. by [YOUNG][TEAM]
[2020/9/27 - 10:47:02] Joker_Khoa da set level gun  - DEAGLE 6. by [YOUNG][TEAM]
[2020/9/27 - 11:10:11] MinhLa_Tui da set level gun  - MP5 3. by Full
[2020/9/27 - 11:10:28] MinhLa_Tui da set level gun  - M4a1 3. by Full
[2020/9/27 - 11:11:39] MinhLa_Tui da set level gun  - M4a1 5. by Full
[2020/9/27 - 11:12:00] MinhLa_Tui da set level gun  - M4a1 3. by Full
[2020/9/27 - 11:12:02] MinhLa_Tui da set level gun  - MP5 3. by Full
[2020/9/27 - 11:12:19] MinhLa_Tui da set level gun  - MP5 5. by Full
[2020/9/27 - 11:12:44] MinhLa_Tui da set level gun  - MP5 6. by Full
[2020/9/27 - 11:12:59] MinhLa_Tui da set level gun  - MP5 7. by Full
[2020/9/27 - 11:18:42] Marko.Kudo da set level gun  - DEAGLE 6. by [YOUNG][TEAM]
[2020/9/27 - 11:18:46] Marko.Kudo da set level gun  - MP5 6. by [YOUNG][TEAM]
[2020/9/27 - 11:18:49] Marko.Kudo da set level gun  - M4a1 6. by [YOUNG][TEAM]
[2020/9/27 - 11:18:51] Marko.Kudo da set level gun  - SNIPER 6. by [YOUNG][TEAM]
[2020/9/27 - 11:20:08] Marko.Kudo da set level gun  - SHOTGUN 3. by [YOUNG][TEAM]
[2020/9/27 - 11:23:16] [Hacking] da set level gun  - M4a1 7. by [YOUNG][TEAM]
[2020/9/27 - 11:23:25] [Hacking] da set level gun  - SNIPER 6. by [YOUNG][TEAM]
[2020/9/27 - 11:23:30] [Hacking] da set level gun  - DEAGLE 6. by [YOUNG][TEAM]
[2020/9/27 - 11:23:39] Full da set level gun  - DEAGLE 7. by Full
[2020/9/27 - 11:23:40] Full da set level gun  - MP5 7. by Full
[2020/9/27 - 11:23:42] Full da set level gun  - SHOTGUN 7. by Full
[2020/9/27 - 11:23:44] Full da set level gun  - AK-47 7. by Full
[2020/9/27 - 11:23:45] Full da set level gun  - M4a1 7. by Full
[2020/9/27 - 11:23:47] Full da set level gun  - SPAS-12 7. by Full
[2020/9/27 - 11:23:48] Full da set level gun  - SNIPER 7. by Full
[2020/9/27 - 12:05:50] HiepGamerProHong da set level gun  - SPAS-12 4. by [YOUNG][TEAM]
[2020/9/27 - 12:13:06] Khang_Ngaoda da set level gun  - M4a1 3. by [YOUNG][TEAM]
[2020/9/27 - 12:32:58] BE_PHUONG da set level gun  - DEAGLE 7. by Full
[2020/9/27 - 12:33:01] BE_PHUONG da set level gun  - MP5 7. by Full
[2020/9/27 - 12:33:02] BE_PHUONG da set level gun  - SHOTGUN 7. by Full
[2020/9/27 - 12:33:03] BE_PHUONG da set level gun  - AK-47 7. by Full
[2020/9/27 - 12:33:05] BE_PHUONG da set level gun  - M4a1 7. by Full
[2020/9/27 - 12:33:07] BE_PHUONG da set level gun  - SPAS-12 7. by Full
[2020/9/27 - 12:33:09] BE_PHUONG da set level gun  - SNIPER 7. by Full
[2020/9/27 - 14:14:48] Young da set level gun  - M4a1 7. by Young
[2020/9/27 - 14:14:50] Young da set level gun  - SNIPER 7. by Young
[2020/9/27 - 14:14:53] Young da set level gun  - DEAGLE 7. by Young
[2020/9/27 - 14:22:08] HangHai_Sang da set level gun  - DEAGLE 6. by Alie
[2020/9/27 - 14:22:16] HangHai_Sang da set level gun  - M4a1 6. by Alie
[2020/9/27 - 14:33:37] Hai_Long da set level gun  - MP5 6. by Alie
[2020/9/27 - 14:33:42] Hai_Long da set level gun  - M4a1 6. by Alie
[2020/9/27 - 16:05:36] Ngoc.Kudo da set level gun  - DEAGLE 7. by Alie
[2020/9/27 - 16:05:39] Ngoc.Kudo da set level gun  - M4a1 7. by Alie
[2020/9/27 - 16:05:47] Ngoc.Kudo da set level gun  - SNIPER 7. by Alie
[2020/9/27 - 16:46:06] Obama_Tri da set level gun  - M4a1 6. by [YOUNG][TEAM]
[2020/9/27 - 16:46:08] Obama_Tri da set level gun  - DEAGLE 6. by [YOUNG][TEAM]
[2020/9/27 - 16:46:10] Obama_Tri da set level gun  - MP5 6. by [YOUNG][TEAM]
[2020/9/27 - 16:46:12] Obama_Tri da set level gun  - SHOTGUN 6. by [YOUNG][TEAM]
[2020/9/27 - 16:46:21] Obama_Tri da set level gun  - SNIPER 6. by [YOUNG][TEAM]
[2020/9/27 - 16:46:40] Obama_Tri da set level gun  - SNIPER 0. by [YOUNG][TEAM]
[2020/9/27 - 16:46:43] Obama_Tri da set level gun  - M4a1 0. by [YOUNG][TEAM]
[2020/9/27 - 16:46:47] Obama_Tri da set level gun  - DEAGLE 0. by [YOUNG][TEAM]
[2020/9/27 - 16:46:49] Ban ton tai ID ma ban da nhap , vui long thu lai. by [YOUNG][TEAM]
[2020/9/27 - 16:46:50] Obama_Tri da set level gun  - MP5 0. by [YOUNG][TEAM]
[2020/9/27 - 16:46:52] Obama_Tri da set level gun  - SHOTGUN 0. by [YOUNG][TEAM]
[2020/9/27 - 16:46:54] Obama_Tri da set level gun  - AK-47 0. by [YOUNG][TEAM]
[2020/9/27 - 16:46:56] Obama_Tri da set level gun  - M4a1 0. by [YOUNG][TEAM]
[2020/9/27 - 16:47:05] Marko.Kudo da set level gun  - M4a1 6. by [YOUNG][TEAM]
[2020/9/27 - 16:47:07] Marko.Kudo da set level gun  - SNIPER 6. by [YOUNG][TEAM]
[2020/9/27 - 16:47:09] Marko.Kudo da set level gun  - DEAGLE 6. by [YOUNG][TEAM]
[2020/9/27 - 16:47:10] Marko.Kudo da set level gun  - MP5 6. by [YOUNG][TEAM]
[2020/9/27 - 16:47:14] Marko.Kudo da set level gun  - SPAS-12 6. by [YOUNG][TEAM]
[2020/9/27 - 16:52:22] Rodger_NGSA da set level gun  - M4a1 6. by YOUNG
[2020/9/27 - 16:52:30] Rodger_NGSA da set level gun  - MP5 6. by YOUNG
[2020/9/27 - 16:52:35] Rodger_NGSA da set level gun  - DEAGLE 3. by YOUNG
[2020/9/27 - 16:52:44] Rodger_NGSA da set level gun  - SPAS-12 2. by YOUNG
[2020/9/27 - 16:52:46] Rodger_NGSA da set level gun  - SPAS-12 3. by YOUNG
[2020/9/27 - 16:54:44] Rodger_NGSA da set level gun  - M4a1 7. by YOUNG
[2020/9/27 - 18:46:56] Minh_QuanTheX da set level gun  - M4a1 7. by Alie
[2020/9/27 - 18:47:00] Minh_QuanTheX da set level gun  - SNIPER 7. by Alie
[2020/9/27 - 18:47:03] Minh_QuanTheX da set level gun  - MP5 7. by Alie
[2020/9/28 - 11:10:28] Tokudo da set level gun  - MP5 1. by Young
[2020/9/28 - 11:10:39] Tokudo da set level gun  - MP5 5. by Young
[2020/9/28 - 11:10:48] Tokudo da set level gun  - MP5 6. by Young
[2020/9/28 - 11:11:10] Tokudo da set level gun  - M4a1 4. by Young
[2020/9/28 - 11:22:34] Thuan da set level gun  - M4a1 1. by Young
[2020/9/28 - 11:22:49] Thuan da set level gun  - M4a1 6. by Young
[2020/9/28 - 12:38:33] Minh_QuanTheX da set level gun  - M4a1 7. by Young
[2020/9/28 - 12:38:45] Minh_QuanTheX da set level gun  - MP5 7. by Young
[2020/9/28 - 13:16:47] NguyenPhucSang da set level gun  - M4a1 7. by NguyenPhucSang
[2020/9/28 - 13:17:16] jocelyn_gideon da set level gun  - M4a1 7. by NguyenPhucSang
[2020/9/28 - 13:17:49] jocelyn_gideon da set level gun  - DEAGLE 7. by NguyenPhucSang
[2020/9/28 - 13:19:30] NguyenPhucSang da set level gun  - DEAGLE 7. by NguyenPhucSang
[2020/9/28 - 13:19:34] NguyenPhucSang da set level gun  - SPAS-12 7. by NguyenPhucSang
[2020/9/28 - 13:19:38] NguyenPhucSang da set level gun  - SNIPER 7. by NguyenPhucSang
[2020/9/28 - 13:19:41] NguyenPhucSang da set level gun  - SHOTGUN 7. by NguyenPhucSang
[2020/9/28 - 13:25:17] NguyenPhucSang da set level gun  - DEAGLE 7. by NguyenPhucSang
[2020/9/28 - 13:25:18] NguyenPhucSang da set level gun  - MP5 7. by NguyenPhucSang
[2020/9/28 - 13:25:20] NguyenPhucSang da set level gun  - SHOTGUN 7. by NguyenPhucSang
[2020/9/28 - 13:25:22] NguyenPhucSang da set level gun  - M4a1 7. by NguyenPhucSang
[2020/9/28 - 13:25:23] NguyenPhucSang da set level gun  - SPAS-12 7. by NguyenPhucSang
[2020/9/28 - 13:25:25] NguyenPhucSang da set level gun  - SNIPER 7. by NguyenPhucSang
[2020/9/28 - 13:39:46] Quang da set level gun  - M4a1 7. by Alie
[2020/9/28 - 13:39:52] Quang da set level gun  - MP5 7. by Alie
[2020/9/28 - 14:10:20] Nguyen_Hoang da set level gun  - DEAGLE 2. by YoungKhongNgu
[2020/9/28 - 14:10:23] Nguyen_Hoang da set level gun  - MP5 2. by YoungKhongNgu
[2020/9/28 - 14:10:25] Nguyen_Hoang da set level gun  - SHOTGUN 2. by YoungKhongNgu
[2020/9/28 - 14:10:28] Nguyen_Hoang da set level gun  - M4a1 2. by YoungKhongNgu
[2020/9/28 - 14:10:29] Nguyen_Hoang da set level gun  - SPAS-12 2. by YoungKhongNgu
[2020/9/28 - 14:10:31] Nguyen_Hoang da set level gun  - SNIPER 2. by YoungKhongNgu
[2020/9/28 - 14:12:30] Nguyen_Hoang da set level gun  - M4a1 5. by YoungKhongNgu
[2020/9/28 - 14:12:34] Nguyen_Hoang da set level gun  - MP5 5. by YoungKhongNgu
[2020/9/28 - 14:19:00] Nguyen_Hoang da set level gun  - M4a1 7. by YoungKhongNgu
[2020/9/28 - 14:19:02] Nguyen_Hoang da set level gun  - M4a1 6. by YoungKhongNgu
[2020/9/28 - 14:19:16] Nguyen_Hoang da set level gun  - M4a1 7. by YoungKhongNgu
[2020/9/28 - 15:05:50] XLG_BiCute da set level gun  - DEAGLE 7. by Alie
[2020/9/28 - 15:05:55] XLG_BiCute da set level gun  - M4a1 7. by Alie
[2020/9/28 - 15:23:53] Chi_Hung da set level gun  - DEAGLE 7. by Full
[2020/9/28 - 15:42:32] ToyMuonHutThuoc da set level gun  - M4a1 7. by TaolaTrumSever
[2020/9/28 - 15:42:35] ToyMuonHutThuoc da set level gun  - M4a1 7. by TaolaTrumSever
[2020/9/28 - 15:44:55] Danny da set level gun  - DEAGLE 7. by Alie
[2020/9/28 - 15:44:57] Danny da set level gun  - M4a1 7. by Alie
[2020/9/28 - 16:08:03] Khoa da set level gun  - DEAGLE 7. by Alie
[2020/9/28 - 16:08:04] Khoa da set level gun  - M4a1 7. by Alie
[2020/9/28 - 16:08:43] VANVAT_CUOIDAU da set level gun  - DEAGLE 0. by Young
[2020/9/28 - 16:08:44] VANVAT_CUOIDAU da set level gun  - MP5 0. by Young
[2020/9/28 - 16:08:46] VANVAT_CUOIDAU da set level gun  - SHOTGUN 0. by Young
[2020/9/28 - 16:08:48] VANVAT_CUOIDAU da set level gun  - SNIPER 0. by Young
[2020/9/28 - 16:08:51] VANVAT_CUOIDAU da set level gun  - AK-47 0. by Young
[2020/9/28 - 16:08:53] VANVAT_CUOIDAU da set level gun  - M4a1 0. by Young
[2020/9/28 - 16:23:32] Khoa da set level gun  - DEAGLE 7. by Alie
[2020/9/28 - 16:23:34] Khoa da set level gun  - M4a1 7. by Alie
[2020/9/28 - 16:24:06] Bob da set level gun  - M4a1 7. by Young
[2020/9/28 - 16:24:12] Bob da set level gun  - DEAGLE 3. by Young
[2020/9/28 - 16:24:15] Bob da set level gun  - SNIPER 6. by Young
[2020/9/28 - 16:24:23] Bob da set level gun  - SNIPER 4. by Young
[2020/9/28 - 16:24:36] Bob da set level gun  - DEAGLE 7. by Young
[2020/9/28 - 16:25:49] Bob da set level gun  - SNIPER 7. by Young
[2020/9/28 - 17:38:44] ToyMuonHutThuoc da set level gun  - SPAS-12 7. by Young
[2020/9/28 - 17:38:48] ToyMuonHutThuoc da set level gun  - M4a1 7. by Young
[2020/9/28 - 17:38:50] ToyMuonHutThuoc da set level gun  - DEAGLE 7. by Young
[2020/9/28 - 17:54:14] Coce da set level gun  - DEAGLE 5. by Full
[2020/9/28 - 17:54:23] Coce da set level gun  - M4a1 6. by Full
[2020/9/28 - 17:54:52] Coce da set level gun  - M4a1 7. by Full
[2020/9/28 - 17:55:01] Coce da set level gun  - SPAS-12 4. by Full
[2020/9/28 - 17:55:03] Coce da set level gun  - SNIPER 4. by Full
[2020/9/28 - 17:55:47] Coce da set level gun  - DEAGLE 4. by Full
[2020/9/28 - 17:55:49] Coce da set level gun  - DEAGLE 7. by Full
[2020/9/28 - 17:56:19] Full da set level gun  - DEAGLE 2. by Full
[2020/9/28 - 18:06:18] PHAM_GIA_HUY da set level gun  - M4a1 7. by Full
[2020/9/28 - 18:06:22] PHAM_GIA_HUY da set level gun  - DEAGLE 7. by Full
[2020/9/28 - 19:01:21] RagNaros_Lucky da set level gun  - M4a1 7. by Alie
[2020/9/28 - 22:22:13] Jerry da set level gun  - M4a1 7. by Jerry
[2020/9/29 - 7:34:49] King_Boy da set level gun  - M4a1 7. by Young
[2020/9/29 - 7:34:51] King_Boy da set level gun  - SNIPER 7. by Young
[2020/9/29 - 7:34:57] King_Boy da set level gun  - SHOTGUN 7. by Young
[2020/9/29 - 7:35:00] King_Boy da set level gun  - MP5 7. by Young
[2020/9/29 - 7:35:03] King_Boy da set level gun  - SHOTGUN 1. by Young
[2020/9/29 - 7:37:51] Ban ton tai ID ma ban da nhap , vui long thu lai. by MinhBin
[2020/9/29 - 7:37:59] MinhBin da set level gun  - M4a1 7. by MinhBin
[2020/9/29 - 7:38:06] MinhBin da set level gun  - DEAGLE 7. by MinhBin
[2020/9/29 - 7:38:08] MinhBin da set level gun  - MP5 7. by MinhBin
[2020/9/29 - 7:38:10] MinhBin da set level gun  - SHOTGUN 7. by MinhBin
[2020/9/29 - 7:38:12] MinhBin da set level gun  - AK-47 7. by MinhBin
[2020/9/29 - 7:38:14] MinhBin da set level gun  - SPAS-12 7. by MinhBin
[2020/9/29 - 7:38:16] MinhBin da set level gun  - SNIPER 7. by MinhBin
[2020/9/29 - 7:41:14] King_Boy da set level gun  - M4a1 7. by Young
[2020/9/29 - 7:41:17] King_Boy da set level gun  - MP5 7. by Young
[2020/9/29 - 7:41:20] King_Boy da set level gun  - SNIPER 7. by Young
[2020/9/29 - 7:46:32] jocelyn_gideon da set level gun  - DEAGLE 7. by Young
[2020/9/29 - 7:46:35] jocelyn_gideon da set level gun  - M4a1 7. by Young
[2020/9/29 - 7:46:44] jocelyn_gideon da set level gun  - M4a1 7. by Young
[2020/9/29 - 7:47:45] Dinooo da set level gun  - DEAGLE 9. by Dinooo
[2020/9/29 - 7:47:47] Dinooo da set level gun  - DEAGLE 7. by Dinooo
[2020/9/29 - 7:47:57] Dinooo da set level gun  - M4a1 7. by Dinooo
[2020/9/29 - 7:48:03] Dinooo da set level gun  - M4a1 10. by Dinooo
[2020/9/29 - 7:48:11] Dinooo da set level gun  - M4a1 7. by Dinooo
[2020/9/29 - 7:49:10] ToiDauCoHackDau da set level gun  - SNIPER 7. by Young
[2020/9/29 - 7:49:19] ToiDauCoHackDau da set level gun  - SNIPER 4. by Young
[2020/9/29 - 7:49:22] ToiDauCoHackDau da set level gun  - SNIPER 5. by Young
[2020/9/29 - 7:56:07] ToiDauCoHackDau da set level gun  - M4a1 7. by Young
[2020/9/29 - 8:32:13] Jerry da set level gun  - DEAGLE 7. by Jerry
[2020/9/29 - 9:03:40] Mr_Owen da set level gun  - M4a1 7. by Mr_Owen
[2020/9/29 - 9:03:45] Mr_Owen da set level gun  - SNIPER 7. by Mr_Owen
[2020/9/29 - 9:47:29] Darry_Cow da set level gun  - SNIPER 7. by YoungKhongNgu
[2020/9/29 - 9:47:32] Darry_Cow da set level gun  - M4a1 7. by YoungKhongNgu
[2020/9/29 - 9:47:33] Darry_Cow da set level gun  - MP5 7. by YoungKhongNgu
[2020/9/29 - 9:47:37] Darry_Cow da set level gun  - DEAGLE 7. by YoungKhongNgu
[2020/9/29 - 13:44:19] ToiKhongPhaiChopper da set level gun  - M4a1 5. by YoungKhongNgu
[2020/9/29 - 13:44:23] ToiKhongPhaiChopper da set level gun  - MP5 5. by YoungKhongNgu
[2020/9/29 - 13:44:25] ToiKhongPhaiChopper da set level gun  - MP5 7. by YoungKhongNgu
[2020/9/29 - 13:44:26] ToiKhongPhaiChopper da set level gun  - M4a1 7. by YoungKhongNgu
[2020/9/29 - 13:44:28] ToiKhongPhaiChopper da set level gun  - MP5 7. by YoungKhongNgu
[2020/9/29 - 13:44:30] ToiKhongPhaiChopper da set level gun  - DEAGLE 7. by YoungKhongNgu
[2020/9/29 - 13:49:23] Senju_Hashirama da set level gun  - M4a1 5. by Full
[2020/9/29 - 14:27:58] Bard_FM da set level gun  - DEAGLE 4. by Full
[2020/9/29 - 14:28:02] Bard_FM da set level gun  - M4a1 4. by Full
[2020/9/29 - 14:28:49] Bard_FM da set level gun  - DEAGLE 5. by Full
[2020/9/29 - 14:28:54] Bard_FM da set level gun  - M4a1 5. by Full
[2020/9/29 - 14:28:56] Bard_FM da set level gun  - MP5 5. by Full
[2020/9/29 - 14:29:00] Bard_FM da set level gun  - SNIPER 4. by Full
[2020/9/29 - 14:33:08] Bard_FM da set level gun  - M4a1 7. by Full
[2020/9/29 - 14:38:05] Bard_FM da set level gun  - M4a1 7. by YoungKhongNgu
[2020/9/29 - 14:38:07] Bard_FM da set level gun  - SNIPER 7. by YoungKhongNgu
[2020/9/29 - 14:38:35] Bard_FM da set level gun  - DEAGLE 5. by YoungKhongNgu
[2020/9/29 - 14:38:37] Bard_FM da set level gun  - DEAGLE 7. by YoungKhongNgu
[2020/9/29 - 14:52:06] Quang da set level gun  - DEAGLE 7. by YoungKhongNgu
[2020/9/29 - 15:06:59] TaiGSis da set level gun  - M4a1 7. by Full
[2020/9/29 - 15:07:10] TaiGSis da set level gun  - SPAS-12 4. by Full
[2020/9/29 - 15:07:13] TaiGSis da set level gun  - DEAGLE 4. by Full
[2020/9/29 - 15:16:47] Quang da set level gun  - DEAGLE 7. by Alie
[2020/9/29 - 15:16:54] Quang da set level gun  - M4a1 7. by Alie
[2020/9/29 - 15:20:51] Quang da set level gun  - MP5 7. by Alie
[2020/9/29 - 15:22:32] Quang da set level gun  - SNIPER 4. by Alie
[2020/9/29 - 15:46:00] Chi_Hung da set level gun  - DEAGLE 7. by YoungBanKhongNgu
[2020/9/29 - 15:55:34] Darry_Cow da set level gun  - DEAGLE 24. by YoungBanKhongNgu
[2020/9/29 - 15:55:38] Darry_Cow da set level gun  - DEAGLE 24. by YoungBanKhongNgu
[2020/9/29 - 15:55:42] Darry_Cow da set level gun  - DEAGLE 7. by YoungBanKhongNgu
[2020/9/29 - 15:55:47] Darry_Cow da set level gun  - M4a1 7. by YoungBanKhongNgu
[2020/9/29 - 15:55:49] Darry_Cow da set level gun  - MP5 7. by YoungBanKhongNgu
[2020/9/29 - 15:55:51] Darry_Cow da set level gun  - DEAGLE 7. by YoungBanKhongNgu
[2020/9/29 - 6:33:06] Thuan da set level gun  - M4a1 7. by YoungKhongNgu
[2020/9/29 - 21:30:01] YoungKhongNgu da set level gun  - M4a1 8. by YoungKhongNgu
[2020/9/29 - 21:30:14] YoungKhongNgu da set level gun  - M4a1 9. by YoungKhongNgu
[2020/9/29 - 21:30:20] YoungKhongNgu da set level gun  - M4a1 8. by YoungKhongNgu
[2020/9/29 - 21:30:29] YoungKhongNgu da set level gun  - M4a1 7. by YoungKhongNgu
[2020/9/29 - 21:31:15] Quang da set level gun  - M4a1 8. by YoungKhongNgu
[2020/9/29 - 21:33:06] Quang da set level gun  - SNIPER 8. by YoungKhongNgu
[2020/9/30 - 9:23:05] Ricky_Wiliam da set level gun  - DEAGLE 6. by YoungKhongNgu
[2020/9/30 - 9:24:10] King_Boy da set level gun  - DEAGLE 6. by YoungKhongNgu
[2020/9/30 - 12:16:19] FullDz da set level gun  - DEAGLE 7. by Full
[2020/9/30 - 12:34:11] MinhBin da set level gun  - M4a1 7. by MinhBin
[2020/9/30 - 12:34:21] MinhBin da set level gun  - SPAS-12 7. by MinhBin
[2020/9/30 - 13:10:59] TiennMaster da set level gun  - M4a1 7. by TiennMaster
[2020/9/30 - 13:12:57] ThaiTu_Comeback da set level gun  - DEAGLE 7. by ThaiTu_Comeback
[2020/9/30 - 13:13:01] ThaiTu_Comeback da set level gun  - MP5 7. by ThaiTu_Comeback
[2020/9/30 - 13:13:02] ThaiTu_Comeback da set level gun  - SHOTGUN 7. by ThaiTu_Comeback
[2020/9/30 - 13:13:03] ThaiTu_Comeback da set level gun  - AK-47 7. by ThaiTu_Comeback
[2020/9/30 - 13:13:05] ThaiTu_Comeback da set level gun  - M4a1 7. by ThaiTu_Comeback
[2020/9/30 - 13:13:07] ThaiTu_Comeback da set level gun  - SPAS-12 7. by ThaiTu_Comeback
[2020/9/30 - 13:13:09] ThaiTu_Comeback da set level gun  - SNIPER 7. by ThaiTu_Comeback
[2020/9/30 - 13:13:26] TiennMaster da set level gun  - DEAGLE 7. by TiennMaster
[2020/9/30 - 13:13:32] TiennMaster da set level gun  - MP5 7. by TiennMaster
[2020/9/30 - 13:13:36] TiennMaster da set level gun  - SNIPER 7. by TiennMaster
[2020/9/30 - 13:33:05] PhanThien_DepTraii da set level gun  - DEAGLE 5. by TiennMaster
[2020/9/30 - 13:33:11] PhanThien_DepTraii da set level gun  - M4a1 5. by TiennMaster
[2020/9/30 - 13:33:12] PhanThien_DepTraii da set level gun  - SNIPER 5. by TiennMaster
[2020/9/30 - 13:33:21] PhanThien_DepTraii da set level gun  - M4a1 7. by TiennMaster
[2020/9/30 - 14:07:50] [Gucci]Full da set level gun  - AK-47 0. by [Gucci]Full
[2020/9/30 - 14:55:49] Khen da set level gun  - M4a1 5. by Young
[2020/9/30 - 16:12:44] jocelyn_gideon da set level gun  - M4a1 7. by Young
[2020/9/30 - 18:13:50] Minh_QuanTheX da set level gun  - M4a1 7. by Young
[2020/9/30 - 18:13:53] Minh_QuanTheX da set level gun  - MP5 7. by Young
[2020/9/30 - 18:13:57] Minh_QuanTheX da set level gun  - SNIPER 7. by Young
[2020/9/30 - 18:43:35] Minh_QuanTheX da set level gun  - M4a1 7. by Young
[2020/9/30 - 18:57:25] [STAFF]JamesR da set level gun  - M4a1 5. by Alie
[2020/9/30 - 18:58:07] Minh_QuanTheX da set level gun  - MP5 7. by Young
[2020/9/30 - 18:58:09] Minh_QuanTheX da set level gun  - SNIPER 7. by Young
[2020/9/30 - 18:58:13] Minh_QuanTheX da set level gun  - DEAGLE 7. by Young
[2020/9/30 - 18:58:34] [STAFF]JamesR da set level gun  - DEAGLE 5. by Alie
[2020/9/30 - 18:59:36] Kaito da set level gun  - DEAGLE 7. by Kaito
[2020/9/30 - 18:59:38] Kaito da set level gun  - MP5 7. by Kaito
[2020/9/30 - 18:59:40] Kaito da set level gun  - SHOTGUN 7. by Kaito
[2020/9/30 - 18:59:41] Kaito da set level gun  - AK-47 7. by Kaito
[2020/9/30 - 18:59:43] Kaito da set level gun  - M4a1 7. by Kaito
[2020/9/30 - 18:59:46] Kaito da set level gun  - SPAS-12 7. by Kaito
[2020/9/30 - 18:59:48] Kaito da set level gun  - SNIPER 7. by Kaito
[2020/9/30 - 19:29:44] Wolf._. da set level gun  - DEAGLE 7. by Alie
[2020/9/30 - 19:29:46] Wolf._. da set level gun  - M4a1 7. by Alie
[2020/9/30 - 19:29:48] Wolf._. da set level gun  - SNIPER 7. by Alie
[2020/9/30 - 19:29:57] Wolf._. da set level gun  - MP5 5. by Alie
[2020/9/30 - 19:42:07] Cam_Quyt da set level gun  - M4a1 3. by Young
[2020/9/30 - 19:42:10] Cam_Quyt da set level gun  - DEAGLE 3. by Young
[2020/9/30 - 19:42:15] Cam_Quyt da set level gun  - MP5 3. by Young
[2020/9/30 - 20:31:06] ThachLoser da set level gun  - DEAGLE 5. by nDP
[2020/9/30 - 21:00:13] [Full] da set level gun  - DEAGLE 7. by [Full]
[2020/9/30 - 21:00:15] [Full] da set level gun  - MP5 7. by [Full]
[2020/9/30 - 21:00:16] [Full] da set level gun  - SHOTGUN 7. by [Full]
[2020/9/30 - 21:00:17] [Full] da set level gun  - AK-47 7. by [Full]
[2020/9/30 - 21:00:19] [Full] da set level gun  - M4a1 7. by [Full]
[2020/9/30 - 21:00:20] [Full] da set level gun  - SPAS-12 7. by [Full]
[2020/9/30 - 21:00:21] [Full] da set level gun  - SNIPER 7. by [Full]
[2020/10/1 - 13:42:17] [STAFF]Subaru da set level gun  - DEAGLE 7. by [STAFF]Subaru
[2020/10/1 - 13:42:23] [STAFF]Subaru da set level gun  - MP5 7. by [STAFF]Subaru
[2020/10/1 - 13:42:24] [STAFF]Subaru da set level gun  - SHOTGUN 7. by [STAFF]Subaru
[2020/10/1 - 13:42:25] [STAFF]Subaru da set level gun  - AK-47 7. by [STAFF]Subaru
[2020/10/1 - 13:42:26] [STAFF]Subaru da set level gun  - M4a1 7. by [STAFF]Subaru
[2020/10/1 - 13:42:27] [STAFF]Subaru da set level gun  - SPAS-12 7. by [STAFF]Subaru
[2020/10/1 - 13:42:29] [STAFF]Subaru da set level gun  - SNIPER 7. by [STAFF]Subaru
[2020/10/1 - 14:44:39] TiennMaster da set level gun  - M4a1 7. by TiennMaster
[2020/10/1 - 18:14:25] Minh_QuanTheX da set level gun  - M4a1 7. by Young
[2020/10/1 - 18:14:30] Minh_QuanTheX da set level gun  - MP5 7. by Young
[2020/10/1 - 18:14:32] Minh_QuanTheX da set level gun  - DEAGLE 7. by Young
[2020/10/1 - 18:14:41] Minh_QuanTheX da set level gun  - SNIPER 7. by Young
[2020/10/1 - 21:09:50] Thuan da set level gun  - SNIPER 7. by Young
[2020/10/1 - 21:09:54] Thuan da set level gun  - SPAS-12 7. by Young
[2020/10/1 - 21:10:00] Thuan da set level gun  - M4a1 7. by Young
[2020/10/2 - 11:17:42] MinhBin da set level gun  - M4a1 7. by MinhBin
[2020/10/2 - 11:17:43] MinhBin da set level gun  - M4a1 7. by MinhBin
[2020/10/2 - 11:17:50] MinhBin da set level gun  - M4a1 7. by MinhBin
[2020/10/2 - 11:40:02] MinhBin da set level gun  - M4a1 1. by MinhBin
[2020/10/4 - 12:52:35] Khoa_TraiCay da set level gun  - M4a1 7. by Young
[2020/10/4 - 12:52:37] Khoa_TraiCay da set level gun  - AK-47 7. by Young
[2020/10/4 - 12:52:40] Khoa_TraiCay da set level gun  - SPAS-12 7. by Young
[2020/10/4 - 12:52:44] Khoa_TraiCay da set level gun  - MP5 7. by Young
[2020/10/4 - 12:52:46] Khoa_TraiCay da set level gun  - SNIPER 7. by Young
[2020/10/4 - 12:52:49] Khoa_TraiCay da set level gun  - MP5 7. by Young
[2020/10/4 - 12:52:53] Khoa_TraiCay da set level gun  - SNIPER 7. by Young
[2020/10/4 - 12:53:17] Khoa_TraiCay da set level gun  - DEAGLE 7. by Young
[2020/10/4 - 12:53:42] xoai_ngot da set level gun  - M4a1 7. by Young
[2020/10/4 - 12:56:38] TranMinhThuan da set level gun  - DEAGLE 7. by TranMinhThuan
[2020/10/4 - 12:56:40] TranMinhThuan da set level gun  - MP5 7. by TranMinhThuan
[2020/10/4 - 12:56:42] TranMinhThuan da set level gun  - SHOTGUN 7. by TranMinhThuan
[2020/10/4 - 12:56:43] TranMinhThuan da set level gun  - AK-47 7. by TranMinhThuan
[2020/10/4 - 12:56:44] TranMinhThuan da set level gun  - M4a1 7. by TranMinhThuan
[2020/10/4 - 12:56:46] TranMinhThuan da set level gun  - M4a1 7. by TranMinhThuan
[2020/10/4 - 12:56:48] TranMinhThuan da set level gun  - SPAS-12 7. by TranMinhThuan
[2020/10/4 - 12:56:53] TranMinhThuan da set level gun  - SNIPER 7. by TranMinhThuan
[2020/10/4 - 13:04:33] NgoMinh._.Thuan da set level gun  - SPAS-12 7. by Young
[2020/10/4 - 13:40:56] Shadow_Boss da set level gun  - DEAGLE 7. by Young
[2020/10/4 - 13:40:59] Shadow_Boss da set level gun  - M4a1 7. by Young
[2020/10/4 - 13:41:01] Shadow_Boss da set level gun  - MP5 7. by Young
[2020/10/4 - 15:02:22] Gnoal. da set level gun  - DEAGLE 7. by Young
[2020/10/4 - 15:02:24] Gnoal. da set level gun  - M4a1 7. by Young
[2020/10/4 - 15:02:33] Gnoal. da set level gun  - SNIPER 4. by Young
[2020/10/4 - 16:50:08] Saitama da set level gun  - M4a1 7. by Young
[2020/10/4 - 16:50:09] Saitama da set level gun  - DEAGLE 7. by Young
[2020/10/4 - 21:35:17] Vey da set level gun  - DEAGLE 8. by Alie
[2020/10/4 - 21:35:50] Vey da set level gun  - DEAGLE 0. by Alie
[2020/10/4 - 21:35:51] Vey da set level gun  - MP5 0. by Alie
[2020/10/4 - 21:35:53] Vey da set level gun  - SHOTGUN 0. by Alie
[2020/10/4 - 21:35:54] Vey da set level gun  - AK-47 0. by Alie
[2020/10/4 - 21:35:56] Vey da set level gun  - M4a1 0. by Alie
[2020/10/4 - 21:35:57] Vey da set level gun  - SPAS-12 0. by Alie
[2020/10/4 - 21:35:58] Vey da set level gun  - SNIPER 0. by Alie
[2020/10/4 - 21:37:29] Vey da set level gun  - DEAGLE 7. by Alie
[2020/10/4 - 21:37:33] Vey da set level gun  - DEAGLE 5. by Alie
[2020/10/4 - 21:37:46] Vey da set level gun  - DEAGLE 7. by Alie
[2020/10/4 - 21:37:47] Vey da set level gun  - M4a1 7. by Alie
[2020/10/5 - 14:06:19] Sang_DepTrai da set level gun  - M4a1 1. by Young
[2020/10/5 - 14:06:22] Sang_DepTrai da set level gun  - SNIPER 1. by Young
[2020/10/5 - 14:06:23] Sang_DepTrai da set level gun  - SPAS-12 1. by Young
[2020/10/5 - 14:06:25] Sang_DepTrai da set level gun  - M4a1 1. by Young
[2020/10/5 - 14:06:27] Sang_DepTrai da set level gun  - AK-47 1. by Young
[2020/10/5 - 14:06:28] Sang_DepTrai da set level gun  - SHOTGUN 1. by Young
[2020/10/5 - 14:06:30] Sang_DepTrai da set level gun  - MP5 1. by Young
[2020/10/5 - 14:06:31] Sang_DepTrai da set level gun  - DEAGLE 1. by Young
[2020/10/5 - 18:09:25] [STAFF]MinhQuan da set level gun  - SPAS-12 7. by Alie
[2020/10/5 - 18:09:28] [STAFF]MinhQuan da set level gun  - AK-47 7. by Alie
[2020/10/5 - 18:18:27] Son.Heung_Min. da set level gun  - M4a1 5. by Alie
[2020/10/5 - 18:18:32] Son.Heung_Min. da set level gun  - SPAS-12 5. by Alie
[2020/10/5 - 18:23:11] Son.Heung_Min. da set level gun  - DEAGLE 7. by Alie
[2020/10/5 - 19:56:23] Quoc_Daniel da set level gun  - DEAGLE 7. by Alie
[2020/10/5 - 19:56:24] Quoc_Daniel da set level gun  - M4a1 7. by Alie
[2020/10/6 - 19:41:32] Dozy_DangDauHong da set level gun  - M4a1 7. by Alie
[2020/10/6 - 19:41:34] Dozy_DangDauHong da set level gun  - SNIPER 7. by Alie
[2020/10/6 - 19:58:22] Quoc_Daniel da set level gun  - SPAS-12 7. by Alie
[2020/10/6 - 21:43:30] King_Z da set level gun  - DEAGLE 7. by Young
[2020/10/6 - 21:43:32] King_Z da set level gun  - M4a1 7. by Young
[2020/10/6 - 21:43:33] King_Z da set level gun  - SNIPER 7. by Young
[2020/10/6 - 21:43:34] King_Z da set level gun  - SPAS-12 7. by Young
[2020/10/6 - 21:43:36] King_Z da set level gun  - MP5 7. by Young
[2020/10/7 - 13:30:50] BestOfTheWar da set level gun  - DEAGLE 7. by BestOfTheWar
[2020/10/7 - 13:30:51] BestOfTheWar da set level gun  - MP5 7. by BestOfTheWar
[2020/10/7 - 13:30:53] BestOfTheWar da set level gun  - SHOTGUN 7. by BestOfTheWar
[2020/10/7 - 13:30:55] BestOfTheWar da set level gun  - AK-47 7. by BestOfTheWar
[2020/10/7 - 13:30:56] BestOfTheWar da set level gun  - M4a1 7. by BestOfTheWar
[2020/10/7 - 13:30:57] BestOfTheWar da set level gun  - SPAS-12 7. by BestOfTheWar
[2020/10/7 - 13:30:59] BestOfTheWar da set level gun  - SNIPER 7. by BestOfTheWar
[2020/10/7 - 14:24:25] ChitZZ da set level gun  - M4a1 7. by Alie
[2020/10/7 - 14:24:38] ChitZZ da set level gun  - DEAGLE 7. by Alie
[2020/10/7 - 18:53:55] NLG._.Maya da set level gun  - DEAGLE 7. by Alie
[2020/10/7 - 18:53:57] NLG._.Maya da set level gun  - M4a1 7. by Alie
[2020/10/8 - 12:49:13] [Admin]Ken da set level gun  - DEAGLE 7. by [Admin]Ken
[2020/10/8 - 12:49:16] [Admin]Ken da set level gun  - MP5 7. by [Admin]Ken
[2020/10/8 - 12:49:22] [Admin]Ken da set level gun  - AK-47 7. by [Admin]Ken
[2020/10/8 - 12:49:24] [Admin]Ken da set level gun  - M4a1 7. by [Admin]Ken
[2020/10/8 - 12:49:27] [Admin]Ken da set level gun  - SPAS-12 7. by [Admin]Ken
[2020/10/8 - 12:49:29] [Admin]Ken da set level gun  - SNIPER 7. by [Admin]Ken
[2020/10/8 - 12:57:56] [LeThi]KieuTrang da set level gun  - DEAGLE 3. by [Admin]Ken
[2020/10/8 - 12:58:34] Ban ton tai ID ma ban da nhap , vui long thu lai. by [Admin]Ken
[2020/10/8 - 12:58:44] Daddy da set level gun  - DEAGLE 3. by [Admin]Ken
[2020/10/8 - 15:50:37] Dino da set level gun  - DEAGLE 7. by Dino
[2020/10/8 - 19:43:52] Cuto da set level gun  - DEAGLE 0. by Alie
[2020/10/8 - 19:43:54] Cuto da set level gun  - MP5 0. by Alie
[2020/10/8 - 19:43:55] Cuto da set level gun  - SHOTGUN 0. by Alie
[2020/10/8 - 19:43:57] Cuto da set level gun  - AK-47 0. by Alie
[2020/10/8 - 19:43:58] Cuto da set level gun  - M4a1 0. by Alie
[2020/10/8 - 19:43:59] Cuto da set level gun  - SPAS-12 0. by Alie
[2020/10/8 - 19:44:01] Cuto da set level gun  - SNIPER 0. by Alie
[2020/10/8 - 20:12:27] Minh_QuanTheX da set level gun  - M4a1 7. by Alie
[2020/10/9 - 17:32:10] Quy_nhoc da set level gun  - SNIPER 7. by Young
[2020/10/9 - 17:32:11] Quy_nhoc da set level gun  - M4a1 7. by Young
[2020/10/9 - 17:32:14] Quy_nhoc da set level gun  - DEAGLE 7. by Young
[2020/10/9 - 17:32:29] Quy_nhoc da set level gun  - AK-47 6. by Young
[2020/10/9 - 17:32:31] Quy_nhoc da set level gun  - SNIPER 6. by Young
[2020/10/9 - 17:32:36] Quy_nhoc da set level gun  - SHOTGUN 2. by Young
[2020/10/10 - 11:44:55] VinhK_RichMan da set level gun  - DEAGLE 6. by Young
[2020/10/10 - 11:44:57] VinhK_RichMan da set level gun  - M4a1 6. by Young
[2020/10/10 - 11:44:59] VinhK_RichMan da set level gun  - MP5 6. by Young
[2020/10/10 - 11:45:04] VinhK_RichMan da set level gun  - SNIPER 6. by Young
[2020/10/10 - 11:45:49] VinhK_RichMan da set level gun  - MP5 7. by Young
[2020/10/10 - 11:45:51] VinhK_RichMan da set level gun  - DEAGLE 7. by Young
[2020/10/10 - 11:45:53] VinhK_RichMan da set level gun  - SNIPER 7. by Young
[2020/10/10 - 11:45:55] VinhK_RichMan da set level gun  - M4a1 7. by Young
[2020/10/10 - 17:07:44] nDPDz da set level gun  - M4a1 10. by nDPDz
[2020/10/10 - 17:07:58] nDPDz da set level gun  - M4a1 9. by nDPDz
[2020/10/10 - 17:08:04] nDPDz da set level gun  - M4a1 10. by nDPDz
[2020/10/11 - 10:30:26] VinhK_RichMan da set level gun  - DEAGLE 7. by Alie
[2020/10/11 - 10:30:31] VinhK_RichMan da set level gun  - M4a1 7. by Alie
[2020/10/11 - 10:30:34] VinhK_RichMan da set level gun  - SNIPER 7. by Alie
[2020/10/11 - 18:06:22] Young da set level gun  - M4a1 7. by Young
[2020/10/11 - 18:07:50] NarcZ_Zecc da set level gun  - M4a1 7. by Young
[2020/10/13 - 15:20:18] TVH_Khonghacking da set level gun  - M4a1 7. by Young
[2020/10/13 - 15:20:19] TVH_Khonghacking da set level gun  - DEAGLE 7. by Young
[2020/10/13 - 15:20:21] TVH_Khonghacking da set level gun  - MP5 7. by Young
[2020/10/13 - 15:20:26] TVH_Khonghacking da set level gun  - SNIPER 7. by Young
[2020/10/13 - 21:20:14] King_Warrios da set level gun  - M4a1 7. by Young
[2020/10/13 - 21:20:15] King_Warrios da set level gun  - DEAGLE 7. by Young
[2020/10/13 - 21:20:17] King_Warrios da set level gun  - MP5 7. by Young
[2020/10/13 - 21:20:19] King_Warrios da set level gun  - SNIPER 7. by Young
[2020/10/14 - 15:36:50] FullDz da set level gun  - M4a1 10. by nDPDz
[2020/10/14 - 17:19:19] Soca_Storm da set level gun  - MP5 7. by Young
[2020/10/14 - 17:19:27] Soca_Storm da set level gun  - DEAGLE 7. by Young
[2020/10/14 - 19:54:03] BeHieu_HackingTrum da set level gun  - SPAS-12 6. by Alie
[2020/10/14 - 19:54:05] BeHieu_HackingTrum da set level gun  - SNIPER 6. by Alie
[2020/10/14 - 19:57:01] BeHieu_HackingTrum da set level gun  - SPAS-12 7. by Alie
[2020/10/14 - 19:57:03] BeHieu_HackingTrum da set level gun  - SNIPER 7. by Alie
[2020/10/14 - 20:18:30] Phong_Z da set level gun  - M4a1 7. by Alie
[2020/10/14 - 20:18:31] Phong_Z da set level gun  - DEAGLE 7. by Alie
[2020/10/14 - 20:34:24] Ron_Dz da set level gun  - DEAGLE 7. by Young
[2020/10/14 - 20:34:26] Ron_Dz da set level gun  - MP5 7. by Young
[2020/10/14 - 20:34:28] Ron_Dz da set level gun  - SHOTGUN 7. by Young
[2020/10/14 - 20:34:29] Ron_Dz da set level gun  - AK-47 7. by Young
[2020/10/14 - 20:34:30] Ron_Dz da set level gun  - M4a1 7. by Young
[2020/10/14 - 20:34:32] Ron_Dz da set level gun  - SPAS-12 7. by Young
[2020/10/14 - 20:34:33] Ron_Dz da set level gun  - SNIPER 7. by Young
[2020/10/14 - 20:38:01] BePhong da set level gun  - DEAGLE 7. by Alie
[2020/10/14 - 20:38:02] BePhong da set level gun  - M4a1 7. by Alie
[2020/10/14 - 20:38:26] BePhong da set level gun  - SNIPER 7. by Alie
[2020/10/14 - 20:40:01] BePhong da set level gun  - SNIPER 7. by Young
[2020/10/14 - 21:32:14] YoungTest da set level gun  - M4a1 7. by YoungTest
[2020/10/14 - 21:32:15] YoungTest da set level gun  - M4a1 7. by YoungTest
[2020/10/14 - 22:21:04] tui.la.one.ne.lewlew da set level gun  - DEAGLE 7. by Alie
[2020/10/14 - 22:21:07] tui.la.one.ne.lewlew da set level gun  - M4a1 7. by Alie
[2020/10/14 - 22:21:09] tui.la.one.ne.lewlew da set level gun  - SNIPER 7. by Alie
[2020/10/14 - 22:25:27] Barrio_Azteco da set level gun  - M4a1 6. by Alie
[2020/10/14 - 22:25:30] Barrio_Azteco da set level gun  - DEAGLE 6. by Alie
[2020/10/14 - 23:47:46] Ma_Thuan da set level gun  - DEAGLE 7. by Alie
[2020/10/14 - 23:47:48] Ma_Thuan da set level gun  - M4a1 7. by Alie
[2020/10/14 - 23:47:50] Ma_Thuan da set level gun  - SNIPER 7. by Alie
[2020/10/15 - 18:57:38] Quan_Khoc_Nhoe da set level gun  - M4a1 6. by Young
[2020/10/15 - 18:57:42] Quan_Khoc_Nhoe da set level gun  - DEAGLE 6. by Young
[2020/10/17 - 8:09:37] Kellvin._.HoangHappi da set level gun  - DEAGLE 7. by Young
[2020/10/17 - 8:09:38] Kellvin._.HoangHappi da set level gun  - M4a1 7. by Young
[2020/10/17 - 8:09:40] Kellvin._.HoangHappi da set level gun  - MP5 7. by Young
[2020/10/17 - 8:09:42] Kellvin._.HoangHappi da set level gun  - SNIPER 7. by Young
[2020/10/17 - 16:54:17] [AC]MinhBin da set level gun  - M4a1 10. by [AC]MinhBin
[2020/10/17 - 16:54:19] [AC]MinhBin da set level gun  - M4a1 15. by [AC]MinhBin
[2020/10/17 - 16:54:26] [AC]MinhBin da set level gun  - DEAGLE 15. by [AC]MinhBin
[2020/10/17 - 16:54:29] [AC]MinhBin da set level gun  - MP5 15. by [AC]MinhBin
[2020/10/17 - 16:54:30] [AC]MinhBin da set level gun  - SHOTGUN 15. by [AC]MinhBin
[2020/10/17 - 16:54:32] [AC]MinhBin da set level gun  - AK-47 15. by [AC]MinhBin
[2020/10/17 - 16:54:34] [AC]MinhBin da set level gun  - M4a1 15. by [AC]MinhBin
[2020/10/17 - 16:54:35] [AC]MinhBin da set level gun  - SPAS-12 15. by [AC]MinhBin
[2020/10/17 - 16:54:38] [AC]MinhBin da set level gun  - SNIPER 15. by [AC]MinhBin
[2020/10/17 - 16:55:48] [AC]MinhBin da set level gun  - DEAGLE 7. by [AC]MinhBin
[2020/10/17 - 16:56:00] [AC]MinhBin da set level gun  - DEAGLE 8. by [AC]MinhBin
[2020/10/17 - 17:36:18] [AC]MinhBin da set level gun  - DEAGLE 7. by [AC]MinhBin
[2020/10/17 - 17:36:29] [AC]MinhBin da set level gun  - DEAGLE 8. by [AC]MinhBin
[2020/10/17 - 17:36:35] [AC]MinhBin da set level gun  - DEAGLE 9. by [AC]MinhBin
[2020/10/17 - 17:36:39] [AC]MinhBin da set level gun  - DEAGLE 10. by [AC]MinhBin
[2020/10/17 - 17:36:44] [AC]MinhBin da set level gun  - DEAGLE 11. by [AC]MinhBin
[2020/10/17 - 17:36:52] [AC]MinhBin da set level gun  - DEAGLE 10. by [AC]MinhBin
[2020/10/17 - 17:37:14] Ngoc.Z da set level gun  - DEAGLE 10. by [AC]MinhBin
[2020/10/17 - 17:37:15] Ngoc.Z da set level gun  - MP5 10. by [AC]MinhBin
[2020/10/17 - 17:37:17] Ngoc.Z da set level gun  - SHOTGUN 10. by [AC]MinhBin
[2020/10/17 - 17:37:19] Ngoc.Z da set level gun  - AK-47 10. by [AC]MinhBin
[2020/10/17 - 17:37:20] Ngoc.Z da set level gun  - M4a1 10. by [AC]MinhBin
[2020/10/17 - 17:37:21] Ngoc.Z da set level gun  - SPAS-12 10. by [AC]MinhBin
[2020/10/17 - 17:37:24] Ngoc.Z da set level gun  - SNIPER 10. by [AC]MinhBin
[2020/10/17 - 17:37:44] [AC]MinhBin da set level gun  - SNIPER 10. by [AC]MinhBin
[2020/10/17 - 17:37:46] [AC]MinhBin da set level gun  - SPAS-12 10. by [AC]MinhBin
[2020/10/17 - 17:37:52] [AC]MinhBin da set level gun  - M4a1 10. by [AC]MinhBin
[2020/10/17 - 17:37:54] [AC]MinhBin da set level gun  - AK-47 10. by [AC]MinhBin
[2020/10/17 - 17:37:55] [AC]MinhBin da set level gun  - SHOTGUN 10. by [AC]MinhBin
[2020/10/17 - 17:37:57] [AC]MinhBin da set level gun  - MP5 10. by [AC]MinhBin
[2020/10/17 - 17:37:59] [AC]MinhBin da set level gun  - DEAGLE 10. by [AC]MinhBin
[2020/10/17 - 17:42:13] [AC]MinhBin da set level gun  - SNIPER 10. by [AC]MinhBin
[2020/10/17 - 17:42:16] [AC]MinhBin da set level gun  - SNIPER 9. by [AC]MinhBin
[2020/10/17 - 17:42:20] [AC]MinhBin da set level gun  - SNIPER 8. by [AC]MinhBin
[2020/10/17 - 17:42:23] [AC]MinhBin da set level gun  - SNIPER 7. by [AC]MinhBin
[2020/10/17 - 17:42:26] [AC]MinhBin da set level gun  - SNIPER 6. by [AC]MinhBin
[2020/10/17 - 17:42:29] [AC]MinhBin da set level gun  - SNIPER 5. by [AC]MinhBin
[2020/10/17 - 17:42:36] [AC]MinhBin da set level gun  - SNIPER 4. by [AC]MinhBin
[2020/10/17 - 17:42:40] [AC]MinhBin da set level gun  - SNIPER 3. by [AC]MinhBin
[2020/10/17 - 17:42:45] [AC]MinhBin da set level gun  - SNIPER 10. by [AC]MinhBin
[2020/10/17 - 17:42:50] [AC]MinhBin da set level gun  - SPAS-12 10. by [AC]MinhBin
[2020/10/17 - 17:42:55] [AC]MinhBin da set level gun  - SPAS-12 9. by [AC]MinhBin
[2020/10/17 - 17:43:01] [AC]MinhBin da set level gun  - SPAS-12 8. by [AC]MinhBin
[2020/10/17 - 17:43:12] Ngoc.Z da set level gun  - SPAS-12 8. by [AC]MinhBin
[2020/10/17 - 18:44:58] [CTV]VinhK da set level gun  - DEAGLE 10. by [AC]MinhBin
[2020/10/17 - 21:14:52] Tobiee_Zec da set level gun  - DEAGLE 7. by Alie
[2020/10/17 - 21:14:54] Tobiee_Zec da set level gun  - MP5 7. by Alie
[2020/10/17 - 21:14:56] Tobiee_Zec da set level gun  - M4a1 7. by Alie
[2020/10/17 - 21:14:58] Tobiee_Zec da set level gun  - SPAS-12 7. by Alie
[2020/10/17 - 21:14:59] Tobiee_Zec da set level gun  - SNIPER 7. by Alie
[2020/10/17 - 21:21:23] XLG_BUNDAPOET da set level gun  - DEAGLE 7. by Alie
[2020/10/17 - 21:21:30] XLG_BUNDAPOET da set level gun  - MP5 7. by Alie
[2020/10/17 - 21:21:32] XLG_BUNDAPOET da set level gun  - M4a1 7. by Alie
[2020/10/17 - 21:21:34] XLG_BUNDAPOET da set level gun  - SPAS-12 7. by Alie
[2020/10/17 - 21:21:35] XLG_BUNDAPOET da set level gun  - SNIPER 7. by Alie
[2020/10/17 - 21:56:07] Huyy_XiTrum da set level gun  - DEAGLE 7. by Alie
[2020/10/17 - 21:56:08] Huyy_XiTrum da set level gun  - MP5 7. by Alie
[2020/10/17 - 21:56:10] Huyy_XiTrum da set level gun  - M4a1 7. by Alie
[2020/10/17 - 21:56:12] Huyy_XiTrum da set level gun  - SPAS-12 7. by Alie
[2020/10/17 - 21:56:13] Huyy_XiTrum da set level gun  - SNIPER 7. by Alie
[2020/10/17 - 22:30:27] [TDM]MinhDyTalk da set level gun  - MP5 7. by [TDM]MinhDyTalk
[2020/10/18 - 11:16:34] [Advisor]_NgocLinh da set level gun  - DEAGLE 7. by Alie
[2020/10/18 - 11:16:38] [Advisor]_NgocLinh da set level gun  - MP5 7. by Alie
[2020/10/18 - 11:16:41] [Advisor]_NgocLinh da set level gun  - M4a1 7. by Alie
[2020/10/18 - 11:16:45] [Advisor]_NgocLinh da set level gun  - SNIPER 7. by Alie
[2020/10/18 - 11:17:00] Grand_Z da set level gun  - DEAGLE 7. by Alie
[2020/10/18 - 11:17:03] Grand_Z da set level gun  - M4a1 7. by Alie
[2020/10/18 - 11:17:06] Grand_Z da set level gun  - SNIPER 7. by Alie
[2020/10/18 - 11:21:53] Grand_Z da set level gun  - DEAGLE 7. by Alie
[2020/10/18 - 11:21:57] Grand_Z da set level gun  - M4a1 7. by Alie
[2020/10/18 - 11:21:59] Grand_Z da set level gun  - SNIPER 7. by Alie
[2020/10/18 - 13:38:46] xSat_Numberone da set level gun  - M4a1 7. by Young
[2020/10/18 - 13:38:48] xSat_Numberone da set level gun  - DEAGLE 7. by Young
[2020/10/18 - 13:38:50] xSat_Numberone da set level gun  - MP5 7. by Young
[2020/10/18 - 13:38:53] xSat_Numberone da set level gun  - SNIPER 6. by Young
[2020/10/19 - 12:23:12] Alie da set level gun  - DEAGLE 10. by Alie
[2020/10/19 - 12:23:15] Alie da set level gun  - MP5 10. by Alie
[2020/10/19 - 12:23:17] Alie da set level gun  - SHOTGUN 10. by Alie
[2020/10/19 - 12:23:20] Alie da set level gun  - AK-47 10. by Alie
[2020/10/19 - 12:23:21] Alie da set level gun  - M4a1 10. by Alie
[2020/10/19 - 12:23:23] Alie da set level gun  - SPAS-12 10. by Alie
[2020/10/19 - 12:23:25] Alie da set level gun  - SNIPER 10. by Alie
[2020/10/19 - 20:54:14] 100$ da set level gun  - M4a1 10. by nDPDz
[2020/10/19 - 20:54:16] 100$ da set level gun  - SNIPER 10. by nDPDz
[2020/10/19 - 20:54:19] 100$ da set level gun  - MP5 10. by nDPDz
[2020/10/19 - 20:54:20] 100$ da set level gun  - SPAS-12 10. by nDPDz
[2020/10/19 - 20:54:22] 100$ da set level gun  - DEAGLE 10. by nDPDz
[2020/10/19 - 20:54:23] 100$ da set level gun  - MP5 10. by nDPDz
[2020/10/19 - 20:54:24] 100$ da set level gun  - SHOTGUN 10. by nDPDz
[2020/10/19 - 20:54:26] 100$ da set level gun  - AK-47 10. by nDPDz
[2020/10/19 - 20:54:27] 100$ da set level gun  - M4a1 10. by nDPDz
[2020/10/19 - 20:54:28] 100$ da set level gun  - SPAS-12 10. by nDPDz
[2020/10/19 - 20:54:30] 100$ da set level gun  - SNIPER 10. by nDPDz
[2020/10/20 - 21:04:32] TrNam_Khanh da set level gun  - M4a1 7. by Young
[2020/10/20 - 21:15:14] .Queen. da set level gun  - M4a1 10. by Alie
[2020/10/20 - 21:15:21] .Queen. da set level gun  - MP5 10. by Alie
[2020/10/20 - 21:17:26] Canos da set level gun  - MP5 10. by Alie
[2020/10/20 - 21:45:08] NaVy da set level gun  - DEAGLE 10. by NaVy
[2020/10/20 - 21:45:11] NaVy da set level gun  - MP5 10. by NaVy
[2020/10/20 - 21:45:13] NaVy da set level gun  - SHOTGUN 10. by NaVy
[2020/10/20 - 21:45:14] NaVy da set level gun  - AK-47 10. by NaVy
[2020/10/20 - 21:45:16] NaVy da set level gun  - M4a1 10. by NaVy
[2020/10/20 - 21:45:19] NaVy da set level gun  - SPAS-12 10. by NaVy
[2020/10/20 - 21:45:21] NaVy da set level gun  - SNIPER 10. by NaVy
[2020/10/20 - 21:45:23] Ban ton tai ID ma ban da nhap , vui long thu lai. by NaVy
[2020/10/21 - 19:12:13] Alie da set level gun  - M4a1 7. by Alie
[2020/10/21 - 19:16:30] Cuong_Z da set level gun  - M4a1 6. by Alie
[2020/10/21 - 19:16:32] Cuong_Z da set level gun  - DEAGLE 6. by Alie
[2020/10/21 - 19:34:25] Cuong_Z da set level gun  - DEAGLE 7. by Alie
[2020/10/21 - 19:34:27] Cuong_Z da set level gun  - M4a1 7. by Alie
[2020/10/21 - 19:43:54] .Tuan._.Banh. da set level gun  - DEAGLE 7. by Alie
[2020/10/21 - 19:43:56] .Tuan._.Banh. da set level gun  - SNIPER 7. by Alie
[2020/10/21 - 20:00:52] tst da set level gun  - M4a1 7. by Young
[2020/10/22 - 12:49:20] Alie da set level gun  - M4a1 10. by Alie
[2020/10/22 - 12:49:34] Alie da set level gun  - M4a1 10. by Alie
[2020/10/22 - 14:44:38] MinhBinBatDiet da set level gun  - DEAGLE 10. by MinhBin
[2020/10/22 - 14:44:40] MinhBinBatDiet da set level gun  - MP5 10. by MinhBin
[2020/10/22 - 14:44:42] MinhBinBatDiet da set level gun  - M4a1 10. by MinhBin
[2020/10/22 - 14:44:44] MinhBinBatDiet da set level gun  - SPAS-12 10. by MinhBin
[2020/10/22 - 16:17:18] Canos da set level gun  - DEAGLE 10. by MinhBin
[2020/10/22 - 16:17:39] Canos da set level gun  - MP5 10. by MinhBin
[2020/10/22 - 16:17:47] Canos da set level gun  - SHOTGUN 10. by MinhBin
[2020/10/22 - 16:17:49] Canos da set level gun  - AK-47 10. by MinhBin
[2020/10/22 - 16:17:52] Canos da set level gun  - M4a1 10. by MinhBin
[2020/10/22 - 16:17:54] Canos da set level gun  - SPAS-12 10. by MinhBin
[2020/10/22 - 16:18:10] Canos da set level gun  - M4a1 10. by MinhBin
[2020/10/22 - 16:18:15] Canos da set level gun  - SPAS-12 10. by MinhBin
[2020/10/22 - 16:18:19] Canos da set level gun  - SNIPER 10. by MinhBin
[2020/10/22 - 16:18:31] Canos da set level gun  - SPAS-12 10. by MinhBin
[2020/10/22 - 16:18:34] Canos da set level gun  - SNIPER 10. by MinhBin
[2020/10/22 - 16:18:38] Canos da set level gun  - SNIPER 8. by MinhBin
[2020/10/22 - 16:18:42] Canos da set level gun  - SNIPER 10. by MinhBin
[2020/10/22 - 16:18:48] Canos da set level gun  - SPAS-12 9. by MinhBin
[2020/10/22 - 16:18:51] Canos da set level gun  - SPAS-12 8. by MinhBin
[2020/10/22 - 18:43:42] TinhDy.OnTheMic da set level gun  - MP5 10. by MinhBin
[2020/10/22 - 18:43:49] KienBoDoi da set level gun  - MP5 10. by MinhBin
[2020/10/23 - 15:10:16] Tan_Williams da set level gun  - DEAGLE 10. by MinhBin
[2020/10/23 - 15:19:18] Tan_Williams da set level gun  - MP5 10. by MinhBin
[2020/10/23 - 15:19:21] Tan_Williams da set level gun  - SHOTGUN 10. by MinhBin
[2020/10/23 - 15:19:24] Tan_Williams da set level gun  - AK-47 10. by MinhBin
[2020/10/23 - 15:19:26] Tan_Williams da set level gun  - M4a1 10. by MinhBin
[2020/10/23 - 15:19:30] Tan_Williams da set level gun  - SPAS-12 8. by MinhBin
[2020/10/23 - 15:19:36] Tan_Williams da set level gun  - SNIPER 10. by MinhBin
[2020/10/24 - 12:49:34] [FM]Jackson da set level gun  - SPAS-12 10. by [FM]Jackson
[2020/10/24 - 12:49:38] [FM]Jackson da set level gun  - SPAS-12 9. by [FM]Jackson
[2020/10/24 - 12:50:51] [FM]Jackson da set level gun  - MP5 9. by [FM]Jackson
[2020/10/24 - 12:50:59] [FM]Jackson da set level gun  - MP5 8. by [FM]Jackson
[2020/10/24 - 12:51:04] [FM]Jackson da set level gun  - MP5 7. by [FM]Jackson
[2020/10/24 - 12:51:14] [FM]Jackson da set level gun  - MP5 6. by [FM]Jackson
[2020/10/24 - 12:51:18] [FM]Jackson da set level gun  - MP5 4. by [FM]Jackson
[2020/10/24 - 12:51:20] [FM]Jackson da set level gun  - MP5 5. by [FM]Jackson
[2020/10/24 - 13:15:30] [FM]Jackson da set level gun  - MP5 11. by [FM]Jackson
[2020/10/24 - 13:16:05] [FM]Jackson da set level gun  - MP5 10. by [FM]Jackson
[2020/10/24 - 13:17:05] [FM]Canos da set level gun  - DEAGLE 10. by [FM]Jackson
[2020/10/24 - 13:17:13] [FM]Canos da set level gun  - MP5 10. by [FM]Jackson
[2020/10/24 - 13:20:04] .Tuan._.Banh. da set level gun  - DEAGLE 7. by [FM]Jackson
[2020/10/24 - 13:20:07] .Tuan._.Banh. da set level gun  - MP5 7. by [FM]Jackson
[2020/10/24 - 13:20:15] .Tuan._.Banh. da set level gun  - M4a1 7. by [FM]Jackson
[2020/10/24 - 13:20:17] .Tuan._.Banh. da set level gun  - SNIPER 7. by [FM]Jackson
[2020/10/24 - 13:20:40] SatThu da set level gun  - MP5 10. by [FM]Jackson
[2020/10/24 - 13:24:16] .Tuan._.Banh. da set level gun  - MP5 10. by [FM]Jackson
[2020/10/24 - 13:24:18] .Tuan._.Banh. da set level gun  - M4a1 10. by [FM]Jackson
[2020/10/24 - 15:03:43] Yakura_HoangDii da set level gun  - DEAGLE 7. by [FM]Jackson
[2020/10/24 - 15:03:48] Yakura_HoangDii da set level gun  - MP5 7. by [FM]Jackson
[2020/10/24 - 15:03:52] Yakura_HoangDii da set level gun  - M4a1 7. by [FM]Jackson
[2020/10/24 - 15:03:55] Yakura_HoangDii da set level gun  - SPAS-12 7. by [FM]Jackson
[2020/10/24 - 15:03:57] Yakura_HoangDii da set level gun  - SNIPER 7. by [FM]Jackson
[2020/10/24 - 15:34:32] noname da set level gun  - DEAGLE 8. by [FM]Jackson
[2020/10/24 - 15:34:33] noname da set level gun  - MP5 8. by [FM]Jackson
[2020/10/24 - 15:34:36] noname da set level gun  - M4a1 8. by [FM]Jackson
[2020/10/24 - 15:34:38] noname da set level gun  - SPAS-12 8. by [FM]Jackson
[2020/10/24 - 15:34:40] noname da set level gun  - SNIPER 8. by [FM]Jackson
[2020/10/24 - 15:46:12] [FM]Jackson da set level gun  - DEAGLE 10. by [FM]Jackson
[2020/10/24 - 15:46:13] [FM]Jackson da set level gun  - MP5 10. by [FM]Jackson
[2020/10/24 - 15:46:17] [FM]Jackson da set level gun  - M4a1 10. by [FM]Jackson
[2020/10/24 - 15:46:19] [FM]Jackson da set level gun  - SPAS-12 10. by [FM]Jackson
[2020/10/24 - 15:46:21] [FM]Jackson da set level gun  - SNIPER 10. by [FM]Jackson
[2020/10/24 - 15:46:25] [FM]Jackson da set level gun  - SPAS-12 8. by [FM]Jackson
[2020/10/24 - 15:47:27] noname da set level gun  - DEAGLE 10. by [FM]Jackson
[2020/10/24 - 15:47:29] noname da set level gun  - MP5 10. by [FM]Jackson
[2020/10/24 - 15:47:31] noname da set level gun  - M4a1 10. by [FM]Jackson
[2020/10/24 - 15:47:35] noname da set level gun  - SNIPER 10. by [FM]Jackson
[2020/10/24 - 18:45:43] Hip.Network da set level gun  - M4a1 7. by Young
[2020/10/24 - 18:45:45] Hip.Network da set level gun  - DEAGLE 7. by Young
[2020/10/24 - 18:45:47] Hip.Network da set level gun  - MP5 7. by Young
[2020/10/24 - 18:45:49] Hip.Network da set level gun  - SNIPER 7. by Young
[2020/10/24 - 18:45:51] Hip.Network da set level gun  - SPAS-12 7. by Young
[2020/10/24 - 19:33:53] Poka.V da set level gun  - DEAGLE 10. by MinhBin
[2020/10/24 - 20:00:21] KienBoDoi da set level gun  - MP5 10. by MinhBin
[2020/10/24 - 21:03:32] TaiGamer.exe da set level gun  - MP5 10. by [FM]Jackson
[2020/10/25 - 8:46:29] Cocee da set level gun  - SHOTGUN 7. by Young
[2020/10/25 - 14:44:39] Tom_smith da set level gun  - DEAGLE 7. by Young
[2020/10/25 - 14:44:46] Tom_smith da set level gun  - M4a1 7. by Young
[2020/10/25 - 14:44:48] Tom_smith da set level gun  - MP5 7. by Young
[2020/10/25 - 14:44:53] Tom_smith da set level gun  - SPAS-12 7. by Young
[2020/10/25 - 14:55:37] HipCute.cs da set level gun  - M4a1 7. by Young
[2020/10/25 - 14:55:39] HipCute.cs da set level gun  - DEAGLE 7. by Young
[2020/10/25 - 14:55:41] HipCute.cs da set level gun  - MP5 7. by Young
[2020/10/25 - 14:55:44] HipCute.cs da set level gun  - SPAS-12 7. by Young
[2020/10/25 - 15:20:38] TaiLam da set level gun  - M4a1 0. by Young
[2020/10/25 - 15:20:39] TaiLam da set level gun  - DEAGLE 0. by Young
[2020/10/25 - 15:20:41] TaiLam da set level gun  - M4a1 0. by Young
[2020/10/25 - 15:20:42] TaiLam da set level gun  - SNIPER 0. by Young
[2020/10/25 - 15:20:44] TaiLam da set level gun  - SPAS-12 0. by Young
[2020/10/25 - 15:26:20] TinhDy.OnTheMic da set level gun  - M4a1 10. by [FM]Jackson
[2020/10/25 - 15:27:16] XuanTruong.Cute da set level gun  - M4a1 10. by [FM]Jackson
[2020/10/25 - 15:27:26] HiHi.OnTheMic da set level gun  - M4a1 10. by [FM]Jackson
[2020/10/25 - 15:27:57] BrianZ.OnTheMic da set level gun  - MP5 10. by [FM]Jackson
[2020/10/25 - 15:36:33] TaiGamer.exe da set level gun  - M4a1 10. by [FM]Jackson
[2020/10/25 - 16:06:47] Ban ton tai ID ma ban da nhap , vui long thu lai. by [FM]Jackson
[2020/10/25 - 16:06:55] Killer da set level gun  - M4a1 10. by [FM]Jackson
[2020/10/25 - 16:22:43] NoiKhong_VoiHacking da set level gun  - MP5 10. by [FM]Jackson
[2020/10/25 - 16:23:05] QuanLe.Exe da set level gun  - M4a1 10. by [FM]Jackson
[2020/10/25 - 16:31:49] TonY_Jaa da set level gun  - M4a1 10. by [FM]Jackson
[2020/10/25 - 16:40:29] XuanTruong.Cute da set level gun  - M4a1 10. by [FM]Jackson
[2020/10/25 - 16:40:30] XuanTruong.Cute da set level gun  - SNIPER 10. by [FM]Jackson
[2020/10/25 - 16:45:51] Winn.Z da set level gun  - MP5 10. by [FM]Jackson
[2020/10/25 - 19:41:34] XuanTruong.Cute da set level gun  - MP5 10. by [FM]Jackson
[2020/10/25 - 19:42:57] KienDy.OnTheMic da set level gun  - M4a1 10. by [FM]Jackson
[2020/10/25 - 20:30:08] ThuanDy.OnTheMic da set level gun  - M4a1 10. by [FM]Jackson
[2020/10/25 - 21:02:22] [BQT]Ren da set level gun  - DEAGLE 10. by [BQT]Ren
[2020/10/25 - 21:02:25] [BQT]Ren da set level gun  - MP5 10. by [BQT]Ren
[2020/10/25 - 21:02:27] [BQT]Ren da set level gun  - M4a1 10. by [BQT]Ren
[2020/10/25 - 21:02:29] [BQT]Ren da set level gun  - SPAS-12 10. by [BQT]Ren
[2020/10/25 - 21:02:33] [BQT]Ren da set level gun  - SNIPER 10. by [BQT]Ren
[2020/10/25 - 21:04:35] NguyenPhat_Tai da set level gun  - DEAGLE 11. by NguyenPhat_Tai
[2020/10/25 - 21:04:36] NguyenPhat_Tai da set level gun  - DEAGLE 12. by NguyenPhat_Tai
[2020/10/25 - 21:04:37] NguyenPhat_Tai da set level gun  - DEAGLE 13. by NguyenPhat_Tai
[2020/10/25 - 21:04:37] NguyenPhat_Tai da set level gun  - DEAGLE 14. by NguyenPhat_Tai
[2020/10/25 - 21:04:39] NguyenPhat_Tai da set level gun  - DEAGLE 15. by NguyenPhat_Tai
[2020/10/25 - 21:04:40] NguyenPhat_Tai da set level gun  - DEAGLE 16. by NguyenPhat_Tai
[2020/10/25 - 21:04:41] NguyenPhat_Tai da set level gun  - DEAGLE 17. by NguyenPhat_Tai
[2020/10/25 - 21:04:42] NguyenPhat_Tai da set level gun  - DEAGLE 18. by NguyenPhat_Tai
[2020/10/25 - 21:04:43] NguyenPhat_Tai da set level gun  - DEAGLE 19. by NguyenPhat_Tai
[2020/10/25 - 21:05:11] NguyenPhat_Tai da set level gun  - DEAGLE 10. by NguyenPhat_Tai
[2020/10/26 - 9:57:53] Rodger_NGSA da set level gun  - M4a1 7. by Young
[2020/10/26 - 9:57:54] Rodger_NGSA da set level gun  - DEAGLE 7. by Young
[2020/10/26 - 9:57:57] Rodger_NGSA da set level gun  - M4a1 7. by Young
[2020/10/26 - 9:58:00] Rodger_NGSA da set level gun  - SPAS-12 7. by Young
[2020/10/26 - 9:58:03] Rodger_NGSA da set level gun  - M4a1 7. by Young
[2020/10/26 - 9:58:07] Rodger_NGSA da set level gun  - MP5 7. by Young
[2020/10/26 - 11:35:27] Jung._.Miyasko da set level gun  - M4a1 10. by MinhBin
[2020/10/26 - 11:36:01] Jung._.Miyasko da set level gun  - DEAGLE 10. by MinhBin
[2020/10/26 - 12:29:43] TheDeoLamCho da set level gun  - M4a1 7. by TheDeoLamCho
[2020/10/26 - 12:29:48] TheDeoLamCho da set level gun  - MP5 7. by TheDeoLamCho
[2020/10/26 - 12:29:51] TheDeoLamCho da set level gun  - DEAGLE 7. by TheDeoLamCho
[2020/10/26 - 12:39:38] KingZ.DepTraii da set level gun  - DEAGLE 10. by MinhBin
[2020/10/26 - 12:39:41] Deaglee da set level gun  - DEAGLE 10. by MinhBin
[2020/10/26 - 12:41:39] TaoLaMemberVIP da set level gun  - M4a1 7. by TaoLaMemberVIP
[2020/10/26 - 12:41:41] TaoLaMemberVIP da set level gun  - DEAGLE 7. by TaoLaMemberVIP
[2020/10/26 - 12:41:43] TaoLaMemberVIP da set level gun  - MP5 7. by TaoLaMemberVIP
[2020/10/26 - 12:41:48] TaoLaMemberVIP da set level gun  - SNIPER 7. by TaoLaMemberVIP
[2020/10/26 - 13:30:17] BonZ_Hackking da set level gun  - MP5 10. by MinhBin
[2020/10/26 - 13:30:19] Winn.Z da set level gun  - MP5 10. by MinhBin
[2020/10/26 - 13:30:22] Styllers da set level gun  - MP5 10. by MinhBin
[2020/10/26 - 13:30:50] Tomyy_Z da set level gun  - MP5 10. by MinhBin
[2020/10/26 - 13:31:02] BOOM_BOOM da set level gun  - MP5 10. by MinhBin
[2020/10/26 - 13:51:53] Nguyen_Chieu da set level gun  - MP5 5. by [FM]Jackson
[2020/10/26 - 13:51:54] Nguyen_Chieu da set level gun  - MP5 7. by [FM]Jackson
[2020/10/26 - 18:04:35] RenDy.OnlTheMic da set level gun  - DEAGLE 10. by [BQT]Ren
[2020/10/26 - 18:04:37] RenDy.OnlTheMic da set level gun  - MP5 10. by [BQT]Ren
[2020/10/26 - 18:04:40] RenDy.OnlTheMic da set level gun  - SHOTGUN 10. by [BQT]Ren
[2020/10/26 - 18:04:41] RenDy.OnlTheMic da set level gun  - AK-47 10. by [BQT]Ren
[2020/10/26 - 18:04:43] RenDy.OnlTheMic da set level gun  - M4a1 10. by [BQT]Ren
[2020/10/26 - 18:04:45] RenDy.OnlTheMic da set level gun  - SPAS-12 10. by [BQT]Ren
[2020/10/26 - 18:04:47] RenDy.OnlTheMic da set level gun  - SNIPER 10. by [BQT]Ren
[2020/10/26 - 18:04:49] Ban ton tai ID ma ban da nhap , vui long thu lai. by [BQT]Ren
[2020/10/26 - 18:43:05] TinhDy.OnTheMic da set level gun  - DEAGLE 10. by [BQT]Ren
[2020/10/26 - 18:43:07] TinhDy.OnTheMic da set level gun  - MP5 10. by [BQT]Ren
[2020/10/26 - 18:43:08] TinhDy.OnTheMic da set level gun  - SHOTGUN 10. by [BQT]Ren
[2020/10/26 - 18:43:10] TinhDy.OnTheMic da set level gun  - AK-47 10. by [BQT]Ren
[2020/10/26 - 18:43:11] TinhDy.OnTheMic da set level gun  - M4a1 10. by [BQT]Ren
[2020/10/26 - 18:43:13] TinhDy.OnTheMic da set level gun  - SPAS-12 10. by [BQT]Ren
[2020/10/26 - 18:43:16] TinhDy.OnTheMic da set level gun  - SNIPER 10. by [BQT]Ren
[2020/10/26 - 19:27:39] YoungMatDay da set level gun  - M4a1 8. by YoungMatDay
[2020/10/26 - 19:27:41] YoungMatDay da set level gun  - M4a1 9. by YoungMatDay
[2020/10/26 - 19:28:39] YoungMatDay da set level gun  - M4a1 9. by YoungMatDay
[2020/10/26 - 19:28:44] YoungMatDay da set level gun  - M4a1 10. by YoungMatDay
[2020/10/26 - 19:28:54] YoungMatDay da set level gun  - M4a1 11. by YoungMatDay
[2020/10/26 - 19:28:59] YoungMatDay da set level gun  - M4a1 10. by YoungMatDay
[2020/10/26 - 19:29:53] kaleb da set level gun  - M4a1 10. by YoungMatDay
[2020/10/26 - 19:29:59] Kenduuu da set level gun  - M4a1 10. by YoungMatDay
[2020/10/26 - 19:30:06] Nicolas da set level gun  - M4a1 10. by YoungMatDay
[2020/10/26 - 19:30:09] Trieuz. da set level gun  - M4a1 10. by YoungMatDay
[2020/10/26 - 19:30:40] Nicolas da set level gun  - M4a1 10. by YoungMatDay
[2020/10/26 - 19:30:44] NgocDy.OnTheMic da set level gun  - M4a1 10. by YoungMatDay
[2020/10/26 - 19:30:46] Bui_Dinh_Tuyen da set level gun  - M4a1 10. by YoungMatDay
[2020/10/26 - 19:30:52] Hung_Channels da set level gun  - M4a1 10. by YoungMatDay
[2020/10/26 - 19:30:55] Shanks$TocDo da set level gun  - M4a1 10. by YoungMatDay
[2020/10/26 - 19:30:59] kaleb da set level gun  - M4a1 10. by YoungMatDay
[2020/10/26 - 19:31:06] Hung_Channels da set level gun  - M4a1 10. by YoungMatDay
[2020/10/27 - 11:12:16] SangSmith da set level gun  - DEAGLE 10. by MinhBin
[2020/10/27 - 12:01:27] CoBeBanDam. da set level gun  - MP5 7. by YoungMatDay
[2020/10/27 - 12:01:29] CoBeBanDam. da set level gun  - MP5 10. by YoungMatDay
[2020/10/27 - 12:01:32] CoBeBanDam. da set level gun  - MP5 9. by YoungMatDay
[2020/10/27 - 13:13:15] ThuanDy.OnTheMic da set level gun  - DEAGLE 5. by [FM]Jackson
[2020/10/27 - 13:13:17] ThuanDy.OnTheMic da set level gun  - DEAGLE 10. by [FM]Jackson
[2020/10/27 - 14:38:53] Alie da set level gun  - DEAGLE 10. by Alie
[2020/10/27 - 14:38:55] Alie da set level gun  - MP5 10. by Alie
[2020/10/27 - 14:38:58] Alie da set level gun  - SHOTGUN 10. by Alie
[2020/10/27 - 14:38:59] Alie da set level gun  - AK-47 10. by Alie
[2020/10/27 - 14:39:00] Alie da set level gun  - M4a1 10. by Alie
[2020/10/27 - 14:39:02] Alie da set level gun  - SPAS-12 10. by Alie
[2020/10/27 - 14:39:04] Alie da set level gun  - SNIPER 10. by Alie
[2020/10/27 - 19:37:29] BrianZ_OnTheMic da set level gun  - SNIPER 7. by YoungMatDay
[2020/10/27 - 20:05:20] ConCu_BonDau da set level gun  - DEAGLE 10. by MinhBin
[2020/10/27 - 20:16:50] [Admin]Pandaz da set level gun  - M4a1 0. by YoungMatDay
[2020/10/27 - 20:16:51] [Admin]Pandaz da set level gun  - DEAGLE 0. by YoungMatDay
[2020/10/27 - 20:16:52] [Admin]Pandaz da set level gun  - MP5 0. by YoungMatDay
[2020/10/27 - 20:16:54] [Admin]Pandaz da set level gun  - SNIPER 0. by YoungMatDay
[2020/10/27 - 20:16:56] [Admin]Pandaz da set level gun  - SPAS-12 0. by YoungMatDay
[2020/10/27 - 20:16:58] [Admin]Pandaz da set level gun  - M4a1 0. by YoungMatDay
[2020/10/27 - 20:57:19] ThaiTrumDE da set level gun  - DEAGLE 10. by MinhBin
[2020/10/28 - 13:33:48] [FM]Jackson da set level gun  - MP5 10. by [FM]Jackson
[2020/10/28 - 13:33:50] [FM]Jackson da set level gun  - MP5 11. by [FM]Jackson
[2020/10/28 - 13:33:53] [FM]Jackson da set level gun  - MP5 10. by [FM]Jackson
[2020/10/28 - 13:33:55] [FM]Jackson da set level gun  - MP5 7. by [FM]Jackson
[2020/10/28 - 13:34:10] [FM]Jackson da set level gun  - MP5 8. by [FM]Jackson
[2020/10/28 - 13:34:16] [FM]Jackson da set level gun  - MP5 8. by [FM]Jackson
[2020/10/28 - 13:34:17] [FM]Jackson da set level gun  - MP5 9. by [FM]Jackson
[2020/10/28 - 13:34:23] [FM]Jackson da set level gun  - MP5 10. by [FM]Jackson
[2020/10/28 - 13:34:41] TaiGamer.exe da set level gun  - MP5 7. by [FM]Jackson
[2020/10/28 - 13:35:04] TaiGamer.exe da set level gun  - DEAGLE 7. by [FM]Jackson
[2020/10/28 - 13:35:07] TaiGamer.exe da set level gun  - MP5 7. by [FM]Jackson
[2020/10/28 - 13:35:08] TaiGamer.exe da set level gun  - SHOTGUN 7. by [FM]Jackson
[2020/10/28 - 13:35:10] TaiGamer.exe da set level gun  - AK-47 7. by [FM]Jackson
[2020/10/28 - 13:35:11] TaiGamer.exe da set level gun  - M4a1 7. by [FM]Jackson
[2020/10/28 - 13:35:13] TaiGamer.exe da set level gun  - SPAS-12 7. by [FM]Jackson
[2020/10/28 - 13:35:15] TaiGamer.exe da set level gun  - SNIPER 7. by [FM]Jackson
[2020/10/28 - 14:52:58] BoyMyCon da set level gun  - SNIPER 7. by BoyMyCon
[2020/10/28 - 15:06:55] ManBoHieuThuHai da set level gun  - DEAGLE 7. by BoyMyCon
[2020/10/28 - 15:06:56] ManBoHieuThuHai da set level gun  - MP5 7. by BoyMyCon
[2020/10/28 - 15:06:58] ManBoHieuThuHai da set level gun  - SHOTGUN 7. by BoyMyCon
[2020/10/28 - 15:06:59] ManBoHieuThuHai da set level gun  - AK-47 7. by BoyMyCon
[2020/10/28 - 15:07:00] ManBoHieuThuHai da set level gun  - M4a1 7. by BoyMyCon
[2020/10/28 - 15:07:02] ManBoHieuThuHai da set level gun  - SPAS-12 7. by BoyMyCon
[2020/10/28 - 15:07:03] ManBoHieuThuHai da set level gun  - SNIPER 7. by BoyMyCon
[2020/10/28 - 15:19:11] Canos da set level gun  - DEAGLE 10. by BoyMyCon
[2020/10/28 - 15:19:12] Canos da set level gun  - MP5 10. by BoyMyCon
[2020/10/28 - 15:19:23] Canos da set level gun  - M4a1 10. by BoyMyCon
[2020/10/28 - 15:19:26] Canos da set level gun  - SNIPER 10. by BoyMyCon
[2020/10/28 - 15:21:08] NgocDy.OnTheMic. da set level gun  - DEAGLE 10. by BoyMyCon
[2020/10/28 - 15:21:14] NgocDy.OnTheMic. da set level gun  - MP5 10. by BoyMyCon
[2020/10/28 - 15:21:17] NgocDy.OnTheMic. da set level gun  - M4a1 10. by BoyMyCon
[2020/10/28 - 15:21:21] NgocDy.OnTheMic. da set level gun  - SNIPER 10. by BoyMyCon
[2020/10/28 - 15:48:12] Pron_Pick da set level gun  - DEAGLE 10. by BoyMyCon
[2020/10/28 - 15:48:14] Pron_Pick da set level gun  - MP5 10. by BoyMyCon
[2020/10/28 - 15:48:16] Pron_Pick da set level gun  - M4a1 10. by BoyMyCon
[2020/10/28 - 15:48:19] Pron_Pick da set level gun  - SNIPER 10. by BoyMyCon
[2020/10/28 - 17:27:11] NgocDy.OnTheMic. da set level gun  - MP5 3. by Ren
[2020/10/28 - 18:04:34] Alie da set level gun  - DEAGLE 10. by Alie
[2020/10/28 - 18:04:35] Alie da set level gun  - MP5 10. by Alie
[2020/10/28 - 18:04:36] Alie da set level gun  - SHOTGUN 10. by Alie
[2020/10/28 - 18:04:38] Alie da set level gun  - AK-47 10. by Alie
[2020/10/28 - 18:04:39] Alie da set level gun  - M4a1 10. by Alie
[2020/10/28 - 18:04:41] Alie da set level gun  - SPAS-12 10. by Alie
[2020/10/28 - 18:04:43] Alie da set level gun  - SNIPER 10. by Alie
[2020/10/28 - 18:04:46] Ban ton tai ID ma ban da nhap , vui long thu lai. by Alie
[2020/10/28 - 18:58:28] BanOiDungHackNua da set level gun  - DEAGLE 3. by NPT
[2020/10/28 - 18:58:30] BanOiDungHackNua da set level gun  - MP5 3. by NPT
[2020/10/28 - 18:58:31] BanOiDungHackNua da set level gun  - SHOTGUN 3. by NPT
[2020/10/28 - 18:58:33] BanOiDungHackNua da set level gun  - AK-47 3. by NPT
[2020/10/28 - 18:58:34] BanOiDungHackNua da set level gun  - M4a1 3. by NPT
[2020/10/28 - 18:58:36] BanOiDungHackNua da set level gun  - SPAS-12 3. by NPT
[2020/10/28 - 18:58:41] BanOiDungHackNua da set level gun  - SNIPER 3. by NPT
[2020/10/28 - 18:58:53] BanOiDungHackNua da set level gun  - DEAGLE 3. by NPT
[2020/10/28 - 18:59:38] NhaMinhConGiDau da set level gun  - DEAGLE 3. by NPT
[2020/10/28 - 18:59:39] NhaMinhConGiDau da set level gun  - MP5 3. by NPT
[2020/10/28 - 18:59:40] NhaMinhConGiDau da set level gun  - SHOTGUN 3. by NPT
[2020/10/28 - 18:59:42] NhaMinhConGiDau da set level gun  - AK-47 3. by NPT
[2020/10/28 - 18:59:43] NhaMinhConGiDau da set level gun  - M4a1 3. by NPT
[2020/10/28 - 18:59:44] NhaMinhConGiDau da set level gun  - SPAS-12 3. by NPT
[2020/10/28 - 18:59:47] NhaMinhConGiDau da set level gun  - SNIPER 3. by NPT
[2020/10/28 - 19:04:03] Alie da set level gun  - M4a1 10. by NPT
[2020/10/28 - 19:04:07] Alie da set level gun  - M4a1 10. by NPT
[2020/10/28 - 19:04:18] Alie da set level gun  - M4a1 7. by Alie
[2020/10/28 - 19:04:22] Alie da set level gun  - M4a1 10. by NPT
[2020/10/28 - 19:04:31] Alie da set level gun  - M4a1 8. by Alie
[2020/10/28 - 19:04:34] Alie da set level gun  - M4a1 9. by Alie
[2020/10/28 - 19:05:01] Alie da set level gun  - M4a1 7. by Alie
[2020/10/28 - 19:35:15] CoBEBANDAM. da set level gun  - M4a1 9. by YoungMatDay
[2020/10/28 - 20:00:47] Hello.NM da set level gun  - M4a1 10. by Hello.NM
[2020/10/29 - 14:06:22] XuanTruong.Cute da set level gun  - DEAGLE 5. by Alie
[2020/10/29 - 14:06:25] XuanTruong.Cute da set level gun  - M4a1 5. by Alie
[2020/10/29 - 14:06:27] XuanTruong.Cute da set level gun  - SNIPER 5. by Alie
[2020/10/29 - 14:07:04] XuanTruong.Cute da set level gun  - MP5 5. by Alie
[2020/10/29 - 14:43:24] Bii da set level gun  - DEAGLE 5. by Alie
[2020/10/29 - 19:28:22] hUyY_XiTRuM da set level gun  - DEAGLE 5. by Alie
[2020/10/29 - 19:28:24] hUyY_XiTRuM da set level gun  - M4a1 5. by Alie
[2020/10/29 - 19:33:07] .KennyYou. da set level gun  - DEAGLE 5. by Alie
[2020/10/29 - 19:33:11] .KennyYou. da set level gun  - M4a1 5. by Alie
[2020/10/29 - 19:33:13] .KennyYou. da set level gun  - SNIPER 5. by Alie
[2020/10/29 - 19:33:14] .KennyYou. da set level gun  - MP5 5. by Alie
[2020/10/29 - 19:52:23] NaVy da set level gun  - DEAGLE 10. by NaVy
[2020/10/29 - 19:52:24] NaVy da set level gun  - MP5 10. by NaVy
[2020/10/29 - 19:52:26] NaVy da set level gun  - SHOTGUN 10. by NaVy
[2020/10/29 - 19:52:27] NaVy da set level gun  - AK-47 10. by NaVy
[2020/10/29 - 19:52:29] NaVy da set level gun  - M4a1 10. by NaVy
[2020/10/29 - 19:52:31] NaVy da set level gun  - SPAS-12 10. by NaVy
[2020/10/29 - 19:52:34] NaVy da set level gun  - SNIPER 10. by NaVy
[2020/10/29 - 20:12:25] NguyenQuoc_Trung da set level gun  - MP5 5. by Alie
[2020/10/29 - 20:12:30] NguyenQuoc_Trung da set level gun  - DEAGLE 5. by Alie
[2020/10/29 - 20:12:32] NguyenQuoc_Trung da set level gun  - M4a1 5. by Alie
[2020/10/29 - 20:55:32] Jung._.Miyasko da set level gun  - DEAGLE 5. by Alie
[2020/10/29 - 20:55:35] Jung._.Miyasko da set level gun  - M4a1 5. by Alie
[2020/10/29 - 20:55:40] Jung._.Miyasko da set level gun  - SNIPER 5. by Alie
[2020/10/29 - 20:56:01] Jung._.Miyasko da set level gun  - MP5 5. by Alie
[2020/10/29 - 20:57:05] KingZ_GOD da set level gun  - DEAGLE 8. by [FM]Jackson
[2020/10/29 - 20:57:07] KingZ_GOD da set level gun  - MP5 8. by [FM]Jackson
[2020/10/29 - 20:57:11] KingZ_GOD da set level gun  - SHOTGUN 8. by [FM]Jackson
[2020/10/29 - 20:57:13] KingZ_GOD da set level gun  - AK-47 8. by [FM]Jackson
[2020/10/29 - 20:57:15] KingZ_GOD da set level gun  - M4a1 8. by [FM]Jackson
[2020/10/29 - 20:57:17] KingZ_GOD da set level gun  - SPAS-12 8. by [FM]Jackson
[2020/10/29 - 20:57:18] KingZ_GOD da set level gun  - SNIPER 8. by [FM]Jackson
[2020/10/29 - 20:57:56] RGFox da set level gun  - DEAGLE 8. by [FM]Jackson
[2020/10/29 - 20:57:57] RGFox da set level gun  - MP5 8. by [FM]Jackson
[2020/10/29 - 20:57:58] RGFox da set level gun  - SHOTGUN 8. by [FM]Jackson
[2020/10/29 - 20:58:01] RGFox da set level gun  - AK-47 8. by [FM]Jackson
[2020/10/29 - 20:58:03] RGFox da set level gun  - M4a1 8. by [FM]Jackson
[2020/10/29 - 20:58:05] RGFox da set level gun  - SPAS-12 8. by [FM]Jackson
[2020/10/29 - 20:58:06] RGFox da set level gun  - SNIPER 8. by [FM]Jackson
[2020/10/29 - 21:56:48] Tan_Williams da set level gun  - DEAGLE 5. by Alie
[2020/10/29 - 21:56:51] Tan_Williams da set level gun  - M4a1 5. by Alie
[2020/10/30 - 13:20:28] Ozawaka da set level gun  - M4a1 3. by Alie
[2020/10/30 - 13:20:33] Ozawaka da set level gun  - DEAGLE 3. by Alie
[2020/10/30 - 13:20:46] Ozawaka da set level gun  - MP5 3. by Alie
[2020/10/30 - 14:01:46] [FM]Jackson da set level gun  - MP5 9. by [FM]Jackson
[2020/10/30 - 14:02:09] trum_pro da set level gun  - MP5 9. by [FM]Jackson
[2020/10/30 - 14:02:11] sweetFullCleo da set level gun  - MP5 9. by [FM]Jackson
[2020/10/30 - 14:02:49] sweetFullCleo da set level gun  - MP5 9. by [FM]Jackson
[2020/10/30 - 14:03:34] Tat_Thang da set level gun  - MP5 9. by [FM]Jackson
[2020/10/30 - 14:34:11] trum_pro da set level gun  - MP5 5. by Alie
[2020/10/30 - 14:34:14] trum_pro da set level gun  - M4a1 5. by Alie
[2020/10/30 - 14:34:23] trum_pro da set level gun  - DEAGLE 5. by Alie
[2020/10/30 - 14:34:30] trum_pro da set level gun  - SNIPER 5. by Alie
[2020/10/30 - 14:49:45] trum_pro da set level gun  - M4a1 7. by Alie
[2020/10/30 - 14:49:47] trum_pro da set level gun  - MP5 7. by Alie
[2020/10/30 - 16:03:32] [PcG]Xyz da set level gun  - M4a1 4. by Alie
[2020/10/30 - 16:03:43] [PcG]Xyz da set level gun  - DEAGLE 4. by Alie
[2020/10/30 - 16:23:45] SevenZ da set level gun  - M4a1 7. by Alie
[2020/10/31 - 19:44:01] TuanDinh da set level gun  - DEAGLE 5. by Alie
[2020/10/31 - 19:45:46] TuanDinh da set level gun  - SNIPER 5. by Alie
[2020/11/1 - 17:19:48] BeLoc_Z da set level gun  - DEAGLE 4. by Alie
[2020/11/1 - 17:19:52] BeLoc_Z da set level gun  - M4a1 5. by Alie
[2020/11/1 - 17:24:24] BeKhung_KhongHacking da set level gun  - M4a1 5. by Alie
[2020/11/1 - 17:24:27] BeKhung_KhongHacking da set level gun  - SNIPER 5. by Alie
[2020/11/1 - 17:24:28] BeKhung_KhongHacking da set level gun  - DEAGLE 5. by Alie
[2020/11/1 - 18:10:18] Rey_Warith da set level gun  - DEAGLE 5. by YoungMatDay
[2020/11/6 - 20:13:13] DoVan_Binh da set level gun  - DEAGLE 5. by YoungMatDay
[2020/11/6 - 20:13:15] DoVan_Binh da set level gun  - MP5 5. by YoungMatDay
[2020/11/6 - 20:13:18] DoVan_Binh da set level gun  - SHOTGUN 5. by YoungMatDay
[2020/11/6 - 20:13:20] DoVan_Binh da set level gun  - AK-47 5. by YoungMatDay
[2020/11/6 - 20:13:22] DoVan_Binh da set level gun  - M4a1 5. by YoungMatDay
[2020/11/6 - 20:13:24] DoVan_Binh da set level gun  - SNIPER 5. by YoungMatDay
[2020/11/6 - 20:17:06] KienBoDoi da set level gun  - DEAGLE 4. by Alie
[2020/11/6 - 20:17:10] KienBoDoi da set level gun  - M4a1 4. by Alie
[2020/11/6 - 20:17:12] KienBoDoi da set level gun  - SNIPER 4. by Alie
[2020/11/8 - 17:44:47] NaVy da set level gun  - DEAGLE 7. by Young
[2020/11/8 - 17:44:50] NaVy da set level gun  - M4a1 7. by Young
[2020/11/8 - 17:44:52] NaVy da set level gun  - MP5 7. by Young
[2020/11/8 - 17:44:56] NaVy da set level gun  - SNIPER 7. by Young
[2020/11/8 - 17:45:41] NaVy da set level gun  - DEAGLE 9. by Young
[2020/11/8 - 17:45:44] NaVy da set level gun  - DEAGLE 9. by Young
[2020/11/8 - 17:45:50] NaVy da set level gun  - DEAGLE 10. by Young
[2020/11/8 - 17:46:10] NaVy da set level gun  - M4a1 10. by Young
[2020/11/8 - 17:46:12] NaVy da set level gun  - MP5 10. by Young
[2020/11/10 - 9:13:32] Thong_NeverDie da set level gun  - DEAGLE 9. by Young
[2020/11/10 - 9:13:34] Thong_NeverDie da set level gun  - MP5 9. by Young
[2020/11/10 - 9:13:36] Thong_NeverDie da set level gun  - SHOTGUN 9. by Young
[2020/11/10 - 9:13:37] Thong_NeverDie da set level gun  - AK-47 9. by Young
[2020/11/10 - 9:13:39] Thong_NeverDie da set level gun  - M4a1 9. by Young
[2020/11/10 - 9:13:42] Thong_NeverDie da set level gun  - SPAS-12 9. by Young
[2020/11/10 - 9:13:44] Thong_NeverDie da set level gun  - SNIPER 9. by Young
[2020/11/10 - 9:13:45] Ban ton tai ID ma ban da nhap , vui long thu lai. by Young
[2020/11/10 - 10:53:18] TiennMaster da set level gun  - M4a1 10. by TiennMaster
[2020/11/10 - 10:57:22] TiennMaster da set level gun  - M4a1 5. by TiennMaster
[2020/11/10 - 10:57:27] TiennMaster da set level gun  - M4a1 10. by TiennMaster
[2020/11/10 - 10:57:51] TiennMaster da set level gun  - M4a1 9. by TiennMaster
[2020/11/10 - 10:59:57] TiennMaster da set level gun  - M4a1 1. by TiennMaster
[2020/11/10 - 11:00:00] TiennMaster da set level gun  - M4a1 2. by TiennMaster
[2020/11/10 - 11:00:02] TiennMaster da set level gun  - M4a1 3. by TiennMaster
[2020/11/10 - 11:00:04] TiennMaster da set level gun  - M4a1 10. by TiennMaster
[2020/11/10 - 11:02:35] thienhungpham da set level gun  - M4a1 5. by TiennMaster
[2020/11/10 - 11:07:17] thienhungpham da set level gun  - DEAGLE 5. by TiennMaster
[2020/11/10 - 11:07:20] thienhungpham da set level gun  - DEAGLE 10. by TiennMaster
[2020/11/10 - 11:38:05] TiennMaster da set level gun  - MP5 5. by TiennMaster
[2020/11/10 - 11:50:11] Bed_Trip da set level gun  - M4a1 5. by TiennMaster
[2020/11/10 - 11:51:16] TiennMaster da set level gun  - M4a1 10. by TiennMaster
[2020/11/10 - 11:56:08] Daniel_Ekko da set level gun  - M4a1 5. by TiennMaster
[2020/11/10 - 11:56:13] Bed_Trip da set level gun  - M4a1 5. by TiennMaster
[2020/11/10 - 11:56:26] thienhungpham da set level gun  - MP5 5. by TiennMaster
[2020/11/10 - 11:56:29] Daniel_Ekko da set level gun  - MP5 5. by TiennMaster
[2020/11/11 - 13:41:46] NaVy da set level gun  - DEAGLE 10. by NaVy
[2020/11/11 - 13:41:48] NaVy da set level gun  - MP5 10. by NaVy
[2020/11/11 - 13:41:49] NaVy da set level gun  - SHOTGUN 10. by NaVy
[2020/11/11 - 13:41:50] NaVy da set level gun  - AK-47 10. by NaVy
[2020/11/11 - 13:41:52] NaVy da set level gun  - M4a1 10. by NaVy
[2020/11/11 - 13:41:54] NaVy da set level gun  - SPAS-12 10. by NaVy
[2020/11/11 - 13:41:56] NaVy da set level gun  - SNIPER 10. by NaVy
[2020/11/11 - 17:11:55] Young da set level gun  - DEAGLE 0. by Young
[2021/11/9 - 17:17:11] Dang SAVP da set level gun  - SPAS-12 10. by Dang SAVP
[2021/11/10 - 16:46:45] GL DangNguyenz da set level gun  - DEAGLE 0. by GL DangNguyenz
[2021/11/10 - 16:46:46] GL DangNguyenz da set level gun  - MP5 0. by GL DangNguyenz
[2021/11/10 - 16:46:47] GL DangNguyenz da set level gun  - SHOTGUN 0. by GL DangNguyenz
[2021/11/10 - 16:46:49] GL DangNguyenz da set level gun  - AK-47 0. by GL DangNguyenz
[2021/11/10 - 16:46:50] GL DangNguyenz da set level gun  - M4a1 0. by GL DangNguyenz
[2021/11/10 - 16:46:51] GL DangNguyenz da set level gun  - SPAS-12 0. by GL DangNguyenz
[2021/11/10 - 16:46:52] GL DangNguyenz da set level gun  - SNIPER 0. by GL DangNguyenz
[2021/11/10 - 16:52:03] GL DangNguyenz da set level gun  - DEAGLE 0. by GL DangNguyenz
[2021/11/10 - 16:58:21] GL DangNguyenz da set level gun  - DEAGLE 0. by GL DangNguyenz
[2021/11/10 - 17:05:29] GL DangNguyenz da set level gun  - DEAGLE 0. by GL DangNguyenz
[2021/11/10 - 17:09:41] GL DangNguyenz da set level gun  - DEAGLE 0. by GL DangNguyenz
[2021/11/10 - 17:14:22] GL DangNguyenz da set level gun  - DEAGLE 0. by GL DangNguyenz
[2021/11/10 - 17:15:57] GL DangNguyenz da set level gun  - DEAGLE 0. by GL DangNguyenz
[2021/11/10 - 17:20:13] GL DangNguyenz da set level gun  - DEAGLE 0. by GL DangNguyenz
[2021/11/10 - 19:47:57] GL DangNguyenz da set level gun  - DEAGLE 0. by GL DangNguyenz
[2021/11/11 - 10:02:21] GL DangNguyenz da set level gun  - DEAGLE 0. by GL DangNguyenz
[2021/11/11 - 10:02:32] GL DangNguyenz da set level gun  - MP5 0. by GL DangNguyenz
[2021/11/11 - 10:02:33] GL DangNguyenz da set level gun  - SHOTGUN 0. by GL DangNguyenz
[2021/11/11 - 10:02:35] GL DangNguyenz da set level gun  - AK-47 0. by GL DangNguyenz
[2021/11/11 - 10:02:36] GL DangNguyenz da set level gun  - M4a1 0. by GL DangNguyenz
[2021/11/11 - 10:02:37] GL DangNguyenz da set level gun  - SPAS-12 0. by GL DangNguyenz
[2021/11/11 - 10:02:39] GL DangNguyenz da set level gun  - SNIPER 0. by GL DangNguyenz
[2021/11/11 - 10:03:40] GL DangNguyenz da set level gun  - SNIPER 0. by GL DangNguyenz
[2021/11/11 - 10:04:21] GL DangNguyenz da set level gun  - SNIPER 0. by GL DangNguyenz
[2021/11/11 - 10:10:51] GL DangNguyenz da set level gun  - DEAGLE 0. by GL DangNguyenz
[2021/11/11 - 10:10:58] GL DangNguyenz da set level gun  - M4a1 0. by GL DangNguyenz
[2021/11/11 - 10:14:58] GL DangNguyenz da set level gun  - M4a1 0. by GL DangNguyenz
[2021/11/11 - 10:15:47] GL DangNguyenz da set level gun  - M4a1 7. by GL DangNguyenz
[2021/11/11 - 10:16:28] GL DangNguyenz da set level gun  - M4a1 0. by GL DangNguyenz
[2021/11/11 - 10:22:42] GL DangNguyenz da set level gun  - M4a1 0. by GL DangNguyenz
[2021/11/11 - 10:22:45] GL DangNguyenz da set level gun  - M4a1 0. by GL DangNguyenz
[2021/11/11 - 10:23:08] GL DangNguyenz da set level gun  - M4a1 7. by GL DangNguyenz
[2021/11/11 - 10:28:22] GL DangNguyenz da set level gun  - DEAGLE 0. by GL DangNguyenz
[2021/11/11 - 10:38:30] {00ff00}GL DangNguyenz {ffffff}Da Take ALL DEAGLE TRONG SV by GL DangNguyenz
[2021/11/11 - 10:39:36] Ban ton tai ID ma ban da nhap , vui long thu lai. by GL DangNguyenz
[2021/11/11 - 10:39:39] Ban ton tai ID ma ban da nhap , vui long thu lai. by GL DangNguyenz
[2021/11/11 - 10:39:41] {00ff00}GL DangNguyenz {ffffff}Da Take ALL DEAGLE TRONG SV by GL DangNguyenz
[2021/11/11 - 10:39:42] Ban ton tai ID ma ban da nhap , vui long thu lai. by GL DangNguyenz
[2021/11/11 - 10:39:43] Ban ton tai ID ma ban da nhap , vui long thu lai. by GL DangNguyenz
[2021/11/11 - 10:39:45] Ban ton tai ID ma ban da nhap , vui long thu lai. by GL DangNguyenz
[2021/11/11 - 10:39:46] Ban ton tai ID ma ban da nhap , vui long thu lai. by GL DangNguyenz
[2021/11/11 - 10:39:47] Ban ton tai ID ma ban da nhap , vui long thu lai. by GL DangNguyenz
[2021/11/15 - 17:42:26] GL DangNguyenz da set level gun  - M4a1 7. by GL DangNguyenz
[2021/11/19 - 18:09:24] GL DangNguyenz da set level gun  - DEAGLE 0. by GL DangNguyenz
[2021/11/19 - 18:12:40] GL DangNguyenz da set level gun  - DEAGLE 0. by GL DangNguyenz
[2021/11/19 - 18:12:53] GL DangNguyenz da set level gun  - DEAGLE 0. by GL DangNguyenz
[2021/11/19 - 18:13:12] GL DangNguyenz da set level gun  - DEAGLE 0. by GL DangNguyenz
[2021/11/19 - 18:26:08] GL DangNguyenz da set level gun  - DEAGLE 0. by GL DangNguyenz
[2021/11/19 - 18:29:14] GL DangNguyenz da set level gun  - DEAGLE 0. by GL DangNguyenz
[2021/11/20 - 20:31:03] GL DangNguyenz da set level gun  - M4a1 0. by GL DangNguyenz
[2021/11/20 - 21:08:23] GL DangNguyenz da set level gun  - M4a1 7. by GL DangNguyenz
[2021/11/21 - 9:37:05] GL DangNguyenz da set level gun  - M4a1 7. by GL DangNguyenz
[2021/11/22 - 10:10:36] GL DangNguyenz da set level gun  - AK-47 7. by GL DangNguyenz
[2021/11/23 - 10:38:01] GL DangNguyenz da set level gun  - M4a1 7. by GL DangNguyenz
[2021/11/23 - 10:40:39] GL DangNguyenz da set level gun  - AK-47 7. by GL DangNguyenz
[2021/11/23 - 10:46:53] GL DangNguyenz da set level gun  - M4a1 7. by GL DangNguyenz
[2021/11/23 - 10:46:55] GL DangNguyenz da set level gun  - AK-47 7. by GL DangNguyenz
[2021/11/23 - 10:54:41] GL DangNguyenz da set level gun  - AK-47 7. by GL DangNguyenz
[2021/11/23 - 10:56:52] Dang Nguyenz da set level gun  - M4a1 7. by GL DangNguyenz
[2021/11/23 - 10:57:04] GL DangNguyenz da set level gun  - M4a1 7. by GL DangNguyenz
[2021/11/23 - 10:57:24] GL DangNguyenz da set level gun  - M4a1 1. by GL DangNguyenz
[2021/11/23 - 10:57:32] GL DangNguyenz da set level gun  - M4a1 2. by GL DangNguyenz
[2021/11/23 - 11:01:10] GL DangNguyenz da set level gun  - AK-47 7. by GL DangNguyenz
[2021/11/23 - 11:04:19] GL DangNguyenz da set level gun  - M4a1 4. by GL DangNguyenz
[2021/11/23 - 11:04:37] GL DangNguyenz da set level gun  - M4a1 4. by GL DangNguyenz
[2021/11/23 - 11:04:43] GL DangNguyenz da set level gun  - M4a1 1. by GL DangNguyenz
[2021/11/23 - 11:08:42] GL DangNguyenz da set level gun  - M4a1 7. by GL DangNguyenz
[2021/11/23 - 11:12:54] GL DangNguyenz da set level gun  - M4a1 7. by GL DangNguyenz
[2021/11/23 - 11:17:04] GL DangNguyenz da set level gun  - M4a1 7. by GL DangNguyenz
[2021/11/23 - 11:19:08] GL DangNguyenz da set level gun  - M4a1 7. by GL DangNguyenz
[2021/11/23 - 11:22:47] GL DangNguyenz da set level gun  - M4a1 7. by GL DangNguyenz
[2021/11/23 - 11:25:34] GL DangNguyenz da set level gun  - M4a1 7. by GL DangNguyenz
[2021/11/23 - 11:32:14] GL DangNguyenz da set level gun  - M4a1 7. by GL DangNguyenz
[2021/11/23 - 11:36:35] GL DangNguyenz da set level gun  - M4a1 7. by GL DangNguyenz
[2021/11/23 - 11:39:41] GL DangNguyenz da set level gun  - M4a1 7. by GL DangNguyenz
[2021/11/23 - 11:43:17] GL DangNguyenz da set level gun  - M4a1 7. by GL DangNguyenz
[2021/11/23 - 11:43:35] GL DangNguyenz da set level gun  - M4a1 7. by GL DangNguyenz
[2021/11/23 - 11:45:32] GL DangNguyenz da set level gun  - Uzi 7. by GL DangNguyenz
[2021/11/23 - 11:46:42] GL DangNguyenz da set level gun  - M4a1 8. by GL DangNguyenz
[2021/11/23 - 11:50:21] GL DangNguyenz da set level gun  - M4a1 7. by GL DangNguyenz
[2021/11/23 - 11:53:06] GL DangNguyenz da set level gun  - M4a1 7. by GL DangNguyenz
[2021/11/23 - 11:54:59] GL DangNguyenz da set level gun  - M4a1 7. by GL DangNguyenz
[2021/11/24 - 8:46:03] GL DangNguyenz da set level gun  - MP5 7. by GL DangNguyenz
[2021/11/24 - 9:01:35] GL DangNguyenz da set level gun  - AK-47 7. by GL DangNguyenz
[2021/11/24 - 9:04:30] GL DangNguyenz da set level gun  - MP5 7. by GL DangNguyenz
[2021/11/24 - 9:42:55] GL DangNguyenz da set level gun  - Uzi 7. by GL DangNguyenz
[2021/11/24 - 10:24:35] GL DangNguyenz da set level gun  - Uzi 7. by GL DangNguyenz
[2021/11/24 - 10:31:33] GL DangNguyenz da set level gun  - DEAGLE 7. by GL DangNguyenz
[2021/11/25 - 18:51:55] GL DangNguyenz da set level gun  - AK-47 7. by GL DangNguyenz
[2021/11/25 - 18:53:22] GL DangNguyenz da set level gun  - AK-47 7. by GL DangNguyenz
[2021/11/25 - 18:59:04] GL DangNguyenz da set level gun  - AK-47 7. by GL DangNguyenz
[2021/11/25 - 19:04:32] GL DangNguyenz da set level gun  - AK-47 7. by GL DangNguyenz
[2021/11/26 - 18:31:38] GL DangNguyenz da set level gun  - AK-47 7. by GL DangNguyenz
