[2020/10/11 - 19:14:11] nDPDz da set (SKIN) M4a1 cho nDPDz's thanh cong 
[2020/10/11 - 19:14:16] nDPDz da set (SKIN) M4a1 cho Alie's thanh cong 
[2020/10/11 - 19:14:20] nDPDz da set (SKIN) M4a1 cho [GO]Ren's thanh cong 
[2020/10/11 - 19:14:29] nDPDz da set (SKIN) M4a1 cho Young_Bouns's thanh cong 
[2020/10/11 - 19:14:41] nDPDz da set (SKIN) M4a1 cho Young's thanh cong 
[2020/10/11 - 19:15:36] Young da set (SKIN) M4a1 cho Young's thanh cong 
[2020/10/11 - 19:15:43] Alie da set (SKIN) M4a1 cho Alie's thanh cong 
[2020/10/11 - 19:18:49] BestOfTheWar da set (SKIN) M4a1 cho BestOfTheWar's thanh cong 
[2020/10/11 - 19:45:39] BestOfTheWar da set (SKIN) M4a1 cho BestOfTheWar's thanh cong 
[2020/10/12 - 7:46:07] Young da set (SKIN) M4a1 cho Young's thanh cong 
[2020/10/12 - 20:22:36] BestOfTheWar da set (SKIN) M4a1 cho BestOfTheWar's thanh cong 
[2020/10/13 - 9:35:08] BestOfTheWar da set (SKIN) M4a1 cho BestOfTheWar's thanh cong 
[2020/10/13 - 9:50:25] BestOfTheWar da set (SKIN) M4a1 cho BestOfTheWar's thanh cong 
[2020/10/13 - 10:33:03] Young da set (SKIN) M4a1 cho Young's thanh cong 
[2020/10/13 - 10:43:44] Alie da set (SKIN) M4a1 cho Uchiha_Izuna's thanh cong 
[2020/10/13 - 11:29:44] Young da set (SKIN) M4a1 cho Ngoc.Kudo's thanh cong 
[2020/10/13 - 11:44:11] nDPDz da set (SKIN) M4a1 cho nDPDz's thanh cong 
[2020/10/13 - 12:02:43] Young da set (SKIN) M4a1 cho Young's thanh cong 
[2020/10/13 - 18:50:48] Young da set (SKIN) M4a1 cho Young's thanh cong 
[2020/10/13 - 18:52:19] Young da set (SKIN) M4a1 cho [FM]Jackson's thanh cong 
[2020/10/13 - 20:07:31] BestOfTheWar da set (SKIN) M4a1 cho BestOfTheWar's thanh cong 
[2020/10/13 - 20:29:21] Young da set (SKIN) M4a1 cho [Trum]NgocBatDiet's thanh cong 
[2020/10/13 - 20:41:00] Young da set (SKIN) M4a1 cho [FM]MinhQuan's thanh cong 
[2020/10/13 - 20:54:46] BestOfTheWar da set (SKIN) M4a1 cho BestOfTheWar's thanh cong 
[2020/10/14 - 7:15:49] YoungBaKo da set (SKIN) M4a1 cho YoungBaKo's thanh cong 
[2020/10/14 - 7:25:45] Young da set (SKIN) M4a1 cho Young's thanh cong 
[2020/10/14 - 8:32:55] Young da set (SKIN) M4a1 cho Kami_Zecc's thanh cong 
[2020/10/14 - 8:35:29] Young da set (SKIN) M4a1 cho Kami_Zecc's thanh cong 
[2020/10/14 - 11:02:00] nDPDz da set (SKIN) M4a1 cho nDPDz's thanh cong 
[2020/10/14 - 11:54:55] Young da set (SKIN) M4a1 cho TVH_TuAiDuBay's thanh cong 
[2020/10/14 - 11:55:02] Young da set (SKIN) M4a1 cho TVH_TuAiDuBay's thanh cong 
[2020/10/14 - 13:00:59] Young da set (SKIN) M4a1 cho BeNgoc_DeoHacking's thanh cong 
[2020/10/14 - 15:03:35] Young da set (SKIN) M4a1 cho Ren_KhongHacking's thanh cong 
[2020/10/14 - 17:08:01] Young da set (SKIN) M4a1 cho Young's thanh cong 
[2020/10/14 - 20:32:12] Young da set (SKIN) M4a1 cho BePhong's thanh cong 
[2020/10/14 - 21:32:02] YoungTest da set (SKIN) M4a1 cho YoungTest's thanh cong 
[2020/10/15 - 0:21:50] Alie da set (SKIN) M4a1 cho Alie's thanh cong 
[2020/10/15 - 20:01:59] Alie da set (SKIN) M4a1 cho Bin_Tony's thanh cong 
[2020/10/15 - 20:06:23] Alie da set (SKIN) M4a1 cho kill.exe's thanh cong 
[2020/10/15 - 20:06:34] Alie da set (SKIN) M4a1 cho KhungLongTucGian's thanh cong 
[2020/10/15 - 20:12:30] Alie da set (SKIN) M4a1 cho MikeyHandsome's thanh cong 
[2020/10/15 - 20:40:12] Alie da set (SKIN) M4a1 cho PLDZ's thanh cong 
[2020/10/15 - 21:14:42] Young da set (SKIN) M4a1 cho Bin_Tony's thanh cong 
[2020/10/16 - 14:48:14] Alie da set (SKIN) M4a1 cho BeKien_KhongHacking's thanh cong 
[2020/10/16 - 15:12:46] Alie da set (SKIN) M4a1 cho TEX.Z's thanh cong 
[2020/10/16 - 15:13:52] Alie da set (SKIN) M4a1 cho Marko's thanh cong 
[2020/10/16 - 15:19:59] Alie da set (SKIN) M4a1 cho TaiGamer_BinhTannn's thanh cong 
[2020/10/17 - 17:43:43] Young da set (SKIN) M4a1 cho Willson's thanh cong 
[2020/10/17 - 17:58:09] nDPDz da set (SKIN) M4a1 cho $Hip$'s thanh cong 
[2020/10/17 - 20:43:13] Alie da set (SKIN) M4a1 cho [AC]MinhBin's thanh cong 
[2020/10/17 - 20:45:31] Young da set (SKIN) M4a1 cho Huy_TamLong's thanh cong 
[2020/10/18 - 10:30:06] Young da set (SKIN) M4a1 cho cute_boiz's thanh cong 
[2020/10/18 - 12:07:57] NaVy da set (SKIN) M4a1 cho NaVy's thanh cong 
[2020/10/18 - 15:35:45] nDPDz da set (SKIN) M4a1 cho 100$'s thanh cong 
[2020/10/19 - 12:15:06] Alie da set (SKIN) M4a1 cho Alie's thanh cong 
[2020/10/20 - 20:19:11] Young da set (SKIN) M4a1 cho KumBlack's thanh cong 
[2020/10/20 - 20:36:08] Young da set (SKIN) M4a1 cho Binz.'s thanh cong 
[2020/10/20 - 21:04:09] Young da set (SKIN) M4a1 cho TrNam_Khanh's thanh cong 
[2020/10/20 - 21:04:54] Young da set (SKIN) M4a1 cho Win's thanh cong 
[2020/10/20 - 21:45:00] NaVy da set (SKIN) M4a1 cho NaVy's thanh cong 
[2020/10/21 - 20:00:33] Young da set (SKIN) M4a1 cho tst's thanh cong 
[2020/10/22 - 12:00:06] Alie da set (SKIN) M4a1 cho DaoLy_NeVerdie's thanh cong 
[2020/10/22 - 12:14:17] Alie da set (SKIN) M4a1 cho Tai_KhongHacking's thanh cong 
[2020/10/22 - 20:17:29] whattoheo da set (SKIN) M4a1 cho Beren_khonghacking's thanh cong 
[2020/10/23 - 19:19:03] whattoheo da set (SKIN) M4a1 cho BeRen_KhongHacking's thanh cong 
[2020/10/24 - 22:06:17] Young da set (SKIN) M4a1 cho Huy_Bui's thanh cong 
[2020/10/27 - 14:38:34] Alie da set (SKIN) M4a1 cho Alie's thanh cong 
[2020/10/28 - 10:39:46] YoungMatDay da set (SKIN) M4a1 cho ThuanDy.OnTheMic's thanh cong 
[2020/10/28 - 18:18:47] Alie da set (SKIN) M4a1 cho satoris_hito's thanh cong 
[2020/10/28 - 19:35:09] YoungMatDay da set (SKIN) M4a1 cho CoBEBANDAM.'s thanh cong 
[2020/10/29 - 19:29:01] Alie da set (SKIN) M4a1 cho hUyY_XiTRuM's thanh cong 
[2020/10/29 - 19:30:06] Alie da set (SKIN) M4a1 cho [RF]HungChannels's thanh cong 
[2020/10/29 - 19:53:31] NaVy da set (SKIN) M4a1 cho NaVy's thanh cong 
[2020/10/29 - 20:55:50] Alie da set (SKIN) M4a1 cho Jung._.Miyasko's thanh cong 
[2020/10/29 - 21:37:57] Alie da set (SKIN) M4a1 cho [TMK]NgocZ's thanh cong 
[2020/10/31 - 9:10:17] YoungMatDay da set (SKIN) M4a1 cho Thunder's thanh cong 
[2021/8/29 - 16:50:01] Dang_Nguyen da set (SKIN) M4a1 cho Dang_Nguyen's thanh cong 
[2021/8/29 - 16:56:52] Dang_Nguyen da set (SKIN) M4a1 cho Dang_Nguyen's thanh cong 
[2021/8/29 - 18:07:49] Dang_Nguyen da set (SKIN) M4a1 cho Dang_Nguyen's thanh cong 
[2021/8/29 - 18:10:44] Dang_Nguyen da set (SKIN) M4a1 cho Dang_Nguyen's thanh cong 
[2021/9/8 - 3:33:44] Dang Nguyen da set (SKIN) M4a1 cho Dang Nguyen's thanh cong 
[2021/9/8 - 3:35:36] Dang Nguyen da set (SKIN) M4a1 cho Dang Nguyen's thanh cong 
[2021/9/8 - 3:36:57] Dang Nguyen da set (SKIN) M4a1 cho Dang Nguyen's thanh cong 
[2021/9/8 - 8:47:01] Dang Nguyen da set (SKIN) M4a1 cho Dang Nguyen's thanh cong 
[2021/9/8 - 8:53:00] Dang Nguyen da set (SKIN) M4a1 cho Dang Nguyen's thanh cong 
[2021/11/25 - 20:31:35] GL DangNguyenz da set (SKIN) M4a1 cho GL DangNguyenz's thanh cong 
[2021/11/25 - 20:35:28] GL DangNguyenz da set (SKIN) M4a1 cho GL DangNguyenz's thanh cong 
[2021/11/25 - 21:04:56] GL DangNguyenz da set (SKIN) M4a1 cho GL DangNguyenz's thanh cong 
[2021/11/25 - 21:13:49] GL DangNguyenz da set (SKIN) M4a1 cho GL DangNguyenz's thanh cong 
[2021/11/25 - 21:14:04] GL DangNguyenz da set (SKIN) M4a1 cho GL DangNguyenz's thanh cong 
[2021/11/26 - 18:13:45] GL DangNguyenz da set (SKIN) M4a1 cho GL DangNguyenz's thanh cong 
[2021/11/26 - 18:13:53] GL DangNguyenz da set (SKIN) M4a1 cho GL DangNguyenz's thanh cong 
