[2020/10/10 - 15:12:49] nDPDz da set (VIP) Young cho nDPDz's thanh cong 
[2020/10/10 - 15:13:01] nDPDz da take (VIP) Young cho nDPDz's thanh cong 
[2020/10/10 - 15:16:51] nDPDz da set (VIP) Young cho nDPDz's thanh cong 
[2020/10/10 - 16:57:39] nDPDz da set (VIP) Young cho nDPDz's thanh cong 
[2020/10/10 - 17:10:26] Young da set (VIP) Young cho Young's thanh cong 
[2020/10/10 - 17:10:56] nDPDz da set (VIP) Young cho Young's thanh cong 
[2020/10/10 - 17:45:56] Young da take (VIP) Young cho Young's thanh cong 
[2020/10/10 - 17:46:08] Young da set (VIP) Young cho Young's thanh cong 
[2020/10/11 - 8:08:40] Young da take (VIP) Young cho Young's thanh cong 
[2020/10/11 - 10:13:14] Young da set (VIP) Young cho [GM]Julio's thanh cong 
[2020/10/11 - 10:18:52] Young da set (VIP) Young cho Young's thanh cong 
[2020/10/11 - 10:24:20] Young da take (VIP) Young cho Young's thanh cong 
[2020/10/11 - 10:44:24] nDPDz da set (VIP) Young cho Alie's thanh cong 
[2020/10/11 - 10:58:48] Young da set (VIP) Young cho Young's thanh cong 
[2020/10/11 - 11:12:22] Young da set (VIP) Young cho ClubOne_Shark's thanh cong 
[2020/10/11 - 11:12:41] Young da take (VIP) Young cho ClubOne_Shark's thanh cong 
[2020/10/11 - 11:15:05] Young da set (VIP) Young cho BestOfTheWar's thanh cong 
[2020/10/11 - 12:23:23] Young da take (VIP) Young cho Young's thanh cong 
[2020/10/11 - 13:47:15] Young da set (VIP) Young cho Bin6's thanh cong 
[2020/10/11 - 13:47:33] Young da take (VIP) Young cho Bin6's thanh cong 
[2020/10/11 - 13:49:18] Young da set (VIP) Young cho Bin6's thanh cong 
[2020/10/11 - 13:49:22] Young da set (VIP) Young cho Bin6's thanh cong 
[2020/10/11 - 13:49:42] Young da take (VIP) Young cho Bin6's thanh cong 
[2020/10/11 - 13:49:43] Young da take (VIP) Young cho Bin6's thanh cong 
[2020/10/11 - 13:49:45] Young da take (VIP) Young cho Bin6's thanh cong 
[2020/10/12 - 18:23:11] Young da set (VIP) Young cho Young's thanh cong 
[2020/10/13 - 13:24:24] Young da set (VIP) Young cho $TEX$'s thanh cong 
[2020/10/13 - 15:33:35] Young da set (VIP) Young cho Chi_Hung's thanh cong 
[2020/10/13 - 20:36:40] Young da set (VIP) Young cho [Trum]NgocBatDiet's thanh cong 
[2020/10/13 - 21:03:58] Young da set (VIP) Young cho NaVy's thanh cong 
[2020/10/14 - 15:03:30] Young da set (VIP) Young cho Ren_KhongHacking's thanh cong 
[2020/10/14 - 19:55:27] Alie da set (VIP) Young cho BeHieu_HackingTrum's thanh cong 
[2020/10/15 - 19:02:58] Young da take (VIP) Young cho Ngoc.Z's thanh cong 
[2020/10/16 - 18:38:15] Young da take (VIP) Young cho Julio's thanh cong 
[2020/10/17 - 13:16:44] Young da set (VIP) Young cho Ngoc.Z's thanh cong 
[2020/10/17 - 21:44:22] Alie da set (VIP) Young cho Tobiee_Zec's thanh cong 
[2020/10/17 - 21:44:44] Alie da set (VIP) Young cho $Bun._.'s thanh cong 
[2020/10/17 - 21:56:40] Alie da set (VIP) Young cho Huyy_XiTrum's thanh cong 
[2020/10/17 - 22:16:25] [TDM]AlieOke da set (VIP) Young cho [TDM]AlieOke's thanh cong 
[2020/10/22 - 18:57:15] nDPDz da take (VIP) Young cho Ngoc.Z's thanh cong 
[2020/10/22 - 18:58:52] Young da set (VIP) Young cho TinhDy.OnTheMic's thanh cong 
[2020/10/22 - 19:00:46] Young da set (VIP) Young cho Ngoc.Z's thanh cong 
[2020/10/22 - 20:17:47] whattoheo da set (VIP) Young cho Beren_khonghacking's thanh cong 
[2020/10/28 - 9:15:15] YoungMatDay da take (VIP) Young cho YoungMatDay's thanh cong 
[2020/10/29 - 14:14:43] Alie da set (VIP) Young cho VinhK.'s thanh cong 
[2020/10/29 - 19:28:45] Alie da set (VIP) Young cho hUyY_XiTRuM's thanh cong 
[2020/10/29 - 19:53:40] NaVy da set (VIP) Young cho NaVy's thanh cong 
[2020/10/29 - 21:37:52] Alie da set (VIP) Young cho [TMK]NgocZ's thanh cong 
[2020/10/30 - 13:38:42] Alie da set (VIP) Young cho XuanTruong.Cute's thanh cong 
[2020/10/30 - 16:22:54] Alie da set (VIP) Young cho [PcG]Xyz's thanh cong 
[2020/11/3 - 12:36:36] YoungMATDAY da take (VIP) Young cho NgocZ's thanh cong 
