[2016/4/23 - 8:55:09] [CUA HANG HET HAN] Kyn cua hang id 43 da xoa bo hop dong su dung cua ban.
[2016/4/26 - 15:36:20] LTT Dung set LTT Dung Fortune (Slot 1) plate to ThanhNhan (order 417)
[2016/4/26 - 15:36:35] LTT Dung set LTT Dung Fortune (Slot 1) plate to Thanh Nhan (order 417)
[2016/4/26 - 15:47:05] LTT Dung set Kaito Chuot Patriot (Slot 2) plate to ThanhNhan (order 413)
[2016/4/26 - 15:47:10] LTT Dung set Kaito Chuot Patriot (Slot 2) plate to Thanh Nhàn (order 413)
[2016/4/26 - 15:47:56] LTT Dung set Kaito Chuot Infernus (Slot 3) plate to Thanh Nhàn (order 415)
[2016/4/26 - 16:09:44] LTT Dung set LTT Dung Fortune (Slot 1) plate to M?p Yêu Nhàn (order 413)
[2016/4/26 - 16:10:13] LTT Dung set LTT Dung Fortune (Slot 1) plate to Map Yêu Nhàn (order 413)
[2016/4/26 - 21:22:55] [CUA HANG HET HAN] Be Longg cua hang id 3 da xoa bo hop dong su dung cua ban.
[2016/4/27 - 11:54:40] [CUA HANG HET HAN] Mafia Danh cua hang id 16 da xoa bo hop dong su dung cua ban.
[2016/4/27 - 17:25:50] LTT Dung set Black Thomsa Police Car (LSPD) (Slot 1) plate to Black (order 476)
[2020/10/8 - 8:02:13] [SHOPBUSINESS] Young has changed BusinessID 2's Inventory to 1000000000.
[2020/10/11 - 12:14:55] [SHOPBUSINESS] Young has changed BusinessID 4's Inventory to 1.
[2020/10/11 - 12:15:00] [SHOPBUSINESS] Young has changed BusinessID 4's Inventory to -727379968.
[2020/10/11 - 12:15:01] [SHOPBUSINESS] Young has changed BusinessID 4's Inventory to -727379968.
[2020/10/11 - 12:15:06] [SHOPBUSINESS] Young has changed BusinessID 4's Inventory to 10000000.
[2020/10/14 - 8:13:15] [SHOPBUSINESS] Young has changed BusinessID 4's Inventory to 1000000.
[2020/10/18 - 11:44:13] [SHOPBUSINESS] Young has changed BusinessID 98's Inventory to 10000.
[2020/11/3 - 10:08:47] [SHOPOBJECTS] YoungMATDAY gave YoungMATDAY object 19421 in slot 2 - Invoice 19056
[2020/11/3 - 10:09:09] [SHOPOBJECTS] YoungMATDAY gave YoungMATDAY object 18648 in slot 3 - Invoice 1
[2020/11/3 - 10:09:48] [SHOPOBJECTS] YoungMATDAY gave YoungMATDAY object 373 in slot 4 - Invoice 4444
[2020/11/3 - 10:10:08] [SHOPOBJECTS] YoungMATDAY gave YoungMATDAY object 19424 in slot 5 - Invoice 4444
[2020/11/7 - 21:03:04] [SHOPOBJECTS] YoungFake gave YoungFake object 18648 in slot 0 - Invoice 3369
