[2016/4/6 - 17:16:00]  Bao Aztecas (ID: 5) (IP: 115.78.112.233) da bi he thong tu dong kick ra khoi may chu vi treo may qua 2 phut.
[2016/4/7 - 15:40:32]  beo hardy (ID: 26) (IP: 116.105.179.48) da bi he thong tu dong kick ra khoi may chu vi treo may qua 2 phut.
[2016/4/9 - 18:49:46]  Thien Khanh (ID: 9) (IP: 14.161.7.128) da bi he thong tu dong kick ra khoi may chu vi treo may qua 2 phut.
[2016/4/11 - 9:14:58]  Mafia Nhan (ID: 15) (IP: 115.79.59.172) da bi he thong tu dong kick ra khoi may chu vi treo may qua 2 phut.
[2016/4/11 - 9:20:36]  Nguyen Ngoc Tram (ID: 28) (IP: 27.75.106.165) da bi he thong tu dong kick ra khoi may chu vi treo may qua 2 phut.
[2016/4/13 - 8:58:17]  thai tuns (ID: 31) (IP: 115.78.119.216) da bi he thong tu dong kick ra khoi may chu vi treo may qua 2 phut.
[2016/4/13 - 13:20:12]  Gia Hao (ID: 48) (IP: 42.118.164.228) da bi he thong tu dong kick ra khoi may chu vi treo may qua 2 phut.
[2016/4/13 - 19:12:21]  mixlam nghia (ID: 2) (IP: 115.79.202.11) da bi he thong tu dong kick ra khoi may chu vi treo may qua 2 phut.
[2016/4/13 - 20:10:19]  Yoko Angel (ID: 113) (IP: 115.78.114.245) da bi he thong tu dong kick ra khoi may chu vi treo may qua 2 phut.
[2016/4/14 - 16:55:50]  Los Angeles (ID: 7) (IP: 113.161.198.219) da bi he thong tu dong kick ra khoi may chu vi treo may qua 2 phut.
[2016/4/14 - 19:04:24]  Hung Slayer (ID: 70) (IP: 14.169.107.60) da bi he thong tu dong kick ra khoi may chu vi treo may qua 2 phut.
[2016/4/14 - 20:56:17]  Grover Thuan (ID: 56) (IP: 115.78.118.93) da bi he thong tu dong kick ra khoi may chu vi treo may qua 2 phut.
[2016/4/15 - 10:37:59]  huy tuns (ID: 59) (IP: 115.78.119.216) da bi he thong tu dong kick ra khoi may chu vi treo may qua 2 phut.
[2016/4/15 - 13:40:00]  Club Stone (ID: 13) (IP: 203.205.33.39) da bi he thong tu dong kick ra khoi may chu vi treo may qua 2 phut.
[2016/4/15 - 19:58:21]  Walking Barrio (ID: 56) (IP: 117.2.40.144) da bi he thong tu dong kick ra khoi may chu vi treo may qua 2 phut.
[2016/4/15 - 20:58:36]  Walking Barrio (ID: 62) (IP: 117.2.40.144) da bi he thong tu dong kick ra khoi may chu vi treo may qua 2 phut.
[2016/4/15 - 22:02:07]  Wanter ran (ID: 30) (IP: 42.118.169.102) da bi he thong tu dong kick ra khoi may chu vi treo may qua 2 phut.
[2016/4/16 - 8:49:09]  Abram Lincol (ID: 71) (IP: 117.3.116.222) da bi he thong tu dong kick ra khoi may chu vi treo may qua 2 phut.
[2016/4/16 - 10:00:06]  Jerry Maidns (ID: 2) (IP: 116.109.94.242) da bi he thong tu dong kick ra khoi may chu vi treo may qua 2 phut.
[2016/4/16 - 12:39:52]  Cris Yenlly (ID: 28) (IP: 115.79.34.31) da bi he thong tu dong kick ra khoi may chu vi treo may qua 2 phut.
[2016/4/16 - 19:13:41]  Beslor Mosrtla (ID: 28) (IP: 115.78.116.232) da bi he thong tu dong kick ra khoi may chu vi treo may qua 2 phut.
[2016/4/16 - 19:58:22]  Alexander Ducc (ID: 64) (IP: 113.163.100.21) da bi he thong tu dong kick ra khoi may chu vi treo may qua 2 phut.
[2016/4/16 - 20:57:37]  Blue GamBit (ID: 5) (IP: 113.163.100.21) da bi he thong tu dong kick ra khoi may chu vi treo may qua 2 phut.
[2016/4/16 - 21:40:59]  Leg Nguyen (ID: 10) (IP: 115.78.89.19) da bi he thong tu dong kick ra khoi may chu vi treo may qua 2 phut.
[2016/4/17 - 2:38:28]  Soft Neves (ID: 4) (IP: 115.78.115.121) da bi he thong tu dong kick ra khoi may chu vi treo may qua 2 phut.
[2016/4/17 - 7:32:07]  Pham NgocDanh (ID: 47) (IP: 27.72.2.219) da bi he thong tu dong kick ra khoi may chu vi treo may qua 2 phut.
[2016/4/17 - 9:56:25]  Pakuza Wazaki (ID: 91) (IP: 117.2.40.139) da bi he thong tu dong kick ra khoi may chu vi treo may qua 2 phut.
[2016/4/17 - 11:35:44]  Tan Nhat (ID: 28) (IP: 115.79.202.11) da bi he thong tu dong kick ra khoi may chu vi treo may qua 2 phut.
[2016/4/17 - 13:19:12]  Bo Thanh Hieu (ID: 105) (IP: 112.197.225.131) da bi he thong tu dong kick ra khoi may chu vi treo may qua 2 phut.
[2016/4/18 - 18:48:07]  John xSat (ID: 17) (IP: 115.78.89.53) da bi he thong tu dong kick ra khoi may chu vi treo may qua 2 phut.
[2016/4/19 - 13:19:44]  Mafia Nhan Dz (ID: 40) (IP: 115.79.59.172) da bi he thong tu dong kick ra khoi may chu vi treo may qua 2 phut.
[2016/4/19 - 18:44:26]  Bi Manuel (ID: 39) (IP: 115.78.127.229) da bi he thong tu dong kick ra khoi may chu vi treo may qua 2 phut.
[2016/4/19 - 18:58:34]  Phan Thanh Khang (ID: 123) (IP: 115.78.231.204) da bi he thong tu dong kick ra khoi may chu vi treo may qua 2 phut.
[2016/4/20 - 8:52:27]  Khoa Saff (ID: 29) (IP: 115.79.42.161) da bi he thong tu dong kick ra khoi may chu vi treo may qua 2 phut.
[2016/4/20 - 9:19:27]  Hoang Minion (ID: 3) (IP: 42.112.88.160) da bi he thong tu dong kick ra khoi may chu vi treo may qua 2 phut.
[2016/4/20 - 10:02:10]  HiHi HuHu HoHo (ID: 74) (IP: 115.79.153.178) da bi he thong tu dong kick ra khoi may chu vi treo may qua 2 phut.
[2016/4/20 - 11:18:35]  Vladimir Smith (ID: 74) (IP: 42.118.169.102) da bi he thong tu dong kick ra khoi may chu vi treo may qua 2 phut.
[2016/4/20 - 17:23:59]  John Ngoc (ID: 51) (IP: 113.174.170.63) da bi he thong tu dong kick ra khoi may chu vi treo may qua 2 phut.
[2016/4/20 - 17:24:30]  Hong Phuc (ID: 42) (IP: 115.78.88.119) da bi he thong tu dong kick ra khoi may chu vi treo may qua 2 phut.
[2016/4/20 - 22:10:16]  hung By (ID: 51) (IP: 113.174.23.147) da bi he thong tu dong kick ra khoi may chu vi treo may qua 2 phut.
[2016/4/21 - 13:05:22]  Show Peri (ID: 4) (IP: 14.183.29.164) da bi he thong tu dong kick ra khoi may chu vi treo may qua 2 phut.
[2016/4/21 - 15:38:17]  Gia Lang (ID: 7) (IP: 113.170.168.136) da bi he thong tu dong kick ra khoi may chu vi treo may qua 2 phut.
[2016/4/21 - 20:24:06]  Rick Canisbol (ID: 106) (IP: 115.79.202.205) da bi he thong tu dong kick ra khoi may chu vi treo may qua 2 phut.
[2016/4/22 - 10:14:16]  Nguyen Phu Thong (ID: 43) (IP: 115.73.255.125) da bi he thong tu dong kick ra khoi may chu vi treo may qua 2 phut.
[2016/4/22 - 12:02:38]  Ngoc Linh (ID: 69) (IP: 115.79.210.2) da bi he thong tu dong kick ra khoi may chu vi treo may qua 2 phut.
[2016/4/22 - 15:54:06]  Armin Guetta (ID: 117) (IP: 101.99.52.46) da bi he thong tu dong kick ra khoi may chu vi treo may qua 2 phut.
[2016/4/22 - 17:08:39]  An Trong (ID: 119) (IP: 115.78.119.197) da bi he thong tu dong kick ra khoi may chu vi treo may qua 2 phut.
[2016/4/23 - 11:16:46]  Over Lord (ID: 4) (IP: 112.197.32.129) da bi he thong tu dong kick ra khoi may chu vi treo may qua 2 phut.
[2016/4/24 - 9:57:39]  Lem Babyagao (ID: 48) (IP: 117.3.101.209) da bi he thong tu dong kick ra khoi may chu vi treo may qua 2 phut.
[2016/4/24 - 14:03:46]  Minh Thuan (ID: 80) (IP: 115.78.118.93) da bi he thong tu dong kick ra khoi may chu vi treo may qua 2 phut.
[2016/4/25 - 13:48:22]  Brock Lesnar (ID: 26) (IP: 115.78.123.185) da bi he thong tu dong kick ra khoi may chu vi treo may qua 2 phut.
[2016/4/25 - 14:00:26]  vinh hugz (ID: 44) (IP: 14.185.168.88) da bi he thong tu dong kick ra khoi may chu vi treo may qua 2 phut.
[2016/4/26 - 8:18:06]  Hardwell Qui (ID: 20) (IP: 115.78.226.176) da bi he thong tu dong kick ra khoi may chu vi treo may qua 2 phut.
[2016/4/26 - 12:59:29]  Bim PiRaTeR (ID: 4) (IP: 203.205.28.101) da bi he thong tu dong kick ra khoi may chu vi treo may qua 2 phut.
[2016/4/26 - 14:18:19]  thanhvu le (ID: 44) (IP: 115.78.232.199) da bi he thong tu dong kick ra khoi may chu vi treo may qua 2 phut.
[2016/4/27 - 11:38:47]  Kody Nash (ID: 48) (IP: 115.79.210.2) da bi he thong tu dong kick ra khoi may chu vi treo may qua 2 phut.
[2016/4/27 - 15:01:46]  Kiet Caribbes (ID: 56) (IP: 115.79.210.2) da bi he thong tu dong kick ra khoi may chu vi treo may qua 2 phut.
[2016/4/27 - 20:30:32]  Leg Stevano (ID: 8) (IP: 115.78.204.168) da bi he thong tu dong kick ra khoi may chu vi treo may qua 2 phut.
[2016/4/28 - 13:15:35]  Tran Osace (ID: 15) (IP: 115.79.210.2) da bi he thong tu dong kick ra khoi may chu vi treo may qua 2 phut.
[2016/4/28 - 14:06:58]  David Huynh (ID: 2) (IP: 101.99.53.63) da bi he thong tu dong kick ra khoi may chu vi treo may qua 2 phut.
[2021/9/4 - 11:02:34]  Dang Nguyen (ID: 0) (IP: 127.0.0.1) da bi he thong tu dong kick ra khoi may chu vi treo may qua 2 phut.
[2021/10/17 - 19:30:10] 
[2021/10/18 - 9:31:21] 
[2021/10/18 - 16:17:38] 
[2021/10/18 - 16:22:13] 
[2021/10/18 - 16:27:53] 
[2021/10/18 - 19:43:30] 
[2021/10/19 - 10:59:59] 
[2021/10/19 - 17:16:07] 
[2021/10/19 - 17:40:42] 
[2021/10/20 - 10:36:54] 
[2021/10/20 - 18:37:29] 
[2021/10/20 - 18:47:15] 
[2021/10/20 - 19:31:11] 
[2021/10/21 - 15:18:11] 
[2021/10/21 - 16:50:37] 
[2021/10/22 - 16:37:33] 
[2021/10/24 - 8:31:15] 
[2021/10/25 - 10:22:07] 
[2021/10/26 - 11:13:53] 
[2021/10/27 - 9:35:09] 
[2021/10/27 - 19:20:57] 
[2021/10/27 - 19:25:34] 
[2021/10/28 - 12:12:08] 
[2021/10/28 - 18:56:54] 
[2021/10/28 - 20:05:50] 
[2021/10/29 - 9:06:22] 
[2021/10/29 - 10:29:44] 
[2021/10/29 - 10:30:00] 
[2021/10/29 - 10:30:34] 
[2021/10/29 - 10:30:44] 
[2021/10/29 - 20:01:11] 
[2021/10/29 - 20:14:01] 
[2021/10/30 - 11:21:24] 
[2021/10/31 - 8:20:45] 
[2021/10/31 - 10:04:20] 
[2021/10/31 - 10:06:33] 
[2021/10/31 - 10:06:38] 
[2021/10/31 - 10:06:53] 
[2021/10/31 - 10:06:57] 
[2021/10/31 - 10:08:56] 
[2021/10/31 - 10:09:01] 
[2021/10/31 - 10:10:40] 
[2021/10/31 - 10:10:45] 
[2021/10/31 - 11:18:38] 
[2021/10/31 - 11:18:52] 
[2021/10/31 - 11:18:58] 
[2021/10/31 - 11:23:46] 
[2021/10/31 - 11:23:52] 
[2021/10/31 - 11:26:32] 
[2021/10/31 - 11:26:36] 
[2021/10/31 - 11:28:23] 
[2021/10/31 - 11:28:28] 
[2021/10/31 - 11:31:01] 
[2021/10/31 - 11:31:04] 
[2021/10/31 - 11:41:50] 
[2021/10/31 - 11:41:57] 
[2021/10/31 - 11:42:02] 
[2021/10/31 - 11:45:21] 
[2021/10/31 - 11:45:24] 
[2021/10/31 - 12:51:18] 
[2021/10/31 - 12:51:26] 
[2021/10/31 - 12:51:49] 
[2021/10/31 - 16:21:04] 
[2021/10/31 - 16:21:10] 
[2021/10/31 - 19:06:52] 
[2021/10/31 - 19:09:55] 
[2021/10/31 - 19:10:04] 
[2021/10/31 - 19:10:46] 
[2021/10/31 - 19:10:55] 
[2021/10/31 - 19:20:30] 
[2021/10/31 - 19:20:42] 
[2021/10/31 - 19:20:54] 
[2021/10/31 - 19:21:11] 
[2021/10/31 - 19:23:30] 
[2021/10/31 - 19:23:37] 
[2021/10/31 - 19:25:50] 
[2021/10/31 - 20:10:53] 
[2021/10/31 - 20:11:36] 
[2021/10/31 - 20:11:43] 
[2021/10/31 - 20:19:28] 
[2021/11/1 - 8:41:04] 
[2021/11/1 - 8:50:58] 
[2021/11/1 - 8:51:03] 
[2021/11/1 - 17:19:24] 
[2021/11/1 - 17:19:34] 
[2021/11/1 - 17:19:43] 
[2021/11/1 - 17:20:17] 
[2021/11/1 - 18:38:13] 
[2021/11/1 - 19:31:55] 
[2021/11/2 - 10:29:35] 
[2021/11/2 - 10:30:24] 
[2021/11/2 - 10:30:31] 
[2021/11/2 - 10:36:23] 
[2021/11/2 - 10:36:52] 
[2021/11/2 - 10:43:39] 
[2021/11/2 - 10:46:34] 
[2021/11/2 - 10:46:38] 
[2021/11/2 - 10:46:48] 
[2021/11/2 - 11:03:19] 
[2021/11/2 - 11:04:09] 
[2021/11/2 - 11:04:14] 
[2021/11/2 - 11:05:47] 
[2021/11/2 - 11:06:11] 
[2021/11/2 - 11:06:16] 
[2021/11/2 - 11:09:16] 
[2021/11/2 - 11:09:58] 
[2021/11/2 - 16:24:39] 
[2021/11/2 - 16:24:44] 
[2021/11/2 - 16:24:51] 
[2021/11/2 - 16:27:54] 
[2021/11/2 - 16:27:59] 
[2021/11/2 - 16:28:03] 
[2021/11/2 - 16:28:10] 
[2021/11/2 - 16:29:32] 
[2021/11/2 - 16:29:36] 
[2021/11/2 - 16:31:07] 
[2021/11/2 - 16:31:12] 
[2021/11/2 - 16:32:49] 
[2021/11/2 - 16:32:57] 
[2021/11/2 - 16:35:08] 
[2021/11/2 - 16:35:11] 
[2021/11/2 - 16:37:24] 
[2021/11/2 - 16:41:01] 
[2021/11/2 - 16:41:08] 
[2021/11/2 - 16:46:02] 
[2021/11/2 - 16:46:20] 
[2021/11/3 - 17:10:32] 
[2021/11/3 - 17:16:36] 
[2021/11/3 - 18:44:41] 
[2021/11/3 - 19:12:06] 
[2021/11/3 - 19:15:41] 
[2021/11/3 - 19:56:55] 
[2021/11/4 - 8:59:53] 
[2021/11/4 - 9:16:30] 
[2021/11/4 - 9:16:35] 
[2021/11/4 - 9:41:52] 
[2021/11/4 - 9:41:53] 
[2021/11/4 - 9:54:35] 
[2021/11/4 - 9:54:39] 
[2021/11/4 - 10:00:31] 
[2021/11/4 - 18:24:53] 
[2021/11/4 - 18:25:01] 
[2021/11/4 - 18:33:26] 
[2021/11/4 - 20:41:12] 
[2021/11/4 - 20:42:59] 
[2021/11/5 - 13:17:29] 
[2021/11/5 - 15:34:13] 
[2021/11/5 - 20:06:33] 
[2021/11/5 - 20:10:03] 
[2021/11/5 - 20:10:42] 
[2021/11/5 - 20:35:44] 
[2021/11/6 - 8:42:42] 
[2021/11/6 - 8:50:46] 
[2021/11/6 - 8:54:13] 
[2021/11/6 - 9:09:45] 
[2021/11/6 - 9:11:32] 
[2021/11/6 - 17:28:31] 
[2021/11/7 - 9:59:44] 
[2021/11/8 - 8:34:08] 
[2021/11/8 - 8:36:12] 
[2021/11/8 - 18:14:02] 
[2021/11/8 - 18:25:09] 
[2021/11/8 - 18:25:16] 
[2021/11/8 - 18:25:39] 
[2021/11/8 - 18:30:15] 
[2021/11/9 - 12:01:08] 
[2021/11/9 - 15:25:33] 
[2021/11/9 - 17:22:44] 
[2021/11/9 - 19:05:56] 
[2021/11/9 - 19:06:21] 
[2021/11/9 - 19:59:12] 
[2021/11/10 - 9:27:03] 
[2021/11/10 - 18:19:14] 
[2021/11/11 - 10:01:59] 
[2021/11/11 - 10:05:07] 
[2021/11/11 - 10:10:14] 
[2021/11/11 - 10:11:15] 
[2021/11/11 - 10:11:28] 
[2021/11/11 - 10:13:06] 
[2021/11/11 - 10:14:49] 
[2021/11/11 - 10:15:20] 
[2021/11/11 - 10:15:36] 
[2021/11/11 - 10:16:10] 
[2021/11/11 - 10:16:32] 
[2021/11/11 - 10:16:47] 
[2021/11/11 - 10:22:22] 
[2021/11/11 - 10:22:48] 
[2021/11/11 - 10:23:11] 
[2021/11/11 - 10:23:26] 
[2021/11/11 - 10:27:29] 
[2021/11/11 - 10:28:26] 
[2021/11/11 - 10:37:51] 
[2021/11/11 - 10:39:17] 
[2021/11/11 - 10:51:08] 
[2021/11/11 - 10:56:14] 
[2021/11/11 - 11:00:22] 
[2021/11/11 - 11:19:36] 
[2021/11/11 - 11:23:25] 
[2021/11/11 - 11:25:02] 
[2021/11/11 - 11:28:45] 
[2021/11/11 - 11:35:04] 
[2021/11/11 - 11:44:17] 
[2021/11/11 - 11:56:56] 
[2021/11/11 - 15:15:47] 
[2021/11/11 - 15:44:46] 
[2021/11/12 - 10:19:51] 
[2021/11/12 - 15:18:11] 
[2021/11/12 - 15:20:07] 
[2021/11/12 - 17:13:56] 
[2021/11/12 - 17:34:51] 
[2021/11/12 - 17:34:59] 
[2021/11/12 - 21:10:54] 
[2021/11/14 - 10:31:06] 
[2021/11/14 - 10:49:03] 
[2021/11/14 - 10:49:10] 
[2021/11/14 - 18:21:49] 
[2021/11/14 - 18:22:34] 
[2021/11/14 - 18:52:57] 
[2021/11/15 - 17:42:00] 
[2021/11/15 - 17:42:53] 
[2021/11/15 - 17:43:41] 
[2021/11/15 - 17:54:01] 
[2021/11/15 - 17:54:26] 
[2021/11/15 - 17:54:36] 
[2021/11/15 - 17:54:58] 
[2021/11/15 - 18:02:17] 
[2021/11/15 - 18:12:57] 
[2021/11/16 - 7:37:23] 
[2021/11/16 - 8:24:23] 
[2021/11/16 - 9:05:02] 
[2021/11/16 - 9:05:19] 
[2021/11/16 - 9:05:31] 
[2021/11/16 - 20:38:20] 
[2021/11/17 - 8:43:23] 
[2021/11/17 - 18:07:30] 
[2021/11/17 - 18:09:58] 
[2021/11/18 - 11:08:11] 
[2021/11/19 - 18:08:50] 
[2021/11/19 - 18:25:55] 
[2021/11/19 - 19:33:38] 
[2021/11/19 - 19:37:27] 
[2021/11/19 - 19:46:45] 
[2021/11/19 - 19:52:26] 
[2021/11/20 - 13:42:01] 
[2021/11/20 - 19:40:09] 
[2021/11/20 - 19:53:38] 
[2021/11/20 - 19:54:03] 
[2021/11/20 - 19:54:15] 
[2021/11/20 - 19:57:36] 
[2021/11/20 - 19:57:51] 
[2021/11/20 - 20:29:10] 
[2021/11/20 - 20:29:16] 
[2021/11/20 - 20:29:38] 
[2021/11/20 - 20:30:48] 
[2021/11/20 - 20:31:13] 
[2021/11/20 - 20:32:25] 
[2021/11/20 - 20:41:17] 
[2021/11/20 - 20:41:28] 
[2021/11/20 - 20:53:21] 
[2021/11/20 - 20:57:28] 
[2021/11/20 - 20:59:11] 
[2021/11/20 - 21:02:33] 
[2021/11/20 - 21:02:38] 
[2021/11/20 - 21:07:45] 
[2021/11/20 - 21:08:10] 
[2021/11/21 - 8:30:32] 
[2021/11/21 - 8:33:42] 
[2021/11/21 - 8:36:01] 
[2021/11/21 - 8:48:47] 
[2021/11/21 - 8:49:25] 
[2021/11/21 - 9:23:03] 
[2021/11/21 - 9:24:17] 
[2021/11/21 - 9:26:10] 
[2021/11/21 - 9:27:02] 
[2021/11/21 - 9:34:07] 
[2021/11/21 - 9:36:58] 
[2021/11/21 - 9:37:21] 
[2021/11/21 - 9:40:07] 
[2021/11/21 - 9:40:25] 
[2021/11/21 - 9:53:15] 
[2021/11/21 - 10:43:52] 
[2021/11/21 - 11:14:29] 
[2021/11/21 - 11:17:03] 
[2021/11/21 - 11:17:24] 
[2021/11/21 - 11:17:30] 
[2021/11/21 - 11:17:47] 
[2021/11/21 - 11:17:53] 
[2021/11/21 - 18:15:01] 
[2021/11/21 - 18:16:04] 
[2021/11/21 - 18:16:12] 
[2021/11/21 - 18:16:57] 
[2021/11/21 - 18:17:05] 
[2021/11/21 - 18:20:49] 
[2021/11/21 - 18:21:01] 
[2021/11/21 - 18:21:18] 
[2021/11/21 - 18:22:01] 
[2021/11/21 - 18:22:22] 
[2021/11/21 - 18:23:22] 
[2021/11/22 - 9:39:03] 
[2021/11/22 - 10:24:13] 
[2021/11/22 - 11:41:11] 
[2021/11/23 - 10:33:53] 
[2021/11/23 - 10:36:05] 
[2021/11/23 - 10:37:19] 
[2021/11/23 - 10:37:43] 
[2021/11/23 - 10:38:32] 
[2021/11/23 - 10:38:54] 
[2021/11/23 - 10:39:07] 
[2021/11/23 - 10:40:15] 
[2021/11/23 - 10:40:55] 
[2021/11/23 - 10:41:08] 
[2021/11/23 - 10:41:40] 
[2021/11/23 - 10:41:54] 
[2021/11/23 - 10:46:22] 
[2021/11/23 - 10:46:58] 
[2021/11/23 - 10:47:43] 
[2021/11/23 - 10:53:38] 
[2021/11/23 - 10:54:48] 
[2021/11/23 - 10:55:11] 
[2021/11/23 - 10:55:28] 
[2021/11/23 - 10:56:40] 
[2021/11/23 - 10:57:39] 
[2021/11/23 - 10:57:49] 
[2021/11/23 - 11:00:28] 
[2021/11/23 - 11:01:13] 
[2021/11/23 - 11:01:31] 
[2021/11/23 - 11:02:17] 
[2021/11/23 - 11:02:30] 
[2021/11/23 - 11:04:22] 
[2021/11/23 - 11:04:31] 
[2021/11/23 - 11:04:46] 
[2021/11/23 - 11:05:31] 
[2021/11/23 - 11:05:41] 
[2021/11/23 - 11:08:45] 
[2021/11/23 - 11:09:04] 
[2021/11/23 - 11:09:27] 
[2021/11/23 - 11:12:30] 
[2021/11/23 - 11:13:03] 
[2021/11/23 - 11:13:13] 
[2021/11/23 - 11:15:00] 
[2021/11/23 - 11:17:13] 
[2021/11/23 - 11:17:28] 
[2021/11/23 - 11:18:41] 
[2021/11/23 - 11:19:11] 
[2021/11/23 - 11:19:26] 
[2021/11/23 - 11:20:08] 
[2021/11/23 - 11:22:29] 
[2021/11/23 - 11:23:00] 
[2021/11/23 - 11:23:17] 
[2021/11/23 - 11:25:08] 
[2021/11/23 - 11:25:37] 
[2021/11/23 - 11:25:49] 
[2021/11/23 - 11:25:58] 
[2021/11/23 - 11:26:22] 
[2021/11/23 - 11:26:33] 
[2021/11/23 - 11:32:03] 
[2021/11/23 - 11:32:17] 
[2021/11/23 - 11:32:24] 
[2021/11/23 - 11:32:55] 
[2021/11/23 - 11:33:04] 
[2021/11/23 - 11:34:34] 
[2021/11/23 - 11:35:29] 
[2021/11/23 - 11:36:17] 
[2021/11/23 - 11:36:37] 
[2021/11/23 - 11:36:52] 
[2021/11/23 - 11:39:59] 
[2021/11/23 - 11:42:20] 
[2021/11/23 - 11:42:37] 
[2021/11/23 - 11:42:52] 
[2021/11/23 - 11:43:22] 
[2021/11/23 - 11:43:41] 
[2021/11/23 - 11:43:50] 
[2021/11/23 - 11:44:04] 
[2021/11/23 - 11:44:13] 
[2021/11/23 - 11:44:21] 
[2021/11/23 - 11:44:33] 
[2021/11/23 - 11:45:11] 
[2021/11/23 - 11:46:08] 
[2021/11/23 - 11:46:23] 
[2021/11/23 - 11:46:32] 
[2021/11/23 - 11:46:46] 
[2021/11/23 - 11:47:20] 
[2021/11/23 - 11:50:29] 
[2021/11/23 - 11:53:12] 
[2021/11/23 - 11:55:12] 
[2021/11/23 - 11:55:21] 
[2021/11/23 - 11:55:47] 
[2021/11/23 - 11:56:39] 
[2021/11/23 - 11:56:47] 
[2021/11/23 - 11:57:02] 
[2021/11/24 - 8:44:16] 
[2021/11/24 - 8:44:32] 
[2021/11/24 - 8:44:44] 
[2021/11/24 - 8:46:33] 
[2021/11/24 - 8:46:47] 
[2021/11/24 - 8:59:44] 
[2021/11/24 - 9:00:06] 
[2021/11/24 - 9:00:20] 
[2021/11/24 - 9:00:30] 
[2021/11/24 - 9:00:38] 
[2021/11/24 - 9:01:46] 
[2021/11/24 - 9:04:14] 
[2021/11/24 - 9:04:48] 
[2021/11/24 - 9:32:50] 
[2021/11/24 - 9:33:59] 
[2021/11/24 - 9:37:49] 
[2021/11/24 - 9:38:24] 
[2021/11/24 - 9:40:25] 
[2021/11/24 - 9:40:44] 
[2021/11/24 - 9:40:54] 
[2021/11/24 - 9:43:14] 
[2021/11/24 - 9:43:20] 
[2021/11/24 - 9:43:59] 
[2021/11/24 - 9:43:59] 
[2021/11/24 - 9:46:44] 
[2021/11/24 - 9:50:00] 
[2021/11/24 - 9:50:01] 
[2021/11/24 - 9:50:34] 
[2021/11/24 - 9:51:04] 
[2021/11/24 - 9:51:29] 
[2021/11/24 - 9:51:39] 
[2021/11/24 - 9:53:43] 
[2021/11/24 - 9:53:51] 
[2021/11/24 - 9:55:46] 
[2021/11/24 - 9:55:54] 
[2021/11/24 - 9:55:57] 
[2021/11/24 - 9:56:33] 
[2021/11/24 - 9:56:55] 
[2021/11/24 - 10:00:10] 
[2021/11/24 - 10:23:15] 
[2021/11/24 - 10:24:37] 
[2021/11/24 - 10:25:00] 
[2021/11/24 - 10:31:08] 
[2021/11/24 - 10:31:23] 
[2021/11/24 - 10:31:36] 
[2021/11/24 - 10:31:45] 
[2021/11/24 - 10:32:12] 
[2021/11/24 - 10:32:27] 
[2021/11/24 - 10:32:49] 
[2021/11/24 - 10:34:30] 
[2021/11/24 - 17:03:35] 
[2021/11/24 - 17:06:19] 
[2021/11/24 - 17:06:31] 
[2021/11/24 - 17:06:44] 
[2021/11/24 - 17:07:08] 
[2021/11/24 - 17:07:23] 
[2021/11/24 - 18:34:00] 
[2021/11/25 - 17:41:30] 
[2021/11/25 - 18:07:33] 
[2021/11/25 - 18:14:17] 
[2021/11/25 - 18:49:06] 
[2021/11/25 - 18:49:59] 
[2021/11/25 - 20:34:55] 
[2021/11/26 - 5:39:08] 
[2021/11/26 - 8:31:32] 
[2021/11/26 - 9:26:52] 
[2021/11/26 - 9:38:06] 
[2021/11/26 - 9:40:27] 
[2021/11/26 - 9:40:55] 
[2021/11/26 - 9:42:43] 
[2021/11/26 - 9:42:55] 
[2021/11/26 - 9:43:38] 
[2021/11/26 - 18:08:54] 
[2021/11/26 - 18:32:47] 
[2021/11/27 - 18:58:35] 
[2021/11/27 - 18:58:49] 
[2021/11/27 - 18:59:06] 
[2021/11/27 - 18:59:13] 
[2021/11/27 - 18:59:26] 
[2021/11/27 - 19:01:39] 
[2021/11/27 - 19:01:55] 
[2021/11/27 - 19:06:15] 
[2021/11/27 - 19:06:26] 
[2021/11/27 - 19:06:44] 
[2021/11/27 - 19:35:59] 
