[2020/9/26 - 13:59:01] Full da set sung LAW cho Jack's thanh cong
[2020/9/26 - 13:59:06] Full da set sung LAW cho Kha_Banh's thanh cong
[2020/9/26 - 13:59:18] Full da set sung LAW cho Lee_work's thanh cong
[2020/9/27 - 10:42:39] Full da set sung LAW cho sas's thanh cong
[2020/9/27 - 10:42:46] Full da set sung LAW cho Juy.'s thanh cong
[2020/9/27 - 10:42:48] Full da set sung LAW cho Hung_BT's thanh cong
[2020/9/27 - 10:42:58] Full da set sung LAW cho Juy.'s thanh cong
[2020/9/27 - 10:43:08] Full da set sung LAW cho Franky's thanh cong
[2020/9/27 - 10:43:50] Full da set sung LAW cho Hung_BT's thanh cong
[2020/9/27 - 15:22:12] Full da set sung LAW cho Hot_Pursuit's thanh cong
[2020/9/28 - 14:38:21] Golden_Fmotd da set sung LAW cho Golden_Fmotd's thanh cong
[2020/9/28 - 15:31:06] Full da set sung LAW cho Rio's thanh cong
[2020/9/28 - 15:31:16] Full da set sung LAW cho Khoa's thanh cong
[2020/9/28 - 15:31:43] Full da set sung LAW cho Vey's thanh cong
[2020/9/28 - 15:31:45] Full da set sung LAW cho Ray.'s thanh cong
[2020/9/28 - 15:31:47] Full da set sung LAW cho Vey's thanh cong
[2020/9/28 - 15:31:52] Full da set sung LAW cho VANVAT_CUOIDAU's thanh cong
[2020/9/28 - 15:31:57] Full da set sung LAW cho Ray.'s thanh cong
[2020/9/28 - 16:51:15] Full da set sung LAW cho Ngoc.Kudo.'s thanh cong
[2020/9/29 - 13:56:51] Full da set sung LAW cho Nguyen_HuuTuan's thanh cong
[2020/9/29 - 13:59:04] Full da set sung LAW cho Tom_smith's thanh cong
[2020/9/30 - 15:59:01] [Gucci]Full da set sung LAW cho AlanZ_Whalee's thanh cong
[2020/9/30 - 15:59:08] [Gucci]Full da set sung LAW cho jocelyn_gideon's thanh cong
[2020/9/30 - 15:59:18] [Gucci]Full da set sung LAW cho AlanZ_Whalee's thanh cong
[2020/9/30 - 15:59:28] [Gucci]Full da set sung LAW cho ERNESTO.'s thanh cong
[2020/10/1 - 15:38:43] [Full] da set sung LAW cho Khoi_VinCii's thanh cong
[2020/10/1 - 15:38:48] [Full] da set sung LAW cho Big_Smoke's thanh cong
[2020/10/1 - 15:38:59] [Full] da set sung LAW cho Bo_VinCii's thanh cong
[2020/10/1 - 15:39:40] [Full] da set sung LAW cho Big_Smoke's thanh cong
[2020/10/1 - 15:41:28] [Full] da set sung LAW cho Big_Smoke's thanh cong
[2020/10/1 - 15:41:31] [Full] da set sung LAW cho [Full]'s thanh cong
[2020/10/4 - 14:26:01] Golden_Fmotd da set sung LAW cho Sang_DepTrai's thanh cong
[2020/10/4 - 14:27:00] Golden_Fmotd da set sung LAW cho Golden_Fmotd's thanh cong
[2020/10/4 - 14:27:29] Golden_Fmotd da set sung LAW cho Golden_Fmotd's thanh cong
[2020/10/4 - 14:36:46] Golden_Fmotd da set sung LAW cho Jacob_Shelby's thanh cong
[2020/10/5 - 13:34:43] Young da set sung LAW cho Tom_smith's thanh cong
[2020/10/11 - 12:48:36] Golden_Fmotd da set sung LAW cho Hunter_kiet's thanh cong
[2020/10/11 - 13:24:41] Golden_Fmotd da set sung LAW cho KingZ_GOD's thanh cong
[2020/10/11 - 13:24:42] Golden_Fmotd da set sung LAW cho NatThan_AnhSuong's thanh cong
[2020/10/11 - 13:24:46] Golden_Fmotd da set sung LAW cho Hunter_kiet's thanh cong
[2020/10/11 - 13:26:04] Golden_Fmotd da set sung LAW cho NatThan_AnhSuong's thanh cong
[2020/10/18 - 10:55:44] [FM]Golden da set sung LAW cho [FM]Golden's thanh cong
[2020/11/3 - 13:15:24] YoungMATDAY da set sung LAW cho NgocZ.OnTheMic's thanh cong
[2020/11/6 - 12:03:11] LamChoDeoLamNguoi da set sung LAW cho Devid_Dat's thanh cong
