[2020/9/27 - 10:11:27] Subaru_Okiya da set qua tri an cho toan bo accounts server
[2020/9/27 - 10:11:38] Subaru_Okiya da set qua tri an cho toan bo accounts server
[2020/10/1 - 12:59:36] [Full] da set da quy cho toan bo accounts server
[2020/10/1 - 13:00:01] [Full] da set da quy cho toan bo accounts server
[2020/10/1 - 13:38:01] [STAFF]Subaru da set qua tri an cho toan bo accounts server
[2020/10/1 - 14:07:52] [Full] da set da quy cho toan bo accounts server
[2020/10/10 - 10:34:20] nDPDz da set da quy cho toan bo accounts server
[2020/10/10 - 16:57:10] nDPDz da set da quy cho toan bo accounts server
[2020/10/10 - 16:57:20] nDPDz da set da quy cho toan bo accounts server
[2020/10/27 - 6:50:28] YoungMatDay da set da quy cho toan bo accounts server
[2020/10/27 - 6:51:41] YoungMatDay da set da quy cho toan bo accounts server
[2020/10/28 - 7:05:20] YoungMatDay da set da quy cho toan bo accounts server
[2020/10/28 - 7:05:24] YoungMatDay da set da quy cho toan bo accounts server
[2020/10/28 - 7:05:39] YoungMatDay da set da quy cho toan bo accounts server
[2020/10/28 - 7:05:44] YoungMatDay da set da quy cho toan bo accounts server
[2020/10/28 - 7:05:47] YoungMatDay da set da quy cho toan bo accounts server
[2020/10/28 - 7:07:06] YoungMatDay da set da quy cho toan bo accounts server
[2020/10/28 - 7:07:14] YoungMatDay da set da quy cho toan bo accounts server
[2020/10/28 - 7:07:21] YoungMatDay da set da quy cho toan bo accounts server
[2020/10/28 - 7:07:33] YoungMatDay da set da quy cho toan bo accounts server
[2020/10/28 - 7:07:57] YoungMatDay da set da quy cho toan bo accounts server
[2020/10/28 - 7:08:11] YoungMatDay da set da quy cho toan bo accounts server
[2020/10/28 - 7:11:25] YoungMatDay da set da quy cho toan bo accounts server
[2020/10/28 - 8:59:47] YoungMatDay da set da quy cho toan bo accounts server
[2020/10/28 - 12:06:38] YoungMatDay da set da quy cho toan bo accounts server
[2020/10/31 - 15:06:16] Alie da set da quy cho toan bo accounts server
[2020/10/31 - 15:11:17] Alie da set da quy cho toan bo accounts server
[2020/11/5 - 10:55:16] YoungMatDay da set da quy cho toan bo accounts server
[2020/11/5 - 11:11:52] YoungMatDay da set da quy cho toan bo accounts server
