[2020/9/29 - 7:21:52] Young da Unban all
[2020/9/29 - 13:42:19] YoungKhongNgu da Unban all
[2020/9/30 - 19:15:41] Young da Unban all
[2020/9/30 - 19:15:45] Kaito da Unban all
[2020/10/1 - 17:47:42] Young da Unban all
[2020/10/5 - 14:46:50] Young da Unban all
[2020/10/6 - 11:42:38] Young da Unban all
[2020/10/8 - 17:30:23] [FM]Jackson da Unban all
[2020/10/9 - 13:49:01] System da Unban all
[2020/10/9 - 13:49:07] Facebook da Unban all
[2020/10/9 - 20:49:04] Alie da Unban all
[2020/10/9 - 20:49:15] Alie da Unban all
[2020/10/10 - 10:03:44] Young da Unban all
[2020/10/10 - 15:55:44] Young da Unban all
[2020/10/10 - 15:55:54] Young da Unban all
[2020/10/10 - 16:44:23] Young da Unban all
[2020/10/10 - 18:00:44] Young da Unban all
[2020/10/11 - 8:51:19] sonladaigia da Unban all
[2020/10/11 - 13:00:49] sonladaigia da Unban all
[2020/10/11 - 18:57:54] [RB]BeBong da Unban all
[2020/10/11 - 23:16:05] Alie da Unban all
[2020/10/12 - 17:32:53] Young da Unban all
[2020/10/13 - 9:51:37] Young da Unban all
[2020/10/13 - 11:56:08] Young da Unban all
[2020/10/13 - 12:56:01] [FM]Jackson da Unban all
[2020/10/13 - 12:56:25] Kaito da Unban all
[2020/10/13 - 19:10:32] Young da Unban all
[2020/10/15 - 0:44:32] Alie da Unban all
[2020/10/15 - 18:06:55] Young da Unban all
[2020/10/17 - 9:44:05] Young da Unban all
[2020/10/20 - 20:20:51] Young da Unban all
[2020/10/22 - 18:35:13] MinhBin da Unban all
[2020/10/22 - 19:36:33] whattoheo da Unban all
[2020/10/23 - 12:35:43] YOUNG da Unban all
[2020/10/24 - 19:24:51] MinhBin da Unban all
[2020/10/24 - 19:24:52] [FM]Jackson da Unban all
[2020/10/25 - 11:05:45] Young da Unban all
[2020/10/25 - 11:17:47] MinhBin da Unban all
[2020/10/25 - 13:04:25] MinhBin da Unban all
[2020/10/25 - 13:30:07] Young da Unban all
[2020/10/25 - 20:41:46] Young da Unban all
[2020/10/26 - 20:50:38] [FM]Jackson da Unban all
[2020/10/27 - 7:57:25] YoungMatDay da Unban all
[2020/10/27 - 12:58:52] YoungMatDay da Unban all
[2020/10/27 - 14:43:52] YoungMatDay da Unban all
[2020/10/27 - 15:37:48] YoungMatDay da Unban all
[2020/10/27 - 19:39:23] YoungMatDay da Unban all
[2020/10/27 - 20:57:11] MinhBin da Unban all
[2020/10/28 - 10:22:47] YoungMatDay da Unban all
[2020/10/31 - 15:03:50] Alie da Unban all
[2020/10/31 - 19:15:13] YoungMatDay da Unban all
[2020/11/3 - 12:25:49] YoungMATDAY da Unban all
[2020/11/5 - 17:22:31] YoungMatDay da Unban all
[2020/11/5 - 19:17:39] LamChoDeoLamNguoi da Unban all
[2020/11/6 - 20:54:29] YoungFake da Unban all
[2020/11/6 - 20:57:32] YoungFake da Unban all
[2020/11/7 - 13:08:18] MinhBin da Unban all
[2020/11/10 - 12:39:18] Young da Unban all
[2020/11/10 - 15:44:40] Young da Unban all
[2020/11/11 - 9:14:07] Young da Unban all
