[2016/4/6 - 20:22:39] Marth_Jerry da thay doi ten cua ho thanh Ho_Ly_TInh.
[2020/9/28 - 18:37:59] Tuan_Gmotd da thay doi ten cua ho thanh 18 CuAnhBuNhungTenAnhDa.
[2020/9/28 - 18:38:03] Tuan_Gmotd da thay doi ten cua ho thanh 18 CuAnhBuNhungTenAnhDa.
[2020/9/29 - 21:22:16] Hip_FM da thay doi ten cua ho thanh Hip_CM.
[2020/9/29 - 21:22:31] Hip_FM da thay doi ten cua ho thanh Hip_CM3.
[2020/9/29 - 21:25:29] Hip_FM da thay doi ten cua ho thanh CM_003.
[2020/9/29 - 21:34:18] Hip_FM da thay doi ten cua ho thanh HL01_Cmotd.
[2020/9/29 - 22:12:07] Hip_FM da thay doi ten cua ho thanh HL02_Cmotd.
[2020/9/30 - 13:11:41] Alie da thay doi ten cua ho thanh 16.
[2020/9/30 - 13:11:51] Alie da thay doi ten cua ho thanh ThaiTu_Comeback.
[2020/9/30 - 13:29:46] Alie da thay doi ten cua ho thanh ThaiTu_ComeBack.
[2020/9/30 - 13:41:19] Alie da thay doi ten cua ho thanh BestOfTheWar.
[2020/9/30 - 13:42:54] Alie da thay doi ten cua ho thanh BestOfTheWar.
[2020/9/30 - 14:26:14] Alie da thay doi ten cua ho thanh BestOfTheWar.
[2020/9/30 - 20:31:08] Alie da thay doi ten cua ho thanh BestOfTheWar.
[2020/9/30 - 21:42:20] [STAFF]Tuan da thay doi ten cua ho thanh TAOLASIEUNHAN.
[2020/10/1 - 15:59:14]    Invalid stat code. by [STAFF]Jackson
[2020/10/1 - 15:59:16]    Invalid stat code. by [STAFF]Jackson
[2020/10/4 - 19:25:13] [Admin]DucTrong da thay doi ten cua ho thanh TrongCute.
[2020/10/4 - 20:05:07] [Admin]DucTrong da thay doi ten cua ho thanh TrongCute.
[2020/10/4 - 20:05:27] [Admin]DucTrong da thay doi ten cua ho thanh TrongCute.
[2020/10/5 - 19:06:52] Alie da thay doi ten cua ho thanh BestOfTheWar.
[2020/10/7 - 12:42:02] Alie da thay doi ten cua ho thanh BestOfTheWar.
[2020/10/7 - 20:01:56] Alie da thay doi ten cua ho thanh [BacSi]Alie.
[2020/10/7 - 20:14:51] Alie da thay doi ten cua ho thanh [CanhSat]Alie.
[2020/10/8 - 19:03:45] Metal da thay doi ten cua ho thanh CuTo.
[2020/10/8 - 19:09:08] Metal da thay doi ten cua ho thanh Cuto.
[2020/10/8 - 19:10:59] Metal da thay doi ten cua ho thanh Cuto.
[2020/10/8 - 19:26:19] Metal da thay doi ten cua ho thanh Cuto.
[2020/10/13 - 10:05:44] BestOfTheWar da thay doi ten cua ho thanh Alie..
[2020/10/15 - 22:07:46] Alie da thay doi ten cua ho thanh [CanhSat]Alie.
[2020/10/15 - 22:18:39] [RF]Caheo da thay doi ten cua ho thanh [CanhSat]Caheo.
[2020/10/15 - 22:27:04] [RF]Caheo da thay doi ten cua ho thanh [CanhSat]Caheo.
[2020/10/16 - 21:36:11] Long_Sigourney da thay doi ten cua ho thanh [LDFM]Sigourney.
[2020/10/17 - 15:24:21] [FM]Sigourney da thay doi ten cua ho thanh Long_Thai.
[2020/10/17 - 15:26:25] [FM]Sigourney da thay doi ten cua ho thanh Long_Thai.
[2020/10/17 - 15:37:50] [FM]Sigourney da thay doi ten cua ho thanh Edward_Jamesz.
[2020/10/17 - 15:45:20] [FM]Sigourney da thay doi ten cua ho thanh Edward_Jamesz.
[2020/10/17 - 22:14:06] Alie da thay doi ten cua ho thanh [TDM]AlieOke.
[2020/10/17 - 22:17:08] Alie da thay doi ten cua ho thanh [TDM]MinhDyTalk.
[2020/10/17 - 23:36:48] [RF]Caheo da thay doi ten cua ho thanh [CanhSat]Caheo.
[2020/10/18 - 11:09:38] Minh_Thai_Tu da thay doi ten cua ho thanh HoangTu_Gio.
[2020/10/18 - 11:14:25] HoangTu_Gio da thay doi ten cua ho thanh Minh_Thai.Tu.
[2020/10/18 - 17:22:07] [GL]Hip da thay doi ten cua ho thanh [FM]Hip.
[2020/10/18 - 17:22:45] [GL]Hip da thay doi ten cua ho thanh [FM]Hip..
[2020/10/19 - 15:15:32] [FM]Sigourney da thay doi ten cua ho thanh Edward_Jamesz.
[2020/10/20 - 13:58:52] [FM]Sigourney da thay doi ten cua ho thanh 38.
[2020/10/20 - 13:59:02] [FM]Sigourney da thay doi ten cua ho thanh Edward_JamesZ.
[2020/10/22 - 14:15:25] [ADmin]Rosalie da thay doi ten cua ho thanh Frozen_Cuong.
[2020/10/22 - 14:15:45] [ADmin]Rosalie da thay doi ten cua ho thanh 12 Frozen_Trang.
[2020/10/22 - 14:16:01] [ADmin]Rosalie da thay doi ten cua ho thanh Frozen_Trang.
[2020/10/22 - 14:19:23] [ADmin]Rosalie da thay doi ten cua ho thanh Diva_Catthy.
[2020/10/22 - 14:39:47] [ADmin]Rosalie da thay doi ten cua ho thanh Diva_Catthy.
[2020/10/22 - 15:49:23] [ADmin]Rosalie da thay doi ten cua ho thanh Fernado_Espester.
[2020/10/22 - 17:53:36] [ADmin]Rosalie da thay doi ten cua ho thanh Fernado_Jespester.
[2020/10/22 - 18:52:56] [ADmin]Rosalie da thay doi ten cua ho thanh Fernado_Jespester.
[2020/10/22 - 19:40:33] [ADmin]Rosalie da thay doi ten cua ho thanh Fernando_Jespester.
[2020/10/23 - 10:34:39] Minh.ThaiTu da thay doi ten cua ho thanh Calvin_Harry.
[2020/10/23 - 12:25:47] [ADmin]Rosalie da thay doi ten cua ho thanh Fernando_Jespester.
[2020/10/23 - 13:59:17] [ADmin]Rosalie da thay doi ten cua ho thanh Fernando_Jespester.
[2020/10/23 - 14:41:50] [ADmin]Rosalie da thay doi ten cua ho thanh Diva_Catthy.
[2020/10/23 - 15:28:00] [ADmin]Rosalie da thay doi ten cua ho thanh Fernando_Jespester.
[2020/10/23 - 15:28:43] [ADmin]Rosalie da thay doi ten cua ho thanh Diva_Catthy.
[2020/10/23 - 15:37:05] [ADmin]Rosalie da thay doi ten cua ho thanh Fernando_Jespester.
[2020/10/23 - 15:38:44] [ADmin]Rosalie da thay doi ten cua ho thanh Diva_Catthy.
[2020/10/23 - 15:47:14] Minh.ThaiTu da thay doi ten cua ho thanh Quach.Tinh.
[2020/10/23 - 15:54:26] [ADmin]Rosalie da thay doi ten cua ho thanh Fernando_Jespester.
[2020/10/23 - 15:55:42] [ADmin]Rosalie da thay doi ten cua ho thanh Diva_Catthy.
[2020/10/23 - 15:55:54]    Diva_Catthy's Level has been set to 1. by Diva_Catthy
[2020/10/23 - 15:56:51] [ADmin]Rosalie da thay doi ten cua ho thanh Diva_Catthy.
[2020/10/23 - 16:00:49]    Diva_Catthy's Level has been set to 5. by Diva_Catthy
[2020/10/23 - 19:47:33] [ADmin]Rosalie da thay doi ten cua ho thanh Fernando_Jespester.
[2020/10/23 - 20:53:23] [ADmin]Rosalie da thay doi ten cua ho thanh Diva_Catthy.
[2020/10/23 - 21:16:01] [ADmin]Rosalie da thay doi ten cua ho thanh Elizabeth_Alexandra.
[2020/10/23 - 21:17:21] [ADmin]Rosalie da thay doi ten cua ho thanh NicoIas.
[2020/10/24 - 13:46:16] [ADmin]Rosalie da thay doi ten cua ho thanh Fernando_Jespester.
[2020/10/24 - 14:27:25] [ADmin]Rosalie da thay doi ten cua ho thanh OneChamp(Irelia).
[2020/10/24 - 18:21:18] [ES]BaoTa da thay doi ten cua ho thanh Young.Fake.
[2020/10/28 - 20:00:17] Alie da thay doi ten cua ho thanh Hello.NM.
[2020/10/29 - 15:41:37] [PR]Binn da thay doi ten cua ho thanh [PR]Hiep.
[2020/10/29 - 15:41:43] [PR]Binn da thay doi ten cua ho thanh [PR]Hiep.
[2020/10/29 - 15:43:04] [PR]Binn da thay doi ten cua ho thanh [HL]Hip.
[2020/10/29 - 15:43:12] [PR]Binn da thay doi ten cua ho thanh [HL]Hip..
[2020/11/5 - 12:43:10] Alie da thay doi ten cua ho thanh XaoLozDeoPhaiCaiToi.
[2020/11/5 - 19:53:28] Alie da thay doi ten cua ho thanh OFF.
[2020/11/5 - 19:55:24] Alie da thay doi ten cua ho thanh OFF.
[2020/11/5 - 22:52:46] Alie da thay doi ten cua ho thanh GAME.
[2020/11/5 - 22:56:00] Alie da thay doi ten cua ho thanh OFFGAME.
[2020/11/5 - 22:59:06] Alie da thay doi ten cua ho thanh Online.
[2020/11/7 - 20:40:15] XuanTruongDangBan. da thay doi ten cua ho thanh [Refund]Truong.
[2020/11/7 - 20:43:52] XuanTruongDangBan. da thay doi ten cua ho thanh [RF]Truong.
